[0.427s] DEBUG:colcon:Command line arguments: ['/usr/bin/colcon', 'build']
[0.427s] DEBUG:colcon:Parsed command line arguments: Namespace(log_base=None, log_level=None, verb_name='build', build_base='build', install_base='install', merge_install=False, symlink_install=False, test_result_base=None, continue_on_error=False, executor='parallel', parallel_workers=12, event_handlers=None, ignore_user_meta=False, metas=['./colcon.meta'], base_paths=['.'], packages_ignore=None, packages_ignore_regex=None, paths=None, packages_up_to=None, packages_up_to_regex=None, packages_above=None, packages_above_and_dependencies=None, packages_above_depth=None, packages_select_by_dep=None, packages_skip_by_dep=None, packages_skip_up_to=None, packages_select_build_failed=False, packages_skip_build_finished=False, packages_select_test_failures=False, packages_skip_test_passed=False, packages_select=None, packages_skip=None, packages_select_regex=None, packages_skip_regex=None, packages_start=None, packages_end=None, allow_overriding=[], cmake_args=None, cmake_target=None, cmake_target_skip_unavailable=False, cmake_clean_cache=False, cmake_clean_first=False, cmake_force_configure=False, ament_cmake_args=None, catkin_cmake_args=None, catkin_skip_building_tests=False, verb_parser=<colcon_defaults.argument_parser.defaults.DefaultArgumentsDecorator object at 0x7f817d095390>, verb_extension=<colcon_core.verb.build.BuildVerb object at 0x7f817d094e20>, main=<bound method BuildVerb.main of <colcon_core.verb.build.BuildVerb object at 0x7f817d094e20>>)
[0.461s] Level 1:colcon.colcon_core.package_discovery:discover_packages(colcon_meta) check parameters
[0.461s] Level 1:colcon.colcon_core.package_discovery:discover_packages(recursive) check parameters
[0.461s] Level 1:colcon.colcon_core.package_discovery:discover_packages(ignore) check parameters
[0.461s] Level 1:colcon.colcon_core.package_discovery:discover_packages(path) check parameters
[0.461s] Level 1:colcon.colcon_core.package_discovery:discover_packages(colcon_meta) discover
[0.461s] Level 1:colcon.colcon_core.package_discovery:discover_packages(recursive) discover
[0.461s] INFO:colcon.colcon_core.package_discovery:Crawling recursively for packages in '/home/enesb/ros2_ws'
[0.461s] Level 1:colcon.colcon_core.package_identification:_identify(.) by extensions ['ignore', 'ignore_ament_install']
[0.461s] Level 1:colcon.colcon_core.package_identification:_identify(.) by extension 'ignore'
[0.462s] Level 1:colcon.colcon_core.package_identification:_identify(.) by extension 'ignore_ament_install'
[0.462s] Level 1:colcon.colcon_core.package_identification:_identify(.) by extensions ['colcon_pkg']
[0.462s] Level 1:colcon.colcon_core.package_identification:_identify(.) by extension 'colcon_pkg'
[0.462s] Level 1:colcon.colcon_core.package_identification:_identify(.) by extensions ['colcon_meta']
[0.462s] Level 1:colcon.colcon_core.package_identification:_identify(.) by extension 'colcon_meta'
[0.462s] Level 1:colcon.colcon_core.package_identification:_identify(.) by extensions ['ros']
[0.462s] Level 1:colcon.colcon_core.package_identification:_identify(.) by extension 'ros'
[0.474s] Level 1:colcon.colcon_core.package_identification:_identify(.) by extensions ['cmake', 'python']
[0.474s] Level 1:colcon.colcon_core.package_identification:_identify(.) by extension 'cmake'
[0.474s] Level 1:colcon.colcon_core.package_identification:_identify(.) by extension 'python'
[0.474s] Level 1:colcon.colcon_core.package_identification:_identify(.) by extensions ['python_setup_py']
[0.474s] Level 1:colcon.colcon_core.package_identification:_identify(.) by extension 'python_setup_py'
[0.475s] Level 1:colcon.colcon_core.package_identification:_identify(build) by extensions ['ignore', 'ignore_ament_install']
[0.475s] Level 1:colcon.colcon_core.package_identification:_identify(build) by extension 'ignore'
[0.475s] Level 1:colcon.colcon_core.package_identification:_identify(build) ignored
[0.475s] Level 1:colcon.colcon_core.package_identification:_identify(install) by extensions ['ignore', 'ignore_ament_install']
[0.475s] Level 1:colcon.colcon_core.package_identification:_identify(install) by extension 'ignore'
[0.475s] Level 1:colcon.colcon_core.package_identification:_identify(install) ignored
[0.475s] Level 1:colcon.colcon_core.package_identification:_identify(log) by extensions ['ignore', 'ignore_ament_install']
[0.475s] Level 1:colcon.colcon_core.package_identification:_identify(log) by extension 'ignore'
[0.475s] Level 1:colcon.colcon_core.package_identification:_identify(log) ignored
[0.475s] Level 1:colcon.colcon_core.package_identification:_identify(src) by extensions ['ignore', 'ignore_ament_install']
[0.476s] Level 1:colcon.colcon_core.package_identification:_identify(src) by extension 'ignore'
[0.476s] Level 1:colcon.colcon_core.package_identification:_identify(src) by extension 'ignore_ament_install'
[0.476s] Level 1:colcon.colcon_core.package_identification:_identify(src) by extensions ['colcon_pkg']
[0.476s] Level 1:colcon.colcon_core.package_identification:_identify(src) by extension 'colcon_pkg'
[0.476s] Level 1:colcon.colcon_core.package_identification:_identify(src) by extensions ['colcon_meta']
[0.476s] Level 1:colcon.colcon_core.package_identification:_identify(src) by extension 'colcon_meta'
[0.476s] Level 1:colcon.colcon_core.package_identification:_identify(src) by extensions ['ros']
[0.476s] Level 1:colcon.colcon_core.package_identification:_identify(src) by extension 'ros'
[0.476s] Level 1:colcon.colcon_core.package_identification:_identify(src) by extensions ['cmake', 'python']
[0.476s] Level 1:colcon.colcon_core.package_identification:_identify(src) by extension 'cmake'
[0.476s] Level 1:colcon.colcon_core.package_identification:_identify(src) by extension 'python'
[0.476s] Level 1:colcon.colcon_core.package_identification:_identify(src) by extensions ['python_setup_py']
[0.476s] Level 1:colcon.colcon_core.package_identification:_identify(src) by extension 'python_setup_py'
[0.476s] Level 1:colcon.colcon_core.package_identification:_identify(src/my_cpp_pkg) by extensions ['ignore', 'ignore_ament_install']
[0.476s] Level 1:colcon.colcon_core.package_identification:_identify(src/my_cpp_pkg) by extension 'ignore'
[0.477s] Level 1:colcon.colcon_core.package_identification:_identify(src/my_cpp_pkg) by extension 'ignore_ament_install'
[0.477s] Level 1:colcon.colcon_core.package_identification:_identify(src/my_cpp_pkg) by extensions ['colcon_pkg']
[0.477s] Level 1:colcon.colcon_core.package_identification:_identify(src/my_cpp_pkg) by extension 'colcon_pkg'
[0.477s] Level 1:colcon.colcon_core.package_identification:_identify(src/my_cpp_pkg) by extensions ['colcon_meta']
[0.477s] Level 1:colcon.colcon_core.package_identification:_identify(src/my_cpp_pkg) by extension 'colcon_meta'
[0.477s] Level 1:colcon.colcon_core.package_identification:_identify(src/my_cpp_pkg) by extensions ['ros']
[0.477s] Level 1:colcon.colcon_core.package_identification:_identify(src/my_cpp_pkg) by extension 'ros'
[0.480s] DEBUG:colcon.colcon_core.package_identification:Package 'src/my_cpp_pkg' with type 'ros.ament_cmake' and name 'my_cpp_pkg'
[0.480s] Level 1:colcon.colcon_core.package_identification:_identify(src/my_py_pkg) by extensions ['ignore', 'ignore_ament_install']
[0.480s] Level 1:colcon.colcon_core.package_identification:_identify(src/my_py_pkg) by extension 'ignore'
[0.480s] Level 1:colcon.colcon_core.package_identification:_identify(src/my_py_pkg) by extension 'ignore_ament_install'
[0.481s] Level 1:colcon.colcon_core.package_identification:_identify(src/my_py_pkg) by extensions ['colcon_pkg']
[0.481s] Level 1:colcon.colcon_core.package_identification:_identify(src/my_py_pkg) by extension 'colcon_pkg'
[0.481s] Level 1:colcon.colcon_core.package_identification:_identify(src/my_py_pkg) by extensions ['colcon_meta']
[0.481s] Level 1:colcon.colcon_core.package_identification:_identify(src/my_py_pkg) by extension 'colcon_meta'
[0.481s] Level 1:colcon.colcon_core.package_identification:_identify(src/my_py_pkg) by extensions ['ros']
[0.481s] Level 1:colcon.colcon_core.package_identification:_identify(src/my_py_pkg) by extension 'ros'
[0.482s] DEBUG:colcon.colcon_core.package_identification:Package 'src/my_py_pkg' with type 'ros.ament_python' and name 'my_py_pkg'
[0.482s] Level 1:colcon.colcon_core.package_identification:_identify(src/my_robot_interfaces) by extensions ['ignore', 'ignore_ament_install']
[0.482s] Level 1:colcon.colcon_core.package_identification:_identify(src/my_robot_interfaces) by extension 'ignore'
[0.482s] Level 1:colcon.colcon_core.package_identification:_identify(src/my_robot_interfaces) by extension 'ignore_ament_install'
[0.482s] Level 1:colcon.colcon_core.package_identification:_identify(src/my_robot_interfaces) by extensions ['colcon_pkg']
[0.482s] Level 1:colcon.colcon_core.package_identification:_identify(src/my_robot_interfaces) by extension 'colcon_pkg'
[0.482s] Level 1:colcon.colcon_core.package_identification:_identify(src/my_robot_interfaces) by extensions ['colcon_meta']
[0.482s] Level 1:colcon.colcon_core.package_identification:_identify(src/my_robot_interfaces) by extension 'colcon_meta'
[0.482s] Level 1:colcon.colcon_core.package_identification:_identify(src/my_robot_interfaces) by extensions ['ros']
[0.482s] Level 1:colcon.colcon_core.package_identification:_identify(src/my_robot_interfaces) by extension 'ros'
[0.483s] DEBUG:colcon.colcon_core.package_identification:Package 'src/my_robot_interfaces' with type 'ros.ament_cmake' and name 'my_robot_interfaces'
[0.483s] Level 1:colcon.colcon_core.package_discovery:discover_packages(recursive) using defaults
[0.483s] Level 1:colcon.colcon_core.package_discovery:discover_packages(ignore) discover
[0.483s] Level 1:colcon.colcon_core.package_discovery:discover_packages(ignore) using defaults
[0.483s] Level 1:colcon.colcon_core.package_discovery:discover_packages(path) discover
[0.483s] Level 1:colcon.colcon_core.package_discovery:discover_packages(path) using defaults
[0.509s] Level 1:colcon.colcon_core.package_discovery:discover_packages(prefix_path) check parameters
[0.510s] Level 1:colcon.colcon_core.package_discovery:discover_packages(prefix_path) discover
[0.513s] DEBUG:colcon.colcon_installed_package_information.package_discovery:Found 3 installed packages in /home/enesb/microros_ws/install
[0.514s] DEBUG:colcon.colcon_installed_package_information.package_discovery:Found 2 installed packages in /home/enesb/ros2_ws/install
[0.516s] DEBUG:colcon.colcon_installed_package_information.package_discovery:Found 270 installed packages in /opt/ros/humble
[0.517s] Level 1:colcon.colcon_core.package_discovery:discover_packages(prefix_path) using defaults
[0.586s] Level 5:colcon.colcon_core.verb:set package 'my_cpp_pkg' build argument 'cmake_args' from command line to 'None'
[0.586s] Level 5:colcon.colcon_core.verb:set package 'my_cpp_pkg' build argument 'cmake_target' from command line to 'None'
[0.586s] Level 5:colcon.colcon_core.verb:set package 'my_cpp_pkg' build argument 'cmake_target_skip_unavailable' from command line to 'False'
[0.587s] Level 5:colcon.colcon_core.verb:set package 'my_cpp_pkg' build argument 'cmake_clean_cache' from command line to 'False'
[0.587s] Level 5:colcon.colcon_core.verb:set package 'my_cpp_pkg' build argument 'cmake_clean_first' from command line to 'False'
[0.587s] Level 5:colcon.colcon_core.verb:set package 'my_cpp_pkg' build argument 'cmake_force_configure' from command line to 'False'
[0.587s] Level 5:colcon.colcon_core.verb:set package 'my_cpp_pkg' build argument 'ament_cmake_args' from command line to 'None'
[0.587s] Level 5:colcon.colcon_core.verb:set package 'my_cpp_pkg' build argument 'catkin_cmake_args' from command line to 'None'
[0.587s] Level 5:colcon.colcon_core.verb:set package 'my_cpp_pkg' build argument 'catkin_skip_building_tests' from command line to 'False'
[0.587s] DEBUG:colcon.colcon_core.verb:Building package 'my_cpp_pkg' with the following arguments: {'ament_cmake_args': None, 'build_base': '/home/enesb/ros2_ws/build/my_cpp_pkg', 'catkin_cmake_args': None, 'catkin_skip_building_tests': False, 'cmake_args': None, 'cmake_clean_cache': False, 'cmake_clean_first': False, 'cmake_force_configure': False, 'cmake_target': None, 'cmake_target_skip_unavailable': False, 'install_base': '/home/enesb/ros2_ws/install/my_cpp_pkg', 'merge_install': False, 'path': '/home/enesb/ros2_ws/src/my_cpp_pkg', 'symlink_install': False, 'test_result_base': None}
[0.588s] Level 5:colcon.colcon_core.verb:set package 'my_py_pkg' build argument 'cmake_args' from command line to 'None'
[0.588s] Level 5:colcon.colcon_core.verb:set package 'my_py_pkg' build argument 'cmake_target' from command line to 'None'
[0.588s] Level 5:colcon.colcon_core.verb:set package 'my_py_pkg' build argument 'cmake_target_skip_unavailable' from command line to 'False'
[0.588s] Level 5:colcon.colcon_core.verb:set package 'my_py_pkg' build argument 'cmake_clean_cache' from command line to 'False'
[0.588s] Level 5:colcon.colcon_core.verb:set package 'my_py_pkg' build argument 'cmake_clean_first' from command line to 'False'
[0.588s] Level 5:colcon.colcon_core.verb:set package 'my_py_pkg' build argument 'cmake_force_configure' from command line to 'False'
[0.588s] Level 5:colcon.colcon_core.verb:set package 'my_py_pkg' build argument 'ament_cmake_args' from command line to 'None'
[0.588s] Level 5:colcon.colcon_core.verb:set package 'my_py_pkg' build argument 'catkin_cmake_args' from command line to 'None'
[0.588s] Level 5:colcon.colcon_core.verb:set package 'my_py_pkg' build argument 'catkin_skip_building_tests' from command line to 'False'
[0.588s] DEBUG:colcon.colcon_core.verb:Building package 'my_py_pkg' with the following arguments: {'ament_cmake_args': None, 'build_base': '/home/enesb/ros2_ws/build/my_py_pkg', 'catkin_cmake_args': None, 'catkin_skip_building_tests': False, 'cmake_args': None, 'cmake_clean_cache': False, 'cmake_clean_first': False, 'cmake_force_configure': False, 'cmake_target': None, 'cmake_target_skip_unavailable': False, 'install_base': '/home/enesb/ros2_ws/install/my_py_pkg', 'merge_install': False, 'path': '/home/enesb/ros2_ws/src/my_py_pkg', 'symlink_install': False, 'test_result_base': None}
[0.589s] Level 5:colcon.colcon_core.verb:set package 'my_robot_interfaces' build argument 'cmake_args' from command line to 'None'
[0.589s] Level 5:colcon.colcon_core.verb:set package 'my_robot_interfaces' build argument 'cmake_target' from command line to 'None'
[0.589s] Level 5:colcon.colcon_core.verb:set package 'my_robot_interfaces' build argument 'cmake_target_skip_unavailable' from command line to 'False'
[0.589s] Level 5:colcon.colcon_core.verb:set package 'my_robot_interfaces' build argument 'cmake_clean_cache' from command line to 'False'
[0.589s] Level 5:colcon.colcon_core.verb:set package 'my_robot_interfaces' build argument 'cmake_clean_first' from command line to 'False'
[0.589s] Level 5:colcon.colcon_core.verb:set package 'my_robot_interfaces' build argument 'cmake_force_configure' from command line to 'False'
[0.589s] Level 5:colcon.colcon_core.verb:set package 'my_robot_interfaces' build argument 'ament_cmake_args' from command line to 'None'
[0.589s] Level 5:colcon.colcon_core.verb:set package 'my_robot_interfaces' build argument 'catkin_cmake_args' from command line to 'None'
[0.589s] Level 5:colcon.colcon_core.verb:set package 'my_robot_interfaces' build argument 'catkin_skip_building_tests' from command line to 'False'
[0.590s] DEBUG:colcon.colcon_core.verb:Building package 'my_robot_interfaces' with the following arguments: {'ament_cmake_args': None, 'build_base': '/home/enesb/ros2_ws/build/my_robot_interfaces', 'catkin_cmake_args': None, 'catkin_skip_building_tests': False, 'cmake_args': None, 'cmake_clean_cache': False, 'cmake_clean_first': False, 'cmake_force_configure': False, 'cmake_target': None, 'cmake_target_skip_unavailable': False, 'install_base': '/home/enesb/ros2_ws/install/my_robot_interfaces', 'merge_install': False, 'path': '/home/enesb/ros2_ws/src/my_robot_interfaces', 'symlink_install': False, 'test_result_base': None}
[0.590s] INFO:colcon.colcon_core.executor:Executing jobs using 'parallel' executor
[0.594s] DEBUG:colcon.colcon_parallel_executor.executor.parallel:run_until_complete
[0.594s] INFO:colcon.colcon_ros.task.ament_cmake.build:Building ROS package in '/home/enesb/ros2_ws/src/my_cpp_pkg' with build type 'ament_cmake'
[0.594s] INFO:colcon.colcon_cmake.task.cmake.build:Building CMake package in '/home/enesb/ros2_ws/src/my_cpp_pkg'
[0.600s] INFO:colcon.colcon_core.plugin_system:Skipping extension 'colcon_core.shell.bat': Not used on non-Windows systems
[0.600s] INFO:colcon.colcon_core.shell:Skip shell extension 'powershell' for command environment: Not usable outside of PowerShell
[0.600s] DEBUG:colcon.colcon_core.shell:Skip shell extension 'dsv' for command environment
[0.605s] INFO:colcon.colcon_ros.task.ament_python.build:Building ROS package in '/home/enesb/ros2_ws/src/my_py_pkg' with build type 'ament_python'
[0.606s] Level 1:colcon.colcon_core.shell:create_environment_hook('my_py_pkg', 'ament_prefix_path')
[0.607s] INFO:colcon.colcon_core.shell:Creating environment hook '/home/enesb/ros2_ws/install/my_py_pkg/share/my_py_pkg/hook/ament_prefix_path.ps1'
[0.608s] INFO:colcon.colcon_core.shell:Creating environment descriptor '/home/enesb/ros2_ws/install/my_py_pkg/share/my_py_pkg/hook/ament_prefix_path.dsv'
[0.608s] INFO:colcon.colcon_core.shell:Creating environment hook '/home/enesb/ros2_ws/install/my_py_pkg/share/my_py_pkg/hook/ament_prefix_path.sh'
[0.610s] INFO:colcon.colcon_core.shell:Skip shell extension 'powershell' for command environment: Not usable outside of PowerShell
[0.610s] DEBUG:colcon.colcon_core.shell:Skip shell extension 'dsv' for command environment
[0.615s] INFO:colcon.colcon_ros.task.ament_cmake.build:Building ROS package in '/home/enesb/ros2_ws/src/my_robot_interfaces' with build type 'ament_cmake'
[0.615s] INFO:colcon.colcon_cmake.task.cmake.build:Building CMake package in '/home/enesb/ros2_ws/src/my_robot_interfaces'
[0.617s] INFO:colcon.colcon_core.shell:Skip shell extension 'powershell' for command environment: Not usable outside of PowerShell
[0.617s] DEBUG:colcon.colcon_core.shell:Skip shell extension 'dsv' for command environment
[0.628s] DEBUG:colcon.colcon_core.event_handler.log_command:Invoking command in '/home/enesb/ros2_ws/build/my_cpp_pkg': CMAKE_PREFIX_PATH=${CMAKE_PREFIX_PATH}:/home/enesb/ros2_ws/install/my_py_pkg:/opt/ros/humble /usr/bin/cmake --build /home/enesb/ros2_ws/build/my_cpp_pkg -- -j12 -l12
[0.936s] INFO:colcon.colcon_core.task.python.build:Building Python package in '/home/enesb/ros2_ws/src/my_py_pkg'
[0.938s] INFO:colcon.colcon_core.shell:Skip shell extension 'powershell' for command environment: Not usable outside of PowerShell
[0.938s] DEBUG:colcon.colcon_core.shell:Skip shell extension 'dsv' for command environment
[0.949s] DEBUG:colcon.colcon_core.event_handler.log_command:Invoking command in '/home/enesb/ros2_ws/build/my_robot_interfaces': CMAKE_PREFIX_PATH=${CMAKE_PREFIX_PATH}:/home/enesb/ros2_ws/install/my_py_pkg:/opt/ros/humble /usr/bin/cmake /home/enesb/ros2_ws/src/my_robot_interfaces -DCMAKE_INSTALL_PREFIX=/home/enesb/ros2_ws/install/my_robot_interfaces
[0.949s] DEBUG:colcon.colcon_core.event_handler.log_command:Invoked command in '/home/enesb/ros2_ws/build/my_cpp_pkg' returned '0': CMAKE_PREFIX_PATH=${CMAKE_PREFIX_PATH}:/home/enesb/ros2_ws/install/my_py_pkg:/opt/ros/humble /usr/bin/cmake --build /home/enesb/ros2_ws/build/my_cpp_pkg -- -j12 -l12
[0.990s] DEBUG:colcon.colcon_core.event_handler.log_command:Invoking command in '/home/enesb/ros2_ws/build/my_cpp_pkg': CMAKE_PREFIX_PATH=${CMAKE_PREFIX_PATH}:/home/enesb/ros2_ws/install/my_py_pkg:/opt/ros/humble /usr/bin/cmake --install /home/enesb/ros2_ws/build/my_cpp_pkg
[1.004s] Level 1:colcon.colcon_core.environment:create_environment_scripts_only(my_cpp_pkg)
[1.005s] DEBUG:colcon.colcon_core.event_handler.log_command:Invoked command in '/home/enesb/ros2_ws/build/my_cpp_pkg' returned '0': CMAKE_PREFIX_PATH=${CMAKE_PREFIX_PATH}:/home/enesb/ros2_ws/install/my_py_pkg:/opt/ros/humble /usr/bin/cmake --install /home/enesb/ros2_ws/build/my_cpp_pkg
[1.012s] Level 1:colcon.colcon_core.environment:checking '/home/enesb/ros2_ws/install/my_cpp_pkg' for CMake module files
[1.012s] Level 1:colcon.colcon_core.environment:checking '/home/enesb/ros2_ws/install/my_cpp_pkg' for CMake config files
[1.013s] Level 1:colcon.colcon_core.shell:create_environment_hook('my_cpp_pkg', 'cmake_prefix_path')
[1.014s] INFO:colcon.colcon_core.shell:Creating environment hook '/home/enesb/ros2_ws/install/my_cpp_pkg/share/my_cpp_pkg/hook/cmake_prefix_path.ps1'
[1.015s] INFO:colcon.colcon_core.shell:Creating environment descriptor '/home/enesb/ros2_ws/install/my_cpp_pkg/share/my_cpp_pkg/hook/cmake_prefix_path.dsv'
[1.015s] INFO:colcon.colcon_core.shell:Creating environment hook '/home/enesb/ros2_ws/install/my_cpp_pkg/share/my_cpp_pkg/hook/cmake_prefix_path.sh'
[1.016s] Level 1:colcon.colcon_core.environment:checking '/home/enesb/ros2_ws/install/my_cpp_pkg/lib'
[1.016s] Level 1:colcon.colcon_core.environment:checking '/home/enesb/ros2_ws/install/my_cpp_pkg/bin'
[1.016s] Level 1:colcon.colcon_core.environment:checking '/home/enesb/ros2_ws/install/my_cpp_pkg/lib/pkgconfig/my_cpp_pkg.pc'
[1.016s] Level 1:colcon.colcon_core.environment:checking '/home/enesb/ros2_ws/install/my_cpp_pkg/lib/python3.10/site-packages'
[1.017s] Level 1:colcon.colcon_core.environment:checking '/home/enesb/ros2_ws/install/my_cpp_pkg/bin'
[1.018s] INFO:colcon.colcon_core.shell:Creating package script '/home/enesb/ros2_ws/install/my_cpp_pkg/share/my_cpp_pkg/package.ps1'
[1.019s] INFO:colcon.colcon_core.shell:Creating package descriptor '/home/enesb/ros2_ws/install/my_cpp_pkg/share/my_cpp_pkg/package.dsv'
[1.020s] INFO:colcon.colcon_core.shell:Creating package script '/home/enesb/ros2_ws/install/my_cpp_pkg/share/my_cpp_pkg/package.sh'
[1.021s] INFO:colcon.colcon_core.shell:Creating package script '/home/enesb/ros2_ws/install/my_cpp_pkg/share/my_cpp_pkg/package.bash'
[1.022s] INFO:colcon.colcon_core.shell:Creating package script '/home/enesb/ros2_ws/install/my_cpp_pkg/share/my_cpp_pkg/package.zsh'
[1.023s] Level 1:colcon.colcon_core.environment:create_file_with_runtime_dependencies(/home/enesb/ros2_ws/install/my_cpp_pkg/share/colcon-core/packages/my_cpp_pkg)
[1.059s] Level 1:colcon.colcon_core.environment:create_environment_scripts_only(my_cpp_pkg)
[1.063s] Level 1:colcon.colcon_core.environment:checking '/home/enesb/ros2_ws/install/my_cpp_pkg' for CMake module files
[1.064s] Level 1:colcon.colcon_core.environment:checking '/home/enesb/ros2_ws/install/my_cpp_pkg' for CMake config files
[1.065s] Level 1:colcon.colcon_core.shell:create_environment_hook('my_cpp_pkg', 'cmake_prefix_path')
[1.067s] INFO:colcon.colcon_core.shell:Creating environment hook '/home/enesb/ros2_ws/install/my_cpp_pkg/share/my_cpp_pkg/hook/cmake_prefix_path.ps1'
[1.068s] INFO:colcon.colcon_core.shell:Creating environment descriptor '/home/enesb/ros2_ws/install/my_cpp_pkg/share/my_cpp_pkg/hook/cmake_prefix_path.dsv'
[1.068s] INFO:colcon.colcon_core.shell:Creating environment hook '/home/enesb/ros2_ws/install/my_cpp_pkg/share/my_cpp_pkg/hook/cmake_prefix_path.sh'
[1.069s] Level 1:colcon.colcon_core.environment:checking '/home/enesb/ros2_ws/install/my_cpp_pkg/lib'
[1.069s] Level 1:colcon.colcon_core.environment:checking '/home/enesb/ros2_ws/install/my_cpp_pkg/bin'
[1.069s] Level 1:colcon.colcon_core.environment:checking '/home/enesb/ros2_ws/install/my_cpp_pkg/lib/pkgconfig/my_cpp_pkg.pc'
[1.070s] Level 1:colcon.colcon_core.environment:checking '/home/enesb/ros2_ws/install/my_cpp_pkg/lib/python3.10/site-packages'
[1.070s] Level 1:colcon.colcon_core.environment:checking '/home/enesb/ros2_ws/install/my_cpp_pkg/bin'
[1.073s] INFO:colcon.colcon_core.shell:Creating package script '/home/enesb/ros2_ws/install/my_cpp_pkg/share/my_cpp_pkg/package.ps1'
[1.073s] INFO:colcon.colcon_core.shell:Creating package descriptor '/home/enesb/ros2_ws/install/my_cpp_pkg/share/my_cpp_pkg/package.dsv'
[1.074s] INFO:colcon.colcon_core.shell:Creating package script '/home/enesb/ros2_ws/install/my_cpp_pkg/share/my_cpp_pkg/package.sh'
[1.075s] INFO:colcon.colcon_core.shell:Creating package script '/home/enesb/ros2_ws/install/my_cpp_pkg/share/my_cpp_pkg/package.bash'
[1.075s] INFO:colcon.colcon_core.shell:Creating package script '/home/enesb/ros2_ws/install/my_cpp_pkg/share/my_cpp_pkg/package.zsh'
[1.076s] Level 1:colcon.colcon_core.environment:create_file_with_runtime_dependencies(/home/enesb/ros2_ws/install/my_cpp_pkg/share/colcon-core/packages/my_cpp_pkg)
[1.348s] DEBUG:colcon.colcon_core.event_handler.log_command:Invoking command in '/home/enesb/ros2_ws/build/my_py_pkg': PYTHONPATH=/home/enesb/ros2_ws/build/my_py_pkg/prefix_override:/home/enesb/ros2_ws/install/my_py_pkg/lib/python3.10/site-packages:${PYTHONPATH} /usr/bin/python3 setup.py develop --uninstall --editable --build-directory /home/enesb/ros2_ws/build/my_py_pkg/build
[1.671s] DEBUG:colcon.colcon_core.event_handler.log_command:Invoked command in '/home/enesb/ros2_ws/build/my_robot_interfaces' returned '0': CMAKE_PREFIX_PATH=${CMAKE_PREFIX_PATH}:/home/enesb/ros2_ws/install/my_py_pkg:/opt/ros/humble /usr/bin/cmake /home/enesb/ros2_ws/src/my_robot_interfaces -DCMAKE_INSTALL_PREFIX=/home/enesb/ros2_ws/install/my_robot_interfaces
[1.672s] DEBUG:colcon.colcon_core.event_handler.log_command:Invoking command in '/home/enesb/ros2_ws/build/my_robot_interfaces': CMAKE_PREFIX_PATH=${CMAKE_PREFIX_PATH}:/home/enesb/ros2_ws/install/my_py_pkg:/opt/ros/humble /usr/bin/cmake --build /home/enesb/ros2_ws/build/my_robot_interfaces -- -j12 -l12
[1.707s] DEBUG:colcon.colcon_core.event_handler.log_command:Invoked command in '/home/enesb/ros2_ws/build/my_robot_interfaces' returned '0': CMAKE_PREFIX_PATH=${CMAKE_PREFIX_PATH}:/home/enesb/ros2_ws/install/my_py_pkg:/opt/ros/humble /usr/bin/cmake --build /home/enesb/ros2_ws/build/my_robot_interfaces -- -j12 -l12
[1.725s] DEBUG:colcon.colcon_core.event_handler.log_command:Invoking command in '/home/enesb/ros2_ws/build/my_robot_interfaces': CMAKE_PREFIX_PATH=${CMAKE_PREFIX_PATH}:/home/enesb/ros2_ws/install/my_py_pkg:/opt/ros/humble /usr/bin/cmake --install /home/enesb/ros2_ws/build/my_robot_interfaces
[1.734s] Level 1:colcon.colcon_core.environment:create_environment_scripts_only(my_robot_interfaces)
[1.737s] Level 1:colcon.colcon_core.environment:checking '/home/enesb/ros2_ws/install/my_robot_interfaces' for CMake module files
[1.737s] DEBUG:colcon.colcon_core.event_handler.log_command:Invoked command in '/home/enesb/ros2_ws/build/my_robot_interfaces' returned '0': CMAKE_PREFIX_PATH=${CMAKE_PREFIX_PATH}:/home/enesb/ros2_ws/install/my_py_pkg:/opt/ros/humble /usr/bin/cmake --install /home/enesb/ros2_ws/build/my_robot_interfaces
[1.738s] Level 1:colcon.colcon_core.environment:checking '/home/enesb/ros2_ws/install/my_robot_interfaces' for CMake config files
[1.738s] Level 1:colcon.colcon_core.shell:create_environment_hook('my_robot_interfaces', 'cmake_prefix_path')
[1.739s] INFO:colcon.colcon_core.shell:Creating environment hook '/home/enesb/ros2_ws/install/my_robot_interfaces/share/my_robot_interfaces/hook/cmake_prefix_path.ps1'
[1.740s] INFO:colcon.colcon_core.shell:Creating environment descriptor '/home/enesb/ros2_ws/install/my_robot_interfaces/share/my_robot_interfaces/hook/cmake_prefix_path.dsv'
[1.740s] INFO:colcon.colcon_core.shell:Creating environment hook '/home/enesb/ros2_ws/install/my_robot_interfaces/share/my_robot_interfaces/hook/cmake_prefix_path.sh'
[1.740s] Level 1:colcon.colcon_core.environment:checking '/home/enesb/ros2_ws/install/my_robot_interfaces/bin'
[1.740s] Level 1:colcon.colcon_core.environment:checking '/home/enesb/ros2_ws/install/my_robot_interfaces/lib/pkgconfig/my_robot_interfaces.pc'
[1.741s] Level 1:colcon.colcon_core.environment:checking '/home/enesb/ros2_ws/install/my_robot_interfaces/lib/python3.10/site-packages'
[1.741s] Level 1:colcon.colcon_core.environment:checking '/home/enesb/ros2_ws/install/my_robot_interfaces/bin'
[1.742s] INFO:colcon.colcon_core.shell:Creating package script '/home/enesb/ros2_ws/install/my_robot_interfaces/share/my_robot_interfaces/package.ps1'
[1.743s] INFO:colcon.colcon_core.shell:Creating package descriptor '/home/enesb/ros2_ws/install/my_robot_interfaces/share/my_robot_interfaces/package.dsv'
[1.743s] INFO:colcon.colcon_core.shell:Creating package script '/home/enesb/ros2_ws/install/my_robot_interfaces/share/my_robot_interfaces/package.sh'
[1.743s] INFO:colcon.colcon_core.shell:Creating package script '/home/enesb/ros2_ws/install/my_robot_interfaces/share/my_robot_interfaces/package.bash'
[1.744s] INFO:colcon.colcon_core.shell:Creating package script '/home/enesb/ros2_ws/install/my_robot_interfaces/share/my_robot_interfaces/package.zsh'
[1.744s] Level 1:colcon.colcon_core.environment:create_file_with_runtime_dependencies(/home/enesb/ros2_ws/install/my_robot_interfaces/share/colcon-core/packages/my_robot_interfaces)
[1.763s] Level 1:colcon.colcon_core.environment:create_environment_scripts_only(my_robot_interfaces)
[1.765s] Level 1:colcon.colcon_core.environment:checking '/home/enesb/ros2_ws/install/my_robot_interfaces' for CMake module files
[1.766s] Level 1:colcon.colcon_core.environment:checking '/home/enesb/ros2_ws/install/my_robot_interfaces' for CMake config files
[1.766s] Level 1:colcon.colcon_core.shell:create_environment_hook('my_robot_interfaces', 'cmake_prefix_path')
[1.768s] INFO:colcon.colcon_core.shell:Creating environment hook '/home/enesb/ros2_ws/install/my_robot_interfaces/share/my_robot_interfaces/hook/cmake_prefix_path.ps1'
[1.768s] INFO:colcon.colcon_core.shell:Creating environment descriptor '/home/enesb/ros2_ws/install/my_robot_interfaces/share/my_robot_interfaces/hook/cmake_prefix_path.dsv'
[1.768s] INFO:colcon.colcon_core.shell:Creating environment hook '/home/enesb/ros2_ws/install/my_robot_interfaces/share/my_robot_interfaces/hook/cmake_prefix_path.sh'
[1.769s] Level 1:colcon.colcon_core.environment:checking '/home/enesb/ros2_ws/install/my_robot_interfaces/bin'
[1.769s] Level 1:colcon.colcon_core.environment:checking '/home/enesb/ros2_ws/install/my_robot_interfaces/lib/pkgconfig/my_robot_interfaces.pc'
[1.769s] Level 1:colcon.colcon_core.environment:checking '/home/enesb/ros2_ws/install/my_robot_interfaces/lib/python3.10/site-packages'
[1.769s] Level 1:colcon.colcon_core.environment:checking '/home/enesb/ros2_ws/install/my_robot_interfaces/bin'
[1.771s] INFO:colcon.colcon_core.shell:Creating package script '/home/enesb/ros2_ws/install/my_robot_interfaces/share/my_robot_interfaces/package.ps1'
[1.771s] INFO:colcon.colcon_core.shell:Creating package descriptor '/home/enesb/ros2_ws/install/my_robot_interfaces/share/my_robot_interfaces/package.dsv'
[1.772s] INFO:colcon.colcon_core.shell:Creating package script '/home/enesb/ros2_ws/install/my_robot_interfaces/share/my_robot_interfaces/package.sh'
[1.772s] INFO:colcon.colcon_core.shell:Creating package script '/home/enesb/ros2_ws/install/my_robot_interfaces/share/my_robot_interfaces/package.bash'
[1.772s] INFO:colcon.colcon_core.shell:Creating package script '/home/enesb/ros2_ws/install/my_robot_interfaces/share/my_robot_interfaces/package.zsh'
[1.773s] Level 1:colcon.colcon_core.environment:create_file_with_runtime_dependencies(/home/enesb/ros2_ws/install/my_robot_interfaces/share/colcon-core/packages/my_robot_interfaces)
[1.865s] DEBUG:colcon.colcon_core.event_handler.log_command:Invoked command in '/home/enesb/ros2_ws/build/my_py_pkg' returned '0': PYTHONPATH=/home/enesb/ros2_ws/build/my_py_pkg/prefix_override:/home/enesb/ros2_ws/install/my_py_pkg/lib/python3.10/site-packages:${PYTHONPATH} /usr/bin/python3 setup.py develop --uninstall --editable --build-directory /home/enesb/ros2_ws/build/my_py_pkg/build
[1.866s] DEBUG:colcon.colcon_core.event_handler.log_command:Invoking command in '/home/enesb/ros2_ws/src/my_py_pkg': PYTHONPATH=/home/enesb/ros2_ws/build/my_py_pkg/prefix_override:/home/enesb/ros2_ws/install/my_py_pkg/lib/python3.10/site-packages:${PYTHONPATH} /usr/bin/python3 setup.py egg_info --egg-base ../../build/my_py_pkg build --build-base /home/enesb/ros2_ws/build/my_py_pkg/build install --record /home/enesb/ros2_ws/build/my_py_pkg/install.log --single-version-externally-managed
[2.203s] Level 1:colcon.colcon_core.environment:checking '/home/enesb/ros2_ws/install/my_py_pkg' for CMake module files
[2.204s] DEBUG:colcon.colcon_core.event_handler.log_command:Invoked command in '/home/enesb/ros2_ws/src/my_py_pkg' returned '0': PYTHONPATH=/home/enesb/ros2_ws/build/my_py_pkg/prefix_override:/home/enesb/ros2_ws/install/my_py_pkg/lib/python3.10/site-packages:${PYTHONPATH} /usr/bin/python3 setup.py egg_info --egg-base ../../build/my_py_pkg build --build-base /home/enesb/ros2_ws/build/my_py_pkg/build install --record /home/enesb/ros2_ws/build/my_py_pkg/install.log --single-version-externally-managed
[2.204s] Level 1:colcon.colcon_core.environment:checking '/home/enesb/ros2_ws/install/my_py_pkg' for CMake config files
[2.204s] Level 1:colcon.colcon_core.environment:checking '/home/enesb/ros2_ws/install/my_py_pkg/lib'
[2.205s] Level 1:colcon.colcon_core.environment:checking '/home/enesb/ros2_ws/install/my_py_pkg/bin'
[2.205s] Level 1:colcon.colcon_core.environment:checking '/home/enesb/ros2_ws/install/my_py_pkg/lib/pkgconfig/my_py_pkg.pc'
[2.205s] Level 1:colcon.colcon_core.environment:checking '/home/enesb/ros2_ws/install/my_py_pkg/lib/python3.10/site-packages'
[2.205s] Level 1:colcon.colcon_core.shell:create_environment_hook('my_py_pkg', 'pythonpath')
[2.206s] INFO:colcon.colcon_core.shell:Creating environment hook '/home/enesb/ros2_ws/install/my_py_pkg/share/my_py_pkg/hook/pythonpath.ps1'
[2.207s] INFO:colcon.colcon_core.shell:Creating environment descriptor '/home/enesb/ros2_ws/install/my_py_pkg/share/my_py_pkg/hook/pythonpath.dsv'
[2.207s] INFO:colcon.colcon_core.shell:Creating environment hook '/home/enesb/ros2_ws/install/my_py_pkg/share/my_py_pkg/hook/pythonpath.sh'
[2.208s] Level 1:colcon.colcon_core.environment:checking '/home/enesb/ros2_ws/install/my_py_pkg/bin'
[2.208s] Level 1:colcon.colcon_core.environment:create_environment_scripts_only(my_py_pkg)
[2.209s] INFO:colcon.colcon_core.shell:Creating package script '/home/enesb/ros2_ws/install/my_py_pkg/share/my_py_pkg/package.ps1'
[2.210s] INFO:colcon.colcon_core.shell:Creating package descriptor '/home/enesb/ros2_ws/install/my_py_pkg/share/my_py_pkg/package.dsv'
[2.210s] INFO:colcon.colcon_core.shell:Creating package script '/home/enesb/ros2_ws/install/my_py_pkg/share/my_py_pkg/package.sh'
[2.210s] INFO:colcon.colcon_core.shell:Creating package script '/home/enesb/ros2_ws/install/my_py_pkg/share/my_py_pkg/package.bash'
[2.211s] INFO:colcon.colcon_core.shell:Creating package script '/home/enesb/ros2_ws/install/my_py_pkg/share/my_py_pkg/package.zsh'
[2.211s] Level 1:colcon.colcon_core.environment:create_file_with_runtime_dependencies(/home/enesb/ros2_ws/install/my_py_pkg/share/colcon-core/packages/my_py_pkg)
[2.211s] DEBUG:colcon.colcon_parallel_executor.executor.parallel:closing loop
[2.211s] DEBUG:colcon.colcon_parallel_executor.executor.parallel:loop closed
[2.212s] DEBUG:colcon.colcon_parallel_executor.executor.parallel:run_until_complete finished with '0'
[2.212s] DEBUG:colcon.colcon_core.event_reactor:joining thread
[2.220s] INFO:colcon.colcon_core.plugin_system:Skipping extension 'colcon_notification.desktop_notification.terminal_notifier': Not used on non-Darwin systems
[2.220s] INFO:colcon.colcon_core.plugin_system:Skipping extension 'colcon_notification.desktop_notification.win32': Not used on non-Windows systems
[2.220s] INFO:colcon.colcon_notification.desktop_notification:Sending desktop notification using 'notify2'
[2.235s] DEBUG:colcon.colcon_core.event_reactor:joined thread
[2.237s] INFO:colcon.colcon_core.shell:Creating prefix script '/home/enesb/ros2_ws/install/local_setup.ps1'
[2.238s] INFO:colcon.colcon_core.shell:Creating prefix util module '/home/enesb/ros2_ws/install/_local_setup_util_ps1.py'
[2.239s] INFO:colcon.colcon_core.shell:Creating prefix chain script '/home/enesb/ros2_ws/install/setup.ps1'
[2.241s] INFO:colcon.colcon_core.shell:Creating prefix script '/home/enesb/ros2_ws/install/local_setup.sh'
[2.242s] INFO:colcon.colcon_core.shell:Creating prefix util module '/home/enesb/ros2_ws/install/_local_setup_util_sh.py'
[2.242s] INFO:colcon.colcon_core.shell:Creating prefix chain script '/home/enesb/ros2_ws/install/setup.sh'
[2.244s] INFO:colcon.colcon_core.shell:Creating prefix script '/home/enesb/ros2_ws/install/local_setup.bash'
[2.245s] INFO:colcon.colcon_core.shell:Creating prefix chain script '/home/enesb/ros2_ws/install/setup.bash'
[2.246s] INFO:colcon.colcon_core.shell:Creating prefix script '/home/enesb/ros2_ws/install/local_setup.zsh'
[2.247s] INFO:colcon.colcon_core.shell:Creating prefix chain script '/home/enesb/ros2_ws/install/setup.zsh'
