-- The CXX compiler identification is GNU 11.4.0
-- Detecting CXX compiler ABI info
-- Detecting CXX compiler ABI info - done
-- Check for working CXX compiler: /usr/bin/c++ - skipped
-- Detecting CXX compile features
-- Detecting CXX compile features - done
[0m* Release mode[0m
[0m* Release mode[0m
[0mProcessor: x86_64[0m
[0m* Sensors module available[0m
-- Found HIDAPI: TRUE   
[31mCMake Error at cmake/FindHIDAPI.cmake:205 (set_target_properties):
  set_target_properties called with incorrect number of arguments.
Call Stack (most recent call first):
  CMakeLists.txt:109 (find_package)

[0m
-- libhidapi: include dir at HIDAPI_INCLUDE_DIR-NOTFOUND
-- libhidapi: libraries at 
[0m* Video module available[0m
-- Found PkgConfig: /usr/bin/pkg-config (found version "0.29.2") 
-- Checking for module 'libusb-1.0'
--   Found libusb-1.0, version 1.0.25
-- Looking for libusb_get_device_list in /usr/lib/x86_64-linux-gnu/libusb-1.0.so
-- Looking for libusb_get_device_list in /usr/lib/x86_64-linux-gnu/libusb-1.0.so - found
-- Looking for libusb_get_port_numbers in /usr/lib/x86_64-linux-gnu/libusb-1.0.so
-- Looking for libusb_get_port_numbers in /usr/lib/x86_64-linux-gnu/libusb-1.0.so - found
-- LibUSB Compilation test: TRUE
-- libusb: include dir at /usr/include/libusb-1.0
-- libusb: libraries at /usr/lib/x86_64-linux-gnu/libusb-1.0.so
[0m* Video example available[0m
-- Found OpenCV: /usr (found version "4.5.4") 
-- Found OpenMP_CXX: -fopenmp (found version "4.5") 
-- Found OpenMP: TRUE (found version "4.5")  
[0m* Sensors example available[0m
[0m* Video/Sensors sync example available[0m
-- Configuring incomplete, errors occurred!
See also "/home/enesb/ros2_ws/build/zed-open-capture/CMakeFiles/CMakeOutput.log".
