[0.051s] Invoking command in '/home/enesb/ros2_ws/build/zed-open-capture': /usr/bin/cmake /home/enesb/ros2_ws/src/zed-open-capture -DCMAKE_INSTALL_PREFIX=/home/enesb/ros2_ws/install/zed-open-capture
[0.235s] -- The CXX compiler identification is GNU 11.4.0
[0.245s] -- Detecting CXX compiler ABI info
[0.373s] -- Detecting CXX compiler ABI info - done
[0.387s] -- Check for working CXX compiler: /usr/bin/c++ - skipped
[0.387s] -- Detecting CXX compile features
[0.387s] -- Detecting CXX compile features - done
[0.387s] [0m* Release mode[0m
[0.387s] [0m* Release mode[0m
[0.387s] [0mProcessor: x86_64[0m
[0.388s] [0m* Sensors module available[0m
[0.624s] -- Found HIDAPI: TRUE   
[0.624s] [31mCMake Error at cmake/FindHIDAPI.cmake:205 (set_target_properties):
[0.624s]   set_target_properties called with incorrect number of arguments.
[0.624s] Call Stack (most recent call first):
[0.624s]   CMakeLists.txt:109 (find_package)
[0.624s] 
[0.624s] [0m
[0.624s] -- libhidapi: include dir at HIDAPI_INCLUDE_DIR-NOTFOUND
[0.624s] -- libhidapi: libraries at 
[0.624s] [0m* Video module available[0m
[0.628s] -- Found PkgConfig: /usr/bin/pkg-config (found version "0.29.2") 
[0.629s] -- Checking for module 'libusb-1.0'
[0.642s] --   Found libusb-1.0, version 1.0.25
[0.667s] -- Looking for libusb_get_device_list in /usr/lib/x86_64-linux-gnu/libusb-1.0.so
[0.736s] -- Looking for libusb_get_device_list in /usr/lib/x86_64-linux-gnu/libusb-1.0.so - found
[0.737s] -- Looking for libusb_get_port_numbers in /usr/lib/x86_64-linux-gnu/libusb-1.0.so
[0.804s] -- Looking for libusb_get_port_numbers in /usr/lib/x86_64-linux-gnu/libusb-1.0.so - found
[0.891s] -- LibUSB Compilation test: TRUE
[0.892s] -- libusb: include dir at /usr/include/libusb-1.0
[0.892s] -- libusb: libraries at /usr/lib/x86_64-linux-gnu/libusb-1.0.so
[0.892s] [0m* Video example available[0m
[0.908s] -- Found OpenCV: /usr (found version "4.5.4") 
[1.068s] -- Found OpenMP_CXX: -fopenmp (found version "4.5") 
[1.068s] -- Found OpenMP: TRUE (found version "4.5")  
[1.069s] [0m* Sensors example available[0m
[1.069s] [0m* Video/Sensors sync example available[0m
[1.069s] -- Configuring incomplete, errors occurred!
[1.069s] See also "/home/enesb/ros2_ws/build/zed-open-capture/CMakeFiles/CMakeOutput.log".
[1.247s] Invoked command in '/home/enesb/ros2_ws/build/zed-open-capture' returned '1': /usr/bin/cmake /home/enesb/ros2_ws/src/zed-open-capture -DCMAKE_INSTALL_PREFIX=/home/enesb/ros2_ws/install/zed-open-capture
