[1.931s] Invoking command in '/home/enesb/ros2_ws/build/my_py_pkg': CMAKE_PREFIX_PATH=/home/enesb/ros2_ws/install/my_robot_interfaces:/home/enesb/ros2_ws/install/zed_ros2:/home/enesb/ros2_ws/install/zed_multi_camera:/home/enesb/ros2_ws/install/zed_display_rviz2:/home/enesb/ros2_ws/install/zed_wrapper:/home/enesb/ros2_ws/install/zed_tutorial_video:/home/enesb/ros2_ws/install/zed_tutorial_pos_tracking:/home/enesb/ros2_ws/install/zed_tutorial_depth:/home/enesb/ros2_ws/install/zed_topic_benchmark:/home/enesb/ros2_ws/install/zed_topic_benchmark_component:/home/enesb/ros2_ws/install/zed_topic_benchmark_interfaces:/home/enesb/ros2_ws/install/zed_rgb_convert:/home/enesb/ros2_ws/install/zed_components:/home/enesb/ros2_ws/install/zed_interfaces:/home/enesb/ros2_ws/install/my_robot_bringup:/home/enesb/ros2_ws/install/my_robot_description:/home/enesb/ros2_ws/install/my_cpp_pkg:/home/enesb/agv_ws/install/agv_test:/home/enesb/microros_ws/install/micro_ros_setup:/home/enesb/microros_ws/install/micro_ros_agent:/home/enesb/microros_ws/install/micro_ros_msgs LD_LIBRARY_PATH=/home/enesb/ros2_ws/install/my_robot_interfaces/lib:/home/enesb/ros2_ws/install/zed_topic_benchmark_component/lib:/home/enesb/ros2_ws/install/zed_topic_benchmark_interfaces/lib:/home/enesb/ros2_ws/install/zed_rgb_convert/lib:/home/enesb/ros2_ws/install/zed_components/lib:/home/enesb/ros2_ws/install/zed_interfaces/lib:/home/enesb/microros_ws/install/micro_ros_agent/lib:/home/enesb/microros_ws/install/micro_ros_msgs/lib:/usr/lib/x86_64-linux-gnu/gazebo-11/plugins:/opt/ros/humble/opt/rviz_ogre_vendor/lib:/opt/ros/humble/lib/x86_64-linux-gnu:/opt/ros/humble/lib PYTHONPATH=/home/enesb/ros2_ws/build/my_py_pkg/prefix_override:/home/enesb/ros2_ws/install/my_py_pkg/lib/python3.10/site-packages:${PYTHONPATH} /usr/bin/python3 setup.py develop --editable --build-directory /home/enesb/ros2_ws/build/my_py_pkg/build --no-deps install_data
[2.347s] running develop
[2.637s] running egg_info
[2.637s] creating my_py_pkg.egg-info
[2.637s] writing my_py_pkg.egg-info/PKG-INFO
[2.637s] writing dependency_links to my_py_pkg.egg-info/dependency_links.txt
[2.638s] writing entry points to my_py_pkg.egg-info/entry_points.txt
[2.638s] writing requirements to my_py_pkg.egg-info/requires.txt
[2.638s] writing top-level names to my_py_pkg.egg-info/top_level.txt
[2.638s] writing manifest file 'my_py_pkg.egg-info/SOURCES.txt'
[2.641s] reading manifest file 'my_py_pkg.egg-info/SOURCES.txt'
[2.642s] writing manifest file 'my_py_pkg.egg-info/SOURCES.txt'
[2.720s] running build_ext
[2.720s] Creating /home/enesb/ros2_ws/install/my_py_pkg/lib/python3.10/site-packages/my-py-pkg.egg-link (link to .)
[2.721s] Installing add_two_ints_client script to /home/enesb/ros2_ws/install/my_py_pkg/lib/my_py_pkg
[2.721s] Installing add_two_ints_client_no_oop script to /home/enesb/ros2_ws/install/my_py_pkg/lib/my_py_pkg
[2.721s] Installing add_two_ints_server script to /home/enesb/ros2_ws/install/my_py_pkg/lib/my_py_pkg
[2.721s] Installing battery script to /home/enesb/ros2_ws/install/my_py_pkg/lib/my_py_pkg
[2.721s] Installing hw_status_publisher script to /home/enesb/ros2_ws/install/my_py_pkg/lib/my_py_pkg
[2.722s] Installing led_panel script to /home/enesb/ros2_ws/install/my_py_pkg/lib/my_py_pkg
[2.722s] Installing micro_ros_pc_node script to /home/enesb/ros2_ws/install/my_py_pkg/lib/my_py_pkg
[2.722s] Installing number_counter script to /home/enesb/ros2_ws/install/my_py_pkg/lib/my_py_pkg
[2.722s] Installing number_publisher script to /home/enesb/ros2_ws/install/my_py_pkg/lib/my_py_pkg
[2.722s] Installing number_publisher1 script to /home/enesb/ros2_ws/install/my_py_pkg/lib/my_py_pkg
[2.722s] Installing py_node script to /home/enesb/ros2_ws/install/my_py_pkg/lib/my_py_pkg
[2.722s] Installing robot_news_station script to /home/enesb/ros2_ws/install/my_py_pkg/lib/my_py_pkg
[2.722s] Installing smartphone script to /home/enesb/ros2_ws/install/my_py_pkg/lib/my_py_pkg
[2.723s] 
[2.723s] Installed /home/enesb/ros2_ws/build/my_py_pkg
[2.723s] running install_data
[2.723s] creating /home/enesb/ros2_ws/install/my_py_pkg/share/ament_index
[2.723s] creating /home/enesb/ros2_ws/install/my_py_pkg/share/ament_index/resource_index
[2.723s] creating /home/enesb/ros2_ws/install/my_py_pkg/share/ament_index/resource_index/packages
[2.724s] copying resource/my_py_pkg -> /home/enesb/ros2_ws/install/my_py_pkg/share/ament_index/resource_index/packages
[2.724s] copying package.xml -> /home/enesb/ros2_ws/install/my_py_pkg/share/my_py_pkg
[2.784s] Invoked command in '/home/enesb/ros2_ws/build/my_py_pkg' returned '0': CMAKE_PREFIX_PATH=/home/enesb/ros2_ws/install/my_robot_interfaces:/home/enesb/ros2_ws/install/zed_ros2:/home/enesb/ros2_ws/install/zed_multi_camera:/home/enesb/ros2_ws/install/zed_display_rviz2:/home/enesb/ros2_ws/install/zed_wrapper:/home/enesb/ros2_ws/install/zed_tutorial_video:/home/enesb/ros2_ws/install/zed_tutorial_pos_tracking:/home/enesb/ros2_ws/install/zed_tutorial_depth:/home/enesb/ros2_ws/install/zed_topic_benchmark:/home/enesb/ros2_ws/install/zed_topic_benchmark_component:/home/enesb/ros2_ws/install/zed_topic_benchmark_interfaces:/home/enesb/ros2_ws/install/zed_rgb_convert:/home/enesb/ros2_ws/install/zed_components:/home/enesb/ros2_ws/install/zed_interfaces:/home/enesb/ros2_ws/install/my_robot_bringup:/home/enesb/ros2_ws/install/my_robot_description:/home/enesb/ros2_ws/install/my_cpp_pkg:/home/enesb/agv_ws/install/agv_test:/home/enesb/microros_ws/install/micro_ros_setup:/home/enesb/microros_ws/install/micro_ros_agent:/home/enesb/microros_ws/install/micro_ros_msgs LD_LIBRARY_PATH=/home/enesb/ros2_ws/install/my_robot_interfaces/lib:/home/enesb/ros2_ws/install/zed_topic_benchmark_component/lib:/home/enesb/ros2_ws/install/zed_topic_benchmark_interfaces/lib:/home/enesb/ros2_ws/install/zed_rgb_convert/lib:/home/enesb/ros2_ws/install/zed_components/lib:/home/enesb/ros2_ws/install/zed_interfaces/lib:/home/enesb/microros_ws/install/micro_ros_agent/lib:/home/enesb/microros_ws/install/micro_ros_msgs/lib:/usr/lib/x86_64-linux-gnu/gazebo-11/plugins:/opt/ros/humble/opt/rviz_ogre_vendor/lib:/opt/ros/humble/lib/x86_64-linux-gnu:/opt/ros/humble/lib PYTHONPATH=/home/enesb/ros2_ws/build/my_py_pkg/prefix_override:/home/enesb/ros2_ws/install/my_py_pkg/lib/python3.10/site-packages:${PYTHONPATH} /usr/bin/python3 setup.py develop --editable --build-directory /home/enesb/ros2_ws/build/my_py_pkg/build --no-deps install_data
