[0.022s] Invoking command in '/home/enesb/ros2_ws/build/zed_rgb_convert': AMENT_PREFIX_PATH=/home/enesb/ros2_ws/install/zed_components:${AMENT_PREFIX_PATH} CMAKE_PREFIX_PATH=/home/enesb/ros2_ws/install/zed_components:/home/enesb/ros2_ws/install/zed_interfaces:/home/enesb/ros2_ws/install/zed_tutorial_video:/home/enesb/ros2_ws/install/zed_tutorial_pos_tracking:/home/enesb/ros2_ws/install/zed_tutorial_depth:/home/enesb/ros2_ws/install/zed_topic_benchmark:/home/enesb/ros2_ws/install/zed_topic_benchmark_component:/home/enesb/ros2_ws/install/zed_topic_benchmark_interfaces:/home/enesb/ros2_ws/install/my_robot_bringup:/home/enesb/ros2_ws/install/my_robot_interfaces:/home/enesb/ros2_ws/install/my_robot_description:/home/enesb/ros2_ws/install/my_cpp_pkg:/home/enesb/agv_ws/install/agv_test:/home/enesb/microros_ws/install/micro_ros_setup:/home/enesb/microros_ws/install/micro_ros_agent:/home/enesb/microros_ws/install/micro_ros_msgs:/home/enesb/ros2_ws/install/my_py_pkg:/opt/ros/humble LD_LIBRARY_PATH=/home/enesb/ros2_ws/install/zed_components/lib:/home/enesb/ros2_ws/install/zed_interfaces/lib:/home/enesb/ros2_ws/install/zed_topic_benchmark_component/lib:/home/enesb/ros2_ws/install/zed_topic_benchmark_interfaces/lib:/home/enesb/ros2_ws/install/my_robot_interfaces/lib:/home/enesb/microros_ws/install/micro_ros_agent/lib:/home/enesb/microros_ws/install/micro_ros_msgs/lib:/usr/lib/x86_64-linux-gnu/gazebo-11/plugins:/opt/ros/humble/opt/rviz_ogre_vendor/lib:/opt/ros/humble/lib/x86_64-linux-gnu:/opt/ros/humble/lib /usr/bin/cmake --build /home/enesb/ros2_ws/build/zed_rgb_convert -- -j12 -l12
[0.104s] -- Found CUDA: /usr/local/cuda (found suitable version "12.3", minimum required is "12") 
[0.141s] -- Found CUDA: /usr/local/cuda (found version "12.3") 
[0.141s] -- Found ament_cmake_auto: 1.3.5 (/opt/ros/humble/share/ament_cmake_auto/cmake)
[0.306s] -- Override CMake install command with custom implementation using symlinks instead of copying resources
[0.416s] -- Found rosidl_generator_c: 3.1.5 (/opt/ros/humble/share/rosidl_generator_c/cmake)
[0.420s] -- Found rosidl_adapter: 3.1.5 (/opt/ros/humble/share/rosidl_adapter/cmake)
[0.424s] -- Found rosidl_generator_cpp: 3.1.5 (/opt/ros/humble/share/rosidl_generator_cpp/cmake)
[0.437s] -- Using all available rosidl_typesupport_c: rosidl_typesupport_fastrtps_c;rosidl_typesupport_introspection_c
[0.454s] -- Using all available rosidl_typesupport_cpp: rosidl_typesupport_fastrtps_cpp;rosidl_typesupport_introspection_cpp
[0.525s] -- Found rmw_implementation_cmake: 6.1.1 (/opt/ros/humble/share/rmw_implementation_cmake/cmake)
[0.528s] -- Found rmw_fastrtps_cpp: 6.2.3 (/opt/ros/humble/share/rmw_fastrtps_cpp/cmake)
[0.685s] -- Using RMW implementation 'rmw_fastrtps_cpp' as default
[1.870s] -- Found eigen3_cmake_module: 0.1.1 (/opt/ros/humble/share/eigen3_cmake_module/cmake)
[1.872s] -- Ensuring Eigen3 include directory is part of orocos-kdl CMake target
[3.401s] -- Found ament_lint_auto: 0.12.7 (/opt/ros/humble/share/ament_lint_auto/cmake)
[4.369s] -- Added test 'copyright' to check source files copyright and LICENSE
[4.370s] -- Added test 'cppcheck' to perform static code analysis on C / C++ code
[4.371s] -- Configured cppcheck include dirs: /home/enesb/ros2_ws/src/zed-ros2-examples/tutorials/zed_rgb_convert/src/include;/home/enesb/ros2_ws/src/zed-ros2-examples/tutorials/zed_rgb_convert/src/component/include
[4.372s] -- Configured cppcheck exclude dirs and/or files: 
[4.373s] -- Added test 'cpplint' to check C / C++ code against the Google style
[4.373s] -- Configured cpplint exclude dirs and/or files: 
[4.373s] -- Added test 'flake8' to check Python code syntax and style conventions
[4.374s] -- Added test 'lint_cmake' to check CMake code style
[4.374s] -- Added test 'pep257' to check Python code against some of the docstring style conventions in PEP 257
[4.376s] -- Added test 'uncrustify' to check C / C++ code style
[4.376s] -- Configured uncrustify additional arguments: 
[4.376s] -- Added test 'xmllint' to check XML markup files
[4.378s] -- Added test 'clang_format' to check C / C++ code style
[4.381s] -- Configuring done
[4.452s] -- Generating done
[4.456s] -- Build files have been written to: /home/enesb/ros2_ws/build/zed_rgb_convert
[4.498s] [35m[1mConsolidate compiler generated dependencies of target zed_rgb_convert_component[0m
[4.523s] [ 25%] [32mBuilding CXX object CMakeFiles/zed_rgb_convert_component.dir/src/component/src/zed_rgb_convert_component.cpp.o[0m
[9.940s] [ 50%] [32m[1mLinking CXX shared library libzed_rgb_convert_component.so[0m
[10.088s] [ 50%] Built target zed_rgb_convert_component
[10.098s] [35m[1mConsolidate compiler generated dependencies of target zed_rgb_convert[0m
[10.115s] [ 75%] [32mBuilding CXX object CMakeFiles/zed_rgb_convert.dir/src/container/zed_rgb_convert.cpp.o[0m
[12.516s] In file included from [01m[K/home/enesb/ros2_ws/install/zed_components/include/zed_components/zed_camera_component.hpp:19[m[K,
[12.516s]                  from [01m[K/home/enesb/ros2_ws/src/zed-ros2-examples/tutorials/zed_rgb_convert/src/container/zed_rgb_convert.cpp:17[m[K:
[12.516s] [01m[K/usr/local/zed/include/sl/Fusion.hpp:68:64:[m[K [01;36m[Knote: [m[K‘[01m[K#pragma message: ~ FUSION SDK is distributed in Early Access ~[m[K’
[12.517s]    68 | #pragma message("~ FUSION SDK is distributed in Early Access ~"[01;36m[K)[m[K
[12.517s]       |                                                                [01;36m[K^[m[K
[14.601s] [100%] [32m[1mLinking CXX executable zed_rgb_convert[0m
[14.837s] [100%] Built target zed_rgb_convert
[14.848s] Invoked command in '/home/enesb/ros2_ws/build/zed_rgb_convert' returned '0': AMENT_PREFIX_PATH=/home/enesb/ros2_ws/install/zed_components:${AMENT_PREFIX_PATH} CMAKE_PREFIX_PATH=/home/enesb/ros2_ws/install/zed_components:/home/enesb/ros2_ws/install/zed_interfaces:/home/enesb/ros2_ws/install/zed_tutorial_video:/home/enesb/ros2_ws/install/zed_tutorial_pos_tracking:/home/enesb/ros2_ws/install/zed_tutorial_depth:/home/enesb/ros2_ws/install/zed_topic_benchmark:/home/enesb/ros2_ws/install/zed_topic_benchmark_component:/home/enesb/ros2_ws/install/zed_topic_benchmark_interfaces:/home/enesb/ros2_ws/install/my_robot_bringup:/home/enesb/ros2_ws/install/my_robot_interfaces:/home/enesb/ros2_ws/install/my_robot_description:/home/enesb/ros2_ws/install/my_cpp_pkg:/home/enesb/agv_ws/install/agv_test:/home/enesb/microros_ws/install/micro_ros_setup:/home/enesb/microros_ws/install/micro_ros_agent:/home/enesb/microros_ws/install/micro_ros_msgs:/home/enesb/ros2_ws/install/my_py_pkg:/opt/ros/humble LD_LIBRARY_PATH=/home/enesb/ros2_ws/install/zed_components/lib:/home/enesb/ros2_ws/install/zed_interfaces/lib:/home/enesb/ros2_ws/install/zed_topic_benchmark_component/lib:/home/enesb/ros2_ws/install/zed_topic_benchmark_interfaces/lib:/home/enesb/ros2_ws/install/my_robot_interfaces/lib:/home/enesb/microros_ws/install/micro_ros_agent/lib:/home/enesb/microros_ws/install/micro_ros_msgs/lib:/usr/lib/x86_64-linux-gnu/gazebo-11/plugins:/opt/ros/humble/opt/rviz_ogre_vendor/lib:/opt/ros/humble/lib/x86_64-linux-gnu:/opt/ros/humble/lib /usr/bin/cmake --build /home/enesb/ros2_ws/build/zed_rgb_convert -- -j12 -l12
[14.870s] Invoking command in '/home/enesb/ros2_ws/build/zed_rgb_convert': AMENT_PREFIX_PATH=/home/enesb/ros2_ws/install/zed_components:${AMENT_PREFIX_PATH} CMAKE_PREFIX_PATH=/home/enesb/ros2_ws/install/zed_components:/home/enesb/ros2_ws/install/zed_interfaces:/home/enesb/ros2_ws/install/zed_tutorial_video:/home/enesb/ros2_ws/install/zed_tutorial_pos_tracking:/home/enesb/ros2_ws/install/zed_tutorial_depth:/home/enesb/ros2_ws/install/zed_topic_benchmark:/home/enesb/ros2_ws/install/zed_topic_benchmark_component:/home/enesb/ros2_ws/install/zed_topic_benchmark_interfaces:/home/enesb/ros2_ws/install/my_robot_bringup:/home/enesb/ros2_ws/install/my_robot_interfaces:/home/enesb/ros2_ws/install/my_robot_description:/home/enesb/ros2_ws/install/my_cpp_pkg:/home/enesb/agv_ws/install/agv_test:/home/enesb/microros_ws/install/micro_ros_setup:/home/enesb/microros_ws/install/micro_ros_agent:/home/enesb/microros_ws/install/micro_ros_msgs:/home/enesb/ros2_ws/install/my_py_pkg:/opt/ros/humble LD_LIBRARY_PATH=/home/enesb/ros2_ws/install/zed_components/lib:/home/enesb/ros2_ws/install/zed_interfaces/lib:/home/enesb/ros2_ws/install/zed_topic_benchmark_component/lib:/home/enesb/ros2_ws/install/zed_topic_benchmark_interfaces/lib:/home/enesb/ros2_ws/install/my_robot_interfaces/lib:/home/enesb/microros_ws/install/micro_ros_agent/lib:/home/enesb/microros_ws/install/micro_ros_msgs/lib:/usr/lib/x86_64-linux-gnu/gazebo-11/plugins:/opt/ros/humble/opt/rviz_ogre_vendor/lib:/opt/ros/humble/lib/x86_64-linux-gnu:/opt/ros/humble/lib /usr/bin/cmake --install /home/enesb/ros2_ws/build/zed_rgb_convert
[14.875s] -- Install configuration: "Release"
[14.876s] -- Execute custom install script
[14.876s] -- Symlinking: /home/enesb/ros2_ws/install/zed_rgb_convert/lib/zed_rgb_convert/zed_rgb_convert
[14.883s] -- Symlinking: /home/enesb/ros2_ws/install/zed_rgb_convert/lib/libzed_rgb_convert_component.so
[14.889s] -- Symlinking: /home/enesb/ros2_ws/install/zed_rgb_convert/include/zed_rgb_convert//cvt_visibility_control.hpp
[14.896s] -- Symlinking: /home/enesb/ros2_ws/install/zed_rgb_convert/share/zed_rgb_convert/launch/zed_rgb_convert.launch.py
[14.903s] -- Symlinking: /home/enesb/ros2_ws/install/zed_rgb_convert/share/zed_rgb_convert/environment/library_path.sh
[14.909s] -- Symlinking: /home/enesb/ros2_ws/install/zed_rgb_convert/share/zed_rgb_convert/environment/library_path.dsv
[14.915s] -- Symlinking: /home/enesb/ros2_ws/install/zed_rgb_convert/share/ament_index/resource_index/package_run_dependencies/zed_rgb_convert
[14.922s] -- Symlinking: /home/enesb/ros2_ws/install/zed_rgb_convert/share/ament_index/resource_index/parent_prefix_path/zed_rgb_convert
[14.928s] -- Symlinking: /home/enesb/ros2_ws/install/zed_rgb_convert/share/zed_rgb_convert/environment/ament_prefix_path.sh
[14.935s] -- Symlinking: /home/enesb/ros2_ws/install/zed_rgb_convert/share/zed_rgb_convert/environment/ament_prefix_path.dsv
[14.941s] -- Symlinking: /home/enesb/ros2_ws/install/zed_rgb_convert/share/zed_rgb_convert/environment/path.sh
[14.947s] -- Symlinking: /home/enesb/ros2_ws/install/zed_rgb_convert/share/zed_rgb_convert/environment/path.dsv
[14.953s] -- Symlinking: /home/enesb/ros2_ws/install/zed_rgb_convert/share/zed_rgb_convert/local_setup.bash
[14.960s] -- Symlinking: /home/enesb/ros2_ws/install/zed_rgb_convert/share/zed_rgb_convert/local_setup.sh
[14.966s] -- Symlinking: /home/enesb/ros2_ws/install/zed_rgb_convert/share/zed_rgb_convert/local_setup.zsh
[14.972s] -- Symlinking: /home/enesb/ros2_ws/install/zed_rgb_convert/share/zed_rgb_convert/local_setup.dsv
[14.978s] -- Symlinking: /home/enesb/ros2_ws/install/zed_rgb_convert/share/zed_rgb_convert/package.dsv
[14.985s] -- Symlinking: /home/enesb/ros2_ws/install/zed_rgb_convert/share/ament_index/resource_index/packages/zed_rgb_convert
[14.991s] -- Symlinking: /home/enesb/ros2_ws/install/zed_rgb_convert/share/ament_index/resource_index/rclcpp_components/zed_rgb_convert
[14.998s] -- Symlinking: /home/enesb/ros2_ws/install/zed_rgb_convert/share/zed_rgb_convert/cmake/ament_cmake_export_include_directories-extras.cmake
[15.004s] -- Symlinking: /home/enesb/ros2_ws/install/zed_rgb_convert/share/zed_rgb_convert/cmake/ament_cmake_export_libraries-extras.cmake
[15.011s] -- Symlinking: /home/enesb/ros2_ws/install/zed_rgb_convert/share/zed_rgb_convert/cmake/ament_cmake_export_dependencies-extras.cmake
[15.017s] -- Symlinking: /home/enesb/ros2_ws/install/zed_rgb_convert/share/zed_rgb_convert/cmake/zed_rgb_convertConfig.cmake
[15.023s] -- Symlinking: /home/enesb/ros2_ws/install/zed_rgb_convert/share/zed_rgb_convert/cmake/zed_rgb_convertConfig-version.cmake
[15.030s] -- Symlinking: /home/enesb/ros2_ws/install/zed_rgb_convert/share/zed_rgb_convert/package.xml
[15.037s] Invoked command in '/home/enesb/ros2_ws/build/zed_rgb_convert' returned '0': AMENT_PREFIX_PATH=/home/enesb/ros2_ws/install/zed_components:${AMENT_PREFIX_PATH} CMAKE_PREFIX_PATH=/home/enesb/ros2_ws/install/zed_components:/home/enesb/ros2_ws/install/zed_interfaces:/home/enesb/ros2_ws/install/zed_tutorial_video:/home/enesb/ros2_ws/install/zed_tutorial_pos_tracking:/home/enesb/ros2_ws/install/zed_tutorial_depth:/home/enesb/ros2_ws/install/zed_topic_benchmark:/home/enesb/ros2_ws/install/zed_topic_benchmark_component:/home/enesb/ros2_ws/install/zed_topic_benchmark_interfaces:/home/enesb/ros2_ws/install/my_robot_bringup:/home/enesb/ros2_ws/install/my_robot_interfaces:/home/enesb/ros2_ws/install/my_robot_description:/home/enesb/ros2_ws/install/my_cpp_pkg:/home/enesb/agv_ws/install/agv_test:/home/enesb/microros_ws/install/micro_ros_setup:/home/enesb/microros_ws/install/micro_ros_agent:/home/enesb/microros_ws/install/micro_ros_msgs:/home/enesb/ros2_ws/install/my_py_pkg:/opt/ros/humble LD_LIBRARY_PATH=/home/enesb/ros2_ws/install/zed_components/lib:/home/enesb/ros2_ws/install/zed_interfaces/lib:/home/enesb/ros2_ws/install/zed_topic_benchmark_component/lib:/home/enesb/ros2_ws/install/zed_topic_benchmark_interfaces/lib:/home/enesb/ros2_ws/install/my_robot_interfaces/lib:/home/enesb/microros_ws/install/micro_ros_agent/lib:/home/enesb/microros_ws/install/micro_ros_msgs/lib:/usr/lib/x86_64-linux-gnu/gazebo-11/plugins:/opt/ros/humble/opt/rviz_ogre_vendor/lib:/opt/ros/humble/lib/x86_64-linux-gnu:/opt/ros/humble/lib /usr/bin/cmake --install /home/enesb/ros2_ws/build/zed_rgb_convert
