[0.730s] Invoking command in '/home/enesb/ros2_ws/build/my_py_pkg': PYTHONPATH=/home/enesb/ros2_ws/build/my_py_pkg/prefix_override:/home/enesb/ros2_ws/install/my_py_pkg/lib/python3.10/site-packages:${PYTHONPATH} /usr/bin/python3 setup.py develop --uninstall --editable --build-directory /home/enesb/ros2_ws/build/my_py_pkg/build
[1.051s] running develop
[1.281s] Invoked command in '/home/enesb/ros2_ws/build/my_py_pkg' returned '0': PYTHONPATH=/home/enesb/ros2_ws/build/my_py_pkg/prefix_override:/home/enesb/ros2_ws/install/my_py_pkg/lib/python3.10/site-packages:${PYTHONPATH} /usr/bin/python3 setup.py develop --uninstall --editable --build-directory /home/enesb/ros2_ws/build/my_py_pkg/build
[1.282s] Invoking command in '/home/enesb/ros2_ws/src/my_py_pkg': PYTHONPATH=/home/enesb/ros2_ws/build/my_py_pkg/prefix_override:/home/enesb/ros2_ws/install/my_py_pkg/lib/python3.10/site-packages:${PYTHONPATH} /usr/bin/python3 setup.py egg_info --egg-base ../../build/my_py_pkg build --build-base /home/enesb/ros2_ws/build/my_py_pkg/build install --record /home/enesb/ros2_ws/build/my_py_pkg/install.log --single-version-externally-managed
[1.574s] running egg_info
[1.575s] writing ../../build/my_py_pkg/my_py_pkg.egg-info/PKG-INFO
[1.575s] writing dependency_links to ../../build/my_py_pkg/my_py_pkg.egg-info/dependency_links.txt
[1.575s] writing entry points to ../../build/my_py_pkg/my_py_pkg.egg-info/entry_points.txt
[1.576s] writing requirements to ../../build/my_py_pkg/my_py_pkg.egg-info/requires.txt
[1.576s] writing top-level names to ../../build/my_py_pkg/my_py_pkg.egg-info/top_level.txt
[1.578s] reading manifest file '../../build/my_py_pkg/my_py_pkg.egg-info/SOURCES.txt'
[1.579s] writing manifest file '../../build/my_py_pkg/my_py_pkg.egg-info/SOURCES.txt'
[1.579s] running build
[1.579s] running build_py
[1.579s] copying my_py_pkg/led_panel.py -> /home/enesb/ros2_ws/build/my_py_pkg/build/lib/my_py_pkg
[1.580s] running install
[1.580s] running install_lib
[1.581s] copying /home/enesb/ros2_ws/build/my_py_pkg/build/lib/my_py_pkg/led_panel.py -> /home/enesb/ros2_ws/install/my_py_pkg/lib/python3.10/site-packages/my_py_pkg
[1.582s] byte-compiling /home/enesb/ros2_ws/install/my_py_pkg/lib/python3.10/site-packages/my_py_pkg/led_panel.py to led_panel.cpython-310.pyc
[1.582s] running install_data
[1.583s] running install_egg_info
[1.585s] removing '/home/enesb/ros2_ws/install/my_py_pkg/lib/python3.10/site-packages/my_py_pkg-0.0.0-py3.10.egg-info' (and everything under it)
[1.586s] Copying ../../build/my_py_pkg/my_py_pkg.egg-info to /home/enesb/ros2_ws/install/my_py_pkg/lib/python3.10/site-packages/my_py_pkg-0.0.0-py3.10.egg-info
[1.586s] running install_scripts
[1.608s] Installing add_two_ints_client script to /home/enesb/ros2_ws/install/my_py_pkg/lib/my_py_pkg
[1.609s] Installing add_two_ints_client_no_oop script to /home/enesb/ros2_ws/install/my_py_pkg/lib/my_py_pkg
[1.609s] Installing add_two_ints_server script to /home/enesb/ros2_ws/install/my_py_pkg/lib/my_py_pkg
[1.609s] Installing hw_status_publisher script to /home/enesb/ros2_ws/install/my_py_pkg/lib/my_py_pkg
[1.609s] Installing led_panel script to /home/enesb/ros2_ws/install/my_py_pkg/lib/my_py_pkg
[1.609s] Installing micro_ros_pc_node script to /home/enesb/ros2_ws/install/my_py_pkg/lib/my_py_pkg
[1.609s] Installing number_counter script to /home/enesb/ros2_ws/install/my_py_pkg/lib/my_py_pkg
[1.610s] Installing number_publisher script to /home/enesb/ros2_ws/install/my_py_pkg/lib/my_py_pkg
[1.610s] Installing py_node script to /home/enesb/ros2_ws/install/my_py_pkg/lib/my_py_pkg
[1.610s] Installing robot_news_station script to /home/enesb/ros2_ws/install/my_py_pkg/lib/my_py_pkg
[1.610s] Installing smartphone script to /home/enesb/ros2_ws/install/my_py_pkg/lib/my_py_pkg
[1.610s] writing list of installed files to '/home/enesb/ros2_ws/build/my_py_pkg/install.log'
[1.641s] Invoked command in '/home/enesb/ros2_ws/src/my_py_pkg' returned '0': PYTHONPATH=/home/enesb/ros2_ws/build/my_py_pkg/prefix_override:/home/enesb/ros2_ws/install/my_py_pkg/lib/python3.10/site-packages:${PYTHONPATH} /usr/bin/python3 setup.py egg_info --egg-base ../../build/my_py_pkg build --build-base /home/enesb/ros2_ws/build/my_py_pkg/build install --record /home/enesb/ros2_ws/build/my_py_pkg/install.log --single-version-externally-managed
