[0.016s] Invoking command in '/home/enesb/ros2_ws/build/my_cpp_pkg': CMAKE_PREFIX_PATH=${CMAKE_PREFIX_PATH}:/home/enesb/ros2_ws/install/my_py_pkg:/opt/ros/humble /usr/bin/cmake --build /home/enesb/ros2_ws/build/my_cpp_pkg -- -j12 -l12
[0.074s] [ 25%] Built target add_two_ints_client
[0.074s] [ 33%] Built target robot_news_station
[0.074s] [ 50%] Built target smartphone
[0.076s] [ 66%] Built target cpp_node
[0.077s] [ 91%] Built target add_two_ints_client_no_oop
[0.078s] [100%] Built target add_two_ints_server
[0.092s] Invoked command in '/home/enesb/ros2_ws/build/my_cpp_pkg' returned '0': CMAKE_PREFIX_PATH=${CMAKE_PREFIX_PATH}:/home/enesb/ros2_ws/install/my_py_pkg:/opt/ros/humble /usr/bin/cmake --build /home/enesb/ros2_ws/build/my_cpp_pkg -- -j12 -l12
[0.138s] Invoking command in '/home/enesb/ros2_ws/build/my_cpp_pkg': CMAKE_PREFIX_PATH=${CMAKE_PREFIX_PATH}:/home/enesb/ros2_ws/install/my_py_pkg:/opt/ros/humble /usr/bin/cmake --install /home/enesb/ros2_ws/build/my_cpp_pkg
[0.145s] -- Install configuration: ""
[0.146s] -- Up-to-date: /home/enesb/ros2_ws/install/my_cpp_pkg/lib/my_cpp_pkg/cpp_node
[0.146s] -- Up-to-date: /home/enesb/ros2_ws/install/my_cpp_pkg/lib/my_cpp_pkg/robot_news_station
[0.146s] -- Up-to-date: /home/enesb/ros2_ws/install/my_cpp_pkg/lib/my_cpp_pkg/smartphone
[0.146s] -- Up-to-date: /home/enesb/ros2_ws/install/my_cpp_pkg/lib/my_cpp_pkg/add_two_ints_server
[0.146s] -- Up-to-date: /home/enesb/ros2_ws/install/my_cpp_pkg/lib/my_cpp_pkg/add_two_ints_client_no_oop
[0.147s] -- Up-to-date: /home/enesb/ros2_ws/install/my_cpp_pkg/lib/my_cpp_pkg/add_two_ints_client
[0.147s] -- Up-to-date: /home/enesb/ros2_ws/install/my_cpp_pkg/share/ament_index/resource_index/package_run_dependencies/my_cpp_pkg
[0.147s] -- Up-to-date: /home/enesb/ros2_ws/install/my_cpp_pkg/share/ament_index/resource_index/parent_prefix_path/my_cpp_pkg
[0.147s] -- Up-to-date: /home/enesb/ros2_ws/install/my_cpp_pkg/share/my_cpp_pkg/environment/ament_prefix_path.sh
[0.147s] -- Up-to-date: /home/enesb/ros2_ws/install/my_cpp_pkg/share/my_cpp_pkg/environment/ament_prefix_path.dsv
[0.147s] -- Up-to-date: /home/enesb/ros2_ws/install/my_cpp_pkg/share/my_cpp_pkg/environment/path.sh
[0.148s] -- Up-to-date: /home/enesb/ros2_ws/install/my_cpp_pkg/share/my_cpp_pkg/environment/path.dsv
[0.148s] -- Up-to-date: /home/enesb/ros2_ws/install/my_cpp_pkg/share/my_cpp_pkg/local_setup.bash
[0.148s] -- Up-to-date: /home/enesb/ros2_ws/install/my_cpp_pkg/share/my_cpp_pkg/local_setup.sh
[0.148s] -- Up-to-date: /home/enesb/ros2_ws/install/my_cpp_pkg/share/my_cpp_pkg/local_setup.zsh
[0.148s] -- Up-to-date: /home/enesb/ros2_ws/install/my_cpp_pkg/share/my_cpp_pkg/local_setup.dsv
[0.148s] -- Installing: /home/enesb/ros2_ws/install/my_cpp_pkg/share/my_cpp_pkg/package.dsv
[0.148s] -- Up-to-date: /home/enesb/ros2_ws/install/my_cpp_pkg/share/ament_index/resource_index/packages/my_cpp_pkg
[0.148s] -- Up-to-date: /home/enesb/ros2_ws/install/my_cpp_pkg/share/my_cpp_pkg/cmake/my_cpp_pkgConfig.cmake
[0.149s] -- Up-to-date: /home/enesb/ros2_ws/install/my_cpp_pkg/share/my_cpp_pkg/cmake/my_cpp_pkgConfig-version.cmake
[0.149s] -- Up-to-date: /home/enesb/ros2_ws/install/my_cpp_pkg/share/my_cpp_pkg/package.xml
[0.150s] Invoked command in '/home/enesb/ros2_ws/build/my_cpp_pkg' returned '0': CMAKE_PREFIX_PATH=${CMAKE_PREFIX_PATH}:/home/enesb/ros2_ws/install/my_py_pkg:/opt/ros/humble /usr/bin/cmake --install /home/enesb/ros2_ws/build/my_cpp_pkg
