[0.675s] Invoking command in '/home/enesb/ros2_ws/build/my_py_pkg': PYTHONPATH=/home/enesb/ros2_ws/build/my_py_pkg/prefix_override:/home/enesb/ros2_ws/install/my_py_pkg/lib/python3.10/site-packages:${PYTHONPATH} /usr/bin/python3 setup.py develop --uninstall --editable --build-directory /home/enesb/ros2_ws/build/my_py_pkg/build
[0.968s] running develop
[1.178s] Invoked command in '/home/enesb/ros2_ws/build/my_py_pkg' returned '0': PYTHONPATH=/home/enesb/ros2_ws/build/my_py_pkg/prefix_override:/home/enesb/ros2_ws/install/my_py_pkg/lib/python3.10/site-packages:${PYTHONPATH} /usr/bin/python3 setup.py develop --uninstall --editable --build-directory /home/enesb/ros2_ws/build/my_py_pkg/build
[1.180s] Invoking command in '/home/enesb/ros2_ws/src/my_py_pkg': PYTHONPATH=/home/enesb/ros2_ws/build/my_py_pkg/prefix_override:/home/enesb/ros2_ws/install/my_py_pkg/lib/python3.10/site-packages:${PYTHONPATH} /usr/bin/python3 setup.py egg_info --egg-base ../../build/my_py_pkg build --build-base /home/enesb/ros2_ws/build/my_py_pkg/build install --record /home/enesb/ros2_ws/build/my_py_pkg/install.log --single-version-externally-managed
[1.455s] running egg_info
[1.456s] writing ../../build/my_py_pkg/my_py_pkg.egg-info/PKG-INFO
[1.456s] writing dependency_links to ../../build/my_py_pkg/my_py_pkg.egg-info/dependency_links.txt
[1.456s] writing entry points to ../../build/my_py_pkg/my_py_pkg.egg-info/entry_points.txt
[1.456s] writing requirements to ../../build/my_py_pkg/my_py_pkg.egg-info/requires.txt
[1.457s] writing top-level names to ../../build/my_py_pkg/my_py_pkg.egg-info/top_level.txt
[1.458s] reading manifest file '../../build/my_py_pkg/my_py_pkg.egg-info/SOURCES.txt'
[1.459s] writing manifest file '../../build/my_py_pkg/my_py_pkg.egg-info/SOURCES.txt'
[1.459s] running build
[1.459s] running build_py
[1.460s] running install
[1.460s] running install_lib
[1.462s] running install_data
[1.462s] running install_egg_info
[1.464s] removing '/home/enesb/ros2_ws/install/my_py_pkg/lib/python3.10/site-packages/my_py_pkg-0.0.0-py3.10.egg-info' (and everything under it)
[1.464s] Copying ../../build/my_py_pkg/my_py_pkg.egg-info to /home/enesb/ros2_ws/install/my_py_pkg/lib/python3.10/site-packages/my_py_pkg-0.0.0-py3.10.egg-info
[1.465s] running install_scripts
[1.485s] Installing add_two_ints_client script to /home/enesb/ros2_ws/install/my_py_pkg/lib/my_py_pkg
[1.486s] Installing add_two_ints_client_no_oop script to /home/enesb/ros2_ws/install/my_py_pkg/lib/my_py_pkg
[1.486s] Installing add_two_ints_server script to /home/enesb/ros2_ws/install/my_py_pkg/lib/my_py_pkg
[1.486s] Installing hw_status_publisher script to /home/enesb/ros2_ws/install/my_py_pkg/lib/my_py_pkg
[1.486s] Installing micro_ros_pc_node script to /home/enesb/ros2_ws/install/my_py_pkg/lib/my_py_pkg
[1.486s] Installing number_counter script to /home/enesb/ros2_ws/install/my_py_pkg/lib/my_py_pkg
[1.486s] Installing number_publisher script to /home/enesb/ros2_ws/install/my_py_pkg/lib/my_py_pkg
[1.486s] Installing py_node script to /home/enesb/ros2_ws/install/my_py_pkg/lib/my_py_pkg
[1.487s] Installing robot_news_station script to /home/enesb/ros2_ws/install/my_py_pkg/lib/my_py_pkg
[1.487s] Installing smartphone script to /home/enesb/ros2_ws/install/my_py_pkg/lib/my_py_pkg
[1.487s] writing list of installed files to '/home/enesb/ros2_ws/build/my_py_pkg/install.log'
[1.510s] Invoked command in '/home/enesb/ros2_ws/src/my_py_pkg' returned '0': PYTHONPATH=/home/enesb/ros2_ws/build/my_py_pkg/prefix_override:/home/enesb/ros2_ws/install/my_py_pkg/lib/python3.10/site-packages:${PYTHONPATH} /usr/bin/python3 setup.py egg_info --egg-base ../../build/my_py_pkg build --build-base /home/enesb/ros2_ws/build/my_py_pkg/build install --record /home/enesb/ros2_ws/build/my_py_pkg/install.log --single-version-externally-managed
