[0.044s] Invoking command in '/home/enesb/ros2_ws/build/zed_tutorial_depth': CMAKE_PREFIX_PATH=${CMAKE_PREFIX_PATH}:/home/enesb/ros2_ws/install/my_py_pkg:/opt/ros/humble /usr/bin/cmake /home/enesb/ros2_ws/src/zed-ros2-examples/tutorials/zed_depth_tutorial -DAMENT_CMAKE_SYMLINK_INSTALL=1 -DCMAKE_INSTALL_PREFIX=/home/enesb/ros2_ws/install/zed_tutorial_depth
[0.059s] -- Found ament_cmake_auto: 1.3.5 (/opt/ros/humble/share/ament_cmake_auto/cmake)
[0.267s] -- Override CMake install command with custom implementation using symlinks instead of copying resources
[0.432s] -- Found rosidl_generator_c: 3.1.5 (/opt/ros/humble/share/rosidl_generator_c/cmake)
[0.434s] -- Found rosidl_adapter: 3.1.5 (/opt/ros/humble/share/rosidl_adapter/cmake)
[0.434s] -- Found rosidl_generator_cpp: 3.1.5 (/opt/ros/humble/share/rosidl_generator_cpp/cmake)
[0.450s] -- Using all available rosidl_typesupport_c: rosidl_typesupport_fastrtps_c;rosidl_typesupport_introspection_c
[0.476s] -- Using all available rosidl_typesupport_cpp: rosidl_typesupport_fastrtps_cpp;rosidl_typesupport_introspection_cpp
[0.573s] -- Found rmw_implementation_cmake: 6.1.1 (/opt/ros/humble/share/rmw_implementation_cmake/cmake)
[0.576s] -- Found rmw_fastrtps_cpp: 6.2.3 (/opt/ros/humble/share/rmw_fastrtps_cpp/cmake)
[0.756s] -- Using RMW implementation 'rmw_fastrtps_cpp' as default
[1.142s] -- Found ament_lint_auto: 0.12.7 (/opt/ros/humble/share/ament_lint_auto/cmake)
[1.157s] -- Added test 'copyright' to check source files copyright and LICENSE
[1.159s] -- Added test 'cppcheck' to perform static code analysis on C / C++ code
[1.160s] -- Configured cppcheck include dirs: 
[1.161s] -- Configured cppcheck exclude dirs and/or files: 
[1.161s] -- Added test 'cpplint' to check C / C++ code against the Google style
[1.161s] -- Configured cpplint exclude dirs and/or files: 
[1.162s] -- Added test 'lint_cmake' to check CMake code style
[1.163s] -- Added test 'uncrustify' to check C / C++ code style
[1.163s] -- Configured uncrustify additional arguments: 
[1.164s] -- Added test 'xmllint' to check XML markup files
[1.164s] -- Added test 'clang_format' to check C / C++ code style
[1.166s] -- Configuring done
[1.180s] -- Generating done
[1.183s] -- Build files have been written to: /home/enesb/ros2_ws/build/zed_tutorial_depth
[1.192s] Invoked command in '/home/enesb/ros2_ws/build/zed_tutorial_depth' returned '0': CMAKE_PREFIX_PATH=${CMAKE_PREFIX_PATH}:/home/enesb/ros2_ws/install/my_py_pkg:/opt/ros/humble /usr/bin/cmake /home/enesb/ros2_ws/src/zed-ros2-examples/tutorials/zed_depth_tutorial -DAMENT_CMAKE_SYMLINK_INSTALL=1 -DCMAKE_INSTALL_PREFIX=/home/enesb/ros2_ws/install/zed_tutorial_depth
[1.194s] Invoking command in '/home/enesb/ros2_ws/build/zed_tutorial_depth': CMAKE_PREFIX_PATH=${CMAKE_PREFIX_PATH}:/home/enesb/ros2_ws/install/my_py_pkg:/opt/ros/humble /usr/bin/cmake --build /home/enesb/ros2_ws/build/zed_tutorial_depth -- -j12 -l12
[1.239s] [35m[1mConsolidate compiler generated dependencies of target zed_tutorial_depth[0m
[1.264s] [100%] Built target zed_tutorial_depth
[1.285s] Invoked command in '/home/enesb/ros2_ws/build/zed_tutorial_depth' returned '0': CMAKE_PREFIX_PATH=${CMAKE_PREFIX_PATH}:/home/enesb/ros2_ws/install/my_py_pkg:/opt/ros/humble /usr/bin/cmake --build /home/enesb/ros2_ws/build/zed_tutorial_depth -- -j12 -l12
[1.319s] Invoking command in '/home/enesb/ros2_ws/build/zed_tutorial_depth': CMAKE_PREFIX_PATH=${CMAKE_PREFIX_PATH}:/home/enesb/ros2_ws/install/my_py_pkg:/opt/ros/humble /usr/bin/cmake --install /home/enesb/ros2_ws/build/zed_tutorial_depth
[1.329s] -- Install configuration: "Release"
[1.332s] -- Execute custom install script
[1.333s] -- Up-to-date symlink: /home/enesb/ros2_ws/install/zed_tutorial_depth/lib/zed_tutorial_depth/zed_tutorial_depth
[1.334s] -- Up-to-date symlink: /home/enesb/ros2_ws/install/zed_tutorial_depth/share/ament_index/resource_index/package_run_dependencies/zed_tutorial_depth
[1.335s] -- Up-to-date symlink: /home/enesb/ros2_ws/install/zed_tutorial_depth/share/ament_index/resource_index/parent_prefix_path/zed_tutorial_depth
[1.336s] -- Up-to-date symlink: /home/enesb/ros2_ws/install/zed_tutorial_depth/share/zed_tutorial_depth/environment/ament_prefix_path.sh
[1.344s] -- Up-to-date symlink: /home/enesb/ros2_ws/install/zed_tutorial_depth/share/zed_tutorial_depth/environment/ament_prefix_path.dsv
[1.345s] -- Up-to-date symlink: /home/enesb/ros2_ws/install/zed_tutorial_depth/share/zed_tutorial_depth/environment/path.sh
[1.345s] -- Up-to-date symlink: /home/enesb/ros2_ws/install/zed_tutorial_depth/share/zed_tutorial_depth/environment/path.dsv
[1.345s] -- Up-to-date symlink: /home/enesb/ros2_ws/install/zed_tutorial_depth/share/zed_tutorial_depth/local_setup.bash
[1.345s] -- Up-to-date symlink: /home/enesb/ros2_ws/install/zed_tutorial_depth/share/zed_tutorial_depth/local_setup.sh
[1.345s] -- Up-to-date symlink: /home/enesb/ros2_ws/install/zed_tutorial_depth/share/zed_tutorial_depth/local_setup.zsh
[1.345s] -- Up-to-date symlink: /home/enesb/ros2_ws/install/zed_tutorial_depth/share/zed_tutorial_depth/local_setup.dsv
[1.345s] -- Symlinking: /home/enesb/ros2_ws/install/zed_tutorial_depth/share/zed_tutorial_depth/package.dsv
[1.352s] -- Up-to-date symlink: /home/enesb/ros2_ws/install/zed_tutorial_depth/share/ament_index/resource_index/packages/zed_tutorial_depth
[1.352s] -- Up-to-date symlink: /home/enesb/ros2_ws/install/zed_tutorial_depth/share/zed_tutorial_depth/cmake/zed_tutorial_depthConfig.cmake
[1.353s] -- Up-to-date symlink: /home/enesb/ros2_ws/install/zed_tutorial_depth/share/zed_tutorial_depth/cmake/zed_tutorial_depthConfig-version.cmake
[1.353s] -- Up-to-date symlink: /home/enesb/ros2_ws/install/zed_tutorial_depth/share/zed_tutorial_depth/package.xml
[1.370s] Invoked command in '/home/enesb/ros2_ws/build/zed_tutorial_depth' returned '0': CMAKE_PREFIX_PATH=${CMAKE_PREFIX_PATH}:/home/enesb/ros2_ws/install/my_py_pkg:/opt/ros/humble /usr/bin/cmake --install /home/enesb/ros2_ws/build/zed_tutorial_depth
