[0.029s] Invoking command in '/home/enesb/ros2_ws/build/zed_tutorial_video': CMAKE_PREFIX_PATH=${CMAKE_PREFIX_PATH}:/home/enesb/ros2_ws/install/my_py_pkg:/opt/ros/humble /usr/bin/cmake --build /home/enesb/ros2_ws/build/zed_tutorial_video -- -j12 -l12
[0.055s] -- Found ament_cmake_auto: 1.3.5 (/opt/ros/humble/share/ament_cmake_auto/cmake)
[0.258s] -- Override CMake install command with custom implementation using symlinks instead of copying resources
[0.388s] -- Found rosidl_generator_c: 3.1.5 (/opt/ros/humble/share/rosidl_generator_c/cmake)
[0.390s] -- Found rosidl_adapter: 3.1.5 (/opt/ros/humble/share/rosidl_adapter/cmake)
[0.396s] -- Found rosidl_generator_cpp: 3.1.5 (/opt/ros/humble/share/rosidl_generator_cpp/cmake)
[0.406s] -- Using all available rosidl_typesupport_c: rosidl_typesupport_fastrtps_c;rosidl_typesupport_introspection_c
[0.421s] -- Using all available rosidl_typesupport_cpp: rosidl_typesupport_fastrtps_cpp;rosidl_typesupport_introspection_cpp
[0.475s] -- Found rmw_implementation_cmake: 6.1.1 (/opt/ros/humble/share/rmw_implementation_cmake/cmake)
[0.477s] -- Found rmw_fastrtps_cpp: 6.2.3 (/opt/ros/humble/share/rmw_fastrtps_cpp/cmake)
[0.590s] -- Using RMW implementation 'rmw_fastrtps_cpp' as default
[0.914s] -- Found ament_lint_auto: 0.12.7 (/opt/ros/humble/share/ament_lint_auto/cmake)
[0.919s] -- Configuring done
[0.927s] -- Generating done
[0.929s] -- Build files have been written to: /home/enesb/ros2_ws/build/zed_tutorial_video
[0.949s] [35m[1mConsolidate compiler generated dependencies of target zed_tutorial_video[0m
[0.963s] [ 50%] [32mBuilding CXX object CMakeFiles/zed_tutorial_video.dir/src/zed_video_sub_tutorial.cpp.o[0m
[11.026s] [100%] [32m[1mLinking CXX executable zed_tutorial_video[0m
[11.175s] [100%] Built target zed_tutorial_video
[11.187s] Invoked command in '/home/enesb/ros2_ws/build/zed_tutorial_video' returned '0': CMAKE_PREFIX_PATH=${CMAKE_PREFIX_PATH}:/home/enesb/ros2_ws/install/my_py_pkg:/opt/ros/humble /usr/bin/cmake --build /home/enesb/ros2_ws/build/zed_tutorial_video -- -j12 -l12
[11.210s] Invoking command in '/home/enesb/ros2_ws/build/zed_tutorial_video': CMAKE_PREFIX_PATH=${CMAKE_PREFIX_PATH}:/home/enesb/ros2_ws/install/my_py_pkg:/opt/ros/humble /usr/bin/cmake --install /home/enesb/ros2_ws/build/zed_tutorial_video
[11.216s] -- Install configuration: "Release"
[11.217s] -- Execute custom install script
[11.217s] -- Up-to-date symlink: /home/enesb/ros2_ws/install/zed_tutorial_video/lib/zed_tutorial_video/zed_tutorial_video
[11.217s] -- Up-to-date symlink: /home/enesb/ros2_ws/install/zed_tutorial_video/share/ament_index/resource_index/package_run_dependencies/zed_tutorial_video
[11.217s] -- Up-to-date symlink: /home/enesb/ros2_ws/install/zed_tutorial_video/share/ament_index/resource_index/parent_prefix_path/zed_tutorial_video
[11.218s] -- Up-to-date symlink: /home/enesb/ros2_ws/install/zed_tutorial_video/share/zed_tutorial_video/environment/ament_prefix_path.sh
[11.218s] -- Up-to-date symlink: /home/enesb/ros2_ws/install/zed_tutorial_video/share/zed_tutorial_video/environment/ament_prefix_path.dsv
[11.218s] -- Up-to-date symlink: /home/enesb/ros2_ws/install/zed_tutorial_video/share/zed_tutorial_video/environment/path.sh
[11.218s] -- Up-to-date symlink: /home/enesb/ros2_ws/install/zed_tutorial_video/share/zed_tutorial_video/environment/path.dsv
[11.218s] -- Up-to-date symlink: /home/enesb/ros2_ws/install/zed_tutorial_video/share/zed_tutorial_video/local_setup.bash
[11.218s] -- Up-to-date symlink: /home/enesb/ros2_ws/install/zed_tutorial_video/share/zed_tutorial_video/local_setup.sh
[11.218s] -- Up-to-date symlink: /home/enesb/ros2_ws/install/zed_tutorial_video/share/zed_tutorial_video/local_setup.zsh
[11.219s] -- Up-to-date symlink: /home/enesb/ros2_ws/install/zed_tutorial_video/share/zed_tutorial_video/local_setup.dsv
[11.219s] -- Symlinking: /home/enesb/ros2_ws/install/zed_tutorial_video/share/zed_tutorial_video/package.dsv
[11.227s] -- Up-to-date symlink: /home/enesb/ros2_ws/install/zed_tutorial_video/share/ament_index/resource_index/packages/zed_tutorial_video
[11.227s] -- Up-to-date symlink: /home/enesb/ros2_ws/install/zed_tutorial_video/share/zed_tutorial_video/cmake/zed_tutorial_videoConfig.cmake
[11.227s] -- Up-to-date symlink: /home/enesb/ros2_ws/install/zed_tutorial_video/share/zed_tutorial_video/cmake/zed_tutorial_videoConfig-version.cmake
[11.228s] -- Up-to-date symlink: /home/enesb/ros2_ws/install/zed_tutorial_video/share/zed_tutorial_video/package.xml
[11.233s] Invoked command in '/home/enesb/ros2_ws/build/zed_tutorial_video' returned '0': CMAKE_PREFIX_PATH=${CMAKE_PREFIX_PATH}:/home/enesb/ros2_ws/install/my_py_pkg:/opt/ros/humble /usr/bin/cmake --install /home/enesb/ros2_ws/build/zed_tutorial_video
