[0.041s] Invoking command in '/home/enesb/ros2_ws/build/zed_tutorial_video': CMAKE_PREFIX_PATH=${CMAKE_PREFIX_PATH}:/home/enesb/ros2_ws/install/my_py_pkg:/opt/ros/humble /usr/bin/cmake /home/enesb/ros2_ws/src/zed-ros2-examples/tutorials/zed_video_tutorial -DAMENT_CMAKE_SYMLINK_INSTALL=1 -DCMAKE_INSTALL_PREFIX=/home/enesb/ros2_ws/install/zed_tutorial_video
[0.061s] -- Found ament_cmake_auto: 1.3.5 (/opt/ros/humble/share/ament_cmake_auto/cmake)
[0.257s] -- Override CMake install command with custom implementation using symlinks instead of copying resources
[0.427s] -- Found rosidl_generator_c: 3.1.5 (/opt/ros/humble/share/rosidl_generator_c/cmake)
[0.431s] -- Found rosidl_adapter: 3.1.5 (/opt/ros/humble/share/rosidl_adapter/cmake)
[0.439s] -- Found rosidl_generator_cpp: 3.1.5 (/opt/ros/humble/share/rosidl_generator_cpp/cmake)
[0.455s] -- Using all available rosidl_typesupport_c: rosidl_typesupport_fastrtps_c;rosidl_typesupport_introspection_c
[0.486s] -- Using all available rosidl_typesupport_cpp: rosidl_typesupport_fastrtps_cpp;rosidl_typesupport_introspection_cpp
[0.592s] -- Found rmw_implementation_cmake: 6.1.1 (/opt/ros/humble/share/rmw_implementation_cmake/cmake)
[0.596s] -- Found rmw_fastrtps_cpp: 6.2.3 (/opt/ros/humble/share/rmw_fastrtps_cpp/cmake)
[0.799s] -- Using RMW implementation 'rmw_fastrtps_cpp' as default
[1.330s] -- Found ament_lint_auto: 0.12.7 (/opt/ros/humble/share/ament_lint_auto/cmake)
[1.335s] -- Configuring done
[1.355s] -- Generating done
[1.358s] -- Build files have been written to: /home/enesb/ros2_ws/build/zed_tutorial_video
[1.371s] Invoked command in '/home/enesb/ros2_ws/build/zed_tutorial_video' returned '0': CMAKE_PREFIX_PATH=${CMAKE_PREFIX_PATH}:/home/enesb/ros2_ws/install/my_py_pkg:/opt/ros/humble /usr/bin/cmake /home/enesb/ros2_ws/src/zed-ros2-examples/tutorials/zed_video_tutorial -DAMENT_CMAKE_SYMLINK_INSTALL=1 -DCMAKE_INSTALL_PREFIX=/home/enesb/ros2_ws/install/zed_tutorial_video
[1.372s] Invoking command in '/home/enesb/ros2_ws/build/zed_tutorial_video': CMAKE_PREFIX_PATH=${CMAKE_PREFIX_PATH}:/home/enesb/ros2_ws/install/my_py_pkg:/opt/ros/humble /usr/bin/cmake --build /home/enesb/ros2_ws/build/zed_tutorial_video -- -j12 -l12
[1.440s] [35m[1mConsolidate compiler generated dependencies of target zed_tutorial_video[0m
[1.467s] [100%] Built target zed_tutorial_video
[1.481s] Invoked command in '/home/enesb/ros2_ws/build/zed_tutorial_video' returned '0': CMAKE_PREFIX_PATH=${CMAKE_PREFIX_PATH}:/home/enesb/ros2_ws/install/my_py_pkg:/opt/ros/humble /usr/bin/cmake --build /home/enesb/ros2_ws/build/zed_tutorial_video -- -j12 -l12
[1.519s] Invoking command in '/home/enesb/ros2_ws/build/zed_tutorial_video': CMAKE_PREFIX_PATH=${CMAKE_PREFIX_PATH}:/home/enesb/ros2_ws/install/my_py_pkg:/opt/ros/humble /usr/bin/cmake --install /home/enesb/ros2_ws/build/zed_tutorial_video
[1.531s] -- Install configuration: "Release"
[1.531s] -- Execute custom install script
[1.532s] -- Up-to-date symlink: /home/enesb/ros2_ws/install/zed_tutorial_video/lib/zed_tutorial_video/zed_tutorial_video
[1.532s] -- Up-to-date symlink: /home/enesb/ros2_ws/install/zed_tutorial_video/share/ament_index/resource_index/package_run_dependencies/zed_tutorial_video
[1.532s] -- Up-to-date symlink: /home/enesb/ros2_ws/install/zed_tutorial_video/share/ament_index/resource_index/parent_prefix_path/zed_tutorial_video
[1.532s] -- Up-to-date symlink: /home/enesb/ros2_ws/install/zed_tutorial_video/share/zed_tutorial_video/environment/ament_prefix_path.sh
[1.533s] -- Up-to-date symlink: /home/enesb/ros2_ws/install/zed_tutorial_video/share/zed_tutorial_video/environment/ament_prefix_path.dsv
[1.533s] -- Up-to-date symlink: /home/enesb/ros2_ws/install/zed_tutorial_video/share/zed_tutorial_video/environment/path.sh
[1.533s] -- Up-to-date symlink: /home/enesb/ros2_ws/install/zed_tutorial_video/share/zed_tutorial_video/environment/path.dsv
[1.533s] -- Up-to-date symlink: /home/enesb/ros2_ws/install/zed_tutorial_video/share/zed_tutorial_video/local_setup.bash
[1.534s] -- Up-to-date symlink: /home/enesb/ros2_ws/install/zed_tutorial_video/share/zed_tutorial_video/local_setup.sh
[1.534s] -- Up-to-date symlink: /home/enesb/ros2_ws/install/zed_tutorial_video/share/zed_tutorial_video/local_setup.zsh
[1.534s] -- Up-to-date symlink: /home/enesb/ros2_ws/install/zed_tutorial_video/share/zed_tutorial_video/local_setup.dsv
[1.534s] -- Symlinking: /home/enesb/ros2_ws/install/zed_tutorial_video/share/zed_tutorial_video/package.dsv
[1.548s] -- Up-to-date symlink: /home/enesb/ros2_ws/install/zed_tutorial_video/share/ament_index/resource_index/packages/zed_tutorial_video
[1.548s] -- Up-to-date symlink: /home/enesb/ros2_ws/install/zed_tutorial_video/share/zed_tutorial_video/cmake/zed_tutorial_videoConfig.cmake
[1.548s] -- Up-to-date symlink: /home/enesb/ros2_ws/install/zed_tutorial_video/share/zed_tutorial_video/cmake/zed_tutorial_videoConfig-version.cmake
[1.549s] -- Up-to-date symlink: /home/enesb/ros2_ws/install/zed_tutorial_video/share/zed_tutorial_video/package.xml
[1.555s] Invoked command in '/home/enesb/ros2_ws/build/zed_tutorial_video' returned '0': CMAKE_PREFIX_PATH=${CMAKE_PREFIX_PATH}:/home/enesb/ros2_ws/install/my_py_pkg:/opt/ros/humble /usr/bin/cmake --install /home/enesb/ros2_ws/build/zed_tutorial_video
