[0.043s] Invoking command in '/home/enesb/ros2_ws/build/my_cpp_pkg': CMAKE_PREFIX_PATH=${CMAKE_PREFIX_PATH}:/home/enesb/ros2_ws/install/my_py_pkg:/opt/ros/humble /usr/bin/cmake --build /home/enesb/ros2_ws/build/my_cpp_pkg -- -j12 -l12
[0.083s] [35m[1mConsolidate compiler generated dependencies of target robot_news_station[0m
[0.083s] [35m[1mConsolidate compiler generated dependencies of target smartphone[0m
[0.086s] [35m[1mConsolidate compiler generated dependencies of target add_two_ints_server[0m
[0.088s] [35m[1mConsolidate compiler generated dependencies of target add_two_ints_client[0m
[0.095s] [35m[1mConsolidate compiler generated dependencies of target cpp_node[0m
[0.096s] [35m[1mConsolidate compiler generated dependencies of target add_two_ints_client_no_oop[0m
[0.116s] [ 16%] Built target robot_news_station
[0.121s] [ 33%] Built target smartphone
[0.125s] [ 50%] Built target add_two_ints_server
[0.125s] [ 66%] Built target add_two_ints_client
[0.130s] [ 83%] Built target add_two_ints_client_no_oop
[0.145s] [100%] Built target cpp_node
[0.167s] Invoked command in '/home/enesb/ros2_ws/build/my_cpp_pkg' returned '0': CMAKE_PREFIX_PATH=${CMAKE_PREFIX_PATH}:/home/enesb/ros2_ws/install/my_py_pkg:/opt/ros/humble /usr/bin/cmake --build /home/enesb/ros2_ws/build/my_cpp_pkg -- -j12 -l12
[0.258s] Invoking command in '/home/enesb/ros2_ws/build/my_cpp_pkg': CMAKE_PREFIX_PATH=${CMAKE_PREFIX_PATH}:/home/enesb/ros2_ws/install/my_py_pkg:/opt/ros/humble /usr/bin/cmake --install /home/enesb/ros2_ws/build/my_cpp_pkg
[0.269s] -- Install configuration: "Release"
[0.270s] -- Execute custom install script
[0.270s] -- Up-to-date symlink: /home/enesb/ros2_ws/install/my_cpp_pkg/lib/my_cpp_pkg/cpp_node
[0.272s] -- Up-to-date symlink: /home/enesb/ros2_ws/install/my_cpp_pkg/lib/my_cpp_pkg/robot_news_station
[0.272s] -- Up-to-date symlink: /home/enesb/ros2_ws/install/my_cpp_pkg/lib/my_cpp_pkg/smartphone
[0.273s] -- Up-to-date symlink: /home/enesb/ros2_ws/install/my_cpp_pkg/lib/my_cpp_pkg/add_two_ints_server
[0.273s] -- Up-to-date symlink: /home/enesb/ros2_ws/install/my_cpp_pkg/lib/my_cpp_pkg/add_two_ints_client_no_oop
[0.273s] -- Up-to-date symlink: /home/enesb/ros2_ws/install/my_cpp_pkg/lib/my_cpp_pkg/add_two_ints_client
[0.273s] -- Up-to-date symlink: /home/enesb/ros2_ws/install/my_cpp_pkg/share/ament_index/resource_index/package_run_dependencies/my_cpp_pkg
[0.274s] -- Up-to-date symlink: /home/enesb/ros2_ws/install/my_cpp_pkg/share/ament_index/resource_index/parent_prefix_path/my_cpp_pkg
[0.274s] -- Up-to-date symlink: /home/enesb/ros2_ws/install/my_cpp_pkg/share/my_cpp_pkg/environment/ament_prefix_path.sh
[0.274s] -- Up-to-date symlink: /home/enesb/ros2_ws/install/my_cpp_pkg/share/my_cpp_pkg/environment/ament_prefix_path.dsv
[0.275s] -- Up-to-date symlink: /home/enesb/ros2_ws/install/my_cpp_pkg/share/my_cpp_pkg/environment/path.sh
[0.275s] -- Up-to-date symlink: /home/enesb/ros2_ws/install/my_cpp_pkg/share/my_cpp_pkg/environment/path.dsv
[0.275s] -- Up-to-date symlink: /home/enesb/ros2_ws/install/my_cpp_pkg/share/my_cpp_pkg/local_setup.bash
[0.275s] -- Up-to-date symlink: /home/enesb/ros2_ws/install/my_cpp_pkg/share/my_cpp_pkg/local_setup.sh
[0.275s] -- Up-to-date symlink: /home/enesb/ros2_ws/install/my_cpp_pkg/share/my_cpp_pkg/local_setup.zsh
[0.276s] -- Up-to-date symlink: /home/enesb/ros2_ws/install/my_cpp_pkg/share/my_cpp_pkg/local_setup.dsv
[0.276s] -- Symlinking: /home/enesb/ros2_ws/install/my_cpp_pkg/share/my_cpp_pkg/package.dsv
[0.287s] -- Up-to-date symlink: /home/enesb/ros2_ws/install/my_cpp_pkg/share/ament_index/resource_index/packages/my_cpp_pkg
[0.287s] -- Up-to-date symlink: /home/enesb/ros2_ws/install/my_cpp_pkg/share/my_cpp_pkg/cmake/my_cpp_pkgConfig.cmake
[0.288s] -- Up-to-date symlink: /home/enesb/ros2_ws/install/my_cpp_pkg/share/my_cpp_pkg/cmake/my_cpp_pkgConfig-version.cmake
[0.288s] -- Up-to-date symlink: /home/enesb/ros2_ws/install/my_cpp_pkg/share/my_cpp_pkg/package.xml
[0.311s] Invoked command in '/home/enesb/ros2_ws/build/my_cpp_pkg' returned '0': CMAKE_PREFIX_PATH=${CMAKE_PREFIX_PATH}:/home/enesb/ros2_ws/install/my_py_pkg:/opt/ros/humble /usr/bin/cmake --install /home/enesb/ros2_ws/build/my_cpp_pkg
