[0.015s] Invoking command in '/home/enesb/ros2_ws/build/zed_wrapper': CMAKE_PREFIX_PATH=/home/enesb/ros2_ws/install/zed_components:/home/enesb/ros2_ws/install/zed_interfaces:/home/enesb/ros2_ws/install/zed_ros2:/home/enesb/ros2_ws/install/zed_multi_camera:/home/enesb/ros2_ws/install/zed_display_rviz2:/home/enesb/ros2_ws/install/zed_wrapper:/home/enesb/ros2_ws/install/zed_tutorial_video:/home/enesb/ros2_ws/install/zed_tutorial_pos_tracking:/home/enesb/ros2_ws/install/zed_tutorial_depth:/home/enesb/ros2_ws/install/zed_topic_benchmark:/home/enesb/ros2_ws/install/zed_topic_benchmark_component:/home/enesb/ros2_ws/install/zed_topic_benchmark_interfaces:/home/enesb/ros2_ws/install/zed_rgb_convert:/home/enesb/ros2_ws/install/my_robot_bringup:/home/enesb/ros2_ws/install/my_robot_interfaces:/home/enesb/ros2_ws/install/my_robot_description:/home/enesb/ros2_ws/install/my_cpp_pkg:/home/enesb/agv_ws/install/agv_test:/home/enesb/microros_ws/install/micro_ros_setup:/home/enesb/microros_ws/install/micro_ros_agent:/home/enesb/microros_ws/install/micro_ros_msgs:/home/enesb/ros2_ws/install/my_py_pkg:/opt/ros/humble LD_LIBRARY_PATH=/home/enesb/ros2_ws/install/zed_components/lib:/home/enesb/ros2_ws/install/zed_interfaces/lib:/home/enesb/ros2_ws/install/zed_topic_benchmark_component/lib:/home/enesb/ros2_ws/install/zed_topic_benchmark_interfaces/lib:/home/enesb/ros2_ws/install/zed_rgb_convert/lib:/home/enesb/ros2_ws/install/my_robot_interfaces/lib:/home/enesb/microros_ws/install/micro_ros_agent/lib:/home/enesb/microros_ws/install/micro_ros_msgs/lib:/usr/lib/x86_64-linux-gnu/gazebo-11/plugins:/opt/ros/humble/opt/rviz_ogre_vendor/lib:/opt/ros/humble/lib/x86_64-linux-gnu:/opt/ros/humble/lib /usr/bin/cmake --build /home/enesb/ros2_ws/build/zed_wrapper -- -j12 -l12
[0.060s] [100%] Built target zed_wrapper
[0.068s] Invoked command in '/home/enesb/ros2_ws/build/zed_wrapper' returned '0': CMAKE_PREFIX_PATH=/home/enesb/ros2_ws/install/zed_components:/home/enesb/ros2_ws/install/zed_interfaces:/home/enesb/ros2_ws/install/zed_ros2:/home/enesb/ros2_ws/install/zed_multi_camera:/home/enesb/ros2_ws/install/zed_display_rviz2:/home/enesb/ros2_ws/install/zed_wrapper:/home/enesb/ros2_ws/install/zed_tutorial_video:/home/enesb/ros2_ws/install/zed_tutorial_pos_tracking:/home/enesb/ros2_ws/install/zed_tutorial_depth:/home/enesb/ros2_ws/install/zed_topic_benchmark:/home/enesb/ros2_ws/install/zed_topic_benchmark_component:/home/enesb/ros2_ws/install/zed_topic_benchmark_interfaces:/home/enesb/ros2_ws/install/zed_rgb_convert:/home/enesb/ros2_ws/install/my_robot_bringup:/home/enesb/ros2_ws/install/my_robot_interfaces:/home/enesb/ros2_ws/install/my_robot_description:/home/enesb/ros2_ws/install/my_cpp_pkg:/home/enesb/agv_ws/install/agv_test:/home/enesb/microros_ws/install/micro_ros_setup:/home/enesb/microros_ws/install/micro_ros_agent:/home/enesb/microros_ws/install/micro_ros_msgs:/home/enesb/ros2_ws/install/my_py_pkg:/opt/ros/humble LD_LIBRARY_PATH=/home/enesb/ros2_ws/install/zed_components/lib:/home/enesb/ros2_ws/install/zed_interfaces/lib:/home/enesb/ros2_ws/install/zed_topic_benchmark_component/lib:/home/enesb/ros2_ws/install/zed_topic_benchmark_interfaces/lib:/home/enesb/ros2_ws/install/zed_rgb_convert/lib:/home/enesb/ros2_ws/install/my_robot_interfaces/lib:/home/enesb/microros_ws/install/micro_ros_agent/lib:/home/enesb/microros_ws/install/micro_ros_msgs/lib:/usr/lib/x86_64-linux-gnu/gazebo-11/plugins:/opt/ros/humble/opt/rviz_ogre_vendor/lib:/opt/ros/humble/lib/x86_64-linux-gnu:/opt/ros/humble/lib /usr/bin/cmake --build /home/enesb/ros2_ws/build/zed_wrapper -- -j12 -l12
[0.090s] Invoking command in '/home/enesb/ros2_ws/build/zed_wrapper': CMAKE_PREFIX_PATH=/home/enesb/ros2_ws/install/zed_components:/home/enesb/ros2_ws/install/zed_interfaces:/home/enesb/ros2_ws/install/zed_ros2:/home/enesb/ros2_ws/install/zed_multi_camera:/home/enesb/ros2_ws/install/zed_display_rviz2:/home/enesb/ros2_ws/install/zed_wrapper:/home/enesb/ros2_ws/install/zed_tutorial_video:/home/enesb/ros2_ws/install/zed_tutorial_pos_tracking:/home/enesb/ros2_ws/install/zed_tutorial_depth:/home/enesb/ros2_ws/install/zed_topic_benchmark:/home/enesb/ros2_ws/install/zed_topic_benchmark_component:/home/enesb/ros2_ws/install/zed_topic_benchmark_interfaces:/home/enesb/ros2_ws/install/zed_rgb_convert:/home/enesb/ros2_ws/install/my_robot_bringup:/home/enesb/ros2_ws/install/my_robot_interfaces:/home/enesb/ros2_ws/install/my_robot_description:/home/enesb/ros2_ws/install/my_cpp_pkg:/home/enesb/agv_ws/install/agv_test:/home/enesb/microros_ws/install/micro_ros_setup:/home/enesb/microros_ws/install/micro_ros_agent:/home/enesb/microros_ws/install/micro_ros_msgs:/home/enesb/ros2_ws/install/my_py_pkg:/opt/ros/humble LD_LIBRARY_PATH=/home/enesb/ros2_ws/install/zed_components/lib:/home/enesb/ros2_ws/install/zed_interfaces/lib:/home/enesb/ros2_ws/install/zed_topic_benchmark_component/lib:/home/enesb/ros2_ws/install/zed_topic_benchmark_interfaces/lib:/home/enesb/ros2_ws/install/zed_rgb_convert/lib:/home/enesb/ros2_ws/install/my_robot_interfaces/lib:/home/enesb/microros_ws/install/micro_ros_agent/lib:/home/enesb/microros_ws/install/micro_ros_msgs/lib:/usr/lib/x86_64-linux-gnu/gazebo-11/plugins:/opt/ros/humble/opt/rviz_ogre_vendor/lib:/opt/ros/humble/lib/x86_64-linux-gnu:/opt/ros/humble/lib /usr/bin/cmake --install /home/enesb/ros2_ws/build/zed_wrapper
[0.097s] -- Install configuration: "Release"
[0.097s] -- Execute custom install script
[0.097s] -- Up-to-date symlink: /home/enesb/ros2_ws/install/zed_wrapper/lib/zed_wrapper/zed_wrapper
[0.098s] -- Up-to-date symlink: /home/enesb/ros2_ws/install/zed_wrapper/share/zed_wrapper/config/common.yaml
[0.098s] -- Up-to-date symlink: /home/enesb/ros2_ws/install/zed_wrapper/share/zed_wrapper/config/zed.yaml
[0.098s] -- Up-to-date symlink: /home/enesb/ros2_ws/install/zed_wrapper/share/zed_wrapper/config/zed2.yaml
[0.098s] -- Up-to-date symlink: /home/enesb/ros2_ws/install/zed_wrapper/share/zed_wrapper/config/zed2i.yaml
[0.098s] -- Up-to-date symlink: /home/enesb/ros2_ws/install/zed_wrapper/share/zed_wrapper/config/zedm.yaml
[0.098s] -- Up-to-date symlink: /home/enesb/ros2_ws/install/zed_wrapper/share/zed_wrapper/config/zedx.yaml
[0.098s] -- Up-to-date symlink: /home/enesb/ros2_ws/install/zed_wrapper/share/zed_wrapper/config/zedxm.yaml
[0.099s] -- Up-to-date symlink: /home/enesb/ros2_ws/install/zed_wrapper/share/zed_wrapper/urdf/include/materials.urdf.xacro
[0.099s] -- Up-to-date symlink: /home/enesb/ros2_ws/install/zed_wrapper/share/zed_wrapper/urdf/zed_descr.urdf.xacro
[0.099s] -- Up-to-date symlink: /home/enesb/ros2_ws/install/zed_wrapper/share/zed_wrapper/urdf/zed_macro.urdf.xacro
[0.099s] -- Up-to-date symlink: /home/enesb/ros2_ws/install/zed_wrapper/share/zed_wrapper/launch/include/zed_camera.launch.py
[0.099s] -- Up-to-date symlink: /home/enesb/ros2_ws/install/zed_wrapper/share/zed_wrapper/launch/zed.launch.py
[0.099s] -- Up-to-date symlink: /home/enesb/ros2_ws/install/zed_wrapper/share/zed_wrapper/launch/zed2.launch.py
[0.099s] -- Up-to-date symlink: /home/enesb/ros2_ws/install/zed_wrapper/share/zed_wrapper/launch/zed2i.launch.py
[0.099s] -- Up-to-date symlink: /home/enesb/ros2_ws/install/zed_wrapper/share/zed_wrapper/launch/zedm.launch.py
[0.099s] -- Up-to-date symlink: /home/enesb/ros2_ws/install/zed_wrapper/share/zed_wrapper/launch/zedx.launch.py
[0.100s] -- Up-to-date symlink: /home/enesb/ros2_ws/install/zed_wrapper/share/zed_wrapper/launch/zedxm.launch.py
[0.100s] -- Up-to-date symlink: /home/enesb/ros2_ws/install/zed_wrapper/share/ament_index/resource_index/package_run_dependencies/zed_wrapper
[0.100s] -- Up-to-date symlink: /home/enesb/ros2_ws/install/zed_wrapper/share/ament_index/resource_index/parent_prefix_path/zed_wrapper
[0.100s] -- Up-to-date symlink: /home/enesb/ros2_ws/install/zed_wrapper/share/zed_wrapper/environment/ament_prefix_path.sh
[0.100s] -- Up-to-date symlink: /home/enesb/ros2_ws/install/zed_wrapper/share/zed_wrapper/environment/ament_prefix_path.dsv
[0.100s] -- Up-to-date symlink: /home/enesb/ros2_ws/install/zed_wrapper/share/zed_wrapper/environment/path.sh
[0.100s] -- Up-to-date symlink: /home/enesb/ros2_ws/install/zed_wrapper/share/zed_wrapper/environment/path.dsv
[0.100s] -- Up-to-date symlink: /home/enesb/ros2_ws/install/zed_wrapper/share/zed_wrapper/local_setup.bash
[0.100s] -- Up-to-date symlink: /home/enesb/ros2_ws/install/zed_wrapper/share/zed_wrapper/local_setup.sh
[0.101s] -- Up-to-date symlink: /home/enesb/ros2_ws/install/zed_wrapper/share/zed_wrapper/local_setup.zsh
[0.101s] -- Up-to-date symlink: /home/enesb/ros2_ws/install/zed_wrapper/share/zed_wrapper/local_setup.dsv
[0.101s] -- Symlinking: /home/enesb/ros2_ws/install/zed_wrapper/share/zed_wrapper/package.dsv
[0.109s] -- Up-to-date symlink: /home/enesb/ros2_ws/install/zed_wrapper/share/ament_index/resource_index/packages/zed_wrapper
[0.109s] -- Up-to-date symlink: /home/enesb/ros2_ws/install/zed_wrapper/share/zed_wrapper/cmake/zed_wrapperConfig.cmake
[0.109s] -- Up-to-date symlink: /home/enesb/ros2_ws/install/zed_wrapper/share/zed_wrapper/cmake/zed_wrapperConfig-version.cmake
[0.109s] -- Up-to-date symlink: /home/enesb/ros2_ws/install/zed_wrapper/share/zed_wrapper/package.xml
[0.111s] Invoked command in '/home/enesb/ros2_ws/build/zed_wrapper' returned '0': CMAKE_PREFIX_PATH=/home/enesb/ros2_ws/install/zed_components:/home/enesb/ros2_ws/install/zed_interfaces:/home/enesb/ros2_ws/install/zed_ros2:/home/enesb/ros2_ws/install/zed_multi_camera:/home/enesb/ros2_ws/install/zed_display_rviz2:/home/enesb/ros2_ws/install/zed_wrapper:/home/enesb/ros2_ws/install/zed_tutorial_video:/home/enesb/ros2_ws/install/zed_tutorial_pos_tracking:/home/enesb/ros2_ws/install/zed_tutorial_depth:/home/enesb/ros2_ws/install/zed_topic_benchmark:/home/enesb/ros2_ws/install/zed_topic_benchmark_component:/home/enesb/ros2_ws/install/zed_topic_benchmark_interfaces:/home/enesb/ros2_ws/install/zed_rgb_convert:/home/enesb/ros2_ws/install/my_robot_bringup:/home/enesb/ros2_ws/install/my_robot_interfaces:/home/enesb/ros2_ws/install/my_robot_description:/home/enesb/ros2_ws/install/my_cpp_pkg:/home/enesb/agv_ws/install/agv_test:/home/enesb/microros_ws/install/micro_ros_setup:/home/enesb/microros_ws/install/micro_ros_agent:/home/enesb/microros_ws/install/micro_ros_msgs:/home/enesb/ros2_ws/install/my_py_pkg:/opt/ros/humble LD_LIBRARY_PATH=/home/enesb/ros2_ws/install/zed_components/lib:/home/enesb/ros2_ws/install/zed_interfaces/lib:/home/enesb/ros2_ws/install/zed_topic_benchmark_component/lib:/home/enesb/ros2_ws/install/zed_topic_benchmark_interfaces/lib:/home/enesb/ros2_ws/install/zed_rgb_convert/lib:/home/enesb/ros2_ws/install/my_robot_interfaces/lib:/home/enesb/microros_ws/install/micro_ros_agent/lib:/home/enesb/microros_ws/install/micro_ros_msgs/lib:/usr/lib/x86_64-linux-gnu/gazebo-11/plugins:/opt/ros/humble/opt/rviz_ogre_vendor/lib:/opt/ros/humble/lib/x86_64-linux-gnu:/opt/ros/humble/lib /usr/bin/cmake --install /home/enesb/ros2_ws/build/zed_wrapper
