[0.456s] Invoking command in '/home/enesb/ros2_ws/build/my_py_pkg': PYTHONPATH=/home/enesb/ros2_ws/build/my_py_pkg/prefix_override:/home/enesb/ros2_ws/install/my_py_pkg/lib/python3.10/site-packages:${PYTHONPATH} /usr/bin/python3 setup.py develop --uninstall --editable --build-directory /home/enesb/ros2_ws/build/my_py_pkg/build
[0.653s] running develop
[0.791s] Invoked command in '/home/enesb/ros2_ws/build/my_py_pkg' returned '0': PYTHONPATH=/home/enesb/ros2_ws/build/my_py_pkg/prefix_override:/home/enesb/ros2_ws/install/my_py_pkg/lib/python3.10/site-packages:${PYTHONPATH} /usr/bin/python3 setup.py develop --uninstall --editable --build-directory /home/enesb/ros2_ws/build/my_py_pkg/build
[0.792s] Invoking command in '/home/enesb/ros2_ws/src/my_py_pkg': PYTHONPATH=/home/enesb/ros2_ws/build/my_py_pkg/prefix_override:/home/enesb/ros2_ws/install/my_py_pkg/lib/python3.10/site-packages:${PYTHONPATH} /usr/bin/python3 setup.py egg_info --egg-base ../../build/my_py_pkg build --build-base /home/enesb/ros2_ws/build/my_py_pkg/build install --record /home/enesb/ros2_ws/build/my_py_pkg/install.log --single-version-externally-managed
[0.973s] running egg_info
[0.974s] writing ../../build/my_py_pkg/my_py_pkg.egg-info/PKG-INFO
[0.974s] writing dependency_links to ../../build/my_py_pkg/my_py_pkg.egg-info/dependency_links.txt
[0.974s] writing entry points to ../../build/my_py_pkg/my_py_pkg.egg-info/entry_points.txt
[0.975s] writing requirements to ../../build/my_py_pkg/my_py_pkg.egg-info/requires.txt
[0.975s] writing top-level names to ../../build/my_py_pkg/my_py_pkg.egg-info/top_level.txt
[0.976s] reading manifest file '../../build/my_py_pkg/my_py_pkg.egg-info/SOURCES.txt'
[0.976s] writing manifest file '../../build/my_py_pkg/my_py_pkg.egg-info/SOURCES.txt'
[0.977s] running build
[0.977s] running build_py
[0.977s] copying my_py_pkg/number_generator.py -> /home/enesb/ros2_ws/build/my_py_pkg/build/lib/my_py_pkg
[0.977s] copying my_py_pkg/number_counter.py -> /home/enesb/ros2_ws/build/my_py_pkg/build/lib/my_py_pkg
[0.977s] running install
[0.977s] running install_lib
[0.978s] copying /home/enesb/ros2_ws/build/my_py_pkg/build/lib/my_py_pkg/number_generator.py -> /home/enesb/ros2_ws/install/my_py_pkg/lib/python3.10/site-packages/my_py_pkg
[0.978s] copying /home/enesb/ros2_ws/build/my_py_pkg/build/lib/my_py_pkg/number_counter.py -> /home/enesb/ros2_ws/install/my_py_pkg/lib/python3.10/site-packages/my_py_pkg
[0.979s] byte-compiling /home/enesb/ros2_ws/install/my_py_pkg/lib/python3.10/site-packages/my_py_pkg/number_generator.py to number_generator.cpython-310.pyc
[0.979s] byte-compiling /home/enesb/ros2_ws/install/my_py_pkg/lib/python3.10/site-packages/my_py_pkg/number_counter.py to number_counter.cpython-310.pyc
[0.979s] running install_data
[0.980s] running install_egg_info
[0.981s] removing '/home/enesb/ros2_ws/install/my_py_pkg/lib/python3.10/site-packages/my_py_pkg-0.0.0-py3.10.egg-info' (and everything under it)
[0.981s] Copying ../../build/my_py_pkg/my_py_pkg.egg-info to /home/enesb/ros2_ws/install/my_py_pkg/lib/python3.10/site-packages/my_py_pkg-0.0.0-py3.10.egg-info
[0.981s] running install_scripts
[0.995s] Installing number_publisher script to /home/enesb/ros2_ws/install/my_py_pkg/lib/my_py_pkg
[0.996s] Installing py_node script to /home/enesb/ros2_ws/install/my_py_pkg/lib/my_py_pkg
[0.996s] Installing robot_news_station script to /home/enesb/ros2_ws/install/my_py_pkg/lib/my_py_pkg
[0.996s] Installing smartphone script to /home/enesb/ros2_ws/install/my_py_pkg/lib/my_py_pkg
[0.996s] writing list of installed files to '/home/enesb/ros2_ws/build/my_py_pkg/install.log'
[1.012s] Invoked command in '/home/enesb/ros2_ws/src/my_py_pkg' returned '0': PYTHONPATH=/home/enesb/ros2_ws/build/my_py_pkg/prefix_override:/home/enesb/ros2_ws/install/my_py_pkg/lib/python3.10/site-packages:${PYTHONPATH} /usr/bin/python3 setup.py egg_info --egg-base ../../build/my_py_pkg build --build-base /home/enesb/ros2_ws/build/my_py_pkg/build install --record /home/enesb/ros2_ws/build/my_py_pkg/install.log --single-version-externally-managed
