[0.041s] Invoking command in '/home/enesb/ros2_ws/build/my_robot_description': CMAKE_PREFIX_PATH=${CMAKE_PREFIX_PATH}:/home/enesb/ros2_ws/install/my_py_pkg:/opt/ros/humble /usr/bin/cmake --build /home/enesb/ros2_ws/build/my_robot_description -- -j12 -l12
[0.082s] Invoked command in '/home/enesb/ros2_ws/build/my_robot_description' returned '0': CMAKE_PREFIX_PATH=${CMAKE_PREFIX_PATH}:/home/enesb/ros2_ws/install/my_py_pkg:/opt/ros/humble /usr/bin/cmake --build /home/enesb/ros2_ws/build/my_robot_description -- -j12 -l12
[0.173s] Invoking command in '/home/enesb/ros2_ws/build/my_robot_description': CMAKE_PREFIX_PATH=${CMAKE_PREFIX_PATH}:/home/enesb/ros2_ws/install/my_py_pkg:/opt/ros/humble /usr/bin/cmake --install /home/enesb/ros2_ws/build/my_robot_description
[0.188s] -- Install configuration: "Release"
[0.188s] -- Execute custom install script
[0.189s] -- Up-to-date symlink: /home/enesb/ros2_ws/install/my_robot_description/share/my_robot_description//urdf/camera.xacro
[0.189s] -- Up-to-date symlink: /home/enesb/ros2_ws/install/my_robot_description/share/my_robot_description//urdf/common_properties.xacro
[0.189s] -- Up-to-date symlink: /home/enesb/ros2_ws/install/my_robot_description/share/my_robot_description//urdf/mobile_base.xacro
[0.189s] -- Up-to-date symlink: /home/enesb/ros2_ws/install/my_robot_description/share/my_robot_description//urdf/mobile_base_gazebo.xacro
[0.189s] -- Up-to-date symlink: /home/enesb/ros2_ws/install/my_robot_description/share/my_robot_description//urdf/my_robot.urdf.xacro
[0.190s] -- Up-to-date symlink: /home/enesb/ros2_ws/install/my_robot_description/share/my_robot_description//urdf/ros2_control.xacro
[0.191s] -- Up-to-date symlink: /home/enesb/ros2_ws/install/my_robot_description/share/my_robot_description//launch/display.launch.py
[0.191s] -- Up-to-date symlink: /home/enesb/ros2_ws/install/my_robot_description/share/my_robot_description//launch/display.launch.xml
[0.191s] -- Up-to-date symlink: /home/enesb/ros2_ws/install/my_robot_description/share/my_robot_description//rviz/urdf_config.rviz
[0.192s] -- Up-to-date symlink: /home/enesb/ros2_ws/install/my_robot_description/share/my_robot_description//config/gazebo_params.yaml
[0.193s] -- Up-to-date symlink: /home/enesb/ros2_ws/install/my_robot_description/share/my_robot_description//config/my_controllers.yaml
[0.193s] -- Up-to-date symlink: /home/enesb/ros2_ws/install/my_robot_description/share/ament_index/resource_index/package_run_dependencies/my_robot_description
[0.193s] -- Up-to-date symlink: /home/enesb/ros2_ws/install/my_robot_description/share/ament_index/resource_index/parent_prefix_path/my_robot_description
[0.194s] -- Up-to-date symlink: /home/enesb/ros2_ws/install/my_robot_description/share/my_robot_description/environment/ament_prefix_path.sh
[0.194s] -- Up-to-date symlink: /home/enesb/ros2_ws/install/my_robot_description/share/my_robot_description/environment/ament_prefix_path.dsv
[0.194s] -- Up-to-date symlink: /home/enesb/ros2_ws/install/my_robot_description/share/my_robot_description/environment/path.sh
[0.195s] -- Up-to-date symlink: /home/enesb/ros2_ws/install/my_robot_description/share/my_robot_description/environment/path.dsv
[0.195s] -- Up-to-date symlink: /home/enesb/ros2_ws/install/my_robot_description/share/my_robot_description/local_setup.bash
[0.196s] -- Up-to-date symlink: /home/enesb/ros2_ws/install/my_robot_description/share/my_robot_description/local_setup.sh
[0.199s] -- Up-to-date symlink: /home/enesb/ros2_ws/install/my_robot_description/share/my_robot_description/local_setup.zsh
[0.199s] -- Up-to-date symlink: /home/enesb/ros2_ws/install/my_robot_description/share/my_robot_description/local_setup.dsv
[0.199s] -- Symlinking: /home/enesb/ros2_ws/install/my_robot_description/share/my_robot_description/package.dsv
[0.208s] -- Up-to-date symlink: /home/enesb/ros2_ws/install/my_robot_description/share/ament_index/resource_index/packages/my_robot_description
[0.209s] -- Up-to-date symlink: /home/enesb/ros2_ws/install/my_robot_description/share/my_robot_description/cmake/my_robot_descriptionConfig.cmake
[0.209s] -- Up-to-date symlink: /home/enesb/ros2_ws/install/my_robot_description/share/my_robot_description/cmake/my_robot_descriptionConfig-version.cmake
[0.209s] -- Up-to-date symlink: /home/enesb/ros2_ws/install/my_robot_description/share/my_robot_description/package.xml
[0.213s] Invoked command in '/home/enesb/ros2_ws/build/my_robot_description' returned '0': CMAKE_PREFIX_PATH=${CMAKE_PREFIX_PATH}:/home/enesb/ros2_ws/install/my_py_pkg:/opt/ros/humble /usr/bin/cmake --install /home/enesb/ros2_ws/build/my_robot_description
