[0.453s] Invoking command in '/home/enesb/ros2_ws/build/my_py_pkg': PYTHONPATH=/home/enesb/ros2_ws/build/my_py_pkg/prefix_override:/home/enesb/ros2_ws/install/my_py_pkg/lib/python3.10/site-packages:${PYTHONPATH} /usr/bin/python3 setup.py develop --editable --build-directory /home/enesb/ros2_ws/build/my_py_pkg/build --no-deps install_data
[0.661s] running develop
[0.785s] running egg_info
[0.785s] writing my_py_pkg.egg-info/PKG-INFO
[0.785s] writing dependency_links to my_py_pkg.egg-info/dependency_links.txt
[0.785s] writing entry points to my_py_pkg.egg-info/entry_points.txt
[0.786s] writing requirements to my_py_pkg.egg-info/requires.txt
[0.786s] writing top-level names to my_py_pkg.egg-info/top_level.txt
[0.787s] reading manifest file 'my_py_pkg.egg-info/SOURCES.txt'
[0.788s] writing manifest file 'my_py_pkg.egg-info/SOURCES.txt'
[0.788s] running build_ext
[0.789s] Creating /home/enesb/ros2_ws/install/my_py_pkg/lib/python3.10/site-packages/my-py-pkg.egg-link (link to .)
[0.789s] Installing add_two_ints_server script to /home/enesb/ros2_ws/install/my_py_pkg/lib/my_py_pkg
[0.789s] Installing number_counter script to /home/enesb/ros2_ws/install/my_py_pkg/lib/my_py_pkg
[0.789s] Installing number_publisher script to /home/enesb/ros2_ws/install/my_py_pkg/lib/my_py_pkg
[0.790s] Installing py_node script to /home/enesb/ros2_ws/install/my_py_pkg/lib/my_py_pkg
[0.790s] Installing robot_news_station script to /home/enesb/ros2_ws/install/my_py_pkg/lib/my_py_pkg
[0.790s] Installing smartphone script to /home/enesb/ros2_ws/install/my_py_pkg/lib/my_py_pkg
[0.790s] 
[0.790s] Installed /home/enesb/ros2_ws/build/my_py_pkg
[0.790s] running install_data
[0.809s] Invoked command in '/home/enesb/ros2_ws/build/my_py_pkg' returned '0': PYTHONPATH=/home/enesb/ros2_ws/build/my_py_pkg/prefix_override:/home/enesb/ros2_ws/install/my_py_pkg/lib/python3.10/site-packages:${PYTHONPATH} /usr/bin/python3 setup.py develop --editable --build-directory /home/enesb/ros2_ws/build/my_py_pkg/build --no-deps install_data
