[0.683s] Invoking command in '/home/enesb/ros2_ws/build/my_py_pkg': CMAKE_PREFIX_PATH=/home/enesb/ros2_ws/install/my_robot_interfaces:/home/enesb/ros2_ws/install/zed_ros2:/home/enesb/ros2_ws/install/zed_multi_camera:/home/enesb/ros2_ws/install/zed_display_rviz2:/home/enesb/ros2_ws/install/zed_wrapper:/home/enesb/ros2_ws/install/zed_tutorial_video:/home/enesb/ros2_ws/install/zed_tutorial_pos_tracking:/home/enesb/ros2_ws/install/zed_tutorial_depth:/home/enesb/ros2_ws/install/zed_topic_benchmark:/home/enesb/ros2_ws/install/zed_topic_benchmark_component:/home/enesb/ros2_ws/install/zed_topic_benchmark_interfaces:/home/enesb/ros2_ws/install/zed_rgb_convert:/home/enesb/ros2_ws/install/zed_components:/home/enesb/ros2_ws/install/zed_interfaces:/home/enesb/ros2_ws/install/my_robot_bringup:/home/enesb/ros2_ws/install/my_robot_description:/home/enesb/ros2_ws/install/my_cpp_pkg:/home/enesb/agv_ws/install/agv_test:/home/enesb/microros_ws/install/micro_ros_setup:/home/enesb/microros_ws/install/micro_ros_agent:/home/enesb/microros_ws/install/micro_ros_msgs LD_LIBRARY_PATH=/home/enesb/ros2_ws/install/my_robot_interfaces/lib:/home/enesb/ros2_ws/install/zed_topic_benchmark_component/lib:/home/enesb/ros2_ws/install/zed_topic_benchmark_interfaces/lib:/home/enesb/ros2_ws/install/zed_rgb_convert/lib:/home/enesb/ros2_ws/install/zed_components/lib:/home/enesb/ros2_ws/install/zed_interfaces/lib:/home/enesb/microros_ws/install/micro_ros_agent/lib:/home/enesb/microros_ws/install/micro_ros_msgs/lib:/usr/lib/x86_64-linux-gnu/gazebo-11/plugins:/opt/ros/humble/opt/rviz_ogre_vendor/lib:/opt/ros/humble/lib/x86_64-linux-gnu:/opt/ros/humble/lib PYTHONPATH=/home/enesb/ros2_ws/build/my_py_pkg/prefix_override:/home/enesb/ros2_ws/install/my_py_pkg/lib/python3.10/site-packages:${PYTHONPATH} /usr/bin/python3 setup.py develop --uninstall --editable --build-directory /home/enesb/ros2_ws/build/my_py_pkg/build
[0.929s] running develop
[1.110s] Invoked command in '/home/enesb/ros2_ws/build/my_py_pkg' returned '0': CMAKE_PREFIX_PATH=/home/enesb/ros2_ws/install/my_robot_interfaces:/home/enesb/ros2_ws/install/zed_ros2:/home/enesb/ros2_ws/install/zed_multi_camera:/home/enesb/ros2_ws/install/zed_display_rviz2:/home/enesb/ros2_ws/install/zed_wrapper:/home/enesb/ros2_ws/install/zed_tutorial_video:/home/enesb/ros2_ws/install/zed_tutorial_pos_tracking:/home/enesb/ros2_ws/install/zed_tutorial_depth:/home/enesb/ros2_ws/install/zed_topic_benchmark:/home/enesb/ros2_ws/install/zed_topic_benchmark_component:/home/enesb/ros2_ws/install/zed_topic_benchmark_interfaces:/home/enesb/ros2_ws/install/zed_rgb_convert:/home/enesb/ros2_ws/install/zed_components:/home/enesb/ros2_ws/install/zed_interfaces:/home/enesb/ros2_ws/install/my_robot_bringup:/home/enesb/ros2_ws/install/my_robot_description:/home/enesb/ros2_ws/install/my_cpp_pkg:/home/enesb/agv_ws/install/agv_test:/home/enesb/microros_ws/install/micro_ros_setup:/home/enesb/microros_ws/install/micro_ros_agent:/home/enesb/microros_ws/install/micro_ros_msgs LD_LIBRARY_PATH=/home/enesb/ros2_ws/install/my_robot_interfaces/lib:/home/enesb/ros2_ws/install/zed_topic_benchmark_component/lib:/home/enesb/ros2_ws/install/zed_topic_benchmark_interfaces/lib:/home/enesb/ros2_ws/install/zed_rgb_convert/lib:/home/enesb/ros2_ws/install/zed_components/lib:/home/enesb/ros2_ws/install/zed_interfaces/lib:/home/enesb/microros_ws/install/micro_ros_agent/lib:/home/enesb/microros_ws/install/micro_ros_msgs/lib:/usr/lib/x86_64-linux-gnu/gazebo-11/plugins:/opt/ros/humble/opt/rviz_ogre_vendor/lib:/opt/ros/humble/lib/x86_64-linux-gnu:/opt/ros/humble/lib PYTHONPATH=/home/enesb/ros2_ws/build/my_py_pkg/prefix_override:/home/enesb/ros2_ws/install/my_py_pkg/lib/python3.10/site-packages:${PYTHONPATH} /usr/bin/python3 setup.py develop --uninstall --editable --build-directory /home/enesb/ros2_ws/build/my_py_pkg/build
[1.111s] Invoking command in '/home/enesb/ros2_ws/src/my_py_pkg': CMAKE_PREFIX_PATH=/home/enesb/ros2_ws/install/my_robot_interfaces:/home/enesb/ros2_ws/install/zed_ros2:/home/enesb/ros2_ws/install/zed_multi_camera:/home/enesb/ros2_ws/install/zed_display_rviz2:/home/enesb/ros2_ws/install/zed_wrapper:/home/enesb/ros2_ws/install/zed_tutorial_video:/home/enesb/ros2_ws/install/zed_tutorial_pos_tracking:/home/enesb/ros2_ws/install/zed_tutorial_depth:/home/enesb/ros2_ws/install/zed_topic_benchmark:/home/enesb/ros2_ws/install/zed_topic_benchmark_component:/home/enesb/ros2_ws/install/zed_topic_benchmark_interfaces:/home/enesb/ros2_ws/install/zed_rgb_convert:/home/enesb/ros2_ws/install/zed_components:/home/enesb/ros2_ws/install/zed_interfaces:/home/enesb/ros2_ws/install/my_robot_bringup:/home/enesb/ros2_ws/install/my_robot_description:/home/enesb/ros2_ws/install/my_cpp_pkg:/home/enesb/agv_ws/install/agv_test:/home/enesb/microros_ws/install/micro_ros_setup:/home/enesb/microros_ws/install/micro_ros_agent:/home/enesb/microros_ws/install/micro_ros_msgs LD_LIBRARY_PATH=/home/enesb/ros2_ws/install/my_robot_interfaces/lib:/home/enesb/ros2_ws/install/zed_topic_benchmark_component/lib:/home/enesb/ros2_ws/install/zed_topic_benchmark_interfaces/lib:/home/enesb/ros2_ws/install/zed_rgb_convert/lib:/home/enesb/ros2_ws/install/zed_components/lib:/home/enesb/ros2_ws/install/zed_interfaces/lib:/home/enesb/microros_ws/install/micro_ros_agent/lib:/home/enesb/microros_ws/install/micro_ros_msgs/lib:/usr/lib/x86_64-linux-gnu/gazebo-11/plugins:/opt/ros/humble/opt/rviz_ogre_vendor/lib:/opt/ros/humble/lib/x86_64-linux-gnu:/opt/ros/humble/lib PYTHONPATH=/home/enesb/ros2_ws/build/my_py_pkg/prefix_override:/home/enesb/ros2_ws/install/my_py_pkg/lib/python3.10/site-packages:${PYTHONPATH} /usr/bin/python3 setup.py egg_info --egg-base ../../build/my_py_pkg build --build-base /home/enesb/ros2_ws/build/my_py_pkg/build install --record /home/enesb/ros2_ws/build/my_py_pkg/install.log --single-version-externally-managed
[1.354s] running egg_info
[1.354s] writing ../../build/my_py_pkg/my_py_pkg.egg-info/PKG-INFO
[1.354s] writing dependency_links to ../../build/my_py_pkg/my_py_pkg.egg-info/dependency_links.txt
[1.355s] writing entry points to ../../build/my_py_pkg/my_py_pkg.egg-info/entry_points.txt
[1.355s] writing requirements to ../../build/my_py_pkg/my_py_pkg.egg-info/requires.txt
[1.355s] writing top-level names to ../../build/my_py_pkg/my_py_pkg.egg-info/top_level.txt
[1.356s] reading manifest file '../../build/my_py_pkg/my_py_pkg.egg-info/SOURCES.txt'
[1.357s] writing manifest file '../../build/my_py_pkg/my_py_pkg.egg-info/SOURCES.txt'
[1.357s] running build
[1.357s] running build_py
[1.358s] copying my_py_pkg/qr_read_test.py -> /home/enesb/ros2_ws/build/my_py_pkg/build/lib/my_py_pkg
[1.358s] running install
[1.359s] running install_lib
[1.359s] copying /home/enesb/ros2_ws/build/my_py_pkg/build/lib/my_py_pkg/qr_read_test.py -> /home/enesb/ros2_ws/install/my_py_pkg/lib/python3.10/site-packages/my_py_pkg
[1.360s] byte-compiling /home/enesb/ros2_ws/install/my_py_pkg/lib/python3.10/site-packages/my_py_pkg/qr_read_test.py to qr_read_test.cpython-310.pyc
[1.361s] running install_data
[1.361s] running install_egg_info
[1.362s] removing '/home/enesb/ros2_ws/install/my_py_pkg/lib/python3.10/site-packages/my_py_pkg-0.0.0-py3.10.egg-info' (and everything under it)
[1.363s] Copying ../../build/my_py_pkg/my_py_pkg.egg-info to /home/enesb/ros2_ws/install/my_py_pkg/lib/python3.10/site-packages/my_py_pkg-0.0.0-py3.10.egg-info
[1.363s] running install_scripts
[1.380s] Installing add_two_ints_client script to /home/enesb/ros2_ws/install/my_py_pkg/lib/my_py_pkg
[1.381s] Installing add_two_ints_client_no_oop script to /home/enesb/ros2_ws/install/my_py_pkg/lib/my_py_pkg
[1.381s] Installing add_two_ints_server script to /home/enesb/ros2_ws/install/my_py_pkg/lib/my_py_pkg
[1.381s] Installing battery script to /home/enesb/ros2_ws/install/my_py_pkg/lib/my_py_pkg
[1.381s] Installing hw_status_publisher script to /home/enesb/ros2_ws/install/my_py_pkg/lib/my_py_pkg
[1.381s] Installing led_panel script to /home/enesb/ros2_ws/install/my_py_pkg/lib/my_py_pkg
[1.381s] Installing micro_ros_pc_node script to /home/enesb/ros2_ws/install/my_py_pkg/lib/my_py_pkg
[1.381s] Installing number_counter script to /home/enesb/ros2_ws/install/my_py_pkg/lib/my_py_pkg
[1.381s] Installing number_publisher script to /home/enesb/ros2_ws/install/my_py_pkg/lib/my_py_pkg
[1.381s] Installing number_publisher1 script to /home/enesb/ros2_ws/install/my_py_pkg/lib/my_py_pkg
[1.381s] Installing py_node script to /home/enesb/ros2_ws/install/my_py_pkg/lib/my_py_pkg
[1.382s] Installing robot_news_station script to /home/enesb/ros2_ws/install/my_py_pkg/lib/my_py_pkg
[1.382s] Installing smartphone script to /home/enesb/ros2_ws/install/my_py_pkg/lib/my_py_pkg
[1.382s] writing list of installed files to '/home/enesb/ros2_ws/build/my_py_pkg/install.log'
[1.400s] Invoked command in '/home/enesb/ros2_ws/src/my_py_pkg' returned '0': CMAKE_PREFIX_PATH=/home/enesb/ros2_ws/install/my_robot_interfaces:/home/enesb/ros2_ws/install/zed_ros2:/home/enesb/ros2_ws/install/zed_multi_camera:/home/enesb/ros2_ws/install/zed_display_rviz2:/home/enesb/ros2_ws/install/zed_wrapper:/home/enesb/ros2_ws/install/zed_tutorial_video:/home/enesb/ros2_ws/install/zed_tutorial_pos_tracking:/home/enesb/ros2_ws/install/zed_tutorial_depth:/home/enesb/ros2_ws/install/zed_topic_benchmark:/home/enesb/ros2_ws/install/zed_topic_benchmark_component:/home/enesb/ros2_ws/install/zed_topic_benchmark_interfaces:/home/enesb/ros2_ws/install/zed_rgb_convert:/home/enesb/ros2_ws/install/zed_components:/home/enesb/ros2_ws/install/zed_interfaces:/home/enesb/ros2_ws/install/my_robot_bringup:/home/enesb/ros2_ws/install/my_robot_description:/home/enesb/ros2_ws/install/my_cpp_pkg:/home/enesb/agv_ws/install/agv_test:/home/enesb/microros_ws/install/micro_ros_setup:/home/enesb/microros_ws/install/micro_ros_agent:/home/enesb/microros_ws/install/micro_ros_msgs LD_LIBRARY_PATH=/home/enesb/ros2_ws/install/my_robot_interfaces/lib:/home/enesb/ros2_ws/install/zed_topic_benchmark_component/lib:/home/enesb/ros2_ws/install/zed_topic_benchmark_interfaces/lib:/home/enesb/ros2_ws/install/zed_rgb_convert/lib:/home/enesb/ros2_ws/install/zed_components/lib:/home/enesb/ros2_ws/install/zed_interfaces/lib:/home/enesb/microros_ws/install/micro_ros_agent/lib:/home/enesb/microros_ws/install/micro_ros_msgs/lib:/usr/lib/x86_64-linux-gnu/gazebo-11/plugins:/opt/ros/humble/opt/rviz_ogre_vendor/lib:/opt/ros/humble/lib/x86_64-linux-gnu:/opt/ros/humble/lib PYTHONPATH=/home/enesb/ros2_ws/build/my_py_pkg/prefix_override:/home/enesb/ros2_ws/install/my_py_pkg/lib/python3.10/site-packages:${PYTHONPATH} /usr/bin/python3 setup.py egg_info --egg-base ../../build/my_py_pkg build --build-base /home/enesb/ros2_ws/build/my_py_pkg/build install --record /home/enesb/ros2_ws/build/my_py_pkg/install.log --single-version-externally-managed
