[0.400s] DEBUG:colcon:Command line arguments: ['/usr/bin/colcon', 'build']
[0.400s] DEBUG:colcon:Parsed command line arguments: Namespace(log_base=None, log_level=None, verb_name='build', build_base='build', install_base='install', merge_install=False, symlink_install=False, test_result_base=None, continue_on_error=False, executor='parallel', parallel_workers=12, event_handlers=None, ignore_user_meta=False, metas=['./colcon.meta'], base_paths=['.'], packages_ignore=None, packages_ignore_regex=None, paths=None, packages_up_to=None, packages_up_to_regex=None, packages_above=None, packages_above_and_dependencies=None, packages_above_depth=None, packages_select_by_dep=None, packages_skip_by_dep=None, packages_skip_up_to=None, packages_select_build_failed=False, packages_skip_build_finished=False, packages_select_test_failures=False, packages_skip_test_passed=False, packages_select=None, packages_skip=None, packages_select_regex=None, packages_skip_regex=None, packages_start=None, packages_end=None, allow_overriding=[], cmake_args=None, cmake_target=None, cmake_target_skip_unavailable=False, cmake_clean_cache=False, cmake_clean_first=False, cmake_force_configure=False, ament_cmake_args=None, catkin_cmake_args=None, catkin_skip_building_tests=False, verb_parser=<colcon_defaults.argument_parser.defaults.DefaultArgumentsDecorator object at 0x7fc95104cdc0>, verb_extension=<colcon_core.verb.build.BuildVerb object at 0x7fc95104c850>, main=<bound method BuildVerb.main of <colcon_core.verb.build.BuildVerb object at 0x7fc95104c850>>)
[0.428s] Level 1:colcon.colcon_core.package_discovery:discover_packages(colcon_meta) check parameters
[0.428s] Level 1:colcon.colcon_core.package_discovery:discover_packages(recursive) check parameters
[0.428s] Level 1:colcon.colcon_core.package_discovery:discover_packages(ignore) check parameters
[0.428s] Level 1:colcon.colcon_core.package_discovery:discover_packages(path) check parameters
[0.428s] Level 1:colcon.colcon_core.package_discovery:discover_packages(colcon_meta) discover
[0.428s] Level 1:colcon.colcon_core.package_discovery:discover_packages(recursive) discover
[0.428s] INFO:colcon.colcon_core.package_discovery:Crawling recursively for packages in '/home/enesb/ros2_ws'
[0.428s] Level 1:colcon.colcon_core.package_identification:_identify(.) by extensions ['ignore', 'ignore_ament_install']
[0.428s] Level 1:colcon.colcon_core.package_identification:_identify(.) by extension 'ignore'
[0.429s] Level 1:colcon.colcon_core.package_identification:_identify(.) by extension 'ignore_ament_install'
[0.429s] Level 1:colcon.colcon_core.package_identification:_identify(.) by extensions ['colcon_pkg']
[0.429s] Level 1:colcon.colcon_core.package_identification:_identify(.) by extension 'colcon_pkg'
[0.429s] Level 1:colcon.colcon_core.package_identification:_identify(.) by extensions ['colcon_meta']
[0.429s] Level 1:colcon.colcon_core.package_identification:_identify(.) by extension 'colcon_meta'
[0.429s] Level 1:colcon.colcon_core.package_identification:_identify(.) by extensions ['ros']
[0.429s] Level 1:colcon.colcon_core.package_identification:_identify(.) by extension 'ros'
[0.442s] Level 1:colcon.colcon_core.package_identification:_identify(.) by extensions ['cmake', 'python']
[0.442s] Level 1:colcon.colcon_core.package_identification:_identify(.) by extension 'cmake'
[0.443s] Level 1:colcon.colcon_core.package_identification:_identify(.) by extension 'python'
[0.443s] Level 1:colcon.colcon_core.package_identification:_identify(.) by extensions ['python_setup_py']
[0.443s] Level 1:colcon.colcon_core.package_identification:_identify(.) by extension 'python_setup_py'
[0.443s] Level 1:colcon.colcon_core.package_identification:_identify(build) by extensions ['ignore', 'ignore_ament_install']
[0.443s] Level 1:colcon.colcon_core.package_identification:_identify(build) by extension 'ignore'
[0.443s] Level 1:colcon.colcon_core.package_identification:_identify(build) ignored
[0.443s] Level 1:colcon.colcon_core.package_identification:_identify(install) by extensions ['ignore', 'ignore_ament_install']
[0.443s] Level 1:colcon.colcon_core.package_identification:_identify(install) by extension 'ignore'
[0.443s] Level 1:colcon.colcon_core.package_identification:_identify(install) ignored
[0.443s] Level 1:colcon.colcon_core.package_identification:_identify(log) by extensions ['ignore', 'ignore_ament_install']
[0.444s] Level 1:colcon.colcon_core.package_identification:_identify(log) by extension 'ignore'
[0.444s] Level 1:colcon.colcon_core.package_identification:_identify(log) ignored
[0.444s] Level 1:colcon.colcon_core.package_identification:_identify(src) by extensions ['ignore', 'ignore_ament_install']
[0.444s] Level 1:colcon.colcon_core.package_identification:_identify(src) by extension 'ignore'
[0.444s] Level 1:colcon.colcon_core.package_identification:_identify(src) by extension 'ignore_ament_install'
[0.444s] Level 1:colcon.colcon_core.package_identification:_identify(src) by extensions ['colcon_pkg']
[0.444s] Level 1:colcon.colcon_core.package_identification:_identify(src) by extension 'colcon_pkg'
[0.444s] Level 1:colcon.colcon_core.package_identification:_identify(src) by extensions ['colcon_meta']
[0.444s] Level 1:colcon.colcon_core.package_identification:_identify(src) by extension 'colcon_meta'
[0.444s] Level 1:colcon.colcon_core.package_identification:_identify(src) by extensions ['ros']
[0.444s] Level 1:colcon.colcon_core.package_identification:_identify(src) by extension 'ros'
[0.444s] Level 1:colcon.colcon_core.package_identification:_identify(src) by extensions ['cmake', 'python']
[0.444s] Level 1:colcon.colcon_core.package_identification:_identify(src) by extension 'cmake'
[0.444s] Level 1:colcon.colcon_core.package_identification:_identify(src) by extension 'python'
[0.444s] Level 1:colcon.colcon_core.package_identification:_identify(src) by extensions ['python_setup_py']
[0.444s] Level 1:colcon.colcon_core.package_identification:_identify(src) by extension 'python_setup_py'
[0.445s] Level 1:colcon.colcon_core.package_identification:_identify(src/my_cpp_pkg) by extensions ['ignore', 'ignore_ament_install']
[0.445s] Level 1:colcon.colcon_core.package_identification:_identify(src/my_cpp_pkg) by extension 'ignore'
[0.445s] Level 1:colcon.colcon_core.package_identification:_identify(src/my_cpp_pkg) by extension 'ignore_ament_install'
[0.445s] Level 1:colcon.colcon_core.package_identification:_identify(src/my_cpp_pkg) by extensions ['colcon_pkg']
[0.445s] Level 1:colcon.colcon_core.package_identification:_identify(src/my_cpp_pkg) by extension 'colcon_pkg'
[0.445s] Level 1:colcon.colcon_core.package_identification:_identify(src/my_cpp_pkg) by extensions ['colcon_meta']
[0.445s] Level 1:colcon.colcon_core.package_identification:_identify(src/my_cpp_pkg) by extension 'colcon_meta'
[0.445s] Level 1:colcon.colcon_core.package_identification:_identify(src/my_cpp_pkg) by extensions ['ros']
[0.445s] Level 1:colcon.colcon_core.package_identification:_identify(src/my_cpp_pkg) by extension 'ros'
[0.448s] DEBUG:colcon.colcon_core.package_identification:Package 'src/my_cpp_pkg' with type 'ros.ament_cmake' and name 'my_cpp_pkg'
[0.448s] Level 1:colcon.colcon_core.package_identification:_identify(src/my_py_pkg) by extensions ['ignore', 'ignore_ament_install']
[0.448s] Level 1:colcon.colcon_core.package_identification:_identify(src/my_py_pkg) by extension 'ignore'
[0.448s] Level 1:colcon.colcon_core.package_identification:_identify(src/my_py_pkg) by extension 'ignore_ament_install'
[0.448s] Level 1:colcon.colcon_core.package_identification:_identify(src/my_py_pkg) by extensions ['colcon_pkg']
[0.448s] Level 1:colcon.colcon_core.package_identification:_identify(src/my_py_pkg) by extension 'colcon_pkg'
[0.448s] Level 1:colcon.colcon_core.package_identification:_identify(src/my_py_pkg) by extensions ['colcon_meta']
[0.448s] Level 1:colcon.colcon_core.package_identification:_identify(src/my_py_pkg) by extension 'colcon_meta'
[0.448s] Level 1:colcon.colcon_core.package_identification:_identify(src/my_py_pkg) by extensions ['ros']
[0.448s] Level 1:colcon.colcon_core.package_identification:_identify(src/my_py_pkg) by extension 'ros'
[0.449s] DEBUG:colcon.colcon_core.package_identification:Package 'src/my_py_pkg' with type 'ros.ament_python' and name 'my_py_pkg'
[0.449s] Level 1:colcon.colcon_core.package_identification:_identify(src/my_robot_interfaces) by extensions ['ignore', 'ignore_ament_install']
[0.449s] Level 1:colcon.colcon_core.package_identification:_identify(src/my_robot_interfaces) by extension 'ignore'
[0.449s] Level 1:colcon.colcon_core.package_identification:_identify(src/my_robot_interfaces) by extension 'ignore_ament_install'
[0.450s] Level 1:colcon.colcon_core.package_identification:_identify(src/my_robot_interfaces) by extensions ['colcon_pkg']
[0.450s] Level 1:colcon.colcon_core.package_identification:_identify(src/my_robot_interfaces) by extension 'colcon_pkg'
[0.450s] Level 1:colcon.colcon_core.package_identification:_identify(src/my_robot_interfaces) by extensions ['colcon_meta']
[0.450s] Level 1:colcon.colcon_core.package_identification:_identify(src/my_robot_interfaces) by extension 'colcon_meta'
[0.450s] Level 1:colcon.colcon_core.package_identification:_identify(src/my_robot_interfaces) by extensions ['ros']
[0.450s] Level 1:colcon.colcon_core.package_identification:_identify(src/my_robot_interfaces) by extension 'ros'
[0.450s] DEBUG:colcon.colcon_core.package_identification:Package 'src/my_robot_interfaces' with type 'ros.ament_cmake' and name 'my_robot_interfaces'
[0.450s] Level 1:colcon.colcon_core.package_discovery:discover_packages(recursive) using defaults
[0.451s] Level 1:colcon.colcon_core.package_discovery:discover_packages(ignore) discover
[0.451s] Level 1:colcon.colcon_core.package_discovery:discover_packages(ignore) using defaults
[0.451s] Level 1:colcon.colcon_core.package_discovery:discover_packages(path) discover
[0.451s] Level 1:colcon.colcon_core.package_discovery:discover_packages(path) using defaults
[0.478s] Level 1:colcon.colcon_core.package_discovery:discover_packages(prefix_path) check parameters
[0.478s] Level 1:colcon.colcon_core.package_discovery:discover_packages(prefix_path) discover
[0.482s] DEBUG:colcon.colcon_installed_package_information.package_discovery:Found 3 installed packages in /home/enesb/microros_ws/install
[0.483s] DEBUG:colcon.colcon_installed_package_information.package_discovery:Found 3 installed packages in /home/enesb/ros2_ws/install
[0.485s] DEBUG:colcon.colcon_installed_package_information.package_discovery:Found 270 installed packages in /opt/ros/humble
[0.486s] Level 1:colcon.colcon_core.package_discovery:discover_packages(prefix_path) using defaults
[0.554s] Level 5:colcon.colcon_core.verb:set package 'my_cpp_pkg' build argument 'cmake_args' from command line to 'None'
[0.554s] Level 5:colcon.colcon_core.verb:set package 'my_cpp_pkg' build argument 'cmake_target' from command line to 'None'
[0.554s] Level 5:colcon.colcon_core.verb:set package 'my_cpp_pkg' build argument 'cmake_target_skip_unavailable' from command line to 'False'
[0.554s] Level 5:colcon.colcon_core.verb:set package 'my_cpp_pkg' build argument 'cmake_clean_cache' from command line to 'False'
[0.555s] Level 5:colcon.colcon_core.verb:set package 'my_cpp_pkg' build argument 'cmake_clean_first' from command line to 'False'
[0.555s] Level 5:colcon.colcon_core.verb:set package 'my_cpp_pkg' build argument 'cmake_force_configure' from command line to 'False'
[0.555s] Level 5:colcon.colcon_core.verb:set package 'my_cpp_pkg' build argument 'ament_cmake_args' from command line to 'None'
[0.555s] Level 5:colcon.colcon_core.verb:set package 'my_cpp_pkg' build argument 'catkin_cmake_args' from command line to 'None'
[0.555s] Level 5:colcon.colcon_core.verb:set package 'my_cpp_pkg' build argument 'catkin_skip_building_tests' from command line to 'False'
[0.555s] DEBUG:colcon.colcon_core.verb:Building package 'my_cpp_pkg' with the following arguments: {'ament_cmake_args': None, 'build_base': '/home/enesb/ros2_ws/build/my_cpp_pkg', 'catkin_cmake_args': None, 'catkin_skip_building_tests': False, 'cmake_args': None, 'cmake_clean_cache': False, 'cmake_clean_first': False, 'cmake_force_configure': False, 'cmake_target': None, 'cmake_target_skip_unavailable': False, 'install_base': '/home/enesb/ros2_ws/install/my_cpp_pkg', 'merge_install': False, 'path': '/home/enesb/ros2_ws/src/my_cpp_pkg', 'symlink_install': False, 'test_result_base': None}
[0.556s] Level 5:colcon.colcon_core.verb:set package 'my_robot_interfaces' build argument 'cmake_args' from command line to 'None'
[0.556s] Level 5:colcon.colcon_core.verb:set package 'my_robot_interfaces' build argument 'cmake_target' from command line to 'None'
[0.556s] Level 5:colcon.colcon_core.verb:set package 'my_robot_interfaces' build argument 'cmake_target_skip_unavailable' from command line to 'False'
[0.556s] Level 5:colcon.colcon_core.verb:set package 'my_robot_interfaces' build argument 'cmake_clean_cache' from command line to 'False'
[0.556s] Level 5:colcon.colcon_core.verb:set package 'my_robot_interfaces' build argument 'cmake_clean_first' from command line to 'False'
[0.556s] Level 5:colcon.colcon_core.verb:set package 'my_robot_interfaces' build argument 'cmake_force_configure' from command line to 'False'
[0.556s] Level 5:colcon.colcon_core.verb:set package 'my_robot_interfaces' build argument 'ament_cmake_args' from command line to 'None'
[0.556s] Level 5:colcon.colcon_core.verb:set package 'my_robot_interfaces' build argument 'catkin_cmake_args' from command line to 'None'
[0.556s] Level 5:colcon.colcon_core.verb:set package 'my_robot_interfaces' build argument 'catkin_skip_building_tests' from command line to 'False'
[0.556s] DEBUG:colcon.colcon_core.verb:Building package 'my_robot_interfaces' with the following arguments: {'ament_cmake_args': None, 'build_base': '/home/enesb/ros2_ws/build/my_robot_interfaces', 'catkin_cmake_args': None, 'catkin_skip_building_tests': False, 'cmake_args': None, 'cmake_clean_cache': False, 'cmake_clean_first': False, 'cmake_force_configure': False, 'cmake_target': None, 'cmake_target_skip_unavailable': False, 'install_base': '/home/enesb/ros2_ws/install/my_robot_interfaces', 'merge_install': False, 'path': '/home/enesb/ros2_ws/src/my_robot_interfaces', 'symlink_install': False, 'test_result_base': None}
[0.558s] Level 5:colcon.colcon_core.verb:set package 'my_py_pkg' build argument 'cmake_args' from command line to 'None'
[0.558s] Level 5:colcon.colcon_core.verb:set package 'my_py_pkg' build argument 'cmake_target' from command line to 'None'
[0.558s] Level 5:colcon.colcon_core.verb:set package 'my_py_pkg' build argument 'cmake_target_skip_unavailable' from command line to 'False'
[0.558s] Level 5:colcon.colcon_core.verb:set package 'my_py_pkg' build argument 'cmake_clean_cache' from command line to 'False'
[0.558s] Level 5:colcon.colcon_core.verb:set package 'my_py_pkg' build argument 'cmake_clean_first' from command line to 'False'
[0.558s] Level 5:colcon.colcon_core.verb:set package 'my_py_pkg' build argument 'cmake_force_configure' from command line to 'False'
[0.558s] Level 5:colcon.colcon_core.verb:set package 'my_py_pkg' build argument 'ament_cmake_args' from command line to 'None'
[0.558s] Level 5:colcon.colcon_core.verb:set package 'my_py_pkg' build argument 'catkin_cmake_args' from command line to 'None'
[0.558s] Level 5:colcon.colcon_core.verb:set package 'my_py_pkg' build argument 'catkin_skip_building_tests' from command line to 'False'
[0.558s] DEBUG:colcon.colcon_core.verb:Building package 'my_py_pkg' with the following arguments: {'ament_cmake_args': None, 'build_base': '/home/enesb/ros2_ws/build/my_py_pkg', 'catkin_cmake_args': None, 'catkin_skip_building_tests': False, 'cmake_args': None, 'cmake_clean_cache': False, 'cmake_clean_first': False, 'cmake_force_configure': False, 'cmake_target': None, 'cmake_target_skip_unavailable': False, 'install_base': '/home/enesb/ros2_ws/install/my_py_pkg', 'merge_install': False, 'path': '/home/enesb/ros2_ws/src/my_py_pkg', 'symlink_install': False, 'test_result_base': None}
[0.559s] INFO:colcon.colcon_core.executor:Executing jobs using 'parallel' executor
[0.563s] DEBUG:colcon.colcon_parallel_executor.executor.parallel:run_until_complete
[0.563s] INFO:colcon.colcon_ros.task.ament_cmake.build:Building ROS package in '/home/enesb/ros2_ws/src/my_robot_interfaces' with build type 'ament_cmake'
[0.563s] INFO:colcon.colcon_cmake.task.cmake.build:Building CMake package in '/home/enesb/ros2_ws/src/my_robot_interfaces'
[0.568s] INFO:colcon.colcon_core.plugin_system:Skipping extension 'colcon_core.shell.bat': Not used on non-Windows systems
[0.568s] INFO:colcon.colcon_core.shell:Skip shell extension 'powershell' for command environment: Not usable outside of PowerShell
[0.568s] DEBUG:colcon.colcon_core.shell:Skip shell extension 'dsv' for command environment
[0.573s] INFO:colcon.colcon_ros.task.ament_cmake.build:Building ROS package in '/home/enesb/ros2_ws/src/my_cpp_pkg' with build type 'ament_cmake'
[0.574s] INFO:colcon.colcon_cmake.task.cmake.build:Building CMake package in '/home/enesb/ros2_ws/src/my_cpp_pkg'
[0.575s] INFO:colcon.colcon_core.shell:Skip shell extension 'powershell' for command environment: Not usable outside of PowerShell
[0.575s] DEBUG:colcon.colcon_core.shell:Skip shell extension 'dsv' for command environment
[0.585s] DEBUG:colcon.colcon_core.event_handler.log_command:Invoking command in '/home/enesb/ros2_ws/build/my_robot_interfaces': CMAKE_PREFIX_PATH=${CMAKE_PREFIX_PATH}:/home/enesb/ros2_ws/install/my_py_pkg:/opt/ros/humble /usr/bin/cmake --build /home/enesb/ros2_ws/build/my_robot_interfaces -- -j12 -l12
[0.590s] DEBUG:colcon.colcon_core.event_handler.log_command:Invoking command in '/home/enesb/ros2_ws/build/my_cpp_pkg': CMAKE_PREFIX_PATH=${CMAKE_PREFIX_PATH}:/home/enesb/ros2_ws/install/my_py_pkg:/opt/ros/humble /usr/bin/cmake --build /home/enesb/ros2_ws/build/my_cpp_pkg -- -j12 -l12
[0.666s] DEBUG:colcon.colcon_core.event_handler.log_command:Invoked command in '/home/enesb/ros2_ws/build/my_cpp_pkg' returned '0': CMAKE_PREFIX_PATH=${CMAKE_PREFIX_PATH}:/home/enesb/ros2_ws/install/my_py_pkg:/opt/ros/humble /usr/bin/cmake --build /home/enesb/ros2_ws/build/my_cpp_pkg -- -j12 -l12
[0.712s] DEBUG:colcon.colcon_core.event_handler.log_command:Invoking command in '/home/enesb/ros2_ws/build/my_cpp_pkg': CMAKE_PREFIX_PATH=${CMAKE_PREFIX_PATH}:/home/enesb/ros2_ws/install/my_py_pkg:/opt/ros/humble /usr/bin/cmake --install /home/enesb/ros2_ws/build/my_cpp_pkg
[0.723s] Level 1:colcon.colcon_core.environment:create_environment_scripts_only(my_cpp_pkg)
[0.724s] DEBUG:colcon.colcon_core.event_handler.log_command:Invoked command in '/home/enesb/ros2_ws/build/my_cpp_pkg' returned '0': CMAKE_PREFIX_PATH=${CMAKE_PREFIX_PATH}:/home/enesb/ros2_ws/install/my_py_pkg:/opt/ros/humble /usr/bin/cmake --install /home/enesb/ros2_ws/build/my_cpp_pkg
[0.729s] Level 1:colcon.colcon_core.environment:checking '/home/enesb/ros2_ws/install/my_cpp_pkg' for CMake module files
[0.729s] Level 1:colcon.colcon_core.environment:checking '/home/enesb/ros2_ws/install/my_cpp_pkg' for CMake config files
[0.729s] Level 1:colcon.colcon_core.shell:create_environment_hook('my_cpp_pkg', 'cmake_prefix_path')
[0.731s] INFO:colcon.colcon_core.shell:Creating environment hook '/home/enesb/ros2_ws/install/my_cpp_pkg/share/my_cpp_pkg/hook/cmake_prefix_path.ps1'
[0.732s] INFO:colcon.colcon_core.shell:Creating environment descriptor '/home/enesb/ros2_ws/install/my_cpp_pkg/share/my_cpp_pkg/hook/cmake_prefix_path.dsv'
[0.732s] INFO:colcon.colcon_core.shell:Creating environment hook '/home/enesb/ros2_ws/install/my_cpp_pkg/share/my_cpp_pkg/hook/cmake_prefix_path.sh'
[0.733s] Level 1:colcon.colcon_core.environment:checking '/home/enesb/ros2_ws/install/my_cpp_pkg/lib'
[0.733s] Level 1:colcon.colcon_core.environment:checking '/home/enesb/ros2_ws/install/my_cpp_pkg/bin'
[0.733s] Level 1:colcon.colcon_core.environment:checking '/home/enesb/ros2_ws/install/my_cpp_pkg/lib/pkgconfig/my_cpp_pkg.pc'
[0.734s] Level 1:colcon.colcon_core.environment:checking '/home/enesb/ros2_ws/install/my_cpp_pkg/lib/python3.10/site-packages'
[0.734s] Level 1:colcon.colcon_core.environment:checking '/home/enesb/ros2_ws/install/my_cpp_pkg/bin'
[0.735s] INFO:colcon.colcon_core.shell:Creating package script '/home/enesb/ros2_ws/install/my_cpp_pkg/share/my_cpp_pkg/package.ps1'
[0.736s] INFO:colcon.colcon_core.shell:Creating package descriptor '/home/enesb/ros2_ws/install/my_cpp_pkg/share/my_cpp_pkg/package.dsv'
[0.737s] INFO:colcon.colcon_core.shell:Creating package script '/home/enesb/ros2_ws/install/my_cpp_pkg/share/my_cpp_pkg/package.sh'
[0.738s] INFO:colcon.colcon_core.shell:Creating package script '/home/enesb/ros2_ws/install/my_cpp_pkg/share/my_cpp_pkg/package.bash'
[0.738s] INFO:colcon.colcon_core.shell:Creating package script '/home/enesb/ros2_ws/install/my_cpp_pkg/share/my_cpp_pkg/package.zsh'
[0.739s] Level 1:colcon.colcon_core.environment:create_file_with_runtime_dependencies(/home/enesb/ros2_ws/install/my_cpp_pkg/share/colcon-core/packages/my_cpp_pkg)
[0.774s] Level 1:colcon.colcon_core.environment:create_environment_scripts_only(my_cpp_pkg)
[0.777s] Level 1:colcon.colcon_core.environment:checking '/home/enesb/ros2_ws/install/my_cpp_pkg' for CMake module files
[0.777s] Level 1:colcon.colcon_core.environment:checking '/home/enesb/ros2_ws/install/my_cpp_pkg' for CMake config files
[0.777s] Level 1:colcon.colcon_core.shell:create_environment_hook('my_cpp_pkg', 'cmake_prefix_path')
[0.780s] INFO:colcon.colcon_core.shell:Creating environment hook '/home/enesb/ros2_ws/install/my_cpp_pkg/share/my_cpp_pkg/hook/cmake_prefix_path.ps1'
[0.780s] INFO:colcon.colcon_core.shell:Creating environment descriptor '/home/enesb/ros2_ws/install/my_cpp_pkg/share/my_cpp_pkg/hook/cmake_prefix_path.dsv'
[0.781s] INFO:colcon.colcon_core.shell:Creating environment hook '/home/enesb/ros2_ws/install/my_cpp_pkg/share/my_cpp_pkg/hook/cmake_prefix_path.sh'
[0.781s] Level 1:colcon.colcon_core.environment:checking '/home/enesb/ros2_ws/install/my_cpp_pkg/lib'
[0.782s] Level 1:colcon.colcon_core.environment:checking '/home/enesb/ros2_ws/install/my_cpp_pkg/bin'
[0.782s] Level 1:colcon.colcon_core.environment:checking '/home/enesb/ros2_ws/install/my_cpp_pkg/lib/pkgconfig/my_cpp_pkg.pc'
[0.782s] Level 1:colcon.colcon_core.environment:checking '/home/enesb/ros2_ws/install/my_cpp_pkg/lib/python3.10/site-packages'
[0.782s] Level 1:colcon.colcon_core.environment:checking '/home/enesb/ros2_ws/install/my_cpp_pkg/bin'
[0.785s] INFO:colcon.colcon_core.shell:Creating package script '/home/enesb/ros2_ws/install/my_cpp_pkg/share/my_cpp_pkg/package.ps1'
[0.786s] INFO:colcon.colcon_core.shell:Creating package descriptor '/home/enesb/ros2_ws/install/my_cpp_pkg/share/my_cpp_pkg/package.dsv'
[0.787s] INFO:colcon.colcon_core.shell:Creating package script '/home/enesb/ros2_ws/install/my_cpp_pkg/share/my_cpp_pkg/package.sh'
[0.787s] INFO:colcon.colcon_core.shell:Creating package script '/home/enesb/ros2_ws/install/my_cpp_pkg/share/my_cpp_pkg/package.bash'
[0.788s] INFO:colcon.colcon_core.shell:Creating package script '/home/enesb/ros2_ws/install/my_cpp_pkg/share/my_cpp_pkg/package.zsh'
[0.788s] Level 1:colcon.colcon_core.environment:create_file_with_runtime_dependencies(/home/enesb/ros2_ws/install/my_cpp_pkg/share/colcon-core/packages/my_cpp_pkg)
[0.978s] DEBUG:colcon.colcon_core.event_handler.log_command:Invoked command in '/home/enesb/ros2_ws/build/my_robot_interfaces' returned '0': CMAKE_PREFIX_PATH=${CMAKE_PREFIX_PATH}:/home/enesb/ros2_ws/install/my_py_pkg:/opt/ros/humble /usr/bin/cmake --build /home/enesb/ros2_ws/build/my_robot_interfaces -- -j12 -l12
[1.073s] DEBUG:colcon.colcon_core.event_handler.log_command:Invoking command in '/home/enesb/ros2_ws/build/my_robot_interfaces': CMAKE_PREFIX_PATH=${CMAKE_PREFIX_PATH}:/home/enesb/ros2_ws/install/my_py_pkg:/opt/ros/humble /usr/bin/cmake --install /home/enesb/ros2_ws/build/my_robot_interfaces
[1.130s] Level 1:colcon.colcon_core.environment:create_environment_scripts_only(my_robot_interfaces)
[1.132s] Level 1:colcon.colcon_core.environment:checking '/home/enesb/ros2_ws/install/my_robot_interfaces' for CMake module files
[1.133s] Level 1:colcon.colcon_core.environment:checking '/home/enesb/ros2_ws/install/my_robot_interfaces' for CMake config files
[1.136s] DEBUG:colcon.colcon_core.event_handler.log_command:Invoked command in '/home/enesb/ros2_ws/build/my_robot_interfaces' returned '0': CMAKE_PREFIX_PATH=${CMAKE_PREFIX_PATH}:/home/enesb/ros2_ws/install/my_py_pkg:/opt/ros/humble /usr/bin/cmake --install /home/enesb/ros2_ws/build/my_robot_interfaces
[1.137s] Level 1:colcon.colcon_core.shell:create_environment_hook('my_robot_interfaces', 'cmake_prefix_path')
[1.138s] INFO:colcon.colcon_core.shell:Creating environment hook '/home/enesb/ros2_ws/install/my_robot_interfaces/share/my_robot_interfaces/hook/cmake_prefix_path.ps1'
[1.139s] INFO:colcon.colcon_core.shell:Creating environment descriptor '/home/enesb/ros2_ws/install/my_robot_interfaces/share/my_robot_interfaces/hook/cmake_prefix_path.dsv'
[1.139s] INFO:colcon.colcon_core.shell:Creating environment hook '/home/enesb/ros2_ws/install/my_robot_interfaces/share/my_robot_interfaces/hook/cmake_prefix_path.sh'
[1.140s] Level 1:colcon.colcon_core.environment:checking '/home/enesb/ros2_ws/install/my_robot_interfaces/lib'
[1.140s] Level 1:colcon.colcon_core.shell:create_environment_hook('my_robot_interfaces', 'ld_library_path_lib')
[1.141s] INFO:colcon.colcon_core.shell:Creating environment hook '/home/enesb/ros2_ws/install/my_robot_interfaces/share/my_robot_interfaces/hook/ld_library_path_lib.ps1'
[1.141s] INFO:colcon.colcon_core.shell:Creating environment descriptor '/home/enesb/ros2_ws/install/my_robot_interfaces/share/my_robot_interfaces/hook/ld_library_path_lib.dsv'
[1.142s] INFO:colcon.colcon_core.shell:Creating environment hook '/home/enesb/ros2_ws/install/my_robot_interfaces/share/my_robot_interfaces/hook/ld_library_path_lib.sh'
[1.142s] Level 1:colcon.colcon_core.environment:checking '/home/enesb/ros2_ws/install/my_robot_interfaces/bin'
[1.142s] Level 1:colcon.colcon_core.environment:checking '/home/enesb/ros2_ws/install/my_robot_interfaces/lib/pkgconfig/my_robot_interfaces.pc'
[1.142s] Level 1:colcon.colcon_core.environment:checking '/home/enesb/ros2_ws/install/my_robot_interfaces/lib/python3.10/site-packages'
[1.143s] Level 1:colcon.colcon_core.environment:checking '/home/enesb/ros2_ws/install/my_robot_interfaces/bin'
[1.144s] INFO:colcon.colcon_core.shell:Creating package script '/home/enesb/ros2_ws/install/my_robot_interfaces/share/my_robot_interfaces/package.ps1'
[1.145s] INFO:colcon.colcon_core.shell:Creating package descriptor '/home/enesb/ros2_ws/install/my_robot_interfaces/share/my_robot_interfaces/package.dsv'
[1.145s] INFO:colcon.colcon_core.shell:Creating package script '/home/enesb/ros2_ws/install/my_robot_interfaces/share/my_robot_interfaces/package.sh'
[1.145s] INFO:colcon.colcon_core.shell:Creating package script '/home/enesb/ros2_ws/install/my_robot_interfaces/share/my_robot_interfaces/package.bash'
[1.146s] INFO:colcon.colcon_core.shell:Creating package script '/home/enesb/ros2_ws/install/my_robot_interfaces/share/my_robot_interfaces/package.zsh'
[1.146s] Level 1:colcon.colcon_core.environment:create_file_with_runtime_dependencies(/home/enesb/ros2_ws/install/my_robot_interfaces/share/colcon-core/packages/my_robot_interfaces)
[1.242s] Level 1:colcon.colcon_core.environment:create_environment_scripts_only(my_robot_interfaces)
[1.244s] Level 1:colcon.colcon_core.environment:checking '/home/enesb/ros2_ws/install/my_robot_interfaces' for CMake module files
[1.245s] Level 1:colcon.colcon_core.environment:checking '/home/enesb/ros2_ws/install/my_robot_interfaces' for CMake config files
[1.245s] Level 1:colcon.colcon_core.shell:create_environment_hook('my_robot_interfaces', 'cmake_prefix_path')
[1.247s] INFO:colcon.colcon_core.shell:Creating environment hook '/home/enesb/ros2_ws/install/my_robot_interfaces/share/my_robot_interfaces/hook/cmake_prefix_path.ps1'
[1.247s] INFO:colcon.colcon_core.shell:Creating environment descriptor '/home/enesb/ros2_ws/install/my_robot_interfaces/share/my_robot_interfaces/hook/cmake_prefix_path.dsv'
[1.247s] INFO:colcon.colcon_core.shell:Creating environment hook '/home/enesb/ros2_ws/install/my_robot_interfaces/share/my_robot_interfaces/hook/cmake_prefix_path.sh'
[1.248s] Level 1:colcon.colcon_core.environment:checking '/home/enesb/ros2_ws/install/my_robot_interfaces/lib'
[1.248s] Level 1:colcon.colcon_core.shell:create_environment_hook('my_robot_interfaces', 'ld_library_path_lib')
[1.249s] INFO:colcon.colcon_core.shell:Creating environment hook '/home/enesb/ros2_ws/install/my_robot_interfaces/share/my_robot_interfaces/hook/ld_library_path_lib.ps1'
[1.250s] INFO:colcon.colcon_core.shell:Creating environment descriptor '/home/enesb/ros2_ws/install/my_robot_interfaces/share/my_robot_interfaces/hook/ld_library_path_lib.dsv'
[1.250s] INFO:colcon.colcon_core.shell:Creating environment hook '/home/enesb/ros2_ws/install/my_robot_interfaces/share/my_robot_interfaces/hook/ld_library_path_lib.sh'
[1.250s] Level 1:colcon.colcon_core.environment:checking '/home/enesb/ros2_ws/install/my_robot_interfaces/bin'
[1.250s] Level 1:colcon.colcon_core.environment:checking '/home/enesb/ros2_ws/install/my_robot_interfaces/lib/pkgconfig/my_robot_interfaces.pc'
[1.251s] Level 1:colcon.colcon_core.environment:checking '/home/enesb/ros2_ws/install/my_robot_interfaces/lib/python3.10/site-packages'
[1.251s] Level 1:colcon.colcon_core.environment:checking '/home/enesb/ros2_ws/install/my_robot_interfaces/bin'
[1.252s] INFO:colcon.colcon_core.shell:Creating package script '/home/enesb/ros2_ws/install/my_robot_interfaces/share/my_robot_interfaces/package.ps1'
[1.253s] INFO:colcon.colcon_core.shell:Creating package descriptor '/home/enesb/ros2_ws/install/my_robot_interfaces/share/my_robot_interfaces/package.dsv'
[1.253s] INFO:colcon.colcon_core.shell:Creating package script '/home/enesb/ros2_ws/install/my_robot_interfaces/share/my_robot_interfaces/package.sh'
[1.254s] INFO:colcon.colcon_core.shell:Creating package script '/home/enesb/ros2_ws/install/my_robot_interfaces/share/my_robot_interfaces/package.bash'
[1.254s] INFO:colcon.colcon_core.shell:Creating package script '/home/enesb/ros2_ws/install/my_robot_interfaces/share/my_robot_interfaces/package.zsh'
[1.254s] Level 1:colcon.colcon_core.environment:create_file_with_runtime_dependencies(/home/enesb/ros2_ws/install/my_robot_interfaces/share/colcon-core/packages/my_robot_interfaces)
[1.255s] INFO:colcon.colcon_ros.task.ament_python.build:Building ROS package in '/home/enesb/ros2_ws/src/my_py_pkg' with build type 'ament_python'
[1.255s] Level 1:colcon.colcon_core.shell:create_environment_hook('my_py_pkg', 'ament_prefix_path')
[1.256s] INFO:colcon.colcon_core.shell:Creating environment hook '/home/enesb/ros2_ws/install/my_py_pkg/share/my_py_pkg/hook/ament_prefix_path.ps1'
[1.257s] INFO:colcon.colcon_core.shell:Creating environment descriptor '/home/enesb/ros2_ws/install/my_py_pkg/share/my_py_pkg/hook/ament_prefix_path.dsv'
[1.257s] INFO:colcon.colcon_core.shell:Creating environment hook '/home/enesb/ros2_ws/install/my_py_pkg/share/my_py_pkg/hook/ament_prefix_path.sh'
[1.259s] INFO:colcon.colcon_core.shell:Skip shell extension 'powershell' for command environment: Not usable outside of PowerShell
[1.259s] DEBUG:colcon.colcon_core.shell:Skip shell extension 'dsv' for command environment
[1.560s] INFO:colcon.colcon_core.task.python.build:Building Python package in '/home/enesb/ros2_ws/src/my_py_pkg'
[1.562s] INFO:colcon.colcon_core.shell:Skip shell extension 'powershell' for command environment: Not usable outside of PowerShell
[1.562s] DEBUG:colcon.colcon_core.shell:Skip shell extension 'dsv' for command environment
[1.937s] DEBUG:colcon.colcon_core.event_handler.log_command:Invoking command in '/home/enesb/ros2_ws/build/my_py_pkg': PYTHONPATH=/home/enesb/ros2_ws/build/my_py_pkg/prefix_override:/home/enesb/ros2_ws/install/my_py_pkg/lib/python3.10/site-packages:${PYTHONPATH} /usr/bin/python3 setup.py develop --uninstall --editable --build-directory /home/enesb/ros2_ws/build/my_py_pkg/build
[2.438s] DEBUG:colcon.colcon_core.event_handler.log_command:Invoked command in '/home/enesb/ros2_ws/build/my_py_pkg' returned '0': PYTHONPATH=/home/enesb/ros2_ws/build/my_py_pkg/prefix_override:/home/enesb/ros2_ws/install/my_py_pkg/lib/python3.10/site-packages:${PYTHONPATH} /usr/bin/python3 setup.py develop --uninstall --editable --build-directory /home/enesb/ros2_ws/build/my_py_pkg/build
[2.440s] DEBUG:colcon.colcon_core.event_handler.log_command:Invoking command in '/home/enesb/ros2_ws/src/my_py_pkg': PYTHONPATH=/home/enesb/ros2_ws/build/my_py_pkg/prefix_override:/home/enesb/ros2_ws/install/my_py_pkg/lib/python3.10/site-packages:${PYTHONPATH} /usr/bin/python3 setup.py egg_info --egg-base ../../build/my_py_pkg build --build-base /home/enesb/ros2_ws/build/my_py_pkg/build install --record /home/enesb/ros2_ws/build/my_py_pkg/install.log --single-version-externally-managed
[2.774s] Level 1:colcon.colcon_core.environment:checking '/home/enesb/ros2_ws/install/my_py_pkg' for CMake module files
[2.774s] DEBUG:colcon.colcon_core.event_handler.log_command:Invoked command in '/home/enesb/ros2_ws/src/my_py_pkg' returned '0': PYTHONPATH=/home/enesb/ros2_ws/build/my_py_pkg/prefix_override:/home/enesb/ros2_ws/install/my_py_pkg/lib/python3.10/site-packages:${PYTHONPATH} /usr/bin/python3 setup.py egg_info --egg-base ../../build/my_py_pkg build --build-base /home/enesb/ros2_ws/build/my_py_pkg/build install --record /home/enesb/ros2_ws/build/my_py_pkg/install.log --single-version-externally-managed
[2.775s] Level 1:colcon.colcon_core.environment:checking '/home/enesb/ros2_ws/install/my_py_pkg' for CMake config files
[2.775s] Level 1:colcon.colcon_core.environment:checking '/home/enesb/ros2_ws/install/my_py_pkg/lib'
[2.775s] Level 1:colcon.colcon_core.environment:checking '/home/enesb/ros2_ws/install/my_py_pkg/bin'
[2.775s] Level 1:colcon.colcon_core.environment:checking '/home/enesb/ros2_ws/install/my_py_pkg/lib/pkgconfig/my_py_pkg.pc'
[2.776s] Level 1:colcon.colcon_core.environment:checking '/home/enesb/ros2_ws/install/my_py_pkg/lib/python3.10/site-packages'
[2.776s] Level 1:colcon.colcon_core.shell:create_environment_hook('my_py_pkg', 'pythonpath')
[2.777s] INFO:colcon.colcon_core.shell:Creating environment hook '/home/enesb/ros2_ws/install/my_py_pkg/share/my_py_pkg/hook/pythonpath.ps1'
[2.777s] INFO:colcon.colcon_core.shell:Creating environment descriptor '/home/enesb/ros2_ws/install/my_py_pkg/share/my_py_pkg/hook/pythonpath.dsv'
[2.778s] INFO:colcon.colcon_core.shell:Creating environment hook '/home/enesb/ros2_ws/install/my_py_pkg/share/my_py_pkg/hook/pythonpath.sh'
[2.778s] Level 1:colcon.colcon_core.environment:checking '/home/enesb/ros2_ws/install/my_py_pkg/bin'
[2.778s] Level 1:colcon.colcon_core.environment:create_environment_scripts_only(my_py_pkg)
[2.780s] INFO:colcon.colcon_core.shell:Creating package script '/home/enesb/ros2_ws/install/my_py_pkg/share/my_py_pkg/package.ps1'
[2.780s] INFO:colcon.colcon_core.shell:Creating package descriptor '/home/enesb/ros2_ws/install/my_py_pkg/share/my_py_pkg/package.dsv'
[2.781s] INFO:colcon.colcon_core.shell:Creating package script '/home/enesb/ros2_ws/install/my_py_pkg/share/my_py_pkg/package.sh'
[2.781s] INFO:colcon.colcon_core.shell:Creating package script '/home/enesb/ros2_ws/install/my_py_pkg/share/my_py_pkg/package.bash'
[2.781s] INFO:colcon.colcon_core.shell:Creating package script '/home/enesb/ros2_ws/install/my_py_pkg/share/my_py_pkg/package.zsh'
[2.782s] Level 1:colcon.colcon_core.environment:create_file_with_runtime_dependencies(/home/enesb/ros2_ws/install/my_py_pkg/share/colcon-core/packages/my_py_pkg)
[2.782s] DEBUG:colcon.colcon_parallel_executor.executor.parallel:closing loop
[2.782s] DEBUG:colcon.colcon_parallel_executor.executor.parallel:loop closed
[2.782s] DEBUG:colcon.colcon_parallel_executor.executor.parallel:run_until_complete finished with '0'
[2.782s] DEBUG:colcon.colcon_core.event_reactor:joining thread
[2.788s] INFO:colcon.colcon_core.plugin_system:Skipping extension 'colcon_notification.desktop_notification.terminal_notifier': Not used on non-Darwin systems
[2.788s] INFO:colcon.colcon_core.plugin_system:Skipping extension 'colcon_notification.desktop_notification.win32': Not used on non-Windows systems
[2.788s] INFO:colcon.colcon_notification.desktop_notification:Sending desktop notification using 'notify2'
[2.800s] DEBUG:colcon.colcon_core.event_reactor:joined thread
[2.802s] INFO:colcon.colcon_core.shell:Creating prefix script '/home/enesb/ros2_ws/install/local_setup.ps1'
[2.803s] INFO:colcon.colcon_core.shell:Creating prefix util module '/home/enesb/ros2_ws/install/_local_setup_util_ps1.py'
[2.804s] INFO:colcon.colcon_core.shell:Creating prefix chain script '/home/enesb/ros2_ws/install/setup.ps1'
[2.806s] INFO:colcon.colcon_core.shell:Creating prefix script '/home/enesb/ros2_ws/install/local_setup.sh'
[2.806s] INFO:colcon.colcon_core.shell:Creating prefix util module '/home/enesb/ros2_ws/install/_local_setup_util_sh.py'
[2.807s] INFO:colcon.colcon_core.shell:Creating prefix chain script '/home/enesb/ros2_ws/install/setup.sh'
[2.808s] INFO:colcon.colcon_core.shell:Creating prefix script '/home/enesb/ros2_ws/install/local_setup.bash'
[2.809s] INFO:colcon.colcon_core.shell:Creating prefix chain script '/home/enesb/ros2_ws/install/setup.bash'
[2.811s] INFO:colcon.colcon_core.shell:Creating prefix script '/home/enesb/ros2_ws/install/local_setup.zsh'
[2.811s] INFO:colcon.colcon_core.shell:Creating prefix chain script '/home/enesb/ros2_ws/install/setup.zsh'
