[0.030s] Invoking command in '/home/enesb/ros2_ws/build/zed_tutorial_depth': CMAKE_PREFIX_PATH=${CMAKE_PREFIX_PATH}:/home/enesb/ros2_ws/install/my_py_pkg:/opt/ros/humble /usr/bin/cmake /home/enesb/ros2_ws/src/zed-ros2-examples/tutorials/zed_depth_tutorial -DCMAKE_BUILD_TYPE=Release -DAMENT_CMAKE_SYMLINK_INSTALL=1 -DCMAKE_INSTALL_PREFIX=/home/enesb/ros2_ws/install/zed_tutorial_depth
[0.088s] -- The C compiler identification is GNU 11.4.0
[0.145s] -- The CXX compiler identification is GNU 11.4.0
[0.153s] -- Detecting C compiler ABI info
[0.226s] -- Detecting C compiler ABI info - done
[0.233s] -- Check for working C compiler: /usr/bin/cc - skipped
[0.233s] -- Detecting C compile features
[0.233s] -- Detecting C compile features - done
[0.236s] -- Detecting CXX compiler ABI info
[0.312s] -- Detecting CXX compiler ABI info - done
[0.320s] -- Check for working CXX compiler: /usr/bin/c++ - skipped
[0.320s] -- Detecting CXX compile features
[0.321s] -- Detecting CXX compile features - done
[0.323s] -- Found ament_cmake_auto: 1.3.5 (/opt/ros/humble/share/ament_cmake_auto/cmake)
[0.552s] -- Found Python3: /usr/bin/python3.10 (found version "3.10.12") found components: Interpreter 
[0.616s] -- Override CMake install command with custom implementation using symlinks instead of copying resources
[0.802s] -- Found rosidl_generator_c: 3.1.5 (/opt/ros/humble/share/rosidl_generator_c/cmake)
[0.810s] -- Found rosidl_adapter: 3.1.5 (/opt/ros/humble/share/rosidl_adapter/cmake)
[0.823s] -- Found rosidl_generator_cpp: 3.1.5 (/opt/ros/humble/share/rosidl_generator_cpp/cmake)
[0.846s] -- Using all available rosidl_typesupport_c: rosidl_typesupport_fastrtps_c;rosidl_typesupport_introspection_c
[0.880s] -- Using all available rosidl_typesupport_cpp: rosidl_typesupport_fastrtps_cpp;rosidl_typesupport_introspection_cpp
[1.001s] -- Found rmw_implementation_cmake: 6.1.1 (/opt/ros/humble/share/rmw_implementation_cmake/cmake)
[1.007s] -- Found rmw_fastrtps_cpp: 6.2.3 (/opt/ros/humble/share/rmw_fastrtps_cpp/cmake)
[1.127s] -- Found OpenSSL: /usr/lib/x86_64-linux-gnu/libcrypto.so (found version "3.0.2")  
[1.158s] -- Found FastRTPS: /opt/ros/humble/include  
[1.207s] -- Using RMW implementation 'rmw_fastrtps_cpp' as default
[1.217s] -- Looking for pthread.h
[1.290s] -- Looking for pthread.h - found
[1.291s] -- Performing Test CMAKE_HAVE_LIBC_PTHREAD
[1.353s] -- Performing Test CMAKE_HAVE_LIBC_PTHREAD - Success
[1.354s] -- Found Threads: TRUE  
[1.735s] -- Found ament_lint_auto: 0.12.7 (/opt/ros/humble/share/ament_lint_auto/cmake)
[1.767s] -- Added test 'copyright' to check source files copyright and LICENSE
[1.770s] -- Added test 'cppcheck' to perform static code analysis on C / C++ code
[1.772s] -- Configured cppcheck include dirs: 
[1.772s] -- Configured cppcheck exclude dirs and/or files: 
[1.774s] -- Added test 'cpplint' to check C / C++ code against the Google style
[1.774s] -- Configured cpplint exclude dirs and/or files: 
[1.776s] -- Added test 'lint_cmake' to check CMake code style
[1.778s] -- Added test 'uncrustify' to check C / C++ code style
[1.778s] -- Configured uncrustify additional arguments: 
[1.778s] -- Added test 'xmllint' to check XML markup files
[1.781s] -- Added test 'clang_format' to check C / C++ code style
[1.783s] -- Configuring done
[1.798s] -- Generating done
[1.801s] -- Build files have been written to: /home/enesb/ros2_ws/build/zed_tutorial_depth
[1.816s] Invoked command in '/home/enesb/ros2_ws/build/zed_tutorial_depth' returned '0': CMAKE_PREFIX_PATH=${CMAKE_PREFIX_PATH}:/home/enesb/ros2_ws/install/my_py_pkg:/opt/ros/humble /usr/bin/cmake /home/enesb/ros2_ws/src/zed-ros2-examples/tutorials/zed_depth_tutorial -DCMAKE_BUILD_TYPE=Release -DAMENT_CMAKE_SYMLINK_INSTALL=1 -DCMAKE_INSTALL_PREFIX=/home/enesb/ros2_ws/install/zed_tutorial_depth
[1.817s] Invoking command in '/home/enesb/ros2_ws/build/zed_tutorial_depth': CMAKE_PREFIX_PATH=${CMAKE_PREFIX_PATH}:/home/enesb/ros2_ws/install/my_py_pkg:/opt/ros/humble /usr/bin/cmake --build /home/enesb/ros2_ws/build/zed_tutorial_depth -- -j12 -l12
[1.932s] [ 50%] [32mBuilding CXX object CMakeFiles/zed_tutorial_depth.dir/src/zed_depth_sub_tutorial.cpp.o[0m
[21.151s] [100%] [32m[1mLinking CXX executable zed_tutorial_depth[0m
[21.295s] [100%] Built target zed_tutorial_depth
[21.305s] Invoked command in '/home/enesb/ros2_ws/build/zed_tutorial_depth' returned '0': CMAKE_PREFIX_PATH=${CMAKE_PREFIX_PATH}:/home/enesb/ros2_ws/install/my_py_pkg:/opt/ros/humble /usr/bin/cmake --build /home/enesb/ros2_ws/build/zed_tutorial_depth -- -j12 -l12
[21.327s] Invoking command in '/home/enesb/ros2_ws/build/zed_tutorial_depth': CMAKE_PREFIX_PATH=${CMAKE_PREFIX_PATH}:/home/enesb/ros2_ws/install/my_py_pkg:/opt/ros/humble /usr/bin/cmake --install /home/enesb/ros2_ws/build/zed_tutorial_depth
[21.334s] -- Install configuration: "Release"
[21.334s] -- Execute custom install script
[21.334s] -- Symlinking: /home/enesb/ros2_ws/install/zed_tutorial_depth/lib/zed_tutorial_depth/zed_tutorial_depth
[21.344s] -- Symlinking: /home/enesb/ros2_ws/install/zed_tutorial_depth/share/ament_index/resource_index/package_run_dependencies/zed_tutorial_depth
[21.353s] -- Symlinking: /home/enesb/ros2_ws/install/zed_tutorial_depth/share/ament_index/resource_index/parent_prefix_path/zed_tutorial_depth
[21.361s] -- Symlinking: /home/enesb/ros2_ws/install/zed_tutorial_depth/share/zed_tutorial_depth/environment/ament_prefix_path.sh
[21.368s] -- Symlinking: /home/enesb/ros2_ws/install/zed_tutorial_depth/share/zed_tutorial_depth/environment/ament_prefix_path.dsv
[21.376s] -- Symlinking: /home/enesb/ros2_ws/install/zed_tutorial_depth/share/zed_tutorial_depth/environment/path.sh
[21.383s] -- Symlinking: /home/enesb/ros2_ws/install/zed_tutorial_depth/share/zed_tutorial_depth/environment/path.dsv
[21.390s] -- Symlinking: /home/enesb/ros2_ws/install/zed_tutorial_depth/share/zed_tutorial_depth/local_setup.bash
[21.398s] -- Symlinking: /home/enesb/ros2_ws/install/zed_tutorial_depth/share/zed_tutorial_depth/local_setup.sh
[21.405s] -- Symlinking: /home/enesb/ros2_ws/install/zed_tutorial_depth/share/zed_tutorial_depth/local_setup.zsh
[21.413s] -- Symlinking: /home/enesb/ros2_ws/install/zed_tutorial_depth/share/zed_tutorial_depth/local_setup.dsv
[21.421s] -- Symlinking: /home/enesb/ros2_ws/install/zed_tutorial_depth/share/zed_tutorial_depth/package.dsv
[21.428s] -- Symlinking: /home/enesb/ros2_ws/install/zed_tutorial_depth/share/ament_index/resource_index/packages/zed_tutorial_depth
[21.436s] -- Symlinking: /home/enesb/ros2_ws/install/zed_tutorial_depth/share/zed_tutorial_depth/cmake/zed_tutorial_depthConfig.cmake
[21.443s] -- Symlinking: /home/enesb/ros2_ws/install/zed_tutorial_depth/share/zed_tutorial_depth/cmake/zed_tutorial_depthConfig-version.cmake
[21.451s] -- Symlinking: /home/enesb/ros2_ws/install/zed_tutorial_depth/share/zed_tutorial_depth/package.xml
[21.462s] Invoked command in '/home/enesb/ros2_ws/build/zed_tutorial_depth' returned '0': CMAKE_PREFIX_PATH=${CMAKE_PREFIX_PATH}:/home/enesb/ros2_ws/install/my_py_pkg:/opt/ros/humble /usr/bin/cmake --install /home/enesb/ros2_ws/build/zed_tutorial_depth
