[0.045s] Invoking command in '/home/enesb/ros2_ws/build/zed_tutorial_depth': CMAKE_PREFIX_PATH=${CMAKE_PREFIX_PATH}:/home/enesb/ros2_ws/install/my_py_pkg:/opt/ros/humble /usr/bin/cmake /home/enesb/ros2_ws/src/zed-ros2-examples/tutorials/zed_depth_tutorial -DCMAKE_INSTALL_PREFIX=/home/enesb/ros2_ws/install/zed_tutorial_depth
[0.062s] -- Found ament_cmake_auto: 1.3.5 (/opt/ros/humble/share/ament_cmake_auto/cmake)
[0.267s] -- Override CMake install command with custom implementation using symlinks instead of copying resources
[0.453s] -- Found rosidl_generator_c: 3.1.5 (/opt/ros/humble/share/rosidl_generator_c/cmake)
[0.458s] -- Found rosidl_adapter: 3.1.5 (/opt/ros/humble/share/rosidl_adapter/cmake)
[0.470s] -- Found rosidl_generator_cpp: 3.1.5 (/opt/ros/humble/share/rosidl_generator_cpp/cmake)
[0.494s] -- Using all available rosidl_typesupport_c: rosidl_typesupport_fastrtps_c;rosidl_typesupport_introspection_c
[0.527s] -- Using all available rosidl_typesupport_cpp: rosidl_typesupport_fastrtps_cpp;rosidl_typesupport_introspection_cpp
[0.645s] -- Found rmw_implementation_cmake: 6.1.1 (/opt/ros/humble/share/rmw_implementation_cmake/cmake)
[0.652s] -- Found rmw_fastrtps_cpp: 6.2.3 (/opt/ros/humble/share/rmw_fastrtps_cpp/cmake)
[0.847s] -- Using RMW implementation 'rmw_fastrtps_cpp' as default
[1.264s] -- Found ament_lint_auto: 0.12.7 (/opt/ros/humble/share/ament_lint_auto/cmake)
[1.280s] -- Added test 'copyright' to check source files copyright and LICENSE
[1.281s] -- Added test 'cppcheck' to perform static code analysis on C / C++ code
[1.283s] -- Configured cppcheck include dirs: 
[1.283s] -- Configured cppcheck exclude dirs and/or files: 
[1.284s] -- Added test 'cpplint' to check C / C++ code against the Google style
[1.284s] -- Configured cpplint exclude dirs and/or files: 
[1.285s] -- Added test 'lint_cmake' to check CMake code style
[1.286s] -- Added test 'uncrustify' to check C / C++ code style
[1.286s] -- Configured uncrustify additional arguments: 
[1.286s] -- Added test 'xmllint' to check XML markup files
[1.287s] -- Added test 'clang_format' to check C / C++ code style
[1.289s] -- Configuring done
[1.306s] -- Generating done
[1.310s] -- Build files have been written to: /home/enesb/ros2_ws/build/zed_tutorial_depth
[1.322s] Invoked command in '/home/enesb/ros2_ws/build/zed_tutorial_depth' returned '0': CMAKE_PREFIX_PATH=${CMAKE_PREFIX_PATH}:/home/enesb/ros2_ws/install/my_py_pkg:/opt/ros/humble /usr/bin/cmake /home/enesb/ros2_ws/src/zed-ros2-examples/tutorials/zed_depth_tutorial -DCMAKE_INSTALL_PREFIX=/home/enesb/ros2_ws/install/zed_tutorial_depth
[1.325s] Invoking command in '/home/enesb/ros2_ws/build/zed_tutorial_depth': CMAKE_PREFIX_PATH=${CMAKE_PREFIX_PATH}:/home/enesb/ros2_ws/install/my_py_pkg:/opt/ros/humble /usr/bin/cmake --build /home/enesb/ros2_ws/build/zed_tutorial_depth -- -j12 -l12
[1.389s] [35m[1mConsolidate compiler generated dependencies of target zed_tutorial_depth[0m
[1.414s] [100%] Built target zed_tutorial_depth
[1.437s] Invoked command in '/home/enesb/ros2_ws/build/zed_tutorial_depth' returned '0': CMAKE_PREFIX_PATH=${CMAKE_PREFIX_PATH}:/home/enesb/ros2_ws/install/my_py_pkg:/opt/ros/humble /usr/bin/cmake --build /home/enesb/ros2_ws/build/zed_tutorial_depth -- -j12 -l12
[1.507s] Invoking command in '/home/enesb/ros2_ws/build/zed_tutorial_depth': CMAKE_PREFIX_PATH=${CMAKE_PREFIX_PATH}:/home/enesb/ros2_ws/install/my_py_pkg:/opt/ros/humble /usr/bin/cmake --install /home/enesb/ros2_ws/build/zed_tutorial_depth
[1.515s] -- Install configuration: "Release"
[1.516s] -- Execute custom install script
[1.517s] -- Up-to-date symlink: /home/enesb/ros2_ws/install/zed_tutorial_depth/lib/zed_tutorial_depth/zed_tutorial_depth
[1.517s] -- Up-to-date symlink: /home/enesb/ros2_ws/install/zed_tutorial_depth/share/ament_index/resource_index/package_run_dependencies/zed_tutorial_depth
[1.517s] -- Up-to-date symlink: /home/enesb/ros2_ws/install/zed_tutorial_depth/share/ament_index/resource_index/parent_prefix_path/zed_tutorial_depth
[1.518s] -- Up-to-date symlink: /home/enesb/ros2_ws/install/zed_tutorial_depth/share/zed_tutorial_depth/environment/ament_prefix_path.sh
[1.518s] -- Up-to-date symlink: /home/enesb/ros2_ws/install/zed_tutorial_depth/share/zed_tutorial_depth/environment/ament_prefix_path.dsv
[1.519s] -- Up-to-date symlink: /home/enesb/ros2_ws/install/zed_tutorial_depth/share/zed_tutorial_depth/environment/path.sh
[1.519s] -- Up-to-date symlink: /home/enesb/ros2_ws/install/zed_tutorial_depth/share/zed_tutorial_depth/environment/path.dsv
[1.520s] -- Up-to-date symlink: /home/enesb/ros2_ws/install/zed_tutorial_depth/share/zed_tutorial_depth/local_setup.bash
[1.520s] -- Up-to-date symlink: /home/enesb/ros2_ws/install/zed_tutorial_depth/share/zed_tutorial_depth/local_setup.sh
[1.520s] -- Up-to-date symlink: /home/enesb/ros2_ws/install/zed_tutorial_depth/share/zed_tutorial_depth/local_setup.zsh
[1.521s] -- Up-to-date symlink: /home/enesb/ros2_ws/install/zed_tutorial_depth/share/zed_tutorial_depth/local_setup.dsv
[1.521s] -- Symlinking: /home/enesb/ros2_ws/install/zed_tutorial_depth/share/zed_tutorial_depth/package.dsv
[1.534s] -- Up-to-date symlink: /home/enesb/ros2_ws/install/zed_tutorial_depth/share/ament_index/resource_index/packages/zed_tutorial_depth
[1.535s] -- Up-to-date symlink: /home/enesb/ros2_ws/install/zed_tutorial_depth/share/zed_tutorial_depth/cmake/zed_tutorial_depthConfig.cmake
[1.535s] -- Up-to-date symlink: /home/enesb/ros2_ws/install/zed_tutorial_depth/share/zed_tutorial_depth/cmake/zed_tutorial_depthConfig-version.cmake
[1.535s] -- Up-to-date symlink: /home/enesb/ros2_ws/install/zed_tutorial_depth/share/zed_tutorial_depth/package.xml
[1.542s] Invoked command in '/home/enesb/ros2_ws/build/zed_tutorial_depth' returned '0': CMAKE_PREFIX_PATH=${CMAKE_PREFIX_PATH}:/home/enesb/ros2_ws/install/my_py_pkg:/opt/ros/humble /usr/bin/cmake --install /home/enesb/ros2_ws/build/zed_tutorial_depth
