[0.458s] Invoking command in '/home/enesb/ros2_ws/build/my_py_pkg': PYTHONPATH=/home/enesb/ros2_ws/build/my_py_pkg/prefix_override:/home/enesb/ros2_ws/install/my_py_pkg/lib/python3.10/site-packages:${PYTHONPATH} /usr/bin/python3 setup.py develop --uninstall --editable --build-directory /home/enesb/ros2_ws/build/my_py_pkg/build
[0.672s] running develop
[0.812s] Invoked command in '/home/enesb/ros2_ws/build/my_py_pkg' returned '0': PYTHONPATH=/home/enesb/ros2_ws/build/my_py_pkg/prefix_override:/home/enesb/ros2_ws/install/my_py_pkg/lib/python3.10/site-packages:${PYTHONPATH} /usr/bin/python3 setup.py develop --uninstall --editable --build-directory /home/enesb/ros2_ws/build/my_py_pkg/build
[0.814s] Invoking command in '/home/enesb/ros2_ws/src/my_py_pkg': PYTHONPATH=/home/enesb/ros2_ws/build/my_py_pkg/prefix_override:/home/enesb/ros2_ws/install/my_py_pkg/lib/python3.10/site-packages:${PYTHONPATH} /usr/bin/python3 setup.py egg_info --egg-base ../../build/my_py_pkg build --build-base /home/enesb/ros2_ws/build/my_py_pkg/build install --record /home/enesb/ros2_ws/build/my_py_pkg/install.log --single-version-externally-managed
[0.998s] running egg_info
[0.998s] writing ../../build/my_py_pkg/my_py_pkg.egg-info/PKG-INFO
[0.999s] writing dependency_links to ../../build/my_py_pkg/my_py_pkg.egg-info/dependency_links.txt
[0.999s] writing entry points to ../../build/my_py_pkg/my_py_pkg.egg-info/entry_points.txt
[0.999s] writing requirements to ../../build/my_py_pkg/my_py_pkg.egg-info/requires.txt
[0.999s] writing top-level names to ../../build/my_py_pkg/my_py_pkg.egg-info/top_level.txt
[1.000s] reading manifest file '../../build/my_py_pkg/my_py_pkg.egg-info/SOURCES.txt'
[1.001s] writing manifest file '../../build/my_py_pkg/my_py_pkg.egg-info/SOURCES.txt'
[1.001s] running build
[1.001s] running build_py
[1.001s] copying my_py_pkg/micro_ros_pc_node.py -> /home/enesb/ros2_ws/build/my_py_pkg/build/lib/my_py_pkg
[1.001s] running install
[1.002s] running install_lib
[1.002s] copying /home/enesb/ros2_ws/build/my_py_pkg/build/lib/my_py_pkg/micro_ros_pc_node.py -> /home/enesb/ros2_ws/install/my_py_pkg/lib/python3.10/site-packages/my_py_pkg
[1.003s] byte-compiling /home/enesb/ros2_ws/install/my_py_pkg/lib/python3.10/site-packages/my_py_pkg/micro_ros_pc_node.py to micro_ros_pc_node.cpython-310.pyc
[1.003s] running install_data
[1.004s] running install_egg_info
[1.005s] removing '/home/enesb/ros2_ws/install/my_py_pkg/lib/python3.10/site-packages/my_py_pkg-0.0.0-py3.10.egg-info' (and everything under it)
[1.005s] Copying ../../build/my_py_pkg/my_py_pkg.egg-info to /home/enesb/ros2_ws/install/my_py_pkg/lib/python3.10/site-packages/my_py_pkg-0.0.0-py3.10.egg-info
[1.006s] running install_scripts
[1.019s] Installing add_two_ints_client script to /home/enesb/ros2_ws/install/my_py_pkg/lib/my_py_pkg
[1.020s] Installing add_two_ints_client_no_oop script to /home/enesb/ros2_ws/install/my_py_pkg/lib/my_py_pkg
[1.020s] Installing add_two_ints_server script to /home/enesb/ros2_ws/install/my_py_pkg/lib/my_py_pkg
[1.020s] Installing micro_ros_pc_node script to /home/enesb/ros2_ws/install/my_py_pkg/lib/my_py_pkg
[1.020s] Installing number_counter script to /home/enesb/ros2_ws/install/my_py_pkg/lib/my_py_pkg
[1.020s] Installing number_publisher script to /home/enesb/ros2_ws/install/my_py_pkg/lib/my_py_pkg
[1.020s] Installing py_node script to /home/enesb/ros2_ws/install/my_py_pkg/lib/my_py_pkg
[1.020s] Installing robot_news_station script to /home/enesb/ros2_ws/install/my_py_pkg/lib/my_py_pkg
[1.021s] Installing smartphone script to /home/enesb/ros2_ws/install/my_py_pkg/lib/my_py_pkg
[1.021s] writing list of installed files to '/home/enesb/ros2_ws/build/my_py_pkg/install.log'
[1.038s] Invoked command in '/home/enesb/ros2_ws/src/my_py_pkg' returned '0': PYTHONPATH=/home/enesb/ros2_ws/build/my_py_pkg/prefix_override:/home/enesb/ros2_ws/install/my_py_pkg/lib/python3.10/site-packages:${PYTHONPATH} /usr/bin/python3 setup.py egg_info --egg-base ../../build/my_py_pkg build --build-base /home/enesb/ros2_ws/build/my_py_pkg/build install --record /home/enesb/ros2_ws/build/my_py_pkg/install.log --single-version-externally-managed
