[0.020s] Invoking command in '/home/enesb/ros2_ws/build/my_cpp_pkg': CMAKE_PREFIX_PATH=${CMAKE_PREFIX_PATH}:/home/enesb/ros2_ws/install/my_py_pkg:/opt/ros/humble /usr/bin/cmake --build /home/enesb/ros2_ws/build/my_cpp_pkg -- -j12 -l12
[0.051s] [35m[1mConsolidate compiler generated dependencies of target robot_news_station[0m
[0.062s] [ 50%] Built target cpp_node
[0.065s] [ 75%] [32mBuilding CXX object CMakeFiles/robot_news_station.dir/src/robot_news_station.cpp.o[0m
[3.547s] [100%] [32m[1mLinking CXX executable robot_news_station[0m
[3.699s] [100%] Built target robot_news_station
[3.710s] Invoked command in '/home/enesb/ros2_ws/build/my_cpp_pkg' returned '0': CMAKE_PREFIX_PATH=${CMAKE_PREFIX_PATH}:/home/enesb/ros2_ws/install/my_py_pkg:/opt/ros/humble /usr/bin/cmake --build /home/enesb/ros2_ws/build/my_cpp_pkg -- -j12 -l12
[3.734s] Invoking command in '/home/enesb/ros2_ws/build/my_cpp_pkg': CMAKE_PREFIX_PATH=${CMAKE_PREFIX_PATH}:/home/enesb/ros2_ws/install/my_py_pkg:/opt/ros/humble /usr/bin/cmake --install /home/enesb/ros2_ws/build/my_cpp_pkg
[3.740s] -- Install configuration: ""
[3.740s] -- Up-to-date: /home/enesb/ros2_ws/install/my_cpp_pkg/lib/my_cpp_pkg/cpp_node
[3.740s] -- Installing: /home/enesb/ros2_ws/install/my_cpp_pkg/lib/my_cpp_pkg/robot_news_station
[3.741s] -- Set runtime path of "/home/enesb/ros2_ws/install/my_cpp_pkg/lib/my_cpp_pkg/robot_news_station" to ""
[3.741s] -- Up-to-date: /home/enesb/ros2_ws/install/my_cpp_pkg/share/ament_index/resource_index/package_run_dependencies/my_cpp_pkg
[3.742s] -- Up-to-date: /home/enesb/ros2_ws/install/my_cpp_pkg/share/ament_index/resource_index/parent_prefix_path/my_cpp_pkg
[3.742s] -- Up-to-date: /home/enesb/ros2_ws/install/my_cpp_pkg/share/my_cpp_pkg/environment/ament_prefix_path.sh
[3.742s] -- Up-to-date: /home/enesb/ros2_ws/install/my_cpp_pkg/share/my_cpp_pkg/environment/ament_prefix_path.dsv
[3.742s] -- Up-to-date: /home/enesb/ros2_ws/install/my_cpp_pkg/share/my_cpp_pkg/environment/path.sh
[3.742s] -- Up-to-date: /home/enesb/ros2_ws/install/my_cpp_pkg/share/my_cpp_pkg/environment/path.dsv
[3.742s] -- Up-to-date: /home/enesb/ros2_ws/install/my_cpp_pkg/share/my_cpp_pkg/local_setup.bash
[3.742s] -- Up-to-date: /home/enesb/ros2_ws/install/my_cpp_pkg/share/my_cpp_pkg/local_setup.sh
[3.742s] -- Up-to-date: /home/enesb/ros2_ws/install/my_cpp_pkg/share/my_cpp_pkg/local_setup.zsh
[3.742s] -- Up-to-date: /home/enesb/ros2_ws/install/my_cpp_pkg/share/my_cpp_pkg/local_setup.dsv
[3.742s] -- Installing: /home/enesb/ros2_ws/install/my_cpp_pkg/share/my_cpp_pkg/package.dsv
[3.743s] -- Up-to-date: /home/enesb/ros2_ws/install/my_cpp_pkg/share/ament_index/resource_index/packages/my_cpp_pkg
[3.743s] -- Up-to-date: /home/enesb/ros2_ws/install/my_cpp_pkg/share/my_cpp_pkg/cmake/my_cpp_pkgConfig.cmake
[3.743s] -- Up-to-date: /home/enesb/ros2_ws/install/my_cpp_pkg/share/my_cpp_pkg/cmake/my_cpp_pkgConfig-version.cmake
[3.745s] -- Up-to-date: /home/enesb/ros2_ws/install/my_cpp_pkg/share/my_cpp_pkg/package.xml
[3.746s] Invoked command in '/home/enesb/ros2_ws/build/my_cpp_pkg' returned '0': CMAKE_PREFIX_PATH=${CMAKE_PREFIX_PATH}:/home/enesb/ros2_ws/install/my_py_pkg:/opt/ros/humble /usr/bin/cmake --install /home/enesb/ros2_ws/build/my_cpp_pkg
