[0.506s] Invoking command in '/home/enesb/ros2_ws/src/my_py_pkg': PYTHONPATH=/home/enesb/ros2_ws/build/my_py_pkg/prefix_override:/home/enesb/ros2_ws/install/my_py_pkg/lib/python3.10/site-packages:${PYTHONPATH} /usr/bin/python3 setup.py egg_info --egg-base ../../build/my_py_pkg build --build-base /home/enesb/ros2_ws/build/my_py_pkg/build install --record /home/enesb/ros2_ws/build/my_py_pkg/install.log --single-version-externally-managed
[0.690s] running egg_info
[0.691s] creating ../../build/my_py_pkg/my_py_pkg.egg-info
[0.691s] writing ../../build/my_py_pkg/my_py_pkg.egg-info/PKG-INFO
[0.691s] writing dependency_links to ../../build/my_py_pkg/my_py_pkg.egg-info/dependency_links.txt
[0.691s] writing entry points to ../../build/my_py_pkg/my_py_pkg.egg-info/entry_points.txt
[0.691s] writing requirements to ../../build/my_py_pkg/my_py_pkg.egg-info/requires.txt
[0.691s] writing top-level names to ../../build/my_py_pkg/my_py_pkg.egg-info/top_level.txt
[0.691s] writing manifest file '../../build/my_py_pkg/my_py_pkg.egg-info/SOURCES.txt'
[0.692s] reading manifest file '../../build/my_py_pkg/my_py_pkg.egg-info/SOURCES.txt'
[0.693s] writing manifest file '../../build/my_py_pkg/my_py_pkg.egg-info/SOURCES.txt'
[0.693s] running build
[0.693s] running build_py
[0.693s] creating /home/enesb/ros2_ws/build/my_py_pkg/build
[0.693s] creating /home/enesb/ros2_ws/build/my_py_pkg/build/lib
[0.693s] creating /home/enesb/ros2_ws/build/my_py_pkg/build/lib/my_py_pkg
[0.693s] copying my_py_pkg/__init__.py -> /home/enesb/ros2_ws/build/my_py_pkg/build/lib/my_py_pkg
[0.694s] running install
[0.703s] /usr/lib/python3/dist-packages/setuptools/command/install.py:34: SetuptoolsDeprecationWarning: setup.py install is deprecated. Use build and pip and other standards-based tools.
[0.703s]   warnings.warn(
[0.703s] running install_lib
[0.704s] creating /home/enesb/ros2_ws/install/my_py_pkg/lib/python3.10/site-packages/my_py_pkg
[0.704s] copying /home/enesb/ros2_ws/build/my_py_pkg/build/lib/my_py_pkg/__init__.py -> /home/enesb/ros2_ws/install/my_py_pkg/lib/python3.10/site-packages/my_py_pkg
[0.704s] byte-compiling /home/enesb/ros2_ws/install/my_py_pkg/lib/python3.10/site-packages/my_py_pkg/__init__.py to __init__.cpython-310.pyc
[0.704s] running install_data
[0.705s] creating /home/enesb/ros2_ws/install/my_py_pkg/share/ament_index
[0.705s] creating /home/enesb/ros2_ws/install/my_py_pkg/share/ament_index/resource_index
[0.705s] creating /home/enesb/ros2_ws/install/my_py_pkg/share/ament_index/resource_index/packages
[0.705s] copying resource/my_py_pkg -> /home/enesb/ros2_ws/install/my_py_pkg/share/ament_index/resource_index/packages
[0.705s] copying package.xml -> /home/enesb/ros2_ws/install/my_py_pkg/share/my_py_pkg
[0.705s] running install_egg_info
[0.706s] Copying ../../build/my_py_pkg/my_py_pkg.egg-info to /home/enesb/ros2_ws/install/my_py_pkg/lib/python3.10/site-packages/my_py_pkg-0.0.0-py3.10.egg-info
[0.707s] running install_scripts
[0.722s] writing list of installed files to '/home/enesb/ros2_ws/build/my_py_pkg/install.log'
[0.738s] Invoked command in '/home/enesb/ros2_ws/src/my_py_pkg' returned '0': PYTHONPATH=/home/enesb/ros2_ws/build/my_py_pkg/prefix_override:/home/enesb/ros2_ws/install/my_py_pkg/lib/python3.10/site-packages:${PYTHONPATH} /usr/bin/python3 setup.py egg_info --egg-base ../../build/my_py_pkg build --build-base /home/enesb/ros2_ws/build/my_py_pkg/build install --record /home/enesb/ros2_ws/build/my_py_pkg/install.log --single-version-externally-managed
