[0.016s] Invoking command in '/home/enesb/ros2_ws/build/zed_rgb_convert': CMAKE_PREFIX_PATH=/home/enesb/ros2_ws/install/zed_components:/home/enesb/ros2_ws/install/zed_interfaces:/home/enesb/ros2_ws/install/zed_ros2:/home/enesb/ros2_ws/install/zed_multi_camera:/home/enesb/ros2_ws/install/zed_display_rviz2:/home/enesb/ros2_ws/install/zed_wrapper:/home/enesb/ros2_ws/install/zed_tutorial_video:/home/enesb/ros2_ws/install/zed_tutorial_pos_tracking:/home/enesb/ros2_ws/install/zed_tutorial_depth:/home/enesb/ros2_ws/install/zed_topic_benchmark:/home/enesb/ros2_ws/install/zed_topic_benchmark_component:/home/enesb/ros2_ws/install/zed_topic_benchmark_interfaces:/home/enesb/ros2_ws/install/zed_rgb_convert:/home/enesb/ros2_ws/install/my_robot_bringup:/home/enesb/ros2_ws/install/my_robot_interfaces:/home/enesb/ros2_ws/install/my_robot_description:/home/enesb/ros2_ws/install/my_cpp_pkg:/home/enesb/agv_ws/install/agv_test:/home/enesb/microros_ws/install/micro_ros_setup:/home/enesb/microros_ws/install/micro_ros_agent:/home/enesb/microros_ws/install/micro_ros_msgs:/home/enesb/ros2_ws/install/my_py_pkg:/opt/ros/humble LD_LIBRARY_PATH=/home/enesb/ros2_ws/install/zed_components/lib:/home/enesb/ros2_ws/install/zed_interfaces/lib:/home/enesb/ros2_ws/install/zed_topic_benchmark_component/lib:/home/enesb/ros2_ws/install/zed_topic_benchmark_interfaces/lib:/home/enesb/ros2_ws/install/zed_rgb_convert/lib:/home/enesb/ros2_ws/install/my_robot_interfaces/lib:/home/enesb/microros_ws/install/micro_ros_agent/lib:/home/enesb/microros_ws/install/micro_ros_msgs/lib:/usr/lib/x86_64-linux-gnu/gazebo-11/plugins:/opt/ros/humble/opt/rviz_ogre_vendor/lib:/opt/ros/humble/lib/x86_64-linux-gnu:/opt/ros/humble/lib /usr/bin/cmake /home/enesb/ros2_ws/src/zed-ros2-examples/tutorials/zed_rgb_convert -DCMAKE_INSTALL_PREFIX=/home/enesb/ros2_ws/install/zed_rgb_convert
[0.077s] -- Found CUDA: /usr/local/cuda (found suitable version "12.3", minimum required is "12") 
[0.118s] -- Found CUDA: /usr/local/cuda (found version "12.3") 
[0.119s] -- Found ament_cmake_auto: 1.3.5 (/opt/ros/humble/share/ament_cmake_auto/cmake)
[0.291s] -- Override CMake install command with custom implementation using symlinks instead of copying resources
[0.402s] -- Found rosidl_generator_c: 3.1.5 (/opt/ros/humble/share/rosidl_generator_c/cmake)
[0.405s] -- Found rosidl_adapter: 3.1.5 (/opt/ros/humble/share/rosidl_adapter/cmake)
[0.411s] -- Found rosidl_generator_cpp: 3.1.5 (/opt/ros/humble/share/rosidl_generator_cpp/cmake)
[0.425s] -- Using all available rosidl_typesupport_c: rosidl_typesupport_fastrtps_c;rosidl_typesupport_introspection_c
[0.444s] -- Using all available rosidl_typesupport_cpp: rosidl_typesupport_fastrtps_cpp;rosidl_typesupport_introspection_cpp
[0.537s] -- Found rmw_implementation_cmake: 6.1.1 (/opt/ros/humble/share/rmw_implementation_cmake/cmake)
[0.540s] -- Found rmw_fastrtps_cpp: 6.2.3 (/opt/ros/humble/share/rmw_fastrtps_cpp/cmake)
[0.764s] -- Using RMW implementation 'rmw_fastrtps_cpp' as default
[1.905s] -- Found eigen3_cmake_module: 0.1.1 (/opt/ros/humble/share/eigen3_cmake_module/cmake)
[1.907s] -- Ensuring Eigen3 include directory is part of orocos-kdl CMake target
[3.153s] -- Found ament_lint_auto: 0.12.7 (/opt/ros/humble/share/ament_lint_auto/cmake)
[3.873s] -- Added test 'copyright' to check source files copyright and LICENSE
[3.876s] -- Added test 'cppcheck' to perform static code analysis on C / C++ code
[3.877s] -- Configured cppcheck include dirs: /home/enesb/ros2_ws/src/zed-ros2-examples/tutorials/zed_rgb_convert/src/include;/home/enesb/ros2_ws/src/zed-ros2-examples/tutorials/zed_rgb_convert/src/component/include
[3.877s] -- Configured cppcheck exclude dirs and/or files: 
[3.879s] -- Added test 'cpplint' to check C / C++ code against the Google style
[3.881s] -- Configured cpplint exclude dirs and/or files: 
[3.881s] -- Added test 'flake8' to check Python code syntax and style conventions
[3.881s] -- Added test 'lint_cmake' to check CMake code style
[3.881s] -- Added test 'pep257' to check Python code against some of the docstring style conventions in PEP 257
[3.882s] -- Added test 'uncrustify' to check C / C++ code style
[3.882s] -- Configured uncrustify additional arguments: 
[3.882s] -- Added test 'xmllint' to check XML markup files
[3.884s] -- Added test 'clang_format' to check C / C++ code style
[3.889s] -- Configuring done
[3.951s] -- Generating done
[3.953s] -- Build files have been written to: /home/enesb/ros2_ws/build/zed_rgb_convert
[3.966s] Invoked command in '/home/enesb/ros2_ws/build/zed_rgb_convert' returned '0': CMAKE_PREFIX_PATH=/home/enesb/ros2_ws/install/zed_components:/home/enesb/ros2_ws/install/zed_interfaces:/home/enesb/ros2_ws/install/zed_ros2:/home/enesb/ros2_ws/install/zed_multi_camera:/home/enesb/ros2_ws/install/zed_display_rviz2:/home/enesb/ros2_ws/install/zed_wrapper:/home/enesb/ros2_ws/install/zed_tutorial_video:/home/enesb/ros2_ws/install/zed_tutorial_pos_tracking:/home/enesb/ros2_ws/install/zed_tutorial_depth:/home/enesb/ros2_ws/install/zed_topic_benchmark:/home/enesb/ros2_ws/install/zed_topic_benchmark_component:/home/enesb/ros2_ws/install/zed_topic_benchmark_interfaces:/home/enesb/ros2_ws/install/zed_rgb_convert:/home/enesb/ros2_ws/install/my_robot_bringup:/home/enesb/ros2_ws/install/my_robot_interfaces:/home/enesb/ros2_ws/install/my_robot_description:/home/enesb/ros2_ws/install/my_cpp_pkg:/home/enesb/agv_ws/install/agv_test:/home/enesb/microros_ws/install/micro_ros_setup:/home/enesb/microros_ws/install/micro_ros_agent:/home/enesb/microros_ws/install/micro_ros_msgs:/home/enesb/ros2_ws/install/my_py_pkg:/opt/ros/humble LD_LIBRARY_PATH=/home/enesb/ros2_ws/install/zed_components/lib:/home/enesb/ros2_ws/install/zed_interfaces/lib:/home/enesb/ros2_ws/install/zed_topic_benchmark_component/lib:/home/enesb/ros2_ws/install/zed_topic_benchmark_interfaces/lib:/home/enesb/ros2_ws/install/zed_rgb_convert/lib:/home/enesb/ros2_ws/install/my_robot_interfaces/lib:/home/enesb/microros_ws/install/micro_ros_agent/lib:/home/enesb/microros_ws/install/micro_ros_msgs/lib:/usr/lib/x86_64-linux-gnu/gazebo-11/plugins:/opt/ros/humble/opt/rviz_ogre_vendor/lib:/opt/ros/humble/lib/x86_64-linux-gnu:/opt/ros/humble/lib /usr/bin/cmake /home/enesb/ros2_ws/src/zed-ros2-examples/tutorials/zed_rgb_convert -DCMAKE_INSTALL_PREFIX=/home/enesb/ros2_ws/install/zed_rgb_convert
[3.968s] Invoking command in '/home/enesb/ros2_ws/build/zed_rgb_convert': CMAKE_PREFIX_PATH=/home/enesb/ros2_ws/install/zed_components:/home/enesb/ros2_ws/install/zed_interfaces:/home/enesb/ros2_ws/install/zed_ros2:/home/enesb/ros2_ws/install/zed_multi_camera:/home/enesb/ros2_ws/install/zed_display_rviz2:/home/enesb/ros2_ws/install/zed_wrapper:/home/enesb/ros2_ws/install/zed_tutorial_video:/home/enesb/ros2_ws/install/zed_tutorial_pos_tracking:/home/enesb/ros2_ws/install/zed_tutorial_depth:/home/enesb/ros2_ws/install/zed_topic_benchmark:/home/enesb/ros2_ws/install/zed_topic_benchmark_component:/home/enesb/ros2_ws/install/zed_topic_benchmark_interfaces:/home/enesb/ros2_ws/install/zed_rgb_convert:/home/enesb/ros2_ws/install/my_robot_bringup:/home/enesb/ros2_ws/install/my_robot_interfaces:/home/enesb/ros2_ws/install/my_robot_description:/home/enesb/ros2_ws/install/my_cpp_pkg:/home/enesb/agv_ws/install/agv_test:/home/enesb/microros_ws/install/micro_ros_setup:/home/enesb/microros_ws/install/micro_ros_agent:/home/enesb/microros_ws/install/micro_ros_msgs:/home/enesb/ros2_ws/install/my_py_pkg:/opt/ros/humble LD_LIBRARY_PATH=/home/enesb/ros2_ws/install/zed_components/lib:/home/enesb/ros2_ws/install/zed_interfaces/lib:/home/enesb/ros2_ws/install/zed_topic_benchmark_component/lib:/home/enesb/ros2_ws/install/zed_topic_benchmark_interfaces/lib:/home/enesb/ros2_ws/install/zed_rgb_convert/lib:/home/enesb/ros2_ws/install/my_robot_interfaces/lib:/home/enesb/microros_ws/install/micro_ros_agent/lib:/home/enesb/microros_ws/install/micro_ros_msgs/lib:/usr/lib/x86_64-linux-gnu/gazebo-11/plugins:/opt/ros/humble/opt/rviz_ogre_vendor/lib:/opt/ros/humble/lib/x86_64-linux-gnu:/opt/ros/humble/lib /usr/bin/cmake --build /home/enesb/ros2_ws/build/zed_rgb_convert -- -j12 -l12
[4.015s] [35m[1mConsolidate compiler generated dependencies of target zed_rgb_convert_component[0m
[4.036s] [ 50%] Built target zed_rgb_convert_component
[4.049s] [35m[1mConsolidate compiler generated dependencies of target zed_rgb_convert[0m
[4.073s] [100%] Built target zed_rgb_convert
[4.086s] Invoked command in '/home/enesb/ros2_ws/build/zed_rgb_convert' returned '0': CMAKE_PREFIX_PATH=/home/enesb/ros2_ws/install/zed_components:/home/enesb/ros2_ws/install/zed_interfaces:/home/enesb/ros2_ws/install/zed_ros2:/home/enesb/ros2_ws/install/zed_multi_camera:/home/enesb/ros2_ws/install/zed_display_rviz2:/home/enesb/ros2_ws/install/zed_wrapper:/home/enesb/ros2_ws/install/zed_tutorial_video:/home/enesb/ros2_ws/install/zed_tutorial_pos_tracking:/home/enesb/ros2_ws/install/zed_tutorial_depth:/home/enesb/ros2_ws/install/zed_topic_benchmark:/home/enesb/ros2_ws/install/zed_topic_benchmark_component:/home/enesb/ros2_ws/install/zed_topic_benchmark_interfaces:/home/enesb/ros2_ws/install/zed_rgb_convert:/home/enesb/ros2_ws/install/my_robot_bringup:/home/enesb/ros2_ws/install/my_robot_interfaces:/home/enesb/ros2_ws/install/my_robot_description:/home/enesb/ros2_ws/install/my_cpp_pkg:/home/enesb/agv_ws/install/agv_test:/home/enesb/microros_ws/install/micro_ros_setup:/home/enesb/microros_ws/install/micro_ros_agent:/home/enesb/microros_ws/install/micro_ros_msgs:/home/enesb/ros2_ws/install/my_py_pkg:/opt/ros/humble LD_LIBRARY_PATH=/home/enesb/ros2_ws/install/zed_components/lib:/home/enesb/ros2_ws/install/zed_interfaces/lib:/home/enesb/ros2_ws/install/zed_topic_benchmark_component/lib:/home/enesb/ros2_ws/install/zed_topic_benchmark_interfaces/lib:/home/enesb/ros2_ws/install/zed_rgb_convert/lib:/home/enesb/ros2_ws/install/my_robot_interfaces/lib:/home/enesb/microros_ws/install/micro_ros_agent/lib:/home/enesb/microros_ws/install/micro_ros_msgs/lib:/usr/lib/x86_64-linux-gnu/gazebo-11/plugins:/opt/ros/humble/opt/rviz_ogre_vendor/lib:/opt/ros/humble/lib/x86_64-linux-gnu:/opt/ros/humble/lib /usr/bin/cmake --build /home/enesb/ros2_ws/build/zed_rgb_convert -- -j12 -l12
[4.119s] Invoking command in '/home/enesb/ros2_ws/build/zed_rgb_convert': CMAKE_PREFIX_PATH=/home/enesb/ros2_ws/install/zed_components:/home/enesb/ros2_ws/install/zed_interfaces:/home/enesb/ros2_ws/install/zed_ros2:/home/enesb/ros2_ws/install/zed_multi_camera:/home/enesb/ros2_ws/install/zed_display_rviz2:/home/enesb/ros2_ws/install/zed_wrapper:/home/enesb/ros2_ws/install/zed_tutorial_video:/home/enesb/ros2_ws/install/zed_tutorial_pos_tracking:/home/enesb/ros2_ws/install/zed_tutorial_depth:/home/enesb/ros2_ws/install/zed_topic_benchmark:/home/enesb/ros2_ws/install/zed_topic_benchmark_component:/home/enesb/ros2_ws/install/zed_topic_benchmark_interfaces:/home/enesb/ros2_ws/install/zed_rgb_convert:/home/enesb/ros2_ws/install/my_robot_bringup:/home/enesb/ros2_ws/install/my_robot_interfaces:/home/enesb/ros2_ws/install/my_robot_description:/home/enesb/ros2_ws/install/my_cpp_pkg:/home/enesb/agv_ws/install/agv_test:/home/enesb/microros_ws/install/micro_ros_setup:/home/enesb/microros_ws/install/micro_ros_agent:/home/enesb/microros_ws/install/micro_ros_msgs:/home/enesb/ros2_ws/install/my_py_pkg:/opt/ros/humble LD_LIBRARY_PATH=/home/enesb/ros2_ws/install/zed_components/lib:/home/enesb/ros2_ws/install/zed_interfaces/lib:/home/enesb/ros2_ws/install/zed_topic_benchmark_component/lib:/home/enesb/ros2_ws/install/zed_topic_benchmark_interfaces/lib:/home/enesb/ros2_ws/install/zed_rgb_convert/lib:/home/enesb/ros2_ws/install/my_robot_interfaces/lib:/home/enesb/microros_ws/install/micro_ros_agent/lib:/home/enesb/microros_ws/install/micro_ros_msgs/lib:/usr/lib/x86_64-linux-gnu/gazebo-11/plugins:/opt/ros/humble/opt/rviz_ogre_vendor/lib:/opt/ros/humble/lib/x86_64-linux-gnu:/opt/ros/humble/lib /usr/bin/cmake --install /home/enesb/ros2_ws/build/zed_rgb_convert
[4.129s] -- Install configuration: "Release"
[4.129s] -- Execute custom install script
[4.130s] -- Up-to-date symlink: /home/enesb/ros2_ws/install/zed_rgb_convert/lib/zed_rgb_convert/zed_rgb_convert
[4.130s] -- Up-to-date symlink: /home/enesb/ros2_ws/install/zed_rgb_convert/lib/libzed_rgb_convert_component.so
[4.130s] -- Up-to-date symlink: /home/enesb/ros2_ws/install/zed_rgb_convert/include/zed_rgb_convert//cvt_visibility_control.hpp
[4.131s] -- Up-to-date symlink: /home/enesb/ros2_ws/install/zed_rgb_convert/share/zed_rgb_convert/launch/zed_rgb_convert.launch.py
[4.131s] -- Up-to-date symlink: /home/enesb/ros2_ws/install/zed_rgb_convert/share/zed_rgb_convert/environment/library_path.sh
[4.131s] -- Up-to-date symlink: /home/enesb/ros2_ws/install/zed_rgb_convert/share/zed_rgb_convert/environment/library_path.dsv
[4.131s] -- Up-to-date symlink: /home/enesb/ros2_ws/install/zed_rgb_convert/share/ament_index/resource_index/package_run_dependencies/zed_rgb_convert
[4.131s] -- Up-to-date symlink: /home/enesb/ros2_ws/install/zed_rgb_convert/share/ament_index/resource_index/parent_prefix_path/zed_rgb_convert
[4.132s] -- Up-to-date symlink: /home/enesb/ros2_ws/install/zed_rgb_convert/share/zed_rgb_convert/environment/ament_prefix_path.sh
[4.132s] -- Up-to-date symlink: /home/enesb/ros2_ws/install/zed_rgb_convert/share/zed_rgb_convert/environment/ament_prefix_path.dsv
[4.132s] -- Up-to-date symlink: /home/enesb/ros2_ws/install/zed_rgb_convert/share/zed_rgb_convert/environment/path.sh
[4.132s] -- Up-to-date symlink: /home/enesb/ros2_ws/install/zed_rgb_convert/share/zed_rgb_convert/environment/path.dsv
[4.132s] -- Up-to-date symlink: /home/enesb/ros2_ws/install/zed_rgb_convert/share/zed_rgb_convert/local_setup.bash
[4.133s] -- Up-to-date symlink: /home/enesb/ros2_ws/install/zed_rgb_convert/share/zed_rgb_convert/local_setup.sh
[4.133s] -- Up-to-date symlink: /home/enesb/ros2_ws/install/zed_rgb_convert/share/zed_rgb_convert/local_setup.zsh
[4.133s] -- Up-to-date symlink: /home/enesb/ros2_ws/install/zed_rgb_convert/share/zed_rgb_convert/local_setup.dsv
[4.133s] -- Symlinking: /home/enesb/ros2_ws/install/zed_rgb_convert/share/zed_rgb_convert/package.dsv
[4.144s] -- Up-to-date symlink: /home/enesb/ros2_ws/install/zed_rgb_convert/share/ament_index/resource_index/packages/zed_rgb_convert
[4.145s] -- Up-to-date symlink: /home/enesb/ros2_ws/install/zed_rgb_convert/share/ament_index/resource_index/rclcpp_components/zed_rgb_convert
[4.145s] -- Up-to-date symlink: /home/enesb/ros2_ws/install/zed_rgb_convert/share/zed_rgb_convert/cmake/ament_cmake_export_include_directories-extras.cmake
[4.145s] -- Up-to-date symlink: /home/enesb/ros2_ws/install/zed_rgb_convert/share/zed_rgb_convert/cmake/ament_cmake_export_libraries-extras.cmake
[4.146s] -- Up-to-date symlink: /home/enesb/ros2_ws/install/zed_rgb_convert/share/zed_rgb_convert/cmake/ament_cmake_export_dependencies-extras.cmake
[4.146s] -- Up-to-date symlink: /home/enesb/ros2_ws/install/zed_rgb_convert/share/zed_rgb_convert/cmake/zed_rgb_convertConfig.cmake
[4.146s] -- Up-to-date symlink: /home/enesb/ros2_ws/install/zed_rgb_convert/share/zed_rgb_convert/cmake/zed_rgb_convertConfig-version.cmake
[4.146s] -- Up-to-date symlink: /home/enesb/ros2_ws/install/zed_rgb_convert/share/zed_rgb_convert/package.xml
[4.153s] Invoked command in '/home/enesb/ros2_ws/build/zed_rgb_convert' returned '0': CMAKE_PREFIX_PATH=/home/enesb/ros2_ws/install/zed_components:/home/enesb/ros2_ws/install/zed_interfaces:/home/enesb/ros2_ws/install/zed_ros2:/home/enesb/ros2_ws/install/zed_multi_camera:/home/enesb/ros2_ws/install/zed_display_rviz2:/home/enesb/ros2_ws/install/zed_wrapper:/home/enesb/ros2_ws/install/zed_tutorial_video:/home/enesb/ros2_ws/install/zed_tutorial_pos_tracking:/home/enesb/ros2_ws/install/zed_tutorial_depth:/home/enesb/ros2_ws/install/zed_topic_benchmark:/home/enesb/ros2_ws/install/zed_topic_benchmark_component:/home/enesb/ros2_ws/install/zed_topic_benchmark_interfaces:/home/enesb/ros2_ws/install/zed_rgb_convert:/home/enesb/ros2_ws/install/my_robot_bringup:/home/enesb/ros2_ws/install/my_robot_interfaces:/home/enesb/ros2_ws/install/my_robot_description:/home/enesb/ros2_ws/install/my_cpp_pkg:/home/enesb/agv_ws/install/agv_test:/home/enesb/microros_ws/install/micro_ros_setup:/home/enesb/microros_ws/install/micro_ros_agent:/home/enesb/microros_ws/install/micro_ros_msgs:/home/enesb/ros2_ws/install/my_py_pkg:/opt/ros/humble LD_LIBRARY_PATH=/home/enesb/ros2_ws/install/zed_components/lib:/home/enesb/ros2_ws/install/zed_interfaces/lib:/home/enesb/ros2_ws/install/zed_topic_benchmark_component/lib:/home/enesb/ros2_ws/install/zed_topic_benchmark_interfaces/lib:/home/enesb/ros2_ws/install/zed_rgb_convert/lib:/home/enesb/ros2_ws/install/my_robot_interfaces/lib:/home/enesb/microros_ws/install/micro_ros_agent/lib:/home/enesb/microros_ws/install/micro_ros_msgs/lib:/usr/lib/x86_64-linux-gnu/gazebo-11/plugins:/opt/ros/humble/opt/rviz_ogre_vendor/lib:/opt/ros/humble/lib/x86_64-linux-gnu:/opt/ros/humble/lib /usr/bin/cmake --install /home/enesb/ros2_ws/build/zed_rgb_convert
