[0.011s] Invoking command in '/home/enesb/ros2_ws/build/zed_components': CMAKE_PREFIX_PATH=/home/enesb/ros2_ws/install/zed_interfaces:/home/enesb/ros2_ws/install/zed_ros2:/home/enesb/ros2_ws/install/zed_multi_camera:/home/enesb/ros2_ws/install/zed_display_rviz2:/home/enesb/ros2_ws/install/zed_wrapper:/home/enesb/ros2_ws/install/zed_tutorial_video:/home/enesb/ros2_ws/install/zed_tutorial_pos_tracking:/home/enesb/ros2_ws/install/zed_tutorial_depth:/home/enesb/ros2_ws/install/zed_topic_benchmark:/home/enesb/ros2_ws/install/zed_topic_benchmark_component:/home/enesb/ros2_ws/install/zed_topic_benchmark_interfaces:/home/enesb/ros2_ws/install/zed_rgb_convert:/home/enesb/ros2_ws/install/zed_components:/home/enesb/ros2_ws/install/my_robot_bringup:/home/enesb/ros2_ws/install/my_robot_interfaces:/home/enesb/ros2_ws/install/my_robot_description:/home/enesb/ros2_ws/install/my_cpp_pkg:/home/enesb/agv_ws/install/agv_test:/home/enesb/microros_ws/install/micro_ros_setup:/home/enesb/microros_ws/install/micro_ros_agent:/home/enesb/microros_ws/install/micro_ros_msgs:/home/enesb/ros2_ws/install/my_py_pkg:/opt/ros/humble LD_LIBRARY_PATH=/home/enesb/ros2_ws/install/zed_interfaces/lib:/home/enesb/ros2_ws/install/zed_topic_benchmark_component/lib:/home/enesb/ros2_ws/install/zed_topic_benchmark_interfaces/lib:/home/enesb/ros2_ws/install/zed_rgb_convert/lib:/home/enesb/ros2_ws/install/zed_components/lib:/home/enesb/ros2_ws/install/my_robot_interfaces/lib:/home/enesb/microros_ws/install/micro_ros_agent/lib:/home/enesb/microros_ws/install/micro_ros_msgs/lib:/usr/lib/x86_64-linux-gnu/gazebo-11/plugins:/opt/ros/humble/opt/rviz_ogre_vendor/lib:/opt/ros/humble/lib/x86_64-linux-gnu:/opt/ros/humble/lib /usr/bin/cmake /home/enesb/ros2_ws/src/zed-ros2-wrapper/zed_components -DCMAKE_INSTALL_PREFIX=/home/enesb/ros2_ws/install/zed_components
[0.057s] -- Found CUDA: /usr/local/cuda (found suitable version "12.3", minimum required is "12") 
[0.090s] -- Found CUDA: /usr/local/cuda (found version "12.3") 
[0.091s] -- Found ament_cmake_auto: 1.3.5 (/opt/ros/humble/share/ament_cmake_auto/cmake)
[0.212s] -- Override CMake install command with custom implementation using symlinks instead of copying resources
[0.287s] -- Found rosidl_generator_c: 3.1.5 (/opt/ros/humble/share/rosidl_generator_c/cmake)
[0.289s] -- Found rosidl_adapter: 3.1.5 (/opt/ros/humble/share/rosidl_adapter/cmake)
[0.294s] -- Found rosidl_generator_cpp: 3.1.5 (/opt/ros/humble/share/rosidl_generator_cpp/cmake)
[0.305s] -- Using all available rosidl_typesupport_c: rosidl_typesupport_fastrtps_c;rosidl_typesupport_introspection_c
[0.319s] -- Using all available rosidl_typesupport_cpp: rosidl_typesupport_fastrtps_cpp;rosidl_typesupport_introspection_cpp
[0.588s] -- Found rmw_implementation_cmake: 6.1.1 (/opt/ros/humble/share/rmw_implementation_cmake/cmake)
[0.590s] -- Found rmw_fastrtps_cpp: 6.2.3 (/opt/ros/humble/share/rmw_fastrtps_cpp/cmake)
[0.690s] -- Using RMW implementation 'rmw_fastrtps_cpp' as default
[1.545s] -- Found eigen3_cmake_module: 0.1.1 (/opt/ros/humble/share/eigen3_cmake_module/cmake)
[1.546s] -- Ensuring Eigen3 include directory is part of orocos-kdl CMake target
[1.881s] -- Found ament_lint_auto: 0.12.7 (/opt/ros/humble/share/ament_lint_auto/cmake)
[1.902s] -- Added test 'copyright' to check source files copyright and LICENSE
[1.903s] -- Added test 'cppcheck' to perform static code analysis on C / C++ code
[1.903s] -- Configured cppcheck include dirs: /home/enesb/ros2_ws/src/zed-ros2-wrapper/zed_components/src/include;/home/enesb/ros2_ws/src/zed-ros2-wrapper/zed_components/src/zed_camera/include;/home/enesb/ros2_ws/src/zed-ros2-wrapper/zed_components/src/tools/include
[1.903s] -- Configured cppcheck exclude dirs and/or files: 
[1.904s] -- Added test 'lint_cmake' to check CMake code style
[1.904s] -- Added test 'uncrustify' to check C / C++ code style
[1.904s] -- Configured uncrustify additional arguments: 
[1.905s] -- Added test 'xmllint' to check XML markup files
[1.907s] -- Configuring done
[1.922s] -- Generating done
[1.924s] -- Build files have been written to: /home/enesb/ros2_ws/build/zed_components
[1.932s] Invoked command in '/home/enesb/ros2_ws/build/zed_components' returned '0': CMAKE_PREFIX_PATH=/home/enesb/ros2_ws/install/zed_interfaces:/home/enesb/ros2_ws/install/zed_ros2:/home/enesb/ros2_ws/install/zed_multi_camera:/home/enesb/ros2_ws/install/zed_display_rviz2:/home/enesb/ros2_ws/install/zed_wrapper:/home/enesb/ros2_ws/install/zed_tutorial_video:/home/enesb/ros2_ws/install/zed_tutorial_pos_tracking:/home/enesb/ros2_ws/install/zed_tutorial_depth:/home/enesb/ros2_ws/install/zed_topic_benchmark:/home/enesb/ros2_ws/install/zed_topic_benchmark_component:/home/enesb/ros2_ws/install/zed_topic_benchmark_interfaces:/home/enesb/ros2_ws/install/zed_rgb_convert:/home/enesb/ros2_ws/install/zed_components:/home/enesb/ros2_ws/install/my_robot_bringup:/home/enesb/ros2_ws/install/my_robot_interfaces:/home/enesb/ros2_ws/install/my_robot_description:/home/enesb/ros2_ws/install/my_cpp_pkg:/home/enesb/agv_ws/install/agv_test:/home/enesb/microros_ws/install/micro_ros_setup:/home/enesb/microros_ws/install/micro_ros_agent:/home/enesb/microros_ws/install/micro_ros_msgs:/home/enesb/ros2_ws/install/my_py_pkg:/opt/ros/humble LD_LIBRARY_PATH=/home/enesb/ros2_ws/install/zed_interfaces/lib:/home/enesb/ros2_ws/install/zed_topic_benchmark_component/lib:/home/enesb/ros2_ws/install/zed_topic_benchmark_interfaces/lib:/home/enesb/ros2_ws/install/zed_rgb_convert/lib:/home/enesb/ros2_ws/install/zed_components/lib:/home/enesb/ros2_ws/install/my_robot_interfaces/lib:/home/enesb/microros_ws/install/micro_ros_agent/lib:/home/enesb/microros_ws/install/micro_ros_msgs/lib:/usr/lib/x86_64-linux-gnu/gazebo-11/plugins:/opt/ros/humble/opt/rviz_ogre_vendor/lib:/opt/ros/humble/lib/x86_64-linux-gnu:/opt/ros/humble/lib /usr/bin/cmake /home/enesb/ros2_ws/src/zed-ros2-wrapper/zed_components -DCMAKE_INSTALL_PREFIX=/home/enesb/ros2_ws/install/zed_components
[1.933s] Invoking command in '/home/enesb/ros2_ws/build/zed_components': CMAKE_PREFIX_PATH=/home/enesb/ros2_ws/install/zed_interfaces:/home/enesb/ros2_ws/install/zed_ros2:/home/enesb/ros2_ws/install/zed_multi_camera:/home/enesb/ros2_ws/install/zed_display_rviz2:/home/enesb/ros2_ws/install/zed_wrapper:/home/enesb/ros2_ws/install/zed_tutorial_video:/home/enesb/ros2_ws/install/zed_tutorial_pos_tracking:/home/enesb/ros2_ws/install/zed_tutorial_depth:/home/enesb/ros2_ws/install/zed_topic_benchmark:/home/enesb/ros2_ws/install/zed_topic_benchmark_component:/home/enesb/ros2_ws/install/zed_topic_benchmark_interfaces:/home/enesb/ros2_ws/install/zed_rgb_convert:/home/enesb/ros2_ws/install/zed_components:/home/enesb/ros2_ws/install/my_robot_bringup:/home/enesb/ros2_ws/install/my_robot_interfaces:/home/enesb/ros2_ws/install/my_robot_description:/home/enesb/ros2_ws/install/my_cpp_pkg:/home/enesb/agv_ws/install/agv_test:/home/enesb/microros_ws/install/micro_ros_setup:/home/enesb/microros_ws/install/micro_ros_agent:/home/enesb/microros_ws/install/micro_ros_msgs:/home/enesb/ros2_ws/install/my_py_pkg:/opt/ros/humble LD_LIBRARY_PATH=/home/enesb/ros2_ws/install/zed_interfaces/lib:/home/enesb/ros2_ws/install/zed_topic_benchmark_component/lib:/home/enesb/ros2_ws/install/zed_topic_benchmark_interfaces/lib:/home/enesb/ros2_ws/install/zed_rgb_convert/lib:/home/enesb/ros2_ws/install/zed_components/lib:/home/enesb/ros2_ws/install/my_robot_interfaces/lib:/home/enesb/microros_ws/install/micro_ros_agent/lib:/home/enesb/microros_ws/install/micro_ros_msgs/lib:/usr/lib/x86_64-linux-gnu/gazebo-11/plugins:/opt/ros/humble/opt/rviz_ogre_vendor/lib:/opt/ros/humble/lib/x86_64-linux-gnu:/opt/ros/humble/lib /usr/bin/cmake --build /home/enesb/ros2_ws/build/zed_components -- -j12 -l12
[1.963s] [35m[1mConsolidate compiler generated dependencies of target zed_camera_component[0m
[1.978s] [100%] Built target zed_camera_component
[1.987s] Invoked command in '/home/enesb/ros2_ws/build/zed_components' returned '0': CMAKE_PREFIX_PATH=/home/enesb/ros2_ws/install/zed_interfaces:/home/enesb/ros2_ws/install/zed_ros2:/home/enesb/ros2_ws/install/zed_multi_camera:/home/enesb/ros2_ws/install/zed_display_rviz2:/home/enesb/ros2_ws/install/zed_wrapper:/home/enesb/ros2_ws/install/zed_tutorial_video:/home/enesb/ros2_ws/install/zed_tutorial_pos_tracking:/home/enesb/ros2_ws/install/zed_tutorial_depth:/home/enesb/ros2_ws/install/zed_topic_benchmark:/home/enesb/ros2_ws/install/zed_topic_benchmark_component:/home/enesb/ros2_ws/install/zed_topic_benchmark_interfaces:/home/enesb/ros2_ws/install/zed_rgb_convert:/home/enesb/ros2_ws/install/zed_components:/home/enesb/ros2_ws/install/my_robot_bringup:/home/enesb/ros2_ws/install/my_robot_interfaces:/home/enesb/ros2_ws/install/my_robot_description:/home/enesb/ros2_ws/install/my_cpp_pkg:/home/enesb/agv_ws/install/agv_test:/home/enesb/microros_ws/install/micro_ros_setup:/home/enesb/microros_ws/install/micro_ros_agent:/home/enesb/microros_ws/install/micro_ros_msgs:/home/enesb/ros2_ws/install/my_py_pkg:/opt/ros/humble LD_LIBRARY_PATH=/home/enesb/ros2_ws/install/zed_interfaces/lib:/home/enesb/ros2_ws/install/zed_topic_benchmark_component/lib:/home/enesb/ros2_ws/install/zed_topic_benchmark_interfaces/lib:/home/enesb/ros2_ws/install/zed_rgb_convert/lib:/home/enesb/ros2_ws/install/zed_components/lib:/home/enesb/ros2_ws/install/my_robot_interfaces/lib:/home/enesb/microros_ws/install/micro_ros_agent/lib:/home/enesb/microros_ws/install/micro_ros_msgs/lib:/usr/lib/x86_64-linux-gnu/gazebo-11/plugins:/opt/ros/humble/opt/rviz_ogre_vendor/lib:/opt/ros/humble/lib/x86_64-linux-gnu:/opt/ros/humble/lib /usr/bin/cmake --build /home/enesb/ros2_ws/build/zed_components -- -j12 -l12
[2.008s] Invoking command in '/home/enesb/ros2_ws/build/zed_components': CMAKE_PREFIX_PATH=/home/enesb/ros2_ws/install/zed_interfaces:/home/enesb/ros2_ws/install/zed_ros2:/home/enesb/ros2_ws/install/zed_multi_camera:/home/enesb/ros2_ws/install/zed_display_rviz2:/home/enesb/ros2_ws/install/zed_wrapper:/home/enesb/ros2_ws/install/zed_tutorial_video:/home/enesb/ros2_ws/install/zed_tutorial_pos_tracking:/home/enesb/ros2_ws/install/zed_tutorial_depth:/home/enesb/ros2_ws/install/zed_topic_benchmark:/home/enesb/ros2_ws/install/zed_topic_benchmark_component:/home/enesb/ros2_ws/install/zed_topic_benchmark_interfaces:/home/enesb/ros2_ws/install/zed_rgb_convert:/home/enesb/ros2_ws/install/zed_components:/home/enesb/ros2_ws/install/my_robot_bringup:/home/enesb/ros2_ws/install/my_robot_interfaces:/home/enesb/ros2_ws/install/my_robot_description:/home/enesb/ros2_ws/install/my_cpp_pkg:/home/enesb/agv_ws/install/agv_test:/home/enesb/microros_ws/install/micro_ros_setup:/home/enesb/microros_ws/install/micro_ros_agent:/home/enesb/microros_ws/install/micro_ros_msgs:/home/enesb/ros2_ws/install/my_py_pkg:/opt/ros/humble LD_LIBRARY_PATH=/home/enesb/ros2_ws/install/zed_interfaces/lib:/home/enesb/ros2_ws/install/zed_topic_benchmark_component/lib:/home/enesb/ros2_ws/install/zed_topic_benchmark_interfaces/lib:/home/enesb/ros2_ws/install/zed_rgb_convert/lib:/home/enesb/ros2_ws/install/zed_components/lib:/home/enesb/ros2_ws/install/my_robot_interfaces/lib:/home/enesb/microros_ws/install/micro_ros_agent/lib:/home/enesb/microros_ws/install/micro_ros_msgs/lib:/usr/lib/x86_64-linux-gnu/gazebo-11/plugins:/opt/ros/humble/opt/rviz_ogre_vendor/lib:/opt/ros/humble/lib/x86_64-linux-gnu:/opt/ros/humble/lib /usr/bin/cmake --install /home/enesb/ros2_ws/build/zed_components
[2.013s] -- Install configuration: "Release"
[2.014s] -- Execute custom install script
[2.014s] -- Up-to-date symlink: /home/enesb/ros2_ws/install/zed_components/lib/libzed_camera_component.so
[2.014s] -- Up-to-date symlink: /home/enesb/ros2_ws/install/zed_components/include/zed_components//cost_traversability.hpp
[2.014s] -- Up-to-date symlink: /home/enesb/ros2_ws/install/zed_components/include/zed_components//sl_types.hpp
[2.014s] -- Up-to-date symlink: /home/enesb/ros2_ws/install/zed_components/include/zed_components//zed_camera_component.hpp
[2.014s] -- Up-to-date symlink: /home/enesb/ros2_ws/install/zed_components/include/zed_components//sl_logging.hpp
[2.015s] -- Up-to-date symlink: /home/enesb/ros2_ws/install/zed_components/include/zed_components//sl_tools.hpp
[2.015s] -- Up-to-date symlink: /home/enesb/ros2_ws/install/zed_components/include/zed_components//sl_win_avg.hpp
[2.015s] -- Up-to-date symlink: /home/enesb/ros2_ws/install/zed_components/include/zed_components//visibility_control.hpp
[2.015s] -- Up-to-date symlink: /home/enesb/ros2_ws/install/zed_components/share/zed_components/environment/library_path.sh
[2.015s] -- Up-to-date symlink: /home/enesb/ros2_ws/install/zed_components/share/zed_components/environment/library_path.dsv
[2.015s] -- Up-to-date symlink: /home/enesb/ros2_ws/install/zed_components/share/ament_index/resource_index/package_run_dependencies/zed_components
[2.015s] -- Up-to-date symlink: /home/enesb/ros2_ws/install/zed_components/share/ament_index/resource_index/parent_prefix_path/zed_components
[2.015s] -- Up-to-date symlink: /home/enesb/ros2_ws/install/zed_components/share/zed_components/environment/ament_prefix_path.sh
[2.015s] -- Up-to-date symlink: /home/enesb/ros2_ws/install/zed_components/share/zed_components/environment/ament_prefix_path.dsv
[2.016s] -- Up-to-date symlink: /home/enesb/ros2_ws/install/zed_components/share/zed_components/environment/path.sh
[2.016s] -- Up-to-date symlink: /home/enesb/ros2_ws/install/zed_components/share/zed_components/environment/path.dsv
[2.016s] -- Up-to-date symlink: /home/enesb/ros2_ws/install/zed_components/share/zed_components/local_setup.bash
[2.016s] -- Up-to-date symlink: /home/enesb/ros2_ws/install/zed_components/share/zed_components/local_setup.sh
[2.016s] -- Up-to-date symlink: /home/enesb/ros2_ws/install/zed_components/share/zed_components/local_setup.zsh
[2.016s] -- Up-to-date symlink: /home/enesb/ros2_ws/install/zed_components/share/zed_components/local_setup.dsv
[2.016s] -- Symlinking: /home/enesb/ros2_ws/install/zed_components/share/zed_components/package.dsv
[2.022s] -- Up-to-date symlink: /home/enesb/ros2_ws/install/zed_components/share/ament_index/resource_index/packages/zed_components
[2.022s] -- Up-to-date symlink: /home/enesb/ros2_ws/install/zed_components/share/ament_index/resource_index/rclcpp_components/zed_components
[2.022s] -- Up-to-date symlink: /home/enesb/ros2_ws/install/zed_components/share/zed_components/cmake/ament_cmake_export_include_directories-extras.cmake
[2.022s] -- Up-to-date symlink: /home/enesb/ros2_ws/install/zed_components/share/zed_components/cmake/ament_cmake_export_libraries-extras.cmake
[2.022s] -- Up-to-date symlink: /home/enesb/ros2_ws/install/zed_components/share/zed_components/cmake/ament_cmake_export_dependencies-extras.cmake
[2.023s] -- Up-to-date symlink: /home/enesb/ros2_ws/install/zed_components/share/zed_components/cmake/zed_componentsConfig.cmake
[2.023s] -- Up-to-date symlink: /home/enesb/ros2_ws/install/zed_components/share/zed_components/cmake/zed_componentsConfig-version.cmake
[2.023s] -- Up-to-date symlink: /home/enesb/ros2_ws/install/zed_components/share/zed_components/package.xml
[2.026s] Invoked command in '/home/enesb/ros2_ws/build/zed_components' returned '0': CMAKE_PREFIX_PATH=/home/enesb/ros2_ws/install/zed_interfaces:/home/enesb/ros2_ws/install/zed_ros2:/home/enesb/ros2_ws/install/zed_multi_camera:/home/enesb/ros2_ws/install/zed_display_rviz2:/home/enesb/ros2_ws/install/zed_wrapper:/home/enesb/ros2_ws/install/zed_tutorial_video:/home/enesb/ros2_ws/install/zed_tutorial_pos_tracking:/home/enesb/ros2_ws/install/zed_tutorial_depth:/home/enesb/ros2_ws/install/zed_topic_benchmark:/home/enesb/ros2_ws/install/zed_topic_benchmark_component:/home/enesb/ros2_ws/install/zed_topic_benchmark_interfaces:/home/enesb/ros2_ws/install/zed_rgb_convert:/home/enesb/ros2_ws/install/zed_components:/home/enesb/ros2_ws/install/my_robot_bringup:/home/enesb/ros2_ws/install/my_robot_interfaces:/home/enesb/ros2_ws/install/my_robot_description:/home/enesb/ros2_ws/install/my_cpp_pkg:/home/enesb/agv_ws/install/agv_test:/home/enesb/microros_ws/install/micro_ros_setup:/home/enesb/microros_ws/install/micro_ros_agent:/home/enesb/microros_ws/install/micro_ros_msgs:/home/enesb/ros2_ws/install/my_py_pkg:/opt/ros/humble LD_LIBRARY_PATH=/home/enesb/ros2_ws/install/zed_interfaces/lib:/home/enesb/ros2_ws/install/zed_topic_benchmark_component/lib:/home/enesb/ros2_ws/install/zed_topic_benchmark_interfaces/lib:/home/enesb/ros2_ws/install/zed_rgb_convert/lib:/home/enesb/ros2_ws/install/zed_components/lib:/home/enesb/ros2_ws/install/my_robot_interfaces/lib:/home/enesb/microros_ws/install/micro_ros_agent/lib:/home/enesb/microros_ws/install/micro_ros_msgs/lib:/usr/lib/x86_64-linux-gnu/gazebo-11/plugins:/opt/ros/humble/opt/rviz_ogre_vendor/lib:/opt/ros/humble/lib/x86_64-linux-gnu:/opt/ros/humble/lib /usr/bin/cmake --install /home/enesb/ros2_ws/build/zed_components
