[0.026s] Invoking command in '/home/enesb/ros2_ws/build/zed_tutorial_video': CMAKE_PREFIX_PATH=${CMAKE_PREFIX_PATH}:/home/enesb/ros2_ws/install/my_py_pkg:/opt/ros/humble /usr/bin/cmake /home/enesb/ros2_ws/src/zed-ros2-examples/tutorials/zed_video_tutorial -DCMAKE_BUILD_TYPE=Release -DAMENT_CMAKE_SYMLINK_INSTALL=1 -DCMAKE_INSTALL_PREFIX=/home/enesb/ros2_ws/install/zed_tutorial_video
[0.080s] -- The C compiler identification is GNU 11.4.0
[0.144s] -- The CXX compiler identification is GNU 11.4.0
[0.152s] -- Detecting C compiler ABI info
[0.222s] -- Detecting C compiler ABI info - done
[0.235s] -- Check for working C compiler: /usr/bin/cc - skipped
[0.236s] -- Detecting C compile features
[0.236s] -- Detecting C compile features - done
[0.241s] -- Detecting CXX compiler ABI info
[0.330s] -- Detecting CXX compiler ABI info - done
[0.344s] -- Check for working CXX compiler: /usr/bin/c++ - skipped
[0.344s] -- Detecting CXX compile features
[0.345s] -- Detecting CXX compile features - done
[0.348s] -- Found ament_cmake_auto: 1.3.5 (/opt/ros/humble/share/ament_cmake_auto/cmake)
[0.554s] -- Found Python3: /usr/bin/python3.10 (found version "3.10.12") found components: Interpreter 
[0.624s] -- Override CMake install command with custom implementation using symlinks instead of copying resources
[0.767s] -- Found rosidl_generator_c: 3.1.5 (/opt/ros/humble/share/rosidl_generator_c/cmake)
[0.775s] -- Found rosidl_adapter: 3.1.5 (/opt/ros/humble/share/rosidl_adapter/cmake)
[0.788s] -- Found rosidl_generator_cpp: 3.1.5 (/opt/ros/humble/share/rosidl_generator_cpp/cmake)
[0.811s] -- Using all available rosidl_typesupport_c: rosidl_typesupport_fastrtps_c;rosidl_typesupport_introspection_c
[0.845s] -- Using all available rosidl_typesupport_cpp: rosidl_typesupport_fastrtps_cpp;rosidl_typesupport_introspection_cpp
[0.966s] -- Found rmw_implementation_cmake: 6.1.1 (/opt/ros/humble/share/rmw_implementation_cmake/cmake)
[0.971s] -- Found rmw_fastrtps_cpp: 6.2.3 (/opt/ros/humble/share/rmw_fastrtps_cpp/cmake)
[1.101s] -- Found OpenSSL: /usr/lib/x86_64-linux-gnu/libcrypto.so (found version "3.0.2")  
[1.129s] -- Found FastRTPS: /opt/ros/humble/include  
[1.177s] -- Using RMW implementation 'rmw_fastrtps_cpp' as default
[1.188s] -- Looking for pthread.h
[1.262s] -- Looking for pthread.h - found
[1.262s] -- Performing Test CMAKE_HAVE_LIBC_PTHREAD
[1.341s] -- Performing Test CMAKE_HAVE_LIBC_PTHREAD - Success
[1.342s] -- Found Threads: TRUE  
[1.660s] -- Found ament_lint_auto: 0.12.7 (/opt/ros/humble/share/ament_lint_auto/cmake)
[1.676s] -- Configuring done
[1.684s] -- Generating done
[1.685s] -- Build files have been written to: /home/enesb/ros2_ws/build/zed_tutorial_video
[1.697s] Invoked command in '/home/enesb/ros2_ws/build/zed_tutorial_video' returned '0': CMAKE_PREFIX_PATH=${CMAKE_PREFIX_PATH}:/home/enesb/ros2_ws/install/my_py_pkg:/opt/ros/humble /usr/bin/cmake /home/enesb/ros2_ws/src/zed-ros2-examples/tutorials/zed_video_tutorial -DCMAKE_BUILD_TYPE=Release -DAMENT_CMAKE_SYMLINK_INSTALL=1 -DCMAKE_INSTALL_PREFIX=/home/enesb/ros2_ws/install/zed_tutorial_video
[1.698s] Invoking command in '/home/enesb/ros2_ws/build/zed_tutorial_video': CMAKE_PREFIX_PATH=${CMAKE_PREFIX_PATH}:/home/enesb/ros2_ws/install/my_py_pkg:/opt/ros/humble /usr/bin/cmake --build /home/enesb/ros2_ws/build/zed_tutorial_video -- -j12 -l12
[1.741s] [ 50%] [32mBuilding CXX object CMakeFiles/zed_tutorial_video.dir/src/zed_video_sub_tutorial.cpp.o[0m
[20.481s] [100%] [32m[1mLinking CXX executable zed_tutorial_video[0m
[20.628s] [100%] Built target zed_tutorial_video
[20.641s] Invoked command in '/home/enesb/ros2_ws/build/zed_tutorial_video' returned '0': CMAKE_PREFIX_PATH=${CMAKE_PREFIX_PATH}:/home/enesb/ros2_ws/install/my_py_pkg:/opt/ros/humble /usr/bin/cmake --build /home/enesb/ros2_ws/build/zed_tutorial_video -- -j12 -l12
[20.664s] Invoking command in '/home/enesb/ros2_ws/build/zed_tutorial_video': CMAKE_PREFIX_PATH=${CMAKE_PREFIX_PATH}:/home/enesb/ros2_ws/install/my_py_pkg:/opt/ros/humble /usr/bin/cmake --install /home/enesb/ros2_ws/build/zed_tutorial_video
[20.671s] -- Install configuration: "Release"
[20.671s] -- Execute custom install script
[20.671s] -- Symlinking: /home/enesb/ros2_ws/install/zed_tutorial_video/lib/zed_tutorial_video/zed_tutorial_video
[20.680s] -- Symlinking: /home/enesb/ros2_ws/install/zed_tutorial_video/share/ament_index/resource_index/package_run_dependencies/zed_tutorial_video
[20.688s] -- Symlinking: /home/enesb/ros2_ws/install/zed_tutorial_video/share/ament_index/resource_index/parent_prefix_path/zed_tutorial_video
[20.697s] -- Symlinking: /home/enesb/ros2_ws/install/zed_tutorial_video/share/zed_tutorial_video/environment/ament_prefix_path.sh
[20.705s] -- Symlinking: /home/enesb/ros2_ws/install/zed_tutorial_video/share/zed_tutorial_video/environment/ament_prefix_path.dsv
[20.713s] -- Symlinking: /home/enesb/ros2_ws/install/zed_tutorial_video/share/zed_tutorial_video/environment/path.sh
[20.721s] -- Symlinking: /home/enesb/ros2_ws/install/zed_tutorial_video/share/zed_tutorial_video/environment/path.dsv
[20.729s] -- Symlinking: /home/enesb/ros2_ws/install/zed_tutorial_video/share/zed_tutorial_video/local_setup.bash
[20.737s] -- Symlinking: /home/enesb/ros2_ws/install/zed_tutorial_video/share/zed_tutorial_video/local_setup.sh
[20.744s] -- Symlinking: /home/enesb/ros2_ws/install/zed_tutorial_video/share/zed_tutorial_video/local_setup.zsh
[20.752s] -- Symlinking: /home/enesb/ros2_ws/install/zed_tutorial_video/share/zed_tutorial_video/local_setup.dsv
[20.760s] -- Symlinking: /home/enesb/ros2_ws/install/zed_tutorial_video/share/zed_tutorial_video/package.dsv
[20.768s] -- Symlinking: /home/enesb/ros2_ws/install/zed_tutorial_video/share/ament_index/resource_index/packages/zed_tutorial_video
[20.776s] -- Symlinking: /home/enesb/ros2_ws/install/zed_tutorial_video/share/zed_tutorial_video/cmake/zed_tutorial_videoConfig.cmake
[20.785s] -- Symlinking: /home/enesb/ros2_ws/install/zed_tutorial_video/share/zed_tutorial_video/cmake/zed_tutorial_videoConfig-version.cmake
[20.793s] -- Symlinking: /home/enesb/ros2_ws/install/zed_tutorial_video/share/zed_tutorial_video/package.xml
[20.807s] Invoked command in '/home/enesb/ros2_ws/build/zed_tutorial_video' returned '0': CMAKE_PREFIX_PATH=${CMAKE_PREFIX_PATH}:/home/enesb/ros2_ws/install/my_py_pkg:/opt/ros/humble /usr/bin/cmake --install /home/enesb/ros2_ws/build/zed_tutorial_video
