[0.094s] Invoking command in '/home/enesb/ros2_ws/build/my_robot_description': CMAKE_PREFIX_PATH=${CMAKE_PREFIX_PATH}:/home/enesb/ros2_ws/install/my_py_pkg:/opt/ros/humble /usr/bin/cmake --build /home/enesb/ros2_ws/build/my_robot_description -- -j12 -l12
[0.116s] -- Found ament_cmake: 1.3.7 (/opt/ros/humble/share/ament_cmake/cmake)
[0.336s] -- Override CMake install command with custom implementation using symlinks instead of copying resources
[0.403s] -- Configuring done
[0.406s] -- Generating done
[0.406s] -- Build files have been written to: /home/enesb/ros2_ws/build/my_robot_description
[0.422s] Invoked command in '/home/enesb/ros2_ws/build/my_robot_description' returned '0': CMAKE_PREFIX_PATH=${CMAKE_PREFIX_PATH}:/home/enesb/ros2_ws/install/my_py_pkg:/opt/ros/humble /usr/bin/cmake --build /home/enesb/ros2_ws/build/my_robot_description -- -j12 -l12
[0.446s] Invoking command in '/home/enesb/ros2_ws/build/my_robot_description': CMAKE_PREFIX_PATH=${CMAKE_PREFIX_PATH}:/home/enesb/ros2_ws/install/my_py_pkg:/opt/ros/humble /usr/bin/cmake --install /home/enesb/ros2_ws/build/my_robot_description
[0.451s] -- Install configuration: "Release"
[0.452s] -- Execute custom install script
[0.452s] -- Up-to-date symlink: /home/enesb/ros2_ws/install/my_robot_description/share/my_robot_description//urdf/camera.xacro
[0.452s] -- Up-to-date symlink: /home/enesb/ros2_ws/install/my_robot_description/share/my_robot_description//urdf/common_properties.xacro
[0.452s] -- Up-to-date symlink: /home/enesb/ros2_ws/install/my_robot_description/share/my_robot_description//urdf/mobile_base.xacro
[0.452s] -- Up-to-date symlink: /home/enesb/ros2_ws/install/my_robot_description/share/my_robot_description//urdf/mobile_base_gazebo.xacro
[0.453s] -- Up-to-date symlink: /home/enesb/ros2_ws/install/my_robot_description/share/my_robot_description//urdf/my_robot.urdf.xacro
[0.453s] -- Up-to-date symlink: /home/enesb/ros2_ws/install/my_robot_description/share/my_robot_description//urdf/ros2_control.xacro
[0.453s] -- Up-to-date symlink: /home/enesb/ros2_ws/install/my_robot_description/share/my_robot_description//launch/display.launch.py
[0.453s] -- Up-to-date symlink: /home/enesb/ros2_ws/install/my_robot_description/share/my_robot_description//launch/display.launch.xml
[0.453s] -- Up-to-date symlink: /home/enesb/ros2_ws/install/my_robot_description/share/my_robot_description//rviz/urdf_config.rviz
[0.453s] -- Up-to-date symlink: /home/enesb/ros2_ws/install/my_robot_description/share/my_robot_description//config/gazebo_params.yaml
[0.453s] -- Up-to-date symlink: /home/enesb/ros2_ws/install/my_robot_description/share/my_robot_description//config/my_controllers.yaml
[0.454s] -- Up-to-date symlink: /home/enesb/ros2_ws/install/my_robot_description/share/ament_index/resource_index/package_run_dependencies/my_robot_description
[0.454s] -- Up-to-date symlink: /home/enesb/ros2_ws/install/my_robot_description/share/ament_index/resource_index/parent_prefix_path/my_robot_description
[0.454s] -- Up-to-date symlink: /home/enesb/ros2_ws/install/my_robot_description/share/my_robot_description/environment/ament_prefix_path.sh
[0.454s] -- Up-to-date symlink: /home/enesb/ros2_ws/install/my_robot_description/share/my_robot_description/environment/ament_prefix_path.dsv
[0.454s] -- Up-to-date symlink: /home/enesb/ros2_ws/install/my_robot_description/share/my_robot_description/environment/path.sh
[0.454s] -- Up-to-date symlink: /home/enesb/ros2_ws/install/my_robot_description/share/my_robot_description/environment/path.dsv
[0.454s] -- Up-to-date symlink: /home/enesb/ros2_ws/install/my_robot_description/share/my_robot_description/local_setup.bash
[0.454s] -- Up-to-date symlink: /home/enesb/ros2_ws/install/my_robot_description/share/my_robot_description/local_setup.sh
[0.454s] -- Up-to-date symlink: /home/enesb/ros2_ws/install/my_robot_description/share/my_robot_description/local_setup.zsh
[0.455s] -- Up-to-date symlink: /home/enesb/ros2_ws/install/my_robot_description/share/my_robot_description/local_setup.dsv
[0.455s] -- Symlinking: /home/enesb/ros2_ws/install/my_robot_description/share/my_robot_description/package.dsv
[0.463s] -- Up-to-date symlink: /home/enesb/ros2_ws/install/my_robot_description/share/ament_index/resource_index/packages/my_robot_description
[0.463s] -- Up-to-date symlink: /home/enesb/ros2_ws/install/my_robot_description/share/my_robot_description/cmake/my_robot_descriptionConfig.cmake
[0.463s] -- Up-to-date symlink: /home/enesb/ros2_ws/install/my_robot_description/share/my_robot_description/cmake/my_robot_descriptionConfig-version.cmake
[0.464s] -- Up-to-date symlink: /home/enesb/ros2_ws/install/my_robot_description/share/my_robot_description/package.xml
[0.465s] Invoked command in '/home/enesb/ros2_ws/build/my_robot_description' returned '0': CMAKE_PREFIX_PATH=${CMAKE_PREFIX_PATH}:/home/enesb/ros2_ws/install/my_py_pkg:/opt/ros/humble /usr/bin/cmake --install /home/enesb/ros2_ws/build/my_robot_description
