[0.059s] Invoking command in '/home/enesb/ros2_ws/build/my_robot_interfaces': CMAKE_PREFIX_PATH=${CMAKE_PREFIX_PATH}:/home/enesb/ros2_ws/install/my_py_pkg:/opt/ros/humble /usr/bin/cmake --build /home/enesb/ros2_ws/build/my_robot_interfaces -- -j12 -l12
[0.109s] [  1%] Built target my_robot_interfaces__cpp
[0.128s] [ 12%] Built target my_robot_interfaces__rosidl_generator_c
[0.130s] [ 12%] Built target ament_cmake_python_symlink_my_robot_interfaces
[0.148s] [ 23%] Built target my_robot_interfaces__rosidl_typesupport_fastrtps_cpp
[0.183s] [ 34%] Built target my_robot_interfaces__rosidl_typesupport_introspection_cpp
[0.186s] [ 45%] Built target my_robot_interfaces__rosidl_typesupport_fastrtps_c
[0.196s] [ 56%] Built target my_robot_interfaces__rosidl_typesupport_cpp
[0.196s] [ 67%] Built target my_robot_interfaces__rosidl_typesupport_introspection_c
[0.198s] [ 78%] Built target my_robot_interfaces__rosidl_typesupport_c
[0.232s] [ 78%] Built target my_robot_interfaces
[0.260s] [ 80%] Built target my_robot_interfaces__py
[0.296s] [ 89%] Built target my_robot_interfaces__rosidl_generator_py
[0.329s] [ 92%] Built target my_robot_interfaces__rosidl_typesupport_fastrtps_c__pyext
[0.333s] [ 96%] Built target my_robot_interfaces__rosidl_typesupport_c__pyext
[0.335s] [100%] Built target my_robot_interfaces__rosidl_typesupport_introspection_c__pyext
[0.551s] running egg_info
[0.551s] writing my_robot_interfaces.egg-info/PKG-INFO
[0.551s] writing dependency_links to my_robot_interfaces.egg-info/dependency_links.txt
[0.551s] writing top-level names to my_robot_interfaces.egg-info/top_level.txt
[0.554s] reading manifest file 'my_robot_interfaces.egg-info/SOURCES.txt'
[0.555s] writing manifest file 'my_robot_interfaces.egg-info/SOURCES.txt'
[0.582s] [100%] Built target ament_cmake_python_build_my_robot_interfaces_egg
[0.593s] Invoked command in '/home/enesb/ros2_ws/build/my_robot_interfaces' returned '0': CMAKE_PREFIX_PATH=${CMAKE_PREFIX_PATH}:/home/enesb/ros2_ws/install/my_py_pkg:/opt/ros/humble /usr/bin/cmake --build /home/enesb/ros2_ws/build/my_robot_interfaces -- -j12 -l12
[0.688s] Invoking command in '/home/enesb/ros2_ws/build/my_robot_interfaces': CMAKE_PREFIX_PATH=${CMAKE_PREFIX_PATH}:/home/enesb/ros2_ws/install/my_py_pkg:/opt/ros/humble /usr/bin/cmake --install /home/enesb/ros2_ws/build/my_robot_interfaces
[0.694s] -- Install configuration: "Release"
[0.695s] -- Execute custom install script
[0.695s] -- Up-to-date symlink: /home/enesb/ros2_ws/install/my_robot_interfaces/share/ament_index/resource_index/rosidl_interfaces/my_robot_interfaces
[0.695s] -- Up-to-date symlink: /home/enesb/ros2_ws/install/my_robot_interfaces/include/my_robot_interfaces/my_robot_interfaces/msg/detail/hardware_status__functions.h
[0.695s] -- Up-to-date symlink: /home/enesb/ros2_ws/install/my_robot_interfaces/include/my_robot_interfaces/my_robot_interfaces/msg/detail/hardware_status__struct.h
[0.695s] -- Up-to-date symlink: /home/enesb/ros2_ws/install/my_robot_interfaces/include/my_robot_interfaces/my_robot_interfaces/msg/detail/hardware_status__type_support.h
[0.696s] -- Up-to-date symlink: /home/enesb/ros2_ws/install/my_robot_interfaces/include/my_robot_interfaces/my_robot_interfaces/msg/detail/led_state_array__functions.h
[0.696s] -- Up-to-date symlink: /home/enesb/ros2_ws/install/my_robot_interfaces/include/my_robot_interfaces/my_robot_interfaces/msg/detail/led_state_array__struct.h
[0.696s] -- Up-to-date symlink: /home/enesb/ros2_ws/install/my_robot_interfaces/include/my_robot_interfaces/my_robot_interfaces/msg/detail/led_state_array__type_support.h
[0.696s] -- Up-to-date symlink: /home/enesb/ros2_ws/install/my_robot_interfaces/include/my_robot_interfaces/my_robot_interfaces/msg/hardware_status.h
[0.696s] -- Up-to-date symlink: /home/enesb/ros2_ws/install/my_robot_interfaces/include/my_robot_interfaces/my_robot_interfaces/msg/led_state_array.h
[0.696s] -- Up-to-date symlink: /home/enesb/ros2_ws/install/my_robot_interfaces/include/my_robot_interfaces/my_robot_interfaces/msg/rosidl_generator_c__visibility_control.h
[0.696s] -- Up-to-date symlink: /home/enesb/ros2_ws/install/my_robot_interfaces/include/my_robot_interfaces/my_robot_interfaces/srv/compute_rectangle_area.h
[0.696s] -- Up-to-date symlink: /home/enesb/ros2_ws/install/my_robot_interfaces/include/my_robot_interfaces/my_robot_interfaces/srv/detail/compute_rectangle_area__functions.h
[0.696s] -- Up-to-date symlink: /home/enesb/ros2_ws/install/my_robot_interfaces/include/my_robot_interfaces/my_robot_interfaces/srv/detail/compute_rectangle_area__struct.h
[0.697s] -- Up-to-date symlink: /home/enesb/ros2_ws/install/my_robot_interfaces/include/my_robot_interfaces/my_robot_interfaces/srv/detail/compute_rectangle_area__type_support.h
[0.697s] -- Up-to-date symlink: /home/enesb/ros2_ws/install/my_robot_interfaces/include/my_robot_interfaces/my_robot_interfaces/srv/detail/set_led__functions.h
[0.697s] -- Up-to-date symlink: /home/enesb/ros2_ws/install/my_robot_interfaces/include/my_robot_interfaces/my_robot_interfaces/srv/detail/set_led__struct.h
[0.697s] -- Up-to-date symlink: /home/enesb/ros2_ws/install/my_robot_interfaces/include/my_robot_interfaces/my_robot_interfaces/srv/detail/set_led__type_support.h
[0.697s] -- Up-to-date symlink: /home/enesb/ros2_ws/install/my_robot_interfaces/include/my_robot_interfaces/my_robot_interfaces/srv/set_led.h
[0.697s] -- Up-to-date symlink: /home/enesb/ros2_ws/install/my_robot_interfaces/share/my_robot_interfaces/environment/library_path.sh
[0.697s] -- Up-to-date symlink: /home/enesb/ros2_ws/install/my_robot_interfaces/share/my_robot_interfaces/environment/library_path.dsv
[0.698s] -- Up-to-date symlink: /home/enesb/ros2_ws/install/my_robot_interfaces/include/my_robot_interfaces/my_robot_interfaces/msg/detail/hardware_status__rosidl_typesupport_fastrtps_c.h
[0.698s] -- Up-to-date symlink: /home/enesb/ros2_ws/install/my_robot_interfaces/include/my_robot_interfaces/my_robot_interfaces/msg/detail/led_state_array__rosidl_typesupport_fastrtps_c.h
[0.698s] -- Up-to-date symlink: /home/enesb/ros2_ws/install/my_robot_interfaces/include/my_robot_interfaces/my_robot_interfaces/msg/rosidl_typesupport_fastrtps_c__visibility_control.h
[0.698s] -- Up-to-date symlink: /home/enesb/ros2_ws/install/my_robot_interfaces/include/my_robot_interfaces/my_robot_interfaces/srv/detail/compute_rectangle_area__rosidl_typesupport_fastrtps_c.h
[0.698s] -- Up-to-date symlink: /home/enesb/ros2_ws/install/my_robot_interfaces/include/my_robot_interfaces/my_robot_interfaces/srv/detail/set_led__rosidl_typesupport_fastrtps_c.h
[0.698s] -- Up-to-date symlink: /home/enesb/ros2_ws/install/my_robot_interfaces/include/my_robot_interfaces/my_robot_interfaces/msg/detail/hardware_status__rosidl_typesupport_introspection_c.h
[0.699s] -- Up-to-date symlink: /home/enesb/ros2_ws/install/my_robot_interfaces/include/my_robot_interfaces/my_robot_interfaces/msg/detail/led_state_array__rosidl_typesupport_introspection_c.h
[0.699s] -- Up-to-date symlink: /home/enesb/ros2_ws/install/my_robot_interfaces/include/my_robot_interfaces/my_robot_interfaces/msg/rosidl_typesupport_introspection_c__visibility_control.h
[0.699s] -- Up-to-date symlink: /home/enesb/ros2_ws/install/my_robot_interfaces/include/my_robot_interfaces/my_robot_interfaces/srv/detail/compute_rectangle_area__rosidl_typesupport_introspection_c.h
[0.699s] -- Up-to-date symlink: /home/enesb/ros2_ws/install/my_robot_interfaces/include/my_robot_interfaces/my_robot_interfaces/srv/detail/set_led__rosidl_typesupport_introspection_c.h
[0.699s] -- Up-to-date symlink: /home/enesb/ros2_ws/install/my_robot_interfaces/include/my_robot_interfaces/my_robot_interfaces/msg/detail/hardware_status__builder.hpp
[0.699s] -- Up-to-date symlink: /home/enesb/ros2_ws/install/my_robot_interfaces/include/my_robot_interfaces/my_robot_interfaces/msg/detail/hardware_status__struct.hpp
[0.700s] -- Up-to-date symlink: /home/enesb/ros2_ws/install/my_robot_interfaces/include/my_robot_interfaces/my_robot_interfaces/msg/detail/hardware_status__traits.hpp
[0.700s] -- Up-to-date symlink: /home/enesb/ros2_ws/install/my_robot_interfaces/include/my_robot_interfaces/my_robot_interfaces/msg/detail/led_state_array__builder.hpp
[0.700s] -- Up-to-date symlink: /home/enesb/ros2_ws/install/my_robot_interfaces/include/my_robot_interfaces/my_robot_interfaces/msg/detail/led_state_array__struct.hpp
[0.700s] -- Up-to-date symlink: /home/enesb/ros2_ws/install/my_robot_interfaces/include/my_robot_interfaces/my_robot_interfaces/msg/detail/led_state_array__traits.hpp
[0.700s] -- Up-to-date symlink: /home/enesb/ros2_ws/install/my_robot_interfaces/include/my_robot_interfaces/my_robot_interfaces/msg/hardware_status.hpp
[0.700s] -- Up-to-date symlink: /home/enesb/ros2_ws/install/my_robot_interfaces/include/my_robot_interfaces/my_robot_interfaces/msg/led_state_array.hpp
[0.700s] -- Up-to-date symlink: /home/enesb/ros2_ws/install/my_robot_interfaces/include/my_robot_interfaces/my_robot_interfaces/srv/compute_rectangle_area.hpp
[0.700s] -- Up-to-date symlink: /home/enesb/ros2_ws/install/my_robot_interfaces/include/my_robot_interfaces/my_robot_interfaces/srv/detail/compute_rectangle_area__builder.hpp
[0.701s] -- Up-to-date symlink: /home/enesb/ros2_ws/install/my_robot_interfaces/include/my_robot_interfaces/my_robot_interfaces/srv/detail/compute_rectangle_area__struct.hpp
[0.701s] -- Up-to-date symlink: /home/enesb/ros2_ws/install/my_robot_interfaces/include/my_robot_interfaces/my_robot_interfaces/srv/detail/compute_rectangle_area__traits.hpp
[0.701s] -- Up-to-date symlink: /home/enesb/ros2_ws/install/my_robot_interfaces/include/my_robot_interfaces/my_robot_interfaces/srv/detail/set_led__builder.hpp
[0.701s] -- Up-to-date symlink: /home/enesb/ros2_ws/install/my_robot_interfaces/include/my_robot_interfaces/my_robot_interfaces/srv/detail/set_led__struct.hpp
[0.701s] -- Up-to-date symlink: /home/enesb/ros2_ws/install/my_robot_interfaces/include/my_robot_interfaces/my_robot_interfaces/srv/detail/set_led__traits.hpp
[0.701s] -- Up-to-date symlink: /home/enesb/ros2_ws/install/my_robot_interfaces/include/my_robot_interfaces/my_robot_interfaces/srv/set_led.hpp
[0.701s] -- Up-to-date symlink: /home/enesb/ros2_ws/install/my_robot_interfaces/include/my_robot_interfaces/my_robot_interfaces/msg/detail/hardware_status__rosidl_typesupport_fastrtps_cpp.hpp
[0.702s] -- Up-to-date symlink: /home/enesb/ros2_ws/install/my_robot_interfaces/include/my_robot_interfaces/my_robot_interfaces/msg/detail/led_state_array__rosidl_typesupport_fastrtps_cpp.hpp
[0.702s] -- Up-to-date symlink: /home/enesb/ros2_ws/install/my_robot_interfaces/include/my_robot_interfaces/my_robot_interfaces/msg/rosidl_typesupport_fastrtps_cpp__visibility_control.h
[0.702s] -- Up-to-date symlink: /home/enesb/ros2_ws/install/my_robot_interfaces/include/my_robot_interfaces/my_robot_interfaces/srv/detail/compute_rectangle_area__rosidl_typesupport_fastrtps_cpp.hpp
[0.702s] -- Up-to-date symlink: /home/enesb/ros2_ws/install/my_robot_interfaces/include/my_robot_interfaces/my_robot_interfaces/srv/detail/set_led__rosidl_typesupport_fastrtps_cpp.hpp
[0.702s] -- Up-to-date symlink: /home/enesb/ros2_ws/install/my_robot_interfaces/include/my_robot_interfaces/my_robot_interfaces/msg/detail/hardware_status__rosidl_typesupport_introspection_cpp.hpp
[0.702s] -- Up-to-date symlink: /home/enesb/ros2_ws/install/my_robot_interfaces/include/my_robot_interfaces/my_robot_interfaces/msg/detail/led_state_array__rosidl_typesupport_introspection_cpp.hpp
[0.702s] -- Up-to-date symlink: /home/enesb/ros2_ws/install/my_robot_interfaces/include/my_robot_interfaces/my_robot_interfaces/srv/detail/compute_rectangle_area__rosidl_typesupport_introspection_cpp.hpp
[0.702s] -- Up-to-date symlink: /home/enesb/ros2_ws/install/my_robot_interfaces/include/my_robot_interfaces/my_robot_interfaces/srv/detail/set_led__rosidl_typesupport_introspection_cpp.hpp
[0.703s] -- Up-to-date symlink: /home/enesb/ros2_ws/install/my_robot_interfaces/share/my_robot_interfaces/environment/pythonpath.sh
[0.703s] -- Up-to-date symlink: /home/enesb/ros2_ws/install/my_robot_interfaces/share/my_robot_interfaces/environment/pythonpath.dsv
[0.703s] -- Up-to-date symlink: /home/enesb/ros2_ws/install/my_robot_interfaces/local/lib/python3.10/dist-packages/my_robot_interfaces-0.0.0-py3.10.egg-info/PKG-INFO
[0.703s] -- Up-to-date symlink: /home/enesb/ros2_ws/install/my_robot_interfaces/local/lib/python3.10/dist-packages/my_robot_interfaces-0.0.0-py3.10.egg-info/SOURCES.txt
[0.703s] -- Up-to-date symlink: /home/enesb/ros2_ws/install/my_robot_interfaces/local/lib/python3.10/dist-packages/my_robot_interfaces-0.0.0-py3.10.egg-info/dependency_links.txt
[0.703s] -- Up-to-date symlink: /home/enesb/ros2_ws/install/my_robot_interfaces/local/lib/python3.10/dist-packages/my_robot_interfaces-0.0.0-py3.10.egg-info/top_level.txt
[0.704s] -- Up-to-date symlink: /home/enesb/ros2_ws/install/my_robot_interfaces/local/lib/python3.10/dist-packages/my_robot_interfaces/__init__.py
[0.704s] -- Up-to-date symlink: /home/enesb/ros2_ws/install/my_robot_interfaces/local/lib/python3.10/dist-packages/my_robot_interfaces/_my_robot_interfaces_s.ep.rosidl_typesupport_c.c
[0.704s] -- Up-to-date symlink: /home/enesb/ros2_ws/install/my_robot_interfaces/local/lib/python3.10/dist-packages/my_robot_interfaces/_my_robot_interfaces_s.ep.rosidl_typesupport_fastrtps_c.c
[0.704s] -- Up-to-date symlink: /home/enesb/ros2_ws/install/my_robot_interfaces/local/lib/python3.10/dist-packages/my_robot_interfaces/_my_robot_interfaces_s.ep.rosidl_typesupport_introspection_c.c
[0.704s] -- Up-to-date symlink: /home/enesb/ros2_ws/install/my_robot_interfaces/local/lib/python3.10/dist-packages/my_robot_interfaces/libmy_robot_interfaces__rosidl_generator_py.so
[0.704s] -- Up-to-date symlink: /home/enesb/ros2_ws/install/my_robot_interfaces/local/lib/python3.10/dist-packages/my_robot_interfaces/msg/__init__.py
[0.704s] -- Up-to-date symlink: /home/enesb/ros2_ws/install/my_robot_interfaces/local/lib/python3.10/dist-packages/my_robot_interfaces/msg/_hardware_status.py
[0.705s] -- Up-to-date symlink: /home/enesb/ros2_ws/install/my_robot_interfaces/local/lib/python3.10/dist-packages/my_robot_interfaces/msg/_hardware_status_s.c
[0.705s] -- Up-to-date symlink: /home/enesb/ros2_ws/install/my_robot_interfaces/local/lib/python3.10/dist-packages/my_robot_interfaces/msg/_led_state_array.py
[0.705s] -- Up-to-date symlink: /home/enesb/ros2_ws/install/my_robot_interfaces/local/lib/python3.10/dist-packages/my_robot_interfaces/msg/_led_state_array_s.c
[0.705s] -- Up-to-date symlink: /home/enesb/ros2_ws/install/my_robot_interfaces/local/lib/python3.10/dist-packages/my_robot_interfaces/my_robot_interfaces_s__rosidl_typesupport_c.cpython-310-x86_64-linux-gnu.so
[0.705s] -- Up-to-date symlink: /home/enesb/ros2_ws/install/my_robot_interfaces/local/lib/python3.10/dist-packages/my_robot_interfaces/my_robot_interfaces_s__rosidl_typesupport_fastrtps_c.cpython-310-x86_64-linux-gnu.so
[0.706s] -- Up-to-date symlink: /home/enesb/ros2_ws/install/my_robot_interfaces/local/lib/python3.10/dist-packages/my_robot_interfaces/my_robot_interfaces_s__rosidl_typesupport_introspection_c.cpython-310-x86_64-linux-gnu.so
[0.706s] -- Up-to-date symlink: /home/enesb/ros2_ws/install/my_robot_interfaces/local/lib/python3.10/dist-packages/my_robot_interfaces/srv/__init__.py
[0.706s] -- Up-to-date symlink: /home/enesb/ros2_ws/install/my_robot_interfaces/local/lib/python3.10/dist-packages/my_robot_interfaces/srv/_compute_rectangle_area.py
[0.706s] -- Up-to-date symlink: /home/enesb/ros2_ws/install/my_robot_interfaces/local/lib/python3.10/dist-packages/my_robot_interfaces/srv/_compute_rectangle_area_s.c
[0.706s] -- Up-to-date symlink: /home/enesb/ros2_ws/install/my_robot_interfaces/local/lib/python3.10/dist-packages/my_robot_interfaces/srv/_set_led.py
[0.706s] -- Up-to-date symlink: /home/enesb/ros2_ws/install/my_robot_interfaces/local/lib/python3.10/dist-packages/my_robot_interfaces/srv/_set_led_s.c
[0.706s] -- Up-to-date symlink: /home/enesb/ros2_ws/install/my_robot_interfaces/local/lib/python3.10/dist-packages/my_robot_interfaces/my_robot_interfaces_s__rosidl_typesupport_fastrtps_c.cpython-310-x86_64-linux-gnu.so
[0.707s] -- Up-to-date symlink: /home/enesb/ros2_ws/install/my_robot_interfaces/local/lib/python3.10/dist-packages/my_robot_interfaces/my_robot_interfaces_s__rosidl_typesupport_introspection_c.cpython-310-x86_64-linux-gnu.so
[0.707s] -- Up-to-date symlink: /home/enesb/ros2_ws/install/my_robot_interfaces/local/lib/python3.10/dist-packages/my_robot_interfaces/my_robot_interfaces_s__rosidl_typesupport_c.cpython-310-x86_64-linux-gnu.so
[0.707s] -- Up-to-date symlink: /home/enesb/ros2_ws/install/my_robot_interfaces/share/my_robot_interfaces/msg/HardwareStatus.idl
[0.707s] -- Up-to-date symlink: /home/enesb/ros2_ws/install/my_robot_interfaces/share/my_robot_interfaces/msg/LedStateArray.idl
[0.707s] -- Up-to-date symlink: /home/enesb/ros2_ws/install/my_robot_interfaces/share/my_robot_interfaces/srv/ComputeRectangleArea.idl
[0.707s] -- Up-to-date symlink: /home/enesb/ros2_ws/install/my_robot_interfaces/share/my_robot_interfaces/srv/SetLed.idl
[0.707s] -- Up-to-date symlink: /home/enesb/ros2_ws/install/my_robot_interfaces/share/my_robot_interfaces/msg/HardwareStatus.msg
[0.708s] -- Up-to-date symlink: /home/enesb/ros2_ws/install/my_robot_interfaces/share/my_robot_interfaces/msg/LedStateArray.msg
[0.708s] -- Up-to-date symlink: /home/enesb/ros2_ws/install/my_robot_interfaces/share/my_robot_interfaces/srv/ComputeRectangleArea.srv
[0.708s] -- Up-to-date symlink: /home/enesb/ros2_ws/install/my_robot_interfaces/share/my_robot_interfaces/srv/ComputeRectangleArea_Request.msg
[0.708s] -- Up-to-date symlink: /home/enesb/ros2_ws/install/my_robot_interfaces/share/my_robot_interfaces/srv/ComputeRectangleArea_Response.msg
[0.708s] -- Up-to-date symlink: /home/enesb/ros2_ws/install/my_robot_interfaces/share/my_robot_interfaces/srv/SetLed.srv
[0.708s] -- Up-to-date symlink: /home/enesb/ros2_ws/install/my_robot_interfaces/share/my_robot_interfaces/srv/SetLed_Request.msg
[0.708s] -- Up-to-date symlink: /home/enesb/ros2_ws/install/my_robot_interfaces/share/my_robot_interfaces/srv/SetLed_Response.msg
[0.708s] -- Up-to-date symlink: /home/enesb/ros2_ws/install/my_robot_interfaces/share/ament_index/resource_index/package_run_dependencies/my_robot_interfaces
[0.709s] -- Up-to-date symlink: /home/enesb/ros2_ws/install/my_robot_interfaces/share/ament_index/resource_index/parent_prefix_path/my_robot_interfaces
[0.709s] -- Up-to-date symlink: /home/enesb/ros2_ws/install/my_robot_interfaces/share/my_robot_interfaces/environment/ament_prefix_path.sh
[0.709s] -- Up-to-date symlink: /home/enesb/ros2_ws/install/my_robot_interfaces/share/my_robot_interfaces/environment/ament_prefix_path.dsv
[0.709s] -- Up-to-date symlink: /home/enesb/ros2_ws/install/my_robot_interfaces/share/my_robot_interfaces/environment/path.sh
[0.709s] -- Up-to-date symlink: /home/enesb/ros2_ws/install/my_robot_interfaces/share/my_robot_interfaces/environment/path.dsv
[0.709s] -- Up-to-date symlink: /home/enesb/ros2_ws/install/my_robot_interfaces/share/my_robot_interfaces/local_setup.bash
[0.709s] -- Up-to-date symlink: /home/enesb/ros2_ws/install/my_robot_interfaces/share/my_robot_interfaces/local_setup.sh
[0.710s] -- Up-to-date symlink: /home/enesb/ros2_ws/install/my_robot_interfaces/share/my_robot_interfaces/local_setup.zsh
[0.710s] -- Up-to-date symlink: /home/enesb/ros2_ws/install/my_robot_interfaces/share/my_robot_interfaces/local_setup.dsv
[0.710s] -- Symlinking: /home/enesb/ros2_ws/install/my_robot_interfaces/share/my_robot_interfaces/package.dsv
[0.718s] -- Up-to-date symlink: /home/enesb/ros2_ws/install/my_robot_interfaces/share/ament_index/resource_index/packages/my_robot_interfaces
[0.718s] -- Up-to-date symlink: /home/enesb/ros2_ws/install/my_robot_interfaces/share/my_robot_interfaces/cmake/rosidl_cmake-extras.cmake
[0.718s] -- Up-to-date symlink: /home/enesb/ros2_ws/install/my_robot_interfaces/share/my_robot_interfaces/cmake/ament_cmake_export_include_directories-extras.cmake
[0.718s] -- Up-to-date symlink: /home/enesb/ros2_ws/install/my_robot_interfaces/share/my_robot_interfaces/cmake/ament_cmake_export_libraries-extras.cmake
[0.718s] -- Up-to-date symlink: /home/enesb/ros2_ws/install/my_robot_interfaces/share/my_robot_interfaces/cmake/ament_cmake_export_targets-extras.cmake
[0.718s] -- Up-to-date symlink: /home/enesb/ros2_ws/install/my_robot_interfaces/share/my_robot_interfaces/cmake/rosidl_cmake_export_typesupport_targets-extras.cmake
[0.718s] -- Up-to-date symlink: /home/enesb/ros2_ws/install/my_robot_interfaces/share/my_robot_interfaces/cmake/ament_cmake_export_dependencies-extras.cmake
[0.718s] -- Up-to-date symlink: /home/enesb/ros2_ws/install/my_robot_interfaces/share/my_robot_interfaces/cmake/rosidl_cmake_export_typesupport_libraries-extras.cmake
[0.719s] -- Up-to-date symlink: /home/enesb/ros2_ws/install/my_robot_interfaces/share/my_robot_interfaces/cmake/my_robot_interfacesConfig.cmake
[0.719s] -- Up-to-date symlink: /home/enesb/ros2_ws/install/my_robot_interfaces/share/my_robot_interfaces/cmake/my_robot_interfacesConfig-version.cmake
[0.719s] -- Up-to-date symlink: /home/enesb/ros2_ws/install/my_robot_interfaces/share/my_robot_interfaces/package.xml
[0.719s] -- Up-to-date: /home/enesb/ros2_ws/install/my_robot_interfaces/lib/libmy_robot_interfaces__rosidl_generator_c.so
[0.719s] -- Up-to-date: /home/enesb/ros2_ws/install/my_robot_interfaces/lib/libmy_robot_interfaces__rosidl_typesupport_fastrtps_c.so
[0.719s] -- Up-to-date: /home/enesb/ros2_ws/install/my_robot_interfaces/lib/libmy_robot_interfaces__rosidl_typesupport_introspection_c.so
[0.720s] -- Up-to-date: /home/enesb/ros2_ws/install/my_robot_interfaces/lib/libmy_robot_interfaces__rosidl_typesupport_c.so
[0.720s] -- Up-to-date: /home/enesb/ros2_ws/install/my_robot_interfaces/lib/libmy_robot_interfaces__rosidl_typesupport_fastrtps_cpp.so
[0.721s] -- Up-to-date: /home/enesb/ros2_ws/install/my_robot_interfaces/lib/libmy_robot_interfaces__rosidl_typesupport_introspection_cpp.so
[0.721s] -- Up-to-date: /home/enesb/ros2_ws/install/my_robot_interfaces/lib/libmy_robot_interfaces__rosidl_typesupport_cpp.so
[0.751s] Listing '/home/enesb/ros2_ws/install/my_robot_interfaces/local/lib/python3.10/dist-packages/my_robot_interfaces'...
[0.751s] Listing '/home/enesb/ros2_ws/install/my_robot_interfaces/local/lib/python3.10/dist-packages/my_robot_interfaces/msg'...
[0.751s] Listing '/home/enesb/ros2_ws/install/my_robot_interfaces/local/lib/python3.10/dist-packages/my_robot_interfaces/srv'...
[0.755s] -- Up-to-date: /home/enesb/ros2_ws/install/my_robot_interfaces/lib/libmy_robot_interfaces__rosidl_generator_py.so
[0.755s] -- Up-to-date: /home/enesb/ros2_ws/install/my_robot_interfaces/share/my_robot_interfaces/cmake/export_my_robot_interfaces__rosidl_generator_cExport.cmake
[0.755s] -- Up-to-date: /home/enesb/ros2_ws/install/my_robot_interfaces/share/my_robot_interfaces/cmake/export_my_robot_interfaces__rosidl_generator_cExport-release.cmake
[0.756s] -- Up-to-date: /home/enesb/ros2_ws/install/my_robot_interfaces/share/my_robot_interfaces/cmake/export_my_robot_interfaces__rosidl_typesupport_fastrtps_cExport.cmake
[0.756s] -- Up-to-date: /home/enesb/ros2_ws/install/my_robot_interfaces/share/my_robot_interfaces/cmake/export_my_robot_interfaces__rosidl_typesupport_fastrtps_cExport-release.cmake
[0.756s] -- Up-to-date: /home/enesb/ros2_ws/install/my_robot_interfaces/share/my_robot_interfaces/cmake/my_robot_interfaces__rosidl_typesupport_introspection_cExport.cmake
[0.756s] -- Up-to-date: /home/enesb/ros2_ws/install/my_robot_interfaces/share/my_robot_interfaces/cmake/my_robot_interfaces__rosidl_typesupport_introspection_cExport-release.cmake
[0.756s] -- Up-to-date: /home/enesb/ros2_ws/install/my_robot_interfaces/share/my_robot_interfaces/cmake/my_robot_interfaces__rosidl_typesupport_cExport.cmake
[0.756s] -- Up-to-date: /home/enesb/ros2_ws/install/my_robot_interfaces/share/my_robot_interfaces/cmake/my_robot_interfaces__rosidl_typesupport_cExport-release.cmake
[0.756s] -- Up-to-date: /home/enesb/ros2_ws/install/my_robot_interfaces/share/my_robot_interfaces/cmake/export_my_robot_interfaces__rosidl_generator_cppExport.cmake
[0.756s] -- Up-to-date: /home/enesb/ros2_ws/install/my_robot_interfaces/share/my_robot_interfaces/cmake/export_my_robot_interfaces__rosidl_typesupport_fastrtps_cppExport.cmake
[0.756s] -- Up-to-date: /home/enesb/ros2_ws/install/my_robot_interfaces/share/my_robot_interfaces/cmake/export_my_robot_interfaces__rosidl_typesupport_fastrtps_cppExport-release.cmake
[0.757s] -- Up-to-date: /home/enesb/ros2_ws/install/my_robot_interfaces/share/my_robot_interfaces/cmake/my_robot_interfaces__rosidl_typesupport_introspection_cppExport.cmake
[0.757s] -- Up-to-date: /home/enesb/ros2_ws/install/my_robot_interfaces/share/my_robot_interfaces/cmake/my_robot_interfaces__rosidl_typesupport_introspection_cppExport-release.cmake
[0.757s] -- Up-to-date: /home/enesb/ros2_ws/install/my_robot_interfaces/share/my_robot_interfaces/cmake/my_robot_interfaces__rosidl_typesupport_cppExport.cmake
[0.757s] -- Up-to-date: /home/enesb/ros2_ws/install/my_robot_interfaces/share/my_robot_interfaces/cmake/my_robot_interfaces__rosidl_typesupport_cppExport-release.cmake
[0.757s] -- Up-to-date: /home/enesb/ros2_ws/install/my_robot_interfaces/share/my_robot_interfaces/cmake/export_my_robot_interfaces__rosidl_generator_pyExport.cmake
[0.757s] -- Up-to-date: /home/enesb/ros2_ws/install/my_robot_interfaces/share/my_robot_interfaces/cmake/export_my_robot_interfaces__rosidl_generator_pyExport-release.cmake
[0.762s] Invoked command in '/home/enesb/ros2_ws/build/my_robot_interfaces' returned '0': CMAKE_PREFIX_PATH=${CMAKE_PREFIX_PATH}:/home/enesb/ros2_ws/install/my_py_pkg:/opt/ros/humble /usr/bin/cmake --install /home/enesb/ros2_ws/build/my_robot_interfaces
