[0.053s] Invoking command in '/home/enesb/ros2_ws/build/my_robot_interfaces': CMAKE_PREFIX_PATH=${CMAKE_PREFIX_PATH}:/home/enesb/ros2_ws/install/my_py_pkg:/opt/ros/humble /usr/bin/cmake /home/enesb/ros2_ws/src/my_robot_interfaces -DCMAKE_INSTALL_PREFIX=/home/enesb/ros2_ws/install/my_robot_interfaces
[0.068s] -- Found ament_cmake: 1.3.5 (/opt/ros/humble/share/ament_cmake/cmake)
[0.222s] -- Override CMake install command with custom implementation using symlinks instead of copying resources
[0.229s] -- Found rosidl_default_generators: 1.2.0 (/opt/ros/humble/share/rosidl_default_generators/cmake)
[0.233s] -- Using all available rosidl_typesupport_c: rosidl_typesupport_fastrtps_c;rosidl_typesupport_introspection_c
[0.236s] -- Found rosidl_adapter: 3.1.5 (/opt/ros/humble/share/rosidl_adapter/cmake)
[0.270s] -- Using all available rosidl_typesupport_cpp: rosidl_typesupport_fastrtps_cpp;rosidl_typesupport_introspection_cpp
[0.619s] -- Found ament_cmake_ros: 0.10.0 (/opt/ros/humble/share/ament_cmake_ros/cmake)
[0.790s] -- Using all available rosidl_typesupport_c: rosidl_typesupport_fastrtps_c;rosidl_typesupport_introspection_c
[1.037s] -- Using all available rosidl_typesupport_cpp: rosidl_typesupport_fastrtps_cpp;rosidl_typesupport_introspection_cpp
[1.074s] -- Found python_cmake_module: 0.10.0 (/opt/ros/humble/share/python_cmake_module/cmake)
[1.106s] -- Using PYTHON_EXECUTABLE: /usr/bin/python3
[1.106s] -- Using PYTHON_INCLUDE_DIRS: /usr/include/python3.10
[1.106s] -- Using PYTHON_LIBRARIES: /usr/lib/x86_64-linux-gnu/libpython3.10.so
[1.138s] -- Configuring done
[1.170s] -- Generating done
[1.172s] -- Build files have been written to: /home/enesb/ros2_ws/build/my_robot_interfaces
[1.191s] Invoked command in '/home/enesb/ros2_ws/build/my_robot_interfaces' returned '0': CMAKE_PREFIX_PATH=${CMAKE_PREFIX_PATH}:/home/enesb/ros2_ws/install/my_py_pkg:/opt/ros/humble /usr/bin/cmake /home/enesb/ros2_ws/src/my_robot_interfaces -DCMAKE_INSTALL_PREFIX=/home/enesb/ros2_ws/install/my_robot_interfaces
[1.192s] Invoking command in '/home/enesb/ros2_ws/build/my_robot_interfaces': CMAKE_PREFIX_PATH=${CMAKE_PREFIX_PATH}:/home/enesb/ros2_ws/install/my_py_pkg:/opt/ros/humble /usr/bin/cmake --build /home/enesb/ros2_ws/build/my_robot_interfaces -- -j12 -l12
[1.227s] [35m[1mConsolidate compiler generated dependencies of target my_robot_interfaces__rosidl_generator_c[0m
[1.238s] [  1%] Built target my_robot_interfaces__cpp
[1.239s] [ 12%] Built target my_robot_interfaces__rosidl_generator_c
[1.246s] [ 12%] Built target ament_cmake_python_symlink_my_robot_interfaces
[1.251s] [35m[1mConsolidate compiler generated dependencies of target my_robot_interfaces__rosidl_typesupport_introspection_cpp[0m
[1.251s] [35m[1mConsolidate compiler generated dependencies of target my_robot_interfaces__rosidl_typesupport_cpp[0m
[1.252s] [35m[1mConsolidate compiler generated dependencies of target my_robot_interfaces__rosidl_typesupport_fastrtps_cpp[0m
[1.254s] [35m[1mConsolidate compiler generated dependencies of target my_robot_interfaces__rosidl_typesupport_c[0m
[1.256s] [35m[1mConsolidate compiler generated dependencies of target my_robot_interfaces__rosidl_typesupport_fastrtps_c[0m
[1.261s] [35m[1mConsolidate compiler generated dependencies of target my_robot_interfaces__rosidl_typesupport_introspection_c[0m
[1.270s] [ 23%] Built target my_robot_interfaces__rosidl_typesupport_c
[1.272s] [ 40%] Built target my_robot_interfaces__rosidl_typesupport_introspection_cpp
[1.272s] [ 45%] Built target my_robot_interfaces__rosidl_typesupport_cpp
[1.274s] [ 56%] Built target my_robot_interfaces__rosidl_typesupport_fastrtps_cpp
[1.276s] [ 69%] Built target my_robot_interfaces__rosidl_typesupport_fastrtps_c
[1.276s] [ 78%] Built target my_robot_interfaces__rosidl_typesupport_introspection_c
[1.295s] [ 78%] Built target my_robot_interfaces
[1.325s] [ 80%] Built target my_robot_interfaces__py
[1.333s] [35m[1mConsolidate compiler generated dependencies of target my_robot_interfaces__rosidl_generator_py[0m
[1.346s] [ 89%] Built target my_robot_interfaces__rosidl_generator_py
[1.355s] [35m[1mConsolidate compiler generated dependencies of target my_robot_interfaces__rosidl_typesupport_fastrtps_c__pyext[0m
[1.356s] [35m[1mConsolidate compiler generated dependencies of target my_robot_interfaces__rosidl_typesupport_c__pyext[0m
[1.358s] [35m[1mConsolidate compiler generated dependencies of target my_robot_interfaces__rosidl_typesupport_introspection_c__pyext[0m
[1.366s] [ 92%] Built target my_robot_interfaces__rosidl_typesupport_fastrtps_c__pyext
[1.366s] [ 96%] Built target my_robot_interfaces__rosidl_typesupport_c__pyext
[1.375s] [100%] Built target my_robot_interfaces__rosidl_typesupport_introspection_c__pyext
[1.533s] running egg_info
[1.533s] writing my_robot_interfaces.egg-info/PKG-INFO
[1.534s] writing dependency_links to my_robot_interfaces.egg-info/dependency_links.txt
[1.534s] writing top-level names to my_robot_interfaces.egg-info/top_level.txt
[1.536s] reading manifest file 'my_robot_interfaces.egg-info/SOURCES.txt'
[1.536s] writing manifest file 'my_robot_interfaces.egg-info/SOURCES.txt'
[1.560s] [100%] Built target ament_cmake_python_build_my_robot_interfaces_egg
[1.570s] Invoked command in '/home/enesb/ros2_ws/build/my_robot_interfaces' returned '0': CMAKE_PREFIX_PATH=${CMAKE_PREFIX_PATH}:/home/enesb/ros2_ws/install/my_py_pkg:/opt/ros/humble /usr/bin/cmake --build /home/enesb/ros2_ws/build/my_robot_interfaces -- -j12 -l12
[1.670s] Invoking command in '/home/enesb/ros2_ws/build/my_robot_interfaces': CMAKE_PREFIX_PATH=${CMAKE_PREFIX_PATH}:/home/enesb/ros2_ws/install/my_py_pkg:/opt/ros/humble /usr/bin/cmake --install /home/enesb/ros2_ws/build/my_robot_interfaces
[1.677s] -- Install configuration: "Release"
[1.677s] -- Execute custom install script
[1.677s] -- Up-to-date symlink: /home/enesb/ros2_ws/install/my_robot_interfaces/share/ament_index/resource_index/rosidl_interfaces/my_robot_interfaces
[1.678s] -- Up-to-date symlink: /home/enesb/ros2_ws/install/my_robot_interfaces/include/my_robot_interfaces/my_robot_interfaces/msg/detail/hardware_status__functions.h
[1.678s] -- Up-to-date symlink: /home/enesb/ros2_ws/install/my_robot_interfaces/include/my_robot_interfaces/my_robot_interfaces/msg/detail/hardware_status__struct.h
[1.678s] -- Up-to-date symlink: /home/enesb/ros2_ws/install/my_robot_interfaces/include/my_robot_interfaces/my_robot_interfaces/msg/detail/hardware_status__type_support.h
[1.678s] -- Up-to-date symlink: /home/enesb/ros2_ws/install/my_robot_interfaces/include/my_robot_interfaces/my_robot_interfaces/msg/detail/led_state_array__functions.h
[1.678s] -- Up-to-date symlink: /home/enesb/ros2_ws/install/my_robot_interfaces/include/my_robot_interfaces/my_robot_interfaces/msg/detail/led_state_array__struct.h
[1.678s] -- Up-to-date symlink: /home/enesb/ros2_ws/install/my_robot_interfaces/include/my_robot_interfaces/my_robot_interfaces/msg/detail/led_state_array__type_support.h
[1.678s] -- Up-to-date symlink: /home/enesb/ros2_ws/install/my_robot_interfaces/include/my_robot_interfaces/my_robot_interfaces/msg/hardware_status.h
[1.679s] -- Up-to-date symlink: /home/enesb/ros2_ws/install/my_robot_interfaces/include/my_robot_interfaces/my_robot_interfaces/msg/led_state_array.h
[1.679s] -- Up-to-date symlink: /home/enesb/ros2_ws/install/my_robot_interfaces/include/my_robot_interfaces/my_robot_interfaces/msg/rosidl_generator_c__visibility_control.h
[1.679s] -- Up-to-date symlink: /home/enesb/ros2_ws/install/my_robot_interfaces/include/my_robot_interfaces/my_robot_interfaces/srv/compute_rectangle_area.h
[1.679s] -- Up-to-date symlink: /home/enesb/ros2_ws/install/my_robot_interfaces/include/my_robot_interfaces/my_robot_interfaces/srv/detail/compute_rectangle_area__functions.h
[1.679s] -- Up-to-date symlink: /home/enesb/ros2_ws/install/my_robot_interfaces/include/my_robot_interfaces/my_robot_interfaces/srv/detail/compute_rectangle_area__struct.h
[1.679s] -- Up-to-date symlink: /home/enesb/ros2_ws/install/my_robot_interfaces/include/my_robot_interfaces/my_robot_interfaces/srv/detail/compute_rectangle_area__type_support.h
[1.679s] -- Up-to-date symlink: /home/enesb/ros2_ws/install/my_robot_interfaces/include/my_robot_interfaces/my_robot_interfaces/srv/detail/set_led__functions.h
[1.679s] -- Up-to-date symlink: /home/enesb/ros2_ws/install/my_robot_interfaces/include/my_robot_interfaces/my_robot_interfaces/srv/detail/set_led__struct.h
[1.679s] -- Up-to-date symlink: /home/enesb/ros2_ws/install/my_robot_interfaces/include/my_robot_interfaces/my_robot_interfaces/srv/detail/set_led__type_support.h
[1.679s] -- Up-to-date symlink: /home/enesb/ros2_ws/install/my_robot_interfaces/include/my_robot_interfaces/my_robot_interfaces/srv/set_led.h
[1.679s] -- Up-to-date symlink: /home/enesb/ros2_ws/install/my_robot_interfaces/share/my_robot_interfaces/environment/library_path.sh
[1.679s] -- Up-to-date symlink: /home/enesb/ros2_ws/install/my_robot_interfaces/share/my_robot_interfaces/environment/library_path.dsv
[1.680s] -- Up-to-date symlink: /home/enesb/ros2_ws/install/my_robot_interfaces/include/my_robot_interfaces/my_robot_interfaces/msg/detail/hardware_status__rosidl_typesupport_fastrtps_c.h
[1.680s] -- Up-to-date symlink: /home/enesb/ros2_ws/install/my_robot_interfaces/include/my_robot_interfaces/my_robot_interfaces/msg/detail/led_state_array__rosidl_typesupport_fastrtps_c.h
[1.680s] -- Up-to-date symlink: /home/enesb/ros2_ws/install/my_robot_interfaces/include/my_robot_interfaces/my_robot_interfaces/msg/rosidl_typesupport_fastrtps_c__visibility_control.h
[1.680s] -- Up-to-date symlink: /home/enesb/ros2_ws/install/my_robot_interfaces/include/my_robot_interfaces/my_robot_interfaces/srv/detail/compute_rectangle_area__rosidl_typesupport_fastrtps_c.h
[1.680s] -- Up-to-date symlink: /home/enesb/ros2_ws/install/my_robot_interfaces/include/my_robot_interfaces/my_robot_interfaces/srv/detail/set_led__rosidl_typesupport_fastrtps_c.h
[1.680s] -- Up-to-date symlink: /home/enesb/ros2_ws/install/my_robot_interfaces/include/my_robot_interfaces/my_robot_interfaces/msg/detail/hardware_status__rosidl_typesupport_introspection_c.h
[1.680s] -- Up-to-date symlink: /home/enesb/ros2_ws/install/my_robot_interfaces/include/my_robot_interfaces/my_robot_interfaces/msg/detail/led_state_array__rosidl_typesupport_introspection_c.h
[1.681s] -- Up-to-date symlink: /home/enesb/ros2_ws/install/my_robot_interfaces/include/my_robot_interfaces/my_robot_interfaces/msg/rosidl_typesupport_introspection_c__visibility_control.h
[1.681s] -- Up-to-date symlink: /home/enesb/ros2_ws/install/my_robot_interfaces/include/my_robot_interfaces/my_robot_interfaces/srv/detail/compute_rectangle_area__rosidl_typesupport_introspection_c.h
[1.681s] -- Up-to-date symlink: /home/enesb/ros2_ws/install/my_robot_interfaces/include/my_robot_interfaces/my_robot_interfaces/srv/detail/set_led__rosidl_typesupport_introspection_c.h
[1.681s] -- Up-to-date symlink: /home/enesb/ros2_ws/install/my_robot_interfaces/include/my_robot_interfaces/my_robot_interfaces/msg/detail/hardware_status__builder.hpp
[1.681s] -- Up-to-date symlink: /home/enesb/ros2_ws/install/my_robot_interfaces/include/my_robot_interfaces/my_robot_interfaces/msg/detail/hardware_status__struct.hpp
[1.681s] -- Up-to-date symlink: /home/enesb/ros2_ws/install/my_robot_interfaces/include/my_robot_interfaces/my_robot_interfaces/msg/detail/hardware_status__traits.hpp
[1.681s] -- Up-to-date symlink: /home/enesb/ros2_ws/install/my_robot_interfaces/include/my_robot_interfaces/my_robot_interfaces/msg/detail/led_state_array__builder.hpp
[1.681s] -- Up-to-date symlink: /home/enesb/ros2_ws/install/my_robot_interfaces/include/my_robot_interfaces/my_robot_interfaces/msg/detail/led_state_array__struct.hpp
[1.681s] -- Up-to-date symlink: /home/enesb/ros2_ws/install/my_robot_interfaces/include/my_robot_interfaces/my_robot_interfaces/msg/detail/led_state_array__traits.hpp
[1.682s] -- Up-to-date symlink: /home/enesb/ros2_ws/install/my_robot_interfaces/include/my_robot_interfaces/my_robot_interfaces/msg/hardware_status.hpp
[1.682s] -- Up-to-date symlink: /home/enesb/ros2_ws/install/my_robot_interfaces/include/my_robot_interfaces/my_robot_interfaces/msg/led_state_array.hpp
[1.682s] -- Up-to-date symlink: /home/enesb/ros2_ws/install/my_robot_interfaces/include/my_robot_interfaces/my_robot_interfaces/srv/compute_rectangle_area.hpp
[1.682s] -- Up-to-date symlink: /home/enesb/ros2_ws/install/my_robot_interfaces/include/my_robot_interfaces/my_robot_interfaces/srv/detail/compute_rectangle_area__builder.hpp
[1.682s] -- Up-to-date symlink: /home/enesb/ros2_ws/install/my_robot_interfaces/include/my_robot_interfaces/my_robot_interfaces/srv/detail/compute_rectangle_area__struct.hpp
[1.682s] -- Up-to-date symlink: /home/enesb/ros2_ws/install/my_robot_interfaces/include/my_robot_interfaces/my_robot_interfaces/srv/detail/compute_rectangle_area__traits.hpp
[1.682s] -- Up-to-date symlink: /home/enesb/ros2_ws/install/my_robot_interfaces/include/my_robot_interfaces/my_robot_interfaces/srv/detail/set_led__builder.hpp
[1.682s] -- Up-to-date symlink: /home/enesb/ros2_ws/install/my_robot_interfaces/include/my_robot_interfaces/my_robot_interfaces/srv/detail/set_led__struct.hpp
[1.682s] -- Up-to-date symlink: /home/enesb/ros2_ws/install/my_robot_interfaces/include/my_robot_interfaces/my_robot_interfaces/srv/detail/set_led__traits.hpp
[1.682s] -- Up-to-date symlink: /home/enesb/ros2_ws/install/my_robot_interfaces/include/my_robot_interfaces/my_robot_interfaces/srv/set_led.hpp
[1.683s] -- Up-to-date symlink: /home/enesb/ros2_ws/install/my_robot_interfaces/include/my_robot_interfaces/my_robot_interfaces/msg/detail/hardware_status__rosidl_typesupport_fastrtps_cpp.hpp
[1.683s] -- Up-to-date symlink: /home/enesb/ros2_ws/install/my_robot_interfaces/include/my_robot_interfaces/my_robot_interfaces/msg/detail/led_state_array__rosidl_typesupport_fastrtps_cpp.hpp
[1.683s] -- Up-to-date symlink: /home/enesb/ros2_ws/install/my_robot_interfaces/include/my_robot_interfaces/my_robot_interfaces/msg/rosidl_typesupport_fastrtps_cpp__visibility_control.h
[1.683s] -- Up-to-date symlink: /home/enesb/ros2_ws/install/my_robot_interfaces/include/my_robot_interfaces/my_robot_interfaces/srv/detail/compute_rectangle_area__rosidl_typesupport_fastrtps_cpp.hpp
[1.683s] -- Up-to-date symlink: /home/enesb/ros2_ws/install/my_robot_interfaces/include/my_robot_interfaces/my_robot_interfaces/srv/detail/set_led__rosidl_typesupport_fastrtps_cpp.hpp
[1.683s] -- Up-to-date symlink: /home/enesb/ros2_ws/install/my_robot_interfaces/include/my_robot_interfaces/my_robot_interfaces/msg/detail/hardware_status__rosidl_typesupport_introspection_cpp.hpp
[1.683s] -- Up-to-date symlink: /home/enesb/ros2_ws/install/my_robot_interfaces/include/my_robot_interfaces/my_robot_interfaces/msg/detail/led_state_array__rosidl_typesupport_introspection_cpp.hpp
[1.683s] -- Up-to-date symlink: /home/enesb/ros2_ws/install/my_robot_interfaces/include/my_robot_interfaces/my_robot_interfaces/srv/detail/compute_rectangle_area__rosidl_typesupport_introspection_cpp.hpp
[1.684s] -- Up-to-date symlink: /home/enesb/ros2_ws/install/my_robot_interfaces/include/my_robot_interfaces/my_robot_interfaces/srv/detail/set_led__rosidl_typesupport_introspection_cpp.hpp
[1.684s] -- Up-to-date symlink: /home/enesb/ros2_ws/install/my_robot_interfaces/share/my_robot_interfaces/environment/pythonpath.sh
[1.684s] -- Up-to-date symlink: /home/enesb/ros2_ws/install/my_robot_interfaces/share/my_robot_interfaces/environment/pythonpath.dsv
[1.684s] -- Up-to-date symlink: /home/enesb/ros2_ws/install/my_robot_interfaces/local/lib/python3.10/dist-packages/my_robot_interfaces-0.0.0-py3.10.egg-info/PKG-INFO
[1.684s] -- Up-to-date symlink: /home/enesb/ros2_ws/install/my_robot_interfaces/local/lib/python3.10/dist-packages/my_robot_interfaces-0.0.0-py3.10.egg-info/SOURCES.txt
[1.684s] -- Up-to-date symlink: /home/enesb/ros2_ws/install/my_robot_interfaces/local/lib/python3.10/dist-packages/my_robot_interfaces-0.0.0-py3.10.egg-info/dependency_links.txt
[1.684s] -- Up-to-date symlink: /home/enesb/ros2_ws/install/my_robot_interfaces/local/lib/python3.10/dist-packages/my_robot_interfaces-0.0.0-py3.10.egg-info/top_level.txt
[1.685s] -- Up-to-date symlink: /home/enesb/ros2_ws/install/my_robot_interfaces/local/lib/python3.10/dist-packages/my_robot_interfaces/__init__.py
[1.685s] -- Up-to-date symlink: /home/enesb/ros2_ws/install/my_robot_interfaces/local/lib/python3.10/dist-packages/my_robot_interfaces/_my_robot_interfaces_s.ep.rosidl_typesupport_c.c
[1.685s] -- Up-to-date symlink: /home/enesb/ros2_ws/install/my_robot_interfaces/local/lib/python3.10/dist-packages/my_robot_interfaces/_my_robot_interfaces_s.ep.rosidl_typesupport_fastrtps_c.c
[1.685s] -- Up-to-date symlink: /home/enesb/ros2_ws/install/my_robot_interfaces/local/lib/python3.10/dist-packages/my_robot_interfaces/_my_robot_interfaces_s.ep.rosidl_typesupport_introspection_c.c
[1.685s] -- Up-to-date symlink: /home/enesb/ros2_ws/install/my_robot_interfaces/local/lib/python3.10/dist-packages/my_robot_interfaces/libmy_robot_interfaces__rosidl_generator_py.so
[1.685s] -- Up-to-date symlink: /home/enesb/ros2_ws/install/my_robot_interfaces/local/lib/python3.10/dist-packages/my_robot_interfaces/msg/__init__.py
[1.685s] -- Up-to-date symlink: /home/enesb/ros2_ws/install/my_robot_interfaces/local/lib/python3.10/dist-packages/my_robot_interfaces/msg/_hardware_status.py
[1.685s] -- Up-to-date symlink: /home/enesb/ros2_ws/install/my_robot_interfaces/local/lib/python3.10/dist-packages/my_robot_interfaces/msg/_hardware_status_s.c
[1.685s] -- Up-to-date symlink: /home/enesb/ros2_ws/install/my_robot_interfaces/local/lib/python3.10/dist-packages/my_robot_interfaces/msg/_led_state_array.py
[1.686s] -- Up-to-date symlink: /home/enesb/ros2_ws/install/my_robot_interfaces/local/lib/python3.10/dist-packages/my_robot_interfaces/msg/_led_state_array_s.c
[1.686s] -- Up-to-date symlink: /home/enesb/ros2_ws/install/my_robot_interfaces/local/lib/python3.10/dist-packages/my_robot_interfaces/my_robot_interfaces_s__rosidl_typesupport_c.cpython-310-x86_64-linux-gnu.so
[1.686s] -- Up-to-date symlink: /home/enesb/ros2_ws/install/my_robot_interfaces/local/lib/python3.10/dist-packages/my_robot_interfaces/my_robot_interfaces_s__rosidl_typesupport_fastrtps_c.cpython-310-x86_64-linux-gnu.so
[1.686s] -- Up-to-date symlink: /home/enesb/ros2_ws/install/my_robot_interfaces/local/lib/python3.10/dist-packages/my_robot_interfaces/my_robot_interfaces_s__rosidl_typesupport_introspection_c.cpython-310-x86_64-linux-gnu.so
[1.686s] -- Up-to-date symlink: /home/enesb/ros2_ws/install/my_robot_interfaces/local/lib/python3.10/dist-packages/my_robot_interfaces/srv/__init__.py
[1.686s] -- Up-to-date symlink: /home/enesb/ros2_ws/install/my_robot_interfaces/local/lib/python3.10/dist-packages/my_robot_interfaces/srv/_compute_rectangle_area.py
[1.686s] -- Up-to-date symlink: /home/enesb/ros2_ws/install/my_robot_interfaces/local/lib/python3.10/dist-packages/my_robot_interfaces/srv/_compute_rectangle_area_s.c
[1.686s] -- Up-to-date symlink: /home/enesb/ros2_ws/install/my_robot_interfaces/local/lib/python3.10/dist-packages/my_robot_interfaces/srv/_set_led.py
[1.686s] -- Up-to-date symlink: /home/enesb/ros2_ws/install/my_robot_interfaces/local/lib/python3.10/dist-packages/my_robot_interfaces/srv/_set_led_s.c
[1.686s] -- Up-to-date symlink: /home/enesb/ros2_ws/install/my_robot_interfaces/local/lib/python3.10/dist-packages/my_robot_interfaces/my_robot_interfaces_s__rosidl_typesupport_fastrtps_c.cpython-310-x86_64-linux-gnu.so
[1.687s] -- Up-to-date symlink: /home/enesb/ros2_ws/install/my_robot_interfaces/local/lib/python3.10/dist-packages/my_robot_interfaces/my_robot_interfaces_s__rosidl_typesupport_introspection_c.cpython-310-x86_64-linux-gnu.so
[1.687s] -- Up-to-date symlink: /home/enesb/ros2_ws/install/my_robot_interfaces/local/lib/python3.10/dist-packages/my_robot_interfaces/my_robot_interfaces_s__rosidl_typesupport_c.cpython-310-x86_64-linux-gnu.so
[1.687s] -- Up-to-date symlink: /home/enesb/ros2_ws/install/my_robot_interfaces/share/my_robot_interfaces/msg/HardwareStatus.idl
[1.687s] -- Up-to-date symlink: /home/enesb/ros2_ws/install/my_robot_interfaces/share/my_robot_interfaces/msg/LedStateArray.idl
[1.687s] -- Up-to-date symlink: /home/enesb/ros2_ws/install/my_robot_interfaces/share/my_robot_interfaces/srv/ComputeRectangleArea.idl
[1.687s] -- Up-to-date symlink: /home/enesb/ros2_ws/install/my_robot_interfaces/share/my_robot_interfaces/srv/SetLed.idl
[1.687s] -- Up-to-date symlink: /home/enesb/ros2_ws/install/my_robot_interfaces/share/my_robot_interfaces/msg/HardwareStatus.msg
[1.687s] -- Up-to-date symlink: /home/enesb/ros2_ws/install/my_robot_interfaces/share/my_robot_interfaces/msg/LedStateArray.msg
[1.688s] -- Up-to-date symlink: /home/enesb/ros2_ws/install/my_robot_interfaces/share/my_robot_interfaces/srv/ComputeRectangleArea.srv
[1.688s] -- Up-to-date symlink: /home/enesb/ros2_ws/install/my_robot_interfaces/share/my_robot_interfaces/srv/ComputeRectangleArea_Request.msg
[1.688s] -- Up-to-date symlink: /home/enesb/ros2_ws/install/my_robot_interfaces/share/my_robot_interfaces/srv/ComputeRectangleArea_Response.msg
[1.688s] -- Up-to-date symlink: /home/enesb/ros2_ws/install/my_robot_interfaces/share/my_robot_interfaces/srv/SetLed.srv
[1.688s] -- Up-to-date symlink: /home/enesb/ros2_ws/install/my_robot_interfaces/share/my_robot_interfaces/srv/SetLed_Request.msg
[1.688s] -- Up-to-date symlink: /home/enesb/ros2_ws/install/my_robot_interfaces/share/my_robot_interfaces/srv/SetLed_Response.msg
[1.688s] -- Up-to-date symlink: /home/enesb/ros2_ws/install/my_robot_interfaces/share/ament_index/resource_index/package_run_dependencies/my_robot_interfaces
[1.688s] -- Up-to-date symlink: /home/enesb/ros2_ws/install/my_robot_interfaces/share/ament_index/resource_index/parent_prefix_path/my_robot_interfaces
[1.688s] -- Up-to-date symlink: /home/enesb/ros2_ws/install/my_robot_interfaces/share/my_robot_interfaces/environment/ament_prefix_path.sh
[1.689s] -- Up-to-date symlink: /home/enesb/ros2_ws/install/my_robot_interfaces/share/my_robot_interfaces/environment/ament_prefix_path.dsv
[1.689s] -- Up-to-date symlink: /home/enesb/ros2_ws/install/my_robot_interfaces/share/my_robot_interfaces/environment/path.sh
[1.689s] -- Up-to-date symlink: /home/enesb/ros2_ws/install/my_robot_interfaces/share/my_robot_interfaces/environment/path.dsv
[1.689s] -- Up-to-date symlink: /home/enesb/ros2_ws/install/my_robot_interfaces/share/my_robot_interfaces/local_setup.bash
[1.689s] -- Up-to-date symlink: /home/enesb/ros2_ws/install/my_robot_interfaces/share/my_robot_interfaces/local_setup.sh
[1.689s] -- Up-to-date symlink: /home/enesb/ros2_ws/install/my_robot_interfaces/share/my_robot_interfaces/local_setup.zsh
[1.690s] -- Up-to-date symlink: /home/enesb/ros2_ws/install/my_robot_interfaces/share/my_robot_interfaces/local_setup.dsv
[1.691s] -- Symlinking: /home/enesb/ros2_ws/install/my_robot_interfaces/share/my_robot_interfaces/package.dsv
[1.697s] -- Up-to-date symlink: /home/enesb/ros2_ws/install/my_robot_interfaces/share/ament_index/resource_index/packages/my_robot_interfaces
[1.697s] -- Up-to-date symlink: /home/enesb/ros2_ws/install/my_robot_interfaces/share/my_robot_interfaces/cmake/rosidl_cmake-extras.cmake
[1.697s] -- Up-to-date symlink: /home/enesb/ros2_ws/install/my_robot_interfaces/share/my_robot_interfaces/cmake/ament_cmake_export_include_directories-extras.cmake
[1.697s] -- Up-to-date symlink: /home/enesb/ros2_ws/install/my_robot_interfaces/share/my_robot_interfaces/cmake/ament_cmake_export_libraries-extras.cmake
[1.698s] -- Up-to-date symlink: /home/enesb/ros2_ws/install/my_robot_interfaces/share/my_robot_interfaces/cmake/ament_cmake_export_targets-extras.cmake
[1.698s] -- Up-to-date symlink: /home/enesb/ros2_ws/install/my_robot_interfaces/share/my_robot_interfaces/cmake/rosidl_cmake_export_typesupport_targets-extras.cmake
[1.698s] -- Up-to-date symlink: /home/enesb/ros2_ws/install/my_robot_interfaces/share/my_robot_interfaces/cmake/ament_cmake_export_dependencies-extras.cmake
[1.698s] -- Up-to-date symlink: /home/enesb/ros2_ws/install/my_robot_interfaces/share/my_robot_interfaces/cmake/rosidl_cmake_export_typesupport_libraries-extras.cmake
[1.698s] -- Up-to-date symlink: /home/enesb/ros2_ws/install/my_robot_interfaces/share/my_robot_interfaces/cmake/my_robot_interfacesConfig.cmake
[1.698s] -- Up-to-date symlink: /home/enesb/ros2_ws/install/my_robot_interfaces/share/my_robot_interfaces/cmake/my_robot_interfacesConfig-version.cmake
[1.698s] -- Up-to-date symlink: /home/enesb/ros2_ws/install/my_robot_interfaces/share/my_robot_interfaces/package.xml
[1.698s] -- Up-to-date: /home/enesb/ros2_ws/install/my_robot_interfaces/lib/libmy_robot_interfaces__rosidl_generator_c.so
[1.699s] -- Up-to-date: /home/enesb/ros2_ws/install/my_robot_interfaces/lib/libmy_robot_interfaces__rosidl_typesupport_fastrtps_c.so
[1.699s] -- Up-to-date: /home/enesb/ros2_ws/install/my_robot_interfaces/lib/libmy_robot_interfaces__rosidl_typesupport_introspection_c.so
[1.699s] -- Up-to-date: /home/enesb/ros2_ws/install/my_robot_interfaces/lib/libmy_robot_interfaces__rosidl_typesupport_c.so
[1.699s] -- Up-to-date: /home/enesb/ros2_ws/install/my_robot_interfaces/lib/libmy_robot_interfaces__rosidl_typesupport_fastrtps_cpp.so
[1.699s] -- Up-to-date: /home/enesb/ros2_ws/install/my_robot_interfaces/lib/libmy_robot_interfaces__rosidl_typesupport_introspection_cpp.so
[1.699s] -- Up-to-date: /home/enesb/ros2_ws/install/my_robot_interfaces/lib/libmy_robot_interfaces__rosidl_typesupport_cpp.so
[1.729s] Listing '/home/enesb/ros2_ws/install/my_robot_interfaces/local/lib/python3.10/dist-packages/my_robot_interfaces'...
[1.729s] Compiling '/home/enesb/ros2_ws/install/my_robot_interfaces/local/lib/python3.10/dist-packages/my_robot_interfaces/__init__.py'...
[1.729s] Listing '/home/enesb/ros2_ws/install/my_robot_interfaces/local/lib/python3.10/dist-packages/my_robot_interfaces/msg'...
[1.730s] Listing '/home/enesb/ros2_ws/install/my_robot_interfaces/local/lib/python3.10/dist-packages/my_robot_interfaces/srv'...
[1.733s] -- Up-to-date: /home/enesb/ros2_ws/install/my_robot_interfaces/lib/libmy_robot_interfaces__rosidl_generator_py.so
[1.734s] -- Up-to-date: /home/enesb/ros2_ws/install/my_robot_interfaces/share/my_robot_interfaces/cmake/export_my_robot_interfaces__rosidl_generator_cExport.cmake
[1.734s] -- Up-to-date: /home/enesb/ros2_ws/install/my_robot_interfaces/share/my_robot_interfaces/cmake/export_my_robot_interfaces__rosidl_generator_cExport-release.cmake
[1.734s] -- Up-to-date: /home/enesb/ros2_ws/install/my_robot_interfaces/share/my_robot_interfaces/cmake/export_my_robot_interfaces__rosidl_typesupport_fastrtps_cExport.cmake
[1.734s] -- Up-to-date: /home/enesb/ros2_ws/install/my_robot_interfaces/share/my_robot_interfaces/cmake/export_my_robot_interfaces__rosidl_typesupport_fastrtps_cExport-release.cmake
[1.734s] -- Up-to-date: /home/enesb/ros2_ws/install/my_robot_interfaces/share/my_robot_interfaces/cmake/my_robot_interfaces__rosidl_typesupport_introspection_cExport.cmake
[1.734s] -- Up-to-date: /home/enesb/ros2_ws/install/my_robot_interfaces/share/my_robot_interfaces/cmake/my_robot_interfaces__rosidl_typesupport_introspection_cExport-release.cmake
[1.734s] -- Up-to-date: /home/enesb/ros2_ws/install/my_robot_interfaces/share/my_robot_interfaces/cmake/my_robot_interfaces__rosidl_typesupport_cExport.cmake
[1.734s] -- Up-to-date: /home/enesb/ros2_ws/install/my_robot_interfaces/share/my_robot_interfaces/cmake/my_robot_interfaces__rosidl_typesupport_cExport-release.cmake
[1.734s] -- Up-to-date: /home/enesb/ros2_ws/install/my_robot_interfaces/share/my_robot_interfaces/cmake/export_my_robot_interfaces__rosidl_generator_cppExport.cmake
[1.734s] -- Up-to-date: /home/enesb/ros2_ws/install/my_robot_interfaces/share/my_robot_interfaces/cmake/export_my_robot_interfaces__rosidl_typesupport_fastrtps_cppExport.cmake
[1.734s] -- Up-to-date: /home/enesb/ros2_ws/install/my_robot_interfaces/share/my_robot_interfaces/cmake/export_my_robot_interfaces__rosidl_typesupport_fastrtps_cppExport-release.cmake
[1.734s] -- Up-to-date: /home/enesb/ros2_ws/install/my_robot_interfaces/share/my_robot_interfaces/cmake/my_robot_interfaces__rosidl_typesupport_introspection_cppExport.cmake
[1.734s] -- Up-to-date: /home/enesb/ros2_ws/install/my_robot_interfaces/share/my_robot_interfaces/cmake/my_robot_interfaces__rosidl_typesupport_introspection_cppExport-release.cmake
[1.734s] -- Up-to-date: /home/enesb/ros2_ws/install/my_robot_interfaces/share/my_robot_interfaces/cmake/my_robot_interfaces__rosidl_typesupport_cppExport.cmake
[1.734s] -- Up-to-date: /home/enesb/ros2_ws/install/my_robot_interfaces/share/my_robot_interfaces/cmake/my_robot_interfaces__rosidl_typesupport_cppExport-release.cmake
[1.735s] -- Up-to-date: /home/enesb/ros2_ws/install/my_robot_interfaces/share/my_robot_interfaces/cmake/export_my_robot_interfaces__rosidl_generator_pyExport.cmake
[1.735s] -- Up-to-date: /home/enesb/ros2_ws/install/my_robot_interfaces/share/my_robot_interfaces/cmake/export_my_robot_interfaces__rosidl_generator_pyExport-release.cmake
[1.738s] Invoked command in '/home/enesb/ros2_ws/build/my_robot_interfaces' returned '0': CMAKE_PREFIX_PATH=${CMAKE_PREFIX_PATH}:/home/enesb/ros2_ws/install/my_py_pkg:/opt/ros/humble /usr/bin/cmake --install /home/enesb/ros2_ws/build/my_robot_interfaces
