[0.371s] DEBUG:colcon:Command line arguments: ['/usr/bin/colcon', 'build']
[0.371s] DEBUG:colcon:Parsed command line arguments: Namespace(log_base=None, log_level=None, verb_name='build', build_base='build', install_base='install', merge_install=False, symlink_install=False, test_result_base=None, continue_on_error=False, executor='parallel', parallel_workers=12, event_handlers=None, ignore_user_meta=False, metas=['./colcon.meta'], base_paths=['.'], packages_ignore=None, packages_ignore_regex=None, paths=None, packages_up_to=None, packages_up_to_regex=None, packages_above=None, packages_above_and_dependencies=None, packages_above_depth=None, packages_select_by_dep=None, packages_skip_by_dep=None, packages_skip_up_to=None, packages_select_build_failed=False, packages_skip_build_finished=False, packages_select_test_failures=False, packages_skip_test_passed=False, packages_select=None, packages_skip=None, packages_select_regex=None, packages_skip_regex=None, packages_start=None, packages_end=None, allow_overriding=[], cmake_args=None, cmake_target=None, cmake_target_skip_unavailable=False, cmake_clean_cache=False, cmake_clean_first=False, cmake_force_configure=False, ament_cmake_args=None, catkin_cmake_args=None, catkin_skip_building_tests=False, verb_parser=<colcon_defaults.argument_parser.defaults.DefaultArgumentsDecorator object at 0x7fa04f3e9120>, verb_extension=<colcon_core.verb.build.BuildVerb object at 0x7fa04f3e8bb0>, main=<bound method BuildVerb.main of <colcon_core.verb.build.BuildVerb object at 0x7fa04f3e8bb0>>)
[0.396s] Level 1:colcon.colcon_core.package_discovery:discover_packages(colcon_meta) check parameters
[0.396s] Level 1:colcon.colcon_core.package_discovery:discover_packages(recursive) check parameters
[0.396s] Level 1:colcon.colcon_core.package_discovery:discover_packages(ignore) check parameters
[0.396s] Level 1:colcon.colcon_core.package_discovery:discover_packages(path) check parameters
[0.396s] Level 1:colcon.colcon_core.package_discovery:discover_packages(colcon_meta) discover
[0.396s] Level 1:colcon.colcon_core.package_discovery:discover_packages(recursive) discover
[0.396s] INFO:colcon.colcon_core.package_discovery:Crawling recursively for packages in '/home/enesb/ros2_ws'
[0.396s] Level 1:colcon.colcon_core.package_identification:_identify(.) by extensions ['ignore', 'ignore_ament_install']
[0.397s] Level 1:colcon.colcon_core.package_identification:_identify(.) by extension 'ignore'
[0.397s] Level 1:colcon.colcon_core.package_identification:_identify(.) by extension 'ignore_ament_install'
[0.397s] Level 1:colcon.colcon_core.package_identification:_identify(.) by extensions ['colcon_pkg']
[0.397s] Level 1:colcon.colcon_core.package_identification:_identify(.) by extension 'colcon_pkg'
[0.397s] Level 1:colcon.colcon_core.package_identification:_identify(.) by extensions ['colcon_meta']
[0.397s] Level 1:colcon.colcon_core.package_identification:_identify(.) by extension 'colcon_meta'
[0.397s] Level 1:colcon.colcon_core.package_identification:_identify(.) by extensions ['ros']
[0.397s] Level 1:colcon.colcon_core.package_identification:_identify(.) by extension 'ros'
[0.409s] Level 1:colcon.colcon_core.package_identification:_identify(.) by extensions ['cmake', 'python']
[0.409s] Level 1:colcon.colcon_core.package_identification:_identify(.) by extension 'cmake'
[0.409s] Level 1:colcon.colcon_core.package_identification:_identify(.) by extension 'python'
[0.409s] Level 1:colcon.colcon_core.package_identification:_identify(.) by extensions ['python_setup_py']
[0.409s] Level 1:colcon.colcon_core.package_identification:_identify(.) by extension 'python_setup_py'
[0.409s] Level 1:colcon.colcon_core.package_identification:_identify(build) by extensions ['ignore', 'ignore_ament_install']
[0.409s] Level 1:colcon.colcon_core.package_identification:_identify(build) by extension 'ignore'
[0.410s] Level 1:colcon.colcon_core.package_identification:_identify(build) ignored
[0.410s] Level 1:colcon.colcon_core.package_identification:_identify(install) by extensions ['ignore', 'ignore_ament_install']
[0.410s] Level 1:colcon.colcon_core.package_identification:_identify(install) by extension 'ignore'
[0.410s] Level 1:colcon.colcon_core.package_identification:_identify(install) ignored
[0.410s] Level 1:colcon.colcon_core.package_identification:_identify(log) by extensions ['ignore', 'ignore_ament_install']
[0.410s] Level 1:colcon.colcon_core.package_identification:_identify(log) by extension 'ignore'
[0.410s] Level 1:colcon.colcon_core.package_identification:_identify(log) ignored
[0.410s] Level 1:colcon.colcon_core.package_identification:_identify(src) by extensions ['ignore', 'ignore_ament_install']
[0.410s] Level 1:colcon.colcon_core.package_identification:_identify(src) by extension 'ignore'
[0.410s] Level 1:colcon.colcon_core.package_identification:_identify(src) by extension 'ignore_ament_install'
[0.410s] Level 1:colcon.colcon_core.package_identification:_identify(src) by extensions ['colcon_pkg']
[0.411s] Level 1:colcon.colcon_core.package_identification:_identify(src) by extension 'colcon_pkg'
[0.411s] Level 1:colcon.colcon_core.package_identification:_identify(src) by extensions ['colcon_meta']
[0.411s] Level 1:colcon.colcon_core.package_identification:_identify(src) by extension 'colcon_meta'
[0.411s] Level 1:colcon.colcon_core.package_identification:_identify(src) by extensions ['ros']
[0.411s] Level 1:colcon.colcon_core.package_identification:_identify(src) by extension 'ros'
[0.411s] Level 1:colcon.colcon_core.package_identification:_identify(src) by extensions ['cmake', 'python']
[0.411s] Level 1:colcon.colcon_core.package_identification:_identify(src) by extension 'cmake'
[0.411s] Level 1:colcon.colcon_core.package_identification:_identify(src) by extension 'python'
[0.411s] Level 1:colcon.colcon_core.package_identification:_identify(src) by extensions ['python_setup_py']
[0.411s] Level 1:colcon.colcon_core.package_identification:_identify(src) by extension 'python_setup_py'
[0.411s] Level 1:colcon.colcon_core.package_identification:_identify(src/my_cpp_pkg) by extensions ['ignore', 'ignore_ament_install']
[0.411s] Level 1:colcon.colcon_core.package_identification:_identify(src/my_cpp_pkg) by extension 'ignore'
[0.411s] Level 1:colcon.colcon_core.package_identification:_identify(src/my_cpp_pkg) by extension 'ignore_ament_install'
[0.411s] Level 1:colcon.colcon_core.package_identification:_identify(src/my_cpp_pkg) by extensions ['colcon_pkg']
[0.411s] Level 1:colcon.colcon_core.package_identification:_identify(src/my_cpp_pkg) by extension 'colcon_pkg'
[0.411s] Level 1:colcon.colcon_core.package_identification:_identify(src/my_cpp_pkg) by extensions ['colcon_meta']
[0.411s] Level 1:colcon.colcon_core.package_identification:_identify(src/my_cpp_pkg) by extension 'colcon_meta'
[0.411s] Level 1:colcon.colcon_core.package_identification:_identify(src/my_cpp_pkg) by extensions ['ros']
[0.412s] Level 1:colcon.colcon_core.package_identification:_identify(src/my_cpp_pkg) by extension 'ros'
[0.414s] DEBUG:colcon.colcon_core.package_identification:Package 'src/my_cpp_pkg' with type 'ros.ament_cmake' and name 'my_cpp_pkg'
[0.414s] Level 1:colcon.colcon_core.package_identification:_identify(src/my_py_pkg) by extensions ['ignore', 'ignore_ament_install']
[0.414s] Level 1:colcon.colcon_core.package_identification:_identify(src/my_py_pkg) by extension 'ignore'
[0.414s] Level 1:colcon.colcon_core.package_identification:_identify(src/my_py_pkg) by extension 'ignore_ament_install'
[0.414s] Level 1:colcon.colcon_core.package_identification:_identify(src/my_py_pkg) by extensions ['colcon_pkg']
[0.414s] Level 1:colcon.colcon_core.package_identification:_identify(src/my_py_pkg) by extension 'colcon_pkg'
[0.414s] Level 1:colcon.colcon_core.package_identification:_identify(src/my_py_pkg) by extensions ['colcon_meta']
[0.414s] Level 1:colcon.colcon_core.package_identification:_identify(src/my_py_pkg) by extension 'colcon_meta'
[0.415s] Level 1:colcon.colcon_core.package_identification:_identify(src/my_py_pkg) by extensions ['ros']
[0.415s] Level 1:colcon.colcon_core.package_identification:_identify(src/my_py_pkg) by extension 'ros'
[0.415s] DEBUG:colcon.colcon_core.package_identification:Package 'src/my_py_pkg' with type 'ros.ament_python' and name 'my_py_pkg'
[0.415s] Level 1:colcon.colcon_core.package_discovery:discover_packages(recursive) using defaults
[0.415s] Level 1:colcon.colcon_core.package_discovery:discover_packages(ignore) discover
[0.415s] Level 1:colcon.colcon_core.package_discovery:discover_packages(ignore) using defaults
[0.415s] Level 1:colcon.colcon_core.package_discovery:discover_packages(path) discover
[0.415s] Level 1:colcon.colcon_core.package_discovery:discover_packages(path) using defaults
[0.440s] Level 1:colcon.colcon_core.package_discovery:discover_packages(prefix_path) check parameters
[0.440s] Level 1:colcon.colcon_core.package_discovery:discover_packages(prefix_path) discover
[0.443s] DEBUG:colcon.colcon_installed_package_information.package_discovery:Found 3 installed packages in /home/enesb/microros_ws/install
[0.444s] DEBUG:colcon.colcon_installed_package_information.package_discovery:Found 2 installed packages in /home/enesb/ros2_ws/install
[0.445s] DEBUG:colcon.colcon_installed_package_information.package_discovery:Found 270 installed packages in /opt/ros/humble
[0.447s] Level 1:colcon.colcon_core.package_discovery:discover_packages(prefix_path) using defaults
[0.513s] Level 5:colcon.colcon_core.verb:set package 'my_cpp_pkg' build argument 'cmake_args' from command line to 'None'
[0.513s] Level 5:colcon.colcon_core.verb:set package 'my_cpp_pkg' build argument 'cmake_target' from command line to 'None'
[0.513s] Level 5:colcon.colcon_core.verb:set package 'my_cpp_pkg' build argument 'cmake_target_skip_unavailable' from command line to 'False'
[0.513s] Level 5:colcon.colcon_core.verb:set package 'my_cpp_pkg' build argument 'cmake_clean_cache' from command line to 'False'
[0.513s] Level 5:colcon.colcon_core.verb:set package 'my_cpp_pkg' build argument 'cmake_clean_first' from command line to 'False'
[0.513s] Level 5:colcon.colcon_core.verb:set package 'my_cpp_pkg' build argument 'cmake_force_configure' from command line to 'False'
[0.513s] Level 5:colcon.colcon_core.verb:set package 'my_cpp_pkg' build argument 'ament_cmake_args' from command line to 'None'
[0.513s] Level 5:colcon.colcon_core.verb:set package 'my_cpp_pkg' build argument 'catkin_cmake_args' from command line to 'None'
[0.513s] Level 5:colcon.colcon_core.verb:set package 'my_cpp_pkg' build argument 'catkin_skip_building_tests' from command line to 'False'
[0.513s] DEBUG:colcon.colcon_core.verb:Building package 'my_cpp_pkg' with the following arguments: {'ament_cmake_args': None, 'build_base': '/home/enesb/ros2_ws/build/my_cpp_pkg', 'catkin_cmake_args': None, 'catkin_skip_building_tests': False, 'cmake_args': None, 'cmake_clean_cache': False, 'cmake_clean_first': False, 'cmake_force_configure': False, 'cmake_target': None, 'cmake_target_skip_unavailable': False, 'install_base': '/home/enesb/ros2_ws/install/my_cpp_pkg', 'merge_install': False, 'path': '/home/enesb/ros2_ws/src/my_cpp_pkg', 'symlink_install': False, 'test_result_base': None}
[0.514s] Level 5:colcon.colcon_core.verb:set package 'my_py_pkg' build argument 'cmake_args' from command line to 'None'
[0.514s] Level 5:colcon.colcon_core.verb:set package 'my_py_pkg' build argument 'cmake_target' from command line to 'None'
[0.515s] Level 5:colcon.colcon_core.verb:set package 'my_py_pkg' build argument 'cmake_target_skip_unavailable' from command line to 'False'
[0.515s] Level 5:colcon.colcon_core.verb:set package 'my_py_pkg' build argument 'cmake_clean_cache' from command line to 'False'
[0.515s] Level 5:colcon.colcon_core.verb:set package 'my_py_pkg' build argument 'cmake_clean_first' from command line to 'False'
[0.515s] Level 5:colcon.colcon_core.verb:set package 'my_py_pkg' build argument 'cmake_force_configure' from command line to 'False'
[0.515s] Level 5:colcon.colcon_core.verb:set package 'my_py_pkg' build argument 'ament_cmake_args' from command line to 'None'
[0.515s] Level 5:colcon.colcon_core.verb:set package 'my_py_pkg' build argument 'catkin_cmake_args' from command line to 'None'
[0.515s] Level 5:colcon.colcon_core.verb:set package 'my_py_pkg' build argument 'catkin_skip_building_tests' from command line to 'False'
[0.515s] DEBUG:colcon.colcon_core.verb:Building package 'my_py_pkg' with the following arguments: {'ament_cmake_args': None, 'build_base': '/home/enesb/ros2_ws/build/my_py_pkg', 'catkin_cmake_args': None, 'catkin_skip_building_tests': False, 'cmake_args': None, 'cmake_clean_cache': False, 'cmake_clean_first': False, 'cmake_force_configure': False, 'cmake_target': None, 'cmake_target_skip_unavailable': False, 'install_base': '/home/enesb/ros2_ws/install/my_py_pkg', 'merge_install': False, 'path': '/home/enesb/ros2_ws/src/my_py_pkg', 'symlink_install': False, 'test_result_base': None}
[0.515s] INFO:colcon.colcon_core.executor:Executing jobs using 'parallel' executor
[0.519s] DEBUG:colcon.colcon_parallel_executor.executor.parallel:run_until_complete
[0.519s] INFO:colcon.colcon_ros.task.ament_cmake.build:Building ROS package in '/home/enesb/ros2_ws/src/my_cpp_pkg' with build type 'ament_cmake'
[0.519s] INFO:colcon.colcon_cmake.task.cmake.build:Building CMake package in '/home/enesb/ros2_ws/src/my_cpp_pkg'
[0.524s] INFO:colcon.colcon_core.plugin_system:Skipping extension 'colcon_core.shell.bat': Not used on non-Windows systems
[0.524s] INFO:colcon.colcon_core.shell:Skip shell extension 'powershell' for command environment: Not usable outside of PowerShell
[0.524s] DEBUG:colcon.colcon_core.shell:Skip shell extension 'dsv' for command environment
[0.529s] INFO:colcon.colcon_ros.task.ament_python.build:Building ROS package in '/home/enesb/ros2_ws/src/my_py_pkg' with build type 'ament_python'
[0.529s] Level 1:colcon.colcon_core.shell:create_environment_hook('my_py_pkg', 'ament_prefix_path')
[0.531s] INFO:colcon.colcon_core.shell:Creating environment hook '/home/enesb/ros2_ws/install/my_py_pkg/share/my_py_pkg/hook/ament_prefix_path.ps1'
[0.532s] INFO:colcon.colcon_core.shell:Creating environment descriptor '/home/enesb/ros2_ws/install/my_py_pkg/share/my_py_pkg/hook/ament_prefix_path.dsv'
[0.532s] INFO:colcon.colcon_core.shell:Creating environment hook '/home/enesb/ros2_ws/install/my_py_pkg/share/my_py_pkg/hook/ament_prefix_path.sh'
[0.534s] INFO:colcon.colcon_core.shell:Skip shell extension 'powershell' for command environment: Not usable outside of PowerShell
[0.534s] DEBUG:colcon.colcon_core.shell:Skip shell extension 'dsv' for command environment
[0.544s] DEBUG:colcon.colcon_core.event_handler.log_command:Invoking command in '/home/enesb/ros2_ws/build/my_cpp_pkg': CMAKE_PREFIX_PATH=${CMAKE_PREFIX_PATH}:/home/enesb/ros2_ws/install/my_py_pkg:/opt/ros/humble /usr/bin/cmake --build /home/enesb/ros2_ws/build/my_cpp_pkg -- -j12 -l12
[0.853s] INFO:colcon.colcon_core.task.python.build:Building Python package in '/home/enesb/ros2_ws/src/my_py_pkg'
[0.855s] INFO:colcon.colcon_core.shell:Skip shell extension 'powershell' for command environment: Not usable outside of PowerShell
[0.855s] DEBUG:colcon.colcon_core.shell:Skip shell extension 'dsv' for command environment
[1.223s] DEBUG:colcon.colcon_core.event_handler.log_command:Invoking command in '/home/enesb/ros2_ws/build/my_py_pkg': PYTHONPATH=/home/enesb/ros2_ws/build/my_py_pkg/prefix_override:/home/enesb/ros2_ws/install/my_py_pkg/lib/python3.10/site-packages:${PYTHONPATH} /usr/bin/python3 setup.py develop --uninstall --editable --build-directory /home/enesb/ros2_ws/build/my_py_pkg/build
[1.760s] DEBUG:colcon.colcon_core.event_handler.log_command:Invoked command in '/home/enesb/ros2_ws/build/my_py_pkg' returned '0': PYTHONPATH=/home/enesb/ros2_ws/build/my_py_pkg/prefix_override:/home/enesb/ros2_ws/install/my_py_pkg/lib/python3.10/site-packages:${PYTHONPATH} /usr/bin/python3 setup.py develop --uninstall --editable --build-directory /home/enesb/ros2_ws/build/my_py_pkg/build
[1.761s] DEBUG:colcon.colcon_core.event_handler.log_command:Invoking command in '/home/enesb/ros2_ws/src/my_py_pkg': PYTHONPATH=/home/enesb/ros2_ws/build/my_py_pkg/prefix_override:/home/enesb/ros2_ws/install/my_py_pkg/lib/python3.10/site-packages:${PYTHONPATH} /usr/bin/python3 setup.py egg_info --egg-base ../../build/my_py_pkg build --build-base /home/enesb/ros2_ws/build/my_py_pkg/build install --record /home/enesb/ros2_ws/build/my_py_pkg/install.log --single-version-externally-managed
[2.089s] DEBUG:colcon.colcon_core.event_handler.log_command:Invoked command in '/home/enesb/ros2_ws/src/my_py_pkg' returned '0': PYTHONPATH=/home/enesb/ros2_ws/build/my_py_pkg/prefix_override:/home/enesb/ros2_ws/install/my_py_pkg/lib/python3.10/site-packages:${PYTHONPATH} /usr/bin/python3 setup.py egg_info --egg-base ../../build/my_py_pkg build --build-base /home/enesb/ros2_ws/build/my_py_pkg/build install --record /home/enesb/ros2_ws/build/my_py_pkg/install.log --single-version-externally-managed
[2.093s] Level 1:colcon.colcon_core.environment:checking '/home/enesb/ros2_ws/install/my_py_pkg' for CMake module files
[2.094s] Level 1:colcon.colcon_core.environment:checking '/home/enesb/ros2_ws/install/my_py_pkg' for CMake config files
[2.094s] Level 1:colcon.colcon_core.environment:checking '/home/enesb/ros2_ws/install/my_py_pkg/lib'
[2.095s] Level 1:colcon.colcon_core.environment:checking '/home/enesb/ros2_ws/install/my_py_pkg/bin'
[2.095s] Level 1:colcon.colcon_core.environment:checking '/home/enesb/ros2_ws/install/my_py_pkg/lib/pkgconfig/my_py_pkg.pc'
[2.095s] Level 1:colcon.colcon_core.environment:checking '/home/enesb/ros2_ws/install/my_py_pkg/lib/python3.10/site-packages'
[2.095s] Level 1:colcon.colcon_core.shell:create_environment_hook('my_py_pkg', 'pythonpath')
[2.096s] INFO:colcon.colcon_core.shell:Creating environment hook '/home/enesb/ros2_ws/install/my_py_pkg/share/my_py_pkg/hook/pythonpath.ps1'
[2.097s] INFO:colcon.colcon_core.shell:Creating environment descriptor '/home/enesb/ros2_ws/install/my_py_pkg/share/my_py_pkg/hook/pythonpath.dsv'
[2.097s] INFO:colcon.colcon_core.shell:Creating environment hook '/home/enesb/ros2_ws/install/my_py_pkg/share/my_py_pkg/hook/pythonpath.sh'
[2.098s] Level 1:colcon.colcon_core.environment:checking '/home/enesb/ros2_ws/install/my_py_pkg/bin'
[2.098s] Level 1:colcon.colcon_core.environment:create_environment_scripts_only(my_py_pkg)
[2.099s] INFO:colcon.colcon_core.shell:Creating package script '/home/enesb/ros2_ws/install/my_py_pkg/share/my_py_pkg/package.ps1'
[2.100s] INFO:colcon.colcon_core.shell:Creating package descriptor '/home/enesb/ros2_ws/install/my_py_pkg/share/my_py_pkg/package.dsv'
[2.100s] INFO:colcon.colcon_core.shell:Creating package script '/home/enesb/ros2_ws/install/my_py_pkg/share/my_py_pkg/package.sh'
[2.101s] INFO:colcon.colcon_core.shell:Creating package script '/home/enesb/ros2_ws/install/my_py_pkg/share/my_py_pkg/package.bash'
[2.102s] INFO:colcon.colcon_core.shell:Creating package script '/home/enesb/ros2_ws/install/my_py_pkg/share/my_py_pkg/package.zsh'
[2.102s] Level 1:colcon.colcon_core.environment:create_file_with_runtime_dependencies(/home/enesb/ros2_ws/install/my_py_pkg/share/colcon-core/packages/my_py_pkg)
[4.389s] DEBUG:colcon.colcon_core.event_handler.log_command:Invoked command in '/home/enesb/ros2_ws/build/my_cpp_pkg' returned '0': CMAKE_PREFIX_PATH=${CMAKE_PREFIX_PATH}:/home/enesb/ros2_ws/install/my_py_pkg:/opt/ros/humble /usr/bin/cmake --build /home/enesb/ros2_ws/build/my_cpp_pkg -- -j12 -l12
[4.432s] DEBUG:colcon.colcon_core.event_handler.log_command:Invoking command in '/home/enesb/ros2_ws/build/my_cpp_pkg': CMAKE_PREFIX_PATH=${CMAKE_PREFIX_PATH}:/home/enesb/ros2_ws/install/my_py_pkg:/opt/ros/humble /usr/bin/cmake --install /home/enesb/ros2_ws/build/my_cpp_pkg
[4.443s] Level 1:colcon.colcon_core.environment:create_environment_scripts_only(my_cpp_pkg)
[4.445s] Level 1:colcon.colcon_core.environment:checking '/home/enesb/ros2_ws/install/my_cpp_pkg' for CMake module files
[4.446s] DEBUG:colcon.colcon_core.event_handler.log_command:Invoked command in '/home/enesb/ros2_ws/build/my_cpp_pkg' returned '0': CMAKE_PREFIX_PATH=${CMAKE_PREFIX_PATH}:/home/enesb/ros2_ws/install/my_py_pkg:/opt/ros/humble /usr/bin/cmake --install /home/enesb/ros2_ws/build/my_cpp_pkg
[4.446s] Level 1:colcon.colcon_core.environment:checking '/home/enesb/ros2_ws/install/my_cpp_pkg' for CMake config files
[4.446s] Level 1:colcon.colcon_core.shell:create_environment_hook('my_cpp_pkg', 'cmake_prefix_path')
[4.448s] INFO:colcon.colcon_core.shell:Creating environment hook '/home/enesb/ros2_ws/install/my_cpp_pkg/share/my_cpp_pkg/hook/cmake_prefix_path.ps1'
[4.448s] INFO:colcon.colcon_core.shell:Creating environment descriptor '/home/enesb/ros2_ws/install/my_cpp_pkg/share/my_cpp_pkg/hook/cmake_prefix_path.dsv'
[4.448s] INFO:colcon.colcon_core.shell:Creating environment hook '/home/enesb/ros2_ws/install/my_cpp_pkg/share/my_cpp_pkg/hook/cmake_prefix_path.sh'
[4.449s] Level 1:colcon.colcon_core.environment:checking '/home/enesb/ros2_ws/install/my_cpp_pkg/lib'
[4.449s] Level 1:colcon.colcon_core.environment:checking '/home/enesb/ros2_ws/install/my_cpp_pkg/bin'
[4.449s] Level 1:colcon.colcon_core.environment:checking '/home/enesb/ros2_ws/install/my_cpp_pkg/lib/pkgconfig/my_cpp_pkg.pc'
[4.449s] Level 1:colcon.colcon_core.environment:checking '/home/enesb/ros2_ws/install/my_cpp_pkg/lib/python3.10/site-packages'
[4.449s] Level 1:colcon.colcon_core.environment:checking '/home/enesb/ros2_ws/install/my_cpp_pkg/bin'
[4.451s] INFO:colcon.colcon_core.shell:Creating package script '/home/enesb/ros2_ws/install/my_cpp_pkg/share/my_cpp_pkg/package.ps1'
[4.451s] INFO:colcon.colcon_core.shell:Creating package descriptor '/home/enesb/ros2_ws/install/my_cpp_pkg/share/my_cpp_pkg/package.dsv'
[4.452s] INFO:colcon.colcon_core.shell:Creating package script '/home/enesb/ros2_ws/install/my_cpp_pkg/share/my_cpp_pkg/package.sh'
[4.452s] INFO:colcon.colcon_core.shell:Creating package script '/home/enesb/ros2_ws/install/my_cpp_pkg/share/my_cpp_pkg/package.bash'
[4.453s] INFO:colcon.colcon_core.shell:Creating package script '/home/enesb/ros2_ws/install/my_cpp_pkg/share/my_cpp_pkg/package.zsh'
[4.453s] Level 1:colcon.colcon_core.environment:create_file_with_runtime_dependencies(/home/enesb/ros2_ws/install/my_cpp_pkg/share/colcon-core/packages/my_cpp_pkg)
[4.489s] Level 1:colcon.colcon_core.environment:create_environment_scripts_only(my_cpp_pkg)
[4.491s] Level 1:colcon.colcon_core.environment:checking '/home/enesb/ros2_ws/install/my_cpp_pkg' for CMake module files
[4.491s] Level 1:colcon.colcon_core.environment:checking '/home/enesb/ros2_ws/install/my_cpp_pkg' for CMake config files
[4.492s] Level 1:colcon.colcon_core.shell:create_environment_hook('my_cpp_pkg', 'cmake_prefix_path')
[4.493s] INFO:colcon.colcon_core.shell:Creating environment hook '/home/enesb/ros2_ws/install/my_cpp_pkg/share/my_cpp_pkg/hook/cmake_prefix_path.ps1'
[4.493s] INFO:colcon.colcon_core.shell:Creating environment descriptor '/home/enesb/ros2_ws/install/my_cpp_pkg/share/my_cpp_pkg/hook/cmake_prefix_path.dsv'
[4.494s] INFO:colcon.colcon_core.shell:Creating environment hook '/home/enesb/ros2_ws/install/my_cpp_pkg/share/my_cpp_pkg/hook/cmake_prefix_path.sh'
[4.494s] Level 1:colcon.colcon_core.environment:checking '/home/enesb/ros2_ws/install/my_cpp_pkg/lib'
[4.494s] Level 1:colcon.colcon_core.environment:checking '/home/enesb/ros2_ws/install/my_cpp_pkg/bin'
[4.495s] Level 1:colcon.colcon_core.environment:checking '/home/enesb/ros2_ws/install/my_cpp_pkg/lib/pkgconfig/my_cpp_pkg.pc'
[4.495s] Level 1:colcon.colcon_core.environment:checking '/home/enesb/ros2_ws/install/my_cpp_pkg/lib/python3.10/site-packages'
[4.495s] Level 1:colcon.colcon_core.environment:checking '/home/enesb/ros2_ws/install/my_cpp_pkg/bin'
[4.497s] INFO:colcon.colcon_core.shell:Creating package script '/home/enesb/ros2_ws/install/my_cpp_pkg/share/my_cpp_pkg/package.ps1'
[4.497s] INFO:colcon.colcon_core.shell:Creating package descriptor '/home/enesb/ros2_ws/install/my_cpp_pkg/share/my_cpp_pkg/package.dsv'
[4.498s] INFO:colcon.colcon_core.shell:Creating package script '/home/enesb/ros2_ws/install/my_cpp_pkg/share/my_cpp_pkg/package.sh'
[4.498s] INFO:colcon.colcon_core.shell:Creating package script '/home/enesb/ros2_ws/install/my_cpp_pkg/share/my_cpp_pkg/package.bash'
[4.499s] INFO:colcon.colcon_core.shell:Creating package script '/home/enesb/ros2_ws/install/my_cpp_pkg/share/my_cpp_pkg/package.zsh'
[4.499s] Level 1:colcon.colcon_core.environment:create_file_with_runtime_dependencies(/home/enesb/ros2_ws/install/my_cpp_pkg/share/colcon-core/packages/my_cpp_pkg)
[4.499s] DEBUG:colcon.colcon_parallel_executor.executor.parallel:closing loop
[4.499s] DEBUG:colcon.colcon_parallel_executor.executor.parallel:loop closed
[4.500s] DEBUG:colcon.colcon_parallel_executor.executor.parallel:run_until_complete finished with '0'
[4.500s] DEBUG:colcon.colcon_core.event_reactor:joining thread
[4.505s] INFO:colcon.colcon_core.plugin_system:Skipping extension 'colcon_notification.desktop_notification.terminal_notifier': Not used on non-Darwin systems
[4.506s] INFO:colcon.colcon_core.plugin_system:Skipping extension 'colcon_notification.desktop_notification.win32': Not used on non-Windows systems
[4.506s] INFO:colcon.colcon_notification.desktop_notification:Sending desktop notification using 'notify2'
[4.518s] DEBUG:colcon.colcon_core.event_reactor:joined thread
[4.520s] INFO:colcon.colcon_core.shell:Creating prefix script '/home/enesb/ros2_ws/install/local_setup.ps1'
[4.521s] INFO:colcon.colcon_core.shell:Creating prefix util module '/home/enesb/ros2_ws/install/_local_setup_util_ps1.py'
[4.523s] INFO:colcon.colcon_core.shell:Creating prefix chain script '/home/enesb/ros2_ws/install/setup.ps1'
[4.524s] INFO:colcon.colcon_core.shell:Creating prefix script '/home/enesb/ros2_ws/install/local_setup.sh'
[4.525s] INFO:colcon.colcon_core.shell:Creating prefix util module '/home/enesb/ros2_ws/install/_local_setup_util_sh.py'
[4.526s] INFO:colcon.colcon_core.shell:Creating prefix chain script '/home/enesb/ros2_ws/install/setup.sh'
[4.527s] INFO:colcon.colcon_core.shell:Creating prefix script '/home/enesb/ros2_ws/install/local_setup.bash'
[4.528s] INFO:colcon.colcon_core.shell:Creating prefix chain script '/home/enesb/ros2_ws/install/setup.bash'
[4.530s] INFO:colcon.colcon_core.shell:Creating prefix script '/home/enesb/ros2_ws/install/local_setup.zsh'
[4.530s] INFO:colcon.colcon_core.shell:Creating prefix chain script '/home/enesb/ros2_ws/install/setup.zsh'
