[0.033s] Invoking command in '/home/enesb/ros2_ws/build/zed_tutorial_pos_tracking': CMAKE_PREFIX_PATH=${CMAKE_PREFIX_PATH}:/home/enesb/ros2_ws/install/my_py_pkg:/opt/ros/humble /usr/bin/cmake /home/enesb/ros2_ws/src/zed-ros2-examples/tutorials/zed_pose_tutorial -DCMAKE_INSTALL_PREFIX=/home/enesb/ros2_ws/install/zed_tutorial_pos_tracking
[0.044s] -- Found ament_cmake_auto: 1.3.5 (/opt/ros/humble/share/ament_cmake_auto/cmake)
[0.226s] -- Override CMake install command with custom implementation using symlinks instead of copying resources
[0.348s] -- Found rosidl_generator_c: 3.1.5 (/opt/ros/humble/share/rosidl_generator_c/cmake)
[0.353s] -- Found rosidl_adapter: 3.1.5 (/opt/ros/humble/share/rosidl_adapter/cmake)
[0.363s] -- Found rosidl_generator_cpp: 3.1.5 (/opt/ros/humble/share/rosidl_generator_cpp/cmake)
[0.382s] -- Using all available rosidl_typesupport_c: rosidl_typesupport_fastrtps_c;rosidl_typesupport_introspection_c
[0.410s] -- Using all available rosidl_typesupport_cpp: rosidl_typesupport_fastrtps_cpp;rosidl_typesupport_introspection_cpp
[0.513s] -- Found rmw_implementation_cmake: 6.1.1 (/opt/ros/humble/share/rmw_implementation_cmake/cmake)
[0.516s] -- Found rmw_fastrtps_cpp: 6.2.3 (/opt/ros/humble/share/rmw_fastrtps_cpp/cmake)
[0.670s] -- Using RMW implementation 'rmw_fastrtps_cpp' as default
[1.394s] -- Found ament_lint_auto: 0.12.7 (/opt/ros/humble/share/ament_lint_auto/cmake)
[1.408s] -- Added test 'copyright' to check source files copyright and LICENSE
[1.409s] -- Added test 'cppcheck' to perform static code analysis on C / C++ code
[1.410s] -- Configured cppcheck include dirs: 
[1.410s] -- Configured cppcheck exclude dirs and/or files: 
[1.411s] -- Added test 'cpplint' to check C / C++ code against the Google style
[1.411s] -- Configured cpplint exclude dirs and/or files: 
[1.411s] -- Added test 'lint_cmake' to check CMake code style
[1.412s] -- Added test 'uncrustify' to check C / C++ code style
[1.412s] -- Configured uncrustify additional arguments: 
[1.413s] -- Added test 'xmllint' to check XML markup files
[1.413s] -- Added test 'clang_format' to check C / C++ code style
[1.415s] -- Configuring done
[1.432s] -- Generating done
[1.434s] -- Build files have been written to: /home/enesb/ros2_ws/build/zed_tutorial_pos_tracking
[1.446s] Invoked command in '/home/enesb/ros2_ws/build/zed_tutorial_pos_tracking' returned '0': CMAKE_PREFIX_PATH=${CMAKE_PREFIX_PATH}:/home/enesb/ros2_ws/install/my_py_pkg:/opt/ros/humble /usr/bin/cmake /home/enesb/ros2_ws/src/zed-ros2-examples/tutorials/zed_pose_tutorial -DCMAKE_INSTALL_PREFIX=/home/enesb/ros2_ws/install/zed_tutorial_pos_tracking
[1.447s] Invoking command in '/home/enesb/ros2_ws/build/zed_tutorial_pos_tracking': CMAKE_PREFIX_PATH=${CMAKE_PREFIX_PATH}:/home/enesb/ros2_ws/install/my_py_pkg:/opt/ros/humble /usr/bin/cmake --build /home/enesb/ros2_ws/build/zed_tutorial_pos_tracking -- -j12 -l12
[1.483s] [35m[1mConsolidate compiler generated dependencies of target zed_tutorial_pos_tracking[0m
[1.503s] [100%] Built target zed_tutorial_pos_tracking
[1.514s] Invoked command in '/home/enesb/ros2_ws/build/zed_tutorial_pos_tracking' returned '0': CMAKE_PREFIX_PATH=${CMAKE_PREFIX_PATH}:/home/enesb/ros2_ws/install/my_py_pkg:/opt/ros/humble /usr/bin/cmake --build /home/enesb/ros2_ws/build/zed_tutorial_pos_tracking -- -j12 -l12
[1.535s] Invoking command in '/home/enesb/ros2_ws/build/zed_tutorial_pos_tracking': CMAKE_PREFIX_PATH=${CMAKE_PREFIX_PATH}:/home/enesb/ros2_ws/install/my_py_pkg:/opt/ros/humble /usr/bin/cmake --install /home/enesb/ros2_ws/build/zed_tutorial_pos_tracking
[1.541s] -- Install configuration: "Release"
[1.541s] -- Execute custom install script
[1.542s] -- Up-to-date symlink: /home/enesb/ros2_ws/install/zed_tutorial_pos_tracking/lib/zed_tutorial_pos_tracking/zed_tutorial_pos_tracking
[1.542s] -- Up-to-date symlink: /home/enesb/ros2_ws/install/zed_tutorial_pos_tracking/share/ament_index/resource_index/package_run_dependencies/zed_tutorial_pos_tracking
[1.542s] -- Up-to-date symlink: /home/enesb/ros2_ws/install/zed_tutorial_pos_tracking/share/ament_index/resource_index/parent_prefix_path/zed_tutorial_pos_tracking
[1.542s] -- Up-to-date symlink: /home/enesb/ros2_ws/install/zed_tutorial_pos_tracking/share/zed_tutorial_pos_tracking/environment/ament_prefix_path.sh
[1.542s] -- Up-to-date symlink: /home/enesb/ros2_ws/install/zed_tutorial_pos_tracking/share/zed_tutorial_pos_tracking/environment/ament_prefix_path.dsv
[1.542s] -- Up-to-date symlink: /home/enesb/ros2_ws/install/zed_tutorial_pos_tracking/share/zed_tutorial_pos_tracking/environment/path.sh
[1.542s] -- Up-to-date symlink: /home/enesb/ros2_ws/install/zed_tutorial_pos_tracking/share/zed_tutorial_pos_tracking/environment/path.dsv
[1.542s] -- Up-to-date symlink: /home/enesb/ros2_ws/install/zed_tutorial_pos_tracking/share/zed_tutorial_pos_tracking/local_setup.bash
[1.543s] -- Up-to-date symlink: /home/enesb/ros2_ws/install/zed_tutorial_pos_tracking/share/zed_tutorial_pos_tracking/local_setup.sh
[1.543s] -- Up-to-date symlink: /home/enesb/ros2_ws/install/zed_tutorial_pos_tracking/share/zed_tutorial_pos_tracking/local_setup.zsh
[1.543s] -- Up-to-date symlink: /home/enesb/ros2_ws/install/zed_tutorial_pos_tracking/share/zed_tutorial_pos_tracking/local_setup.dsv
[1.543s] -- Symlinking: /home/enesb/ros2_ws/install/zed_tutorial_pos_tracking/share/zed_tutorial_pos_tracking/package.dsv
[1.550s] -- Up-to-date symlink: /home/enesb/ros2_ws/install/zed_tutorial_pos_tracking/share/ament_index/resource_index/packages/zed_tutorial_pos_tracking
[1.550s] -- Up-to-date symlink: /home/enesb/ros2_ws/install/zed_tutorial_pos_tracking/share/zed_tutorial_pos_tracking/cmake/zed_tutorial_pos_trackingConfig.cmake
[1.550s] -- Up-to-date symlink: /home/enesb/ros2_ws/install/zed_tutorial_pos_tracking/share/zed_tutorial_pos_tracking/cmake/zed_tutorial_pos_trackingConfig-version.cmake
[1.551s] -- Up-to-date symlink: /home/enesb/ros2_ws/install/zed_tutorial_pos_tracking/share/zed_tutorial_pos_tracking/package.xml
[1.552s] Invoked command in '/home/enesb/ros2_ws/build/zed_tutorial_pos_tracking' returned '0': CMAKE_PREFIX_PATH=${CMAKE_PREFIX_PATH}:/home/enesb/ros2_ws/install/my_py_pkg:/opt/ros/humble /usr/bin/cmake --install /home/enesb/ros2_ws/build/zed_tutorial_pos_tracking
