[0.036s] Invoking command in '/home/enesb/ros2_ws/build/zed_tutorial_video': CMAKE_PREFIX_PATH=${CMAKE_PREFIX_PATH}:/home/enesb/ros2_ws/install/my_py_pkg:/opt/ros/humble /usr/bin/cmake --build /home/enesb/ros2_ws/build/zed_tutorial_video -- -j12 -l12
[0.123s] [100%] Built target zed_tutorial_video
[0.172s] Invoked command in '/home/enesb/ros2_ws/build/zed_tutorial_video' returned '0': CMAKE_PREFIX_PATH=${CMAKE_PREFIX_PATH}:/home/enesb/ros2_ws/install/my_py_pkg:/opt/ros/humble /usr/bin/cmake --build /home/enesb/ros2_ws/build/zed_tutorial_video -- -j12 -l12
[0.236s] Invoking command in '/home/enesb/ros2_ws/build/zed_tutorial_video': CMAKE_PREFIX_PATH=${CMAKE_PREFIX_PATH}:/home/enesb/ros2_ws/install/my_py_pkg:/opt/ros/humble /usr/bin/cmake --install /home/enesb/ros2_ws/build/zed_tutorial_video
[0.246s] -- Install configuration: "Release"
[0.247s] -- Execute custom install script
[0.248s] -- Up-to-date symlink: /home/enesb/ros2_ws/install/zed_tutorial_video/lib/zed_tutorial_video/zed_tutorial_video
[0.249s] -- Up-to-date symlink: /home/enesb/ros2_ws/install/zed_tutorial_video/share/ament_index/resource_index/package_run_dependencies/zed_tutorial_video
[0.249s] -- Up-to-date symlink: /home/enesb/ros2_ws/install/zed_tutorial_video/share/ament_index/resource_index/parent_prefix_path/zed_tutorial_video
[0.249s] -- Up-to-date symlink: /home/enesb/ros2_ws/install/zed_tutorial_video/share/zed_tutorial_video/environment/ament_prefix_path.sh
[0.250s] -- Up-to-date symlink: /home/enesb/ros2_ws/install/zed_tutorial_video/share/zed_tutorial_video/environment/ament_prefix_path.dsv
[0.250s] -- Up-to-date symlink: /home/enesb/ros2_ws/install/zed_tutorial_video/share/zed_tutorial_video/environment/path.sh
[0.250s] -- Up-to-date symlink: /home/enesb/ros2_ws/install/zed_tutorial_video/share/zed_tutorial_video/environment/path.dsv
[0.251s] -- Up-to-date symlink: /home/enesb/ros2_ws/install/zed_tutorial_video/share/zed_tutorial_video/local_setup.bash
[0.251s] -- Up-to-date symlink: /home/enesb/ros2_ws/install/zed_tutorial_video/share/zed_tutorial_video/local_setup.sh
[0.251s] -- Up-to-date symlink: /home/enesb/ros2_ws/install/zed_tutorial_video/share/zed_tutorial_video/local_setup.zsh
[0.251s] -- Up-to-date symlink: /home/enesb/ros2_ws/install/zed_tutorial_video/share/zed_tutorial_video/local_setup.dsv
[0.252s] -- Symlinking: /home/enesb/ros2_ws/install/zed_tutorial_video/share/zed_tutorial_video/package.dsv
[0.267s] -- Up-to-date symlink: /home/enesb/ros2_ws/install/zed_tutorial_video/share/ament_index/resource_index/packages/zed_tutorial_video
[0.268s] -- Up-to-date symlink: /home/enesb/ros2_ws/install/zed_tutorial_video/share/zed_tutorial_video/cmake/zed_tutorial_videoConfig.cmake
[0.268s] -- Up-to-date symlink: /home/enesb/ros2_ws/install/zed_tutorial_video/share/zed_tutorial_video/cmake/zed_tutorial_videoConfig-version.cmake
[0.268s] -- Up-to-date symlink: /home/enesb/ros2_ws/install/zed_tutorial_video/share/zed_tutorial_video/package.xml
[0.341s] Invoked command in '/home/enesb/ros2_ws/build/zed_tutorial_video' returned '0': CMAKE_PREFIX_PATH=${CMAKE_PREFIX_PATH}:/home/enesb/ros2_ws/install/my_py_pkg:/opt/ros/humble /usr/bin/cmake --install /home/enesb/ros2_ws/build/zed_tutorial_video
