[0.049s] Invoking command in '/home/enesb/ros2_ws/build/my_robot_description': CMAKE_PREFIX_PATH=${CMAKE_PREFIX_PATH}:/home/enesb/ros2_ws/install/my_py_pkg:/opt/ros/humble /usr/bin/cmake /home/enesb/ros2_ws/src/my_robot_description -DAMENT_CMAKE_SYMLINK_INSTALL=1 -DCMAKE_INSTALL_PREFIX=/home/enesb/ros2_ws/install/my_robot_description
[0.064s] -- Found ament_cmake: 1.3.5 (/opt/ros/humble/share/ament_cmake/cmake)
[0.288s] -- Override CMake install command with custom implementation using symlinks instead of copying resources
[0.416s] -- Configuring done
[0.420s] -- Generating done
[0.423s] -- Build files have been written to: /home/enesb/ros2_ws/build/my_robot_description
[0.426s] Invoked command in '/home/enesb/ros2_ws/build/my_robot_description' returned '0': CMAKE_PREFIX_PATH=${CMAKE_PREFIX_PATH}:/home/enesb/ros2_ws/install/my_py_pkg:/opt/ros/humble /usr/bin/cmake /home/enesb/ros2_ws/src/my_robot_description -DAMENT_CMAKE_SYMLINK_INSTALL=1 -DCMAKE_INSTALL_PREFIX=/home/enesb/ros2_ws/install/my_robot_description
[0.441s] Invoking command in '/home/enesb/ros2_ws/build/my_robot_description': CMAKE_PREFIX_PATH=${CMAKE_PREFIX_PATH}:/home/enesb/ros2_ws/install/my_py_pkg:/opt/ros/humble /usr/bin/cmake --build /home/enesb/ros2_ws/build/my_robot_description -- -j12 -l12
[0.509s] Invoked command in '/home/enesb/ros2_ws/build/my_robot_description' returned '0': CMAKE_PREFIX_PATH=${CMAKE_PREFIX_PATH}:/home/enesb/ros2_ws/install/my_py_pkg:/opt/ros/humble /usr/bin/cmake --build /home/enesb/ros2_ws/build/my_robot_description -- -j12 -l12
[0.569s] Invoking command in '/home/enesb/ros2_ws/build/my_robot_description': CMAKE_PREFIX_PATH=${CMAKE_PREFIX_PATH}:/home/enesb/ros2_ws/install/my_py_pkg:/opt/ros/humble /usr/bin/cmake --install /home/enesb/ros2_ws/build/my_robot_description
[0.580s] -- Install configuration: "Release"
[0.580s] -- Execute custom install script
[0.581s] -- Up-to-date symlink: /home/enesb/ros2_ws/install/my_robot_description/share/my_robot_description//urdf/camera.xacro
[0.581s] -- Up-to-date symlink: /home/enesb/ros2_ws/install/my_robot_description/share/my_robot_description//urdf/common_properties.xacro
[0.581s] -- Up-to-date symlink: /home/enesb/ros2_ws/install/my_robot_description/share/my_robot_description//urdf/mobile_base.xacro
[0.582s] -- Up-to-date symlink: /home/enesb/ros2_ws/install/my_robot_description/share/my_robot_description//urdf/mobile_base_gazebo.xacro
[0.582s] -- Up-to-date symlink: /home/enesb/ros2_ws/install/my_robot_description/share/my_robot_description//urdf/my_robot.urdf.xacro
[0.582s] -- Up-to-date symlink: /home/enesb/ros2_ws/install/my_robot_description/share/my_robot_description//urdf/ros2_control.xacro
[0.582s] -- Up-to-date symlink: /home/enesb/ros2_ws/install/my_robot_description/share/my_robot_description//launch/display.launch.py
[0.582s] -- Up-to-date symlink: /home/enesb/ros2_ws/install/my_robot_description/share/my_robot_description//launch/display.launch.xml
[0.583s] -- Up-to-date symlink: /home/enesb/ros2_ws/install/my_robot_description/share/my_robot_description//rviz/urdf_config.rviz
[0.583s] -- Up-to-date symlink: /home/enesb/ros2_ws/install/my_robot_description/share/my_robot_description//config/gazebo_params.yaml
[0.583s] -- Up-to-date symlink: /home/enesb/ros2_ws/install/my_robot_description/share/my_robot_description//config/my_controllers.yaml
[0.584s] -- Up-to-date symlink: /home/enesb/ros2_ws/install/my_robot_description/share/ament_index/resource_index/package_run_dependencies/my_robot_description
[0.584s] -- Up-to-date symlink: /home/enesb/ros2_ws/install/my_robot_description/share/ament_index/resource_index/parent_prefix_path/my_robot_description
[0.584s] -- Up-to-date symlink: /home/enesb/ros2_ws/install/my_robot_description/share/my_robot_description/environment/ament_prefix_path.sh
[0.585s] -- Up-to-date symlink: /home/enesb/ros2_ws/install/my_robot_description/share/my_robot_description/environment/ament_prefix_path.dsv
[0.585s] -- Up-to-date symlink: /home/enesb/ros2_ws/install/my_robot_description/share/my_robot_description/environment/path.sh
[0.585s] -- Up-to-date symlink: /home/enesb/ros2_ws/install/my_robot_description/share/my_robot_description/environment/path.dsv
[0.585s] -- Up-to-date symlink: /home/enesb/ros2_ws/install/my_robot_description/share/my_robot_description/local_setup.bash
[0.585s] -- Up-to-date symlink: /home/enesb/ros2_ws/install/my_robot_description/share/my_robot_description/local_setup.sh
[0.586s] -- Up-to-date symlink: /home/enesb/ros2_ws/install/my_robot_description/share/my_robot_description/local_setup.zsh
[0.586s] -- Up-to-date symlink: /home/enesb/ros2_ws/install/my_robot_description/share/my_robot_description/local_setup.dsv
[0.586s] -- Symlinking: /home/enesb/ros2_ws/install/my_robot_description/share/my_robot_description/package.dsv
[0.600s] -- Up-to-date symlink: /home/enesb/ros2_ws/install/my_robot_description/share/ament_index/resource_index/packages/my_robot_description
[0.600s] -- Up-to-date symlink: /home/enesb/ros2_ws/install/my_robot_description/share/my_robot_description/cmake/my_robot_descriptionConfig.cmake
[0.600s] -- Up-to-date symlink: /home/enesb/ros2_ws/install/my_robot_description/share/my_robot_description/cmake/my_robot_descriptionConfig-version.cmake
[0.600s] -- Up-to-date symlink: /home/enesb/ros2_ws/install/my_robot_description/share/my_robot_description/package.xml
[0.604s] Invoked command in '/home/enesb/ros2_ws/build/my_robot_description' returned '0': CMAKE_PREFIX_PATH=${CMAKE_PREFIX_PATH}:/home/enesb/ros2_ws/install/my_py_pkg:/opt/ros/humble /usr/bin/cmake --install /home/enesb/ros2_ws/build/my_robot_description
