[0.017s] Invoking command in '/home/enesb/ros2_ws/build/zed_wrapper': CMAKE_PREFIX_PATH=/home/enesb/ros2_ws/install/zed_components:/home/enesb/ros2_ws/install/zed_interfaces:/home/enesb/ros2_ws/install/zed_ros2:/home/enesb/ros2_ws/install/zed_multi_camera:/home/enesb/ros2_ws/install/zed_display_rviz2:/home/enesb/ros2_ws/install/zed_wrapper:/home/enesb/ros2_ws/install/zed_tutorial_video:/home/enesb/ros2_ws/install/zed_tutorial_pos_tracking:/home/enesb/ros2_ws/install/zed_tutorial_depth:/home/enesb/ros2_ws/install/zed_topic_benchmark:/home/enesb/ros2_ws/install/zed_topic_benchmark_component:/home/enesb/ros2_ws/install/zed_topic_benchmark_interfaces:/home/enesb/ros2_ws/install/zed_rgb_convert:/home/enesb/ros2_ws/install/my_robot_bringup:/home/enesb/ros2_ws/install/my_robot_interfaces:/home/enesb/ros2_ws/install/my_robot_description:/home/enesb/ros2_ws/install/my_cpp_pkg:/home/enesb/agv_ws/install/agv_test:/home/enesb/microros_ws/install/micro_ros_setup:/home/enesb/microros_ws/install/micro_ros_agent:/home/enesb/microros_ws/install/micro_ros_msgs:/home/enesb/ros2_ws/install/my_py_pkg:/opt/ros/humble LD_LIBRARY_PATH=/home/enesb/ros2_ws/install/zed_components/lib:/home/enesb/ros2_ws/install/zed_interfaces/lib:/home/enesb/ros2_ws/install/zed_topic_benchmark_component/lib:/home/enesb/ros2_ws/install/zed_topic_benchmark_interfaces/lib:/home/enesb/ros2_ws/install/zed_rgb_convert/lib:/home/enesb/ros2_ws/install/my_robot_interfaces/lib:/home/enesb/microros_ws/install/micro_ros_agent/lib:/home/enesb/microros_ws/install/micro_ros_msgs/lib:/usr/lib/x86_64-linux-gnu/gazebo-11/plugins:/opt/ros/humble/opt/rviz_ogre_vendor/lib:/opt/ros/humble/lib/x86_64-linux-gnu:/opt/ros/humble/lib /usr/bin/cmake /home/enesb/ros2_ws/src/zed-ros2-wrapper/zed_wrapper -DCMAKE_INSTALL_PREFIX=/home/enesb/ros2_ws/install/zed_wrapper
[0.075s] -- Found CUDA: /usr/local/cuda (found suitable version "12.3", minimum required is "12") 
[0.119s] -- Found CUDA: /usr/local/cuda (found version "12.3") 
[0.120s] -- Found ament_cmake_auto: 1.3.5 (/opt/ros/humble/share/ament_cmake_auto/cmake)
[0.295s] -- Override CMake install command with custom implementation using symlinks instead of copying resources
[0.402s] -- Found rosidl_generator_c: 3.1.5 (/opt/ros/humble/share/rosidl_generator_c/cmake)
[0.405s] -- Found rosidl_adapter: 3.1.5 (/opt/ros/humble/share/rosidl_adapter/cmake)
[0.412s] -- Found rosidl_generator_cpp: 3.1.5 (/opt/ros/humble/share/rosidl_generator_cpp/cmake)
[0.426s] -- Using all available rosidl_typesupport_c: rosidl_typesupport_fastrtps_c;rosidl_typesupport_introspection_c
[0.444s] -- Using all available rosidl_typesupport_cpp: rosidl_typesupport_fastrtps_cpp;rosidl_typesupport_introspection_cpp
[0.552s] -- Found rmw_implementation_cmake: 6.1.1 (/opt/ros/humble/share/rmw_implementation_cmake/cmake)
[0.556s] -- Found rmw_fastrtps_cpp: 6.2.3 (/opt/ros/humble/share/rmw_fastrtps_cpp/cmake)
[0.755s] -- Using RMW implementation 'rmw_fastrtps_cpp' as default
[1.727s] -- Found eigen3_cmake_module: 0.1.1 (/opt/ros/humble/share/eigen3_cmake_module/cmake)
[1.728s] -- Ensuring Eigen3 include directory is part of orocos-kdl CMake target
[2.923s] -- Found ament_lint_auto: 0.12.7 (/opt/ros/humble/share/ament_lint_auto/cmake)
[3.639s] -- Added test 'copyright' to check source files copyright and LICENSE
[3.640s] -- Added test 'cppcheck' to perform static code analysis on C / C++ code
[3.641s] -- Configured cppcheck include dirs: /home/enesb/ros2_ws/src/zed-ros2-wrapper/zed_wrapper/src
[3.641s] -- Configured cppcheck exclude dirs and/or files: 
[3.641s] -- Added test 'lint_cmake' to check CMake code style
[3.642s] -- Added test 'pep257' to check Python code against some of the docstring style conventions in PEP 257
[3.643s] -- Added test 'uncrustify' to check C / C++ code style
[3.643s] -- Configured uncrustify additional arguments: 
[3.643s] -- Added test 'xmllint' to check XML markup files
[3.644s] -- Configuring done
[3.686s] -- Generating done
[3.688s] -- Build files have been written to: /home/enesb/ros2_ws/build/zed_wrapper
[3.698s] Invoked command in '/home/enesb/ros2_ws/build/zed_wrapper' returned '0': CMAKE_PREFIX_PATH=/home/enesb/ros2_ws/install/zed_components:/home/enesb/ros2_ws/install/zed_interfaces:/home/enesb/ros2_ws/install/zed_ros2:/home/enesb/ros2_ws/install/zed_multi_camera:/home/enesb/ros2_ws/install/zed_display_rviz2:/home/enesb/ros2_ws/install/zed_wrapper:/home/enesb/ros2_ws/install/zed_tutorial_video:/home/enesb/ros2_ws/install/zed_tutorial_pos_tracking:/home/enesb/ros2_ws/install/zed_tutorial_depth:/home/enesb/ros2_ws/install/zed_topic_benchmark:/home/enesb/ros2_ws/install/zed_topic_benchmark_component:/home/enesb/ros2_ws/install/zed_topic_benchmark_interfaces:/home/enesb/ros2_ws/install/zed_rgb_convert:/home/enesb/ros2_ws/install/my_robot_bringup:/home/enesb/ros2_ws/install/my_robot_interfaces:/home/enesb/ros2_ws/install/my_robot_description:/home/enesb/ros2_ws/install/my_cpp_pkg:/home/enesb/agv_ws/install/agv_test:/home/enesb/microros_ws/install/micro_ros_setup:/home/enesb/microros_ws/install/micro_ros_agent:/home/enesb/microros_ws/install/micro_ros_msgs:/home/enesb/ros2_ws/install/my_py_pkg:/opt/ros/humble LD_LIBRARY_PATH=/home/enesb/ros2_ws/install/zed_components/lib:/home/enesb/ros2_ws/install/zed_interfaces/lib:/home/enesb/ros2_ws/install/zed_topic_benchmark_component/lib:/home/enesb/ros2_ws/install/zed_topic_benchmark_interfaces/lib:/home/enesb/ros2_ws/install/zed_rgb_convert/lib:/home/enesb/ros2_ws/install/my_robot_interfaces/lib:/home/enesb/microros_ws/install/micro_ros_agent/lib:/home/enesb/microros_ws/install/micro_ros_msgs/lib:/usr/lib/x86_64-linux-gnu/gazebo-11/plugins:/opt/ros/humble/opt/rviz_ogre_vendor/lib:/opt/ros/humble/lib/x86_64-linux-gnu:/opt/ros/humble/lib /usr/bin/cmake /home/enesb/ros2_ws/src/zed-ros2-wrapper/zed_wrapper -DCMAKE_INSTALL_PREFIX=/home/enesb/ros2_ws/install/zed_wrapper
[3.699s] Invoking command in '/home/enesb/ros2_ws/build/zed_wrapper': CMAKE_PREFIX_PATH=/home/enesb/ros2_ws/install/zed_components:/home/enesb/ros2_ws/install/zed_interfaces:/home/enesb/ros2_ws/install/zed_ros2:/home/enesb/ros2_ws/install/zed_multi_camera:/home/enesb/ros2_ws/install/zed_display_rviz2:/home/enesb/ros2_ws/install/zed_wrapper:/home/enesb/ros2_ws/install/zed_tutorial_video:/home/enesb/ros2_ws/install/zed_tutorial_pos_tracking:/home/enesb/ros2_ws/install/zed_tutorial_depth:/home/enesb/ros2_ws/install/zed_topic_benchmark:/home/enesb/ros2_ws/install/zed_topic_benchmark_component:/home/enesb/ros2_ws/install/zed_topic_benchmark_interfaces:/home/enesb/ros2_ws/install/zed_rgb_convert:/home/enesb/ros2_ws/install/my_robot_bringup:/home/enesb/ros2_ws/install/my_robot_interfaces:/home/enesb/ros2_ws/install/my_robot_description:/home/enesb/ros2_ws/install/my_cpp_pkg:/home/enesb/agv_ws/install/agv_test:/home/enesb/microros_ws/install/micro_ros_setup:/home/enesb/microros_ws/install/micro_ros_agent:/home/enesb/microros_ws/install/micro_ros_msgs:/home/enesb/ros2_ws/install/my_py_pkg:/opt/ros/humble LD_LIBRARY_PATH=/home/enesb/ros2_ws/install/zed_components/lib:/home/enesb/ros2_ws/install/zed_interfaces/lib:/home/enesb/ros2_ws/install/zed_topic_benchmark_component/lib:/home/enesb/ros2_ws/install/zed_topic_benchmark_interfaces/lib:/home/enesb/ros2_ws/install/zed_rgb_convert/lib:/home/enesb/ros2_ws/install/my_robot_interfaces/lib:/home/enesb/microros_ws/install/micro_ros_agent/lib:/home/enesb/microros_ws/install/micro_ros_msgs/lib:/usr/lib/x86_64-linux-gnu/gazebo-11/plugins:/opt/ros/humble/opt/rviz_ogre_vendor/lib:/opt/ros/humble/lib/x86_64-linux-gnu:/opt/ros/humble/lib /usr/bin/cmake --build /home/enesb/ros2_ws/build/zed_wrapper -- -j12 -l12
[3.739s] [35m[1mConsolidate compiler generated dependencies of target zed_wrapper[0m
[3.759s] [100%] Built target zed_wrapper
[3.771s] Invoked command in '/home/enesb/ros2_ws/build/zed_wrapper' returned '0': CMAKE_PREFIX_PATH=/home/enesb/ros2_ws/install/zed_components:/home/enesb/ros2_ws/install/zed_interfaces:/home/enesb/ros2_ws/install/zed_ros2:/home/enesb/ros2_ws/install/zed_multi_camera:/home/enesb/ros2_ws/install/zed_display_rviz2:/home/enesb/ros2_ws/install/zed_wrapper:/home/enesb/ros2_ws/install/zed_tutorial_video:/home/enesb/ros2_ws/install/zed_tutorial_pos_tracking:/home/enesb/ros2_ws/install/zed_tutorial_depth:/home/enesb/ros2_ws/install/zed_topic_benchmark:/home/enesb/ros2_ws/install/zed_topic_benchmark_component:/home/enesb/ros2_ws/install/zed_topic_benchmark_interfaces:/home/enesb/ros2_ws/install/zed_rgb_convert:/home/enesb/ros2_ws/install/my_robot_bringup:/home/enesb/ros2_ws/install/my_robot_interfaces:/home/enesb/ros2_ws/install/my_robot_description:/home/enesb/ros2_ws/install/my_cpp_pkg:/home/enesb/agv_ws/install/agv_test:/home/enesb/microros_ws/install/micro_ros_setup:/home/enesb/microros_ws/install/micro_ros_agent:/home/enesb/microros_ws/install/micro_ros_msgs:/home/enesb/ros2_ws/install/my_py_pkg:/opt/ros/humble LD_LIBRARY_PATH=/home/enesb/ros2_ws/install/zed_components/lib:/home/enesb/ros2_ws/install/zed_interfaces/lib:/home/enesb/ros2_ws/install/zed_topic_benchmark_component/lib:/home/enesb/ros2_ws/install/zed_topic_benchmark_interfaces/lib:/home/enesb/ros2_ws/install/zed_rgb_convert/lib:/home/enesb/ros2_ws/install/my_robot_interfaces/lib:/home/enesb/microros_ws/install/micro_ros_agent/lib:/home/enesb/microros_ws/install/micro_ros_msgs/lib:/usr/lib/x86_64-linux-gnu/gazebo-11/plugins:/opt/ros/humble/opt/rviz_ogre_vendor/lib:/opt/ros/humble/lib/x86_64-linux-gnu:/opt/ros/humble/lib /usr/bin/cmake --build /home/enesb/ros2_ws/build/zed_wrapper -- -j12 -l12
[3.795s] Invoking command in '/home/enesb/ros2_ws/build/zed_wrapper': CMAKE_PREFIX_PATH=/home/enesb/ros2_ws/install/zed_components:/home/enesb/ros2_ws/install/zed_interfaces:/home/enesb/ros2_ws/install/zed_ros2:/home/enesb/ros2_ws/install/zed_multi_camera:/home/enesb/ros2_ws/install/zed_display_rviz2:/home/enesb/ros2_ws/install/zed_wrapper:/home/enesb/ros2_ws/install/zed_tutorial_video:/home/enesb/ros2_ws/install/zed_tutorial_pos_tracking:/home/enesb/ros2_ws/install/zed_tutorial_depth:/home/enesb/ros2_ws/install/zed_topic_benchmark:/home/enesb/ros2_ws/install/zed_topic_benchmark_component:/home/enesb/ros2_ws/install/zed_topic_benchmark_interfaces:/home/enesb/ros2_ws/install/zed_rgb_convert:/home/enesb/ros2_ws/install/my_robot_bringup:/home/enesb/ros2_ws/install/my_robot_interfaces:/home/enesb/ros2_ws/install/my_robot_description:/home/enesb/ros2_ws/install/my_cpp_pkg:/home/enesb/agv_ws/install/agv_test:/home/enesb/microros_ws/install/micro_ros_setup:/home/enesb/microros_ws/install/micro_ros_agent:/home/enesb/microros_ws/install/micro_ros_msgs:/home/enesb/ros2_ws/install/my_py_pkg:/opt/ros/humble LD_LIBRARY_PATH=/home/enesb/ros2_ws/install/zed_components/lib:/home/enesb/ros2_ws/install/zed_interfaces/lib:/home/enesb/ros2_ws/install/zed_topic_benchmark_component/lib:/home/enesb/ros2_ws/install/zed_topic_benchmark_interfaces/lib:/home/enesb/ros2_ws/install/zed_rgb_convert/lib:/home/enesb/ros2_ws/install/my_robot_interfaces/lib:/home/enesb/microros_ws/install/micro_ros_agent/lib:/home/enesb/microros_ws/install/micro_ros_msgs/lib:/usr/lib/x86_64-linux-gnu/gazebo-11/plugins:/opt/ros/humble/opt/rviz_ogre_vendor/lib:/opt/ros/humble/lib/x86_64-linux-gnu:/opt/ros/humble/lib /usr/bin/cmake --install /home/enesb/ros2_ws/build/zed_wrapper
[3.803s] -- Install configuration: "Release"
[3.804s] -- Execute custom install script
[3.804s] -- Up-to-date symlink: /home/enesb/ros2_ws/install/zed_wrapper/lib/zed_wrapper/zed_wrapper
[3.804s] -- Up-to-date symlink: /home/enesb/ros2_ws/install/zed_wrapper/share/zed_wrapper/config/common.yaml
[3.804s] -- Up-to-date symlink: /home/enesb/ros2_ws/install/zed_wrapper/share/zed_wrapper/config/zed.yaml
[3.805s] -- Up-to-date symlink: /home/enesb/ros2_ws/install/zed_wrapper/share/zed_wrapper/config/zed2.yaml
[3.805s] -- Up-to-date symlink: /home/enesb/ros2_ws/install/zed_wrapper/share/zed_wrapper/config/zed2i.yaml
[3.805s] -- Up-to-date symlink: /home/enesb/ros2_ws/install/zed_wrapper/share/zed_wrapper/config/zedm.yaml
[3.805s] -- Up-to-date symlink: /home/enesb/ros2_ws/install/zed_wrapper/share/zed_wrapper/config/zedx.yaml
[3.805s] -- Up-to-date symlink: /home/enesb/ros2_ws/install/zed_wrapper/share/zed_wrapper/config/zedxm.yaml
[3.805s] -- Up-to-date symlink: /home/enesb/ros2_ws/install/zed_wrapper/share/zed_wrapper/urdf/include/materials.urdf.xacro
[3.805s] -- Up-to-date symlink: /home/enesb/ros2_ws/install/zed_wrapper/share/zed_wrapper/urdf/zed_descr.urdf.xacro
[3.805s] -- Up-to-date symlink: /home/enesb/ros2_ws/install/zed_wrapper/share/zed_wrapper/urdf/zed_macro.urdf.xacro
[3.806s] -- Up-to-date symlink: /home/enesb/ros2_ws/install/zed_wrapper/share/zed_wrapper/launch/include/zed_camera.launch.py
[3.806s] -- Up-to-date symlink: /home/enesb/ros2_ws/install/zed_wrapper/share/zed_wrapper/launch/zed.launch.py
[3.806s] -- Up-to-date symlink: /home/enesb/ros2_ws/install/zed_wrapper/share/zed_wrapper/launch/zed2.launch.py
[3.806s] -- Up-to-date symlink: /home/enesb/ros2_ws/install/zed_wrapper/share/zed_wrapper/launch/zed2i.launch.py
[3.806s] -- Up-to-date symlink: /home/enesb/ros2_ws/install/zed_wrapper/share/zed_wrapper/launch/zedm.launch.py
[3.806s] -- Up-to-date symlink: /home/enesb/ros2_ws/install/zed_wrapper/share/zed_wrapper/launch/zedx.launch.py
[3.806s] -- Up-to-date symlink: /home/enesb/ros2_ws/install/zed_wrapper/share/zed_wrapper/launch/zedxm.launch.py
[3.807s] -- Up-to-date symlink: /home/enesb/ros2_ws/install/zed_wrapper/share/ament_index/resource_index/package_run_dependencies/zed_wrapper
[3.807s] -- Up-to-date symlink: /home/enesb/ros2_ws/install/zed_wrapper/share/ament_index/resource_index/parent_prefix_path/zed_wrapper
[3.807s] -- Up-to-date symlink: /home/enesb/ros2_ws/install/zed_wrapper/share/zed_wrapper/environment/ament_prefix_path.sh
[3.807s] -- Up-to-date symlink: /home/enesb/ros2_ws/install/zed_wrapper/share/zed_wrapper/environment/ament_prefix_path.dsv
[3.807s] -- Up-to-date symlink: /home/enesb/ros2_ws/install/zed_wrapper/share/zed_wrapper/environment/path.sh
[3.807s] -- Up-to-date symlink: /home/enesb/ros2_ws/install/zed_wrapper/share/zed_wrapper/environment/path.dsv
[3.807s] -- Up-to-date symlink: /home/enesb/ros2_ws/install/zed_wrapper/share/zed_wrapper/local_setup.bash
[3.808s] -- Up-to-date symlink: /home/enesb/ros2_ws/install/zed_wrapper/share/zed_wrapper/local_setup.sh
[3.808s] -- Up-to-date symlink: /home/enesb/ros2_ws/install/zed_wrapper/share/zed_wrapper/local_setup.zsh
[3.808s] -- Up-to-date symlink: /home/enesb/ros2_ws/install/zed_wrapper/share/zed_wrapper/local_setup.dsv
[3.808s] -- Symlinking: /home/enesb/ros2_ws/install/zed_wrapper/share/zed_wrapper/package.dsv
[3.816s] -- Up-to-date symlink: /home/enesb/ros2_ws/install/zed_wrapper/share/ament_index/resource_index/packages/zed_wrapper
[3.817s] -- Up-to-date symlink: /home/enesb/ros2_ws/install/zed_wrapper/share/zed_wrapper/cmake/zed_wrapperConfig.cmake
[3.817s] -- Up-to-date symlink: /home/enesb/ros2_ws/install/zed_wrapper/share/zed_wrapper/cmake/zed_wrapperConfig-version.cmake
[3.817s] -- Up-to-date symlink: /home/enesb/ros2_ws/install/zed_wrapper/share/zed_wrapper/package.xml
[3.821s] Invoked command in '/home/enesb/ros2_ws/build/zed_wrapper' returned '0': CMAKE_PREFIX_PATH=/home/enesb/ros2_ws/install/zed_components:/home/enesb/ros2_ws/install/zed_interfaces:/home/enesb/ros2_ws/install/zed_ros2:/home/enesb/ros2_ws/install/zed_multi_camera:/home/enesb/ros2_ws/install/zed_display_rviz2:/home/enesb/ros2_ws/install/zed_wrapper:/home/enesb/ros2_ws/install/zed_tutorial_video:/home/enesb/ros2_ws/install/zed_tutorial_pos_tracking:/home/enesb/ros2_ws/install/zed_tutorial_depth:/home/enesb/ros2_ws/install/zed_topic_benchmark:/home/enesb/ros2_ws/install/zed_topic_benchmark_component:/home/enesb/ros2_ws/install/zed_topic_benchmark_interfaces:/home/enesb/ros2_ws/install/zed_rgb_convert:/home/enesb/ros2_ws/install/my_robot_bringup:/home/enesb/ros2_ws/install/my_robot_interfaces:/home/enesb/ros2_ws/install/my_robot_description:/home/enesb/ros2_ws/install/my_cpp_pkg:/home/enesb/agv_ws/install/agv_test:/home/enesb/microros_ws/install/micro_ros_setup:/home/enesb/microros_ws/install/micro_ros_agent:/home/enesb/microros_ws/install/micro_ros_msgs:/home/enesb/ros2_ws/install/my_py_pkg:/opt/ros/humble LD_LIBRARY_PATH=/home/enesb/ros2_ws/install/zed_components/lib:/home/enesb/ros2_ws/install/zed_interfaces/lib:/home/enesb/ros2_ws/install/zed_topic_benchmark_component/lib:/home/enesb/ros2_ws/install/zed_topic_benchmark_interfaces/lib:/home/enesb/ros2_ws/install/zed_rgb_convert/lib:/home/enesb/ros2_ws/install/my_robot_interfaces/lib:/home/enesb/microros_ws/install/micro_ros_agent/lib:/home/enesb/microros_ws/install/micro_ros_msgs/lib:/usr/lib/x86_64-linux-gnu/gazebo-11/plugins:/opt/ros/humble/opt/rviz_ogre_vendor/lib:/opt/ros/humble/lib/x86_64-linux-gnu:/opt/ros/humble/lib /usr/bin/cmake --install /home/enesb/ros2_ws/build/zed_wrapper
