[0.693s] Invoking command in '/home/enesb/ros2_ws/build/my_py_pkg': PYTHONPATH=/home/enesb/ros2_ws/build/my_py_pkg/prefix_override:/home/enesb/ros2_ws/install/my_py_pkg/lib/python3.10/site-packages:${PYTHONPATH} /usr/bin/python3 setup.py develop --uninstall --editable --build-directory /home/enesb/ros2_ws/build/my_py_pkg/build
[0.988s] running develop
[1.196s] Invoked command in '/home/enesb/ros2_ws/build/my_py_pkg' returned '0': PYTHONPATH=/home/enesb/ros2_ws/build/my_py_pkg/prefix_override:/home/enesb/ros2_ws/install/my_py_pkg/lib/python3.10/site-packages:${PYTHONPATH} /usr/bin/python3 setup.py develop --uninstall --editable --build-directory /home/enesb/ros2_ws/build/my_py_pkg/build
[1.198s] Invoking command in '/home/enesb/ros2_ws/src/my_py_pkg': PYTHONPATH=/home/enesb/ros2_ws/build/my_py_pkg/prefix_override:/home/enesb/ros2_ws/install/my_py_pkg/lib/python3.10/site-packages:${PYTHONPATH} /usr/bin/python3 setup.py egg_info --egg-base ../../build/my_py_pkg build --build-base /home/enesb/ros2_ws/build/my_py_pkg/build install --record /home/enesb/ros2_ws/build/my_py_pkg/install.log --single-version-externally-managed
[1.475s] running egg_info
[1.476s] writing ../../build/my_py_pkg/my_py_pkg.egg-info/PKG-INFO
[1.476s] writing dependency_links to ../../build/my_py_pkg/my_py_pkg.egg-info/dependency_links.txt
[1.477s] writing entry points to ../../build/my_py_pkg/my_py_pkg.egg-info/entry_points.txt
[1.477s] writing requirements to ../../build/my_py_pkg/my_py_pkg.egg-info/requires.txt
[1.477s] writing top-level names to ../../build/my_py_pkg/my_py_pkg.egg-info/top_level.txt
[1.478s] reading manifest file '../../build/my_py_pkg/my_py_pkg.egg-info/SOURCES.txt'
[1.479s] writing manifest file '../../build/my_py_pkg/my_py_pkg.egg-info/SOURCES.txt'
[1.479s] running build
[1.479s] running build_py
[1.480s] copying my_py_pkg/number_counter.py -> /home/enesb/ros2_ws/build/my_py_pkg/build/lib/my_py_pkg
[1.480s] running install
[1.481s] running install_lib
[1.481s] copying /home/enesb/ros2_ws/build/my_py_pkg/build/lib/my_py_pkg/number_counter.py -> /home/enesb/ros2_ws/install/my_py_pkg/lib/python3.10/site-packages/my_py_pkg
[1.482s] byte-compiling /home/enesb/ros2_ws/install/my_py_pkg/lib/python3.10/site-packages/my_py_pkg/number_counter.py to number_counter.cpython-310.pyc
[1.483s] running install_data
[1.483s] running install_egg_info
[1.485s] removing '/home/enesb/ros2_ws/install/my_py_pkg/lib/python3.10/site-packages/my_py_pkg-0.0.0-py3.10.egg-info' (and everything under it)
[1.485s] Copying ../../build/my_py_pkg/my_py_pkg.egg-info to /home/enesb/ros2_ws/install/my_py_pkg/lib/python3.10/site-packages/my_py_pkg-0.0.0-py3.10.egg-info
[1.486s] running install_scripts
[1.506s] Installing add_two_ints_client script to /home/enesb/ros2_ws/install/my_py_pkg/lib/my_py_pkg
[1.506s] Installing add_two_ints_client_no_oop script to /home/enesb/ros2_ws/install/my_py_pkg/lib/my_py_pkg
[1.506s] Installing add_two_ints_server script to /home/enesb/ros2_ws/install/my_py_pkg/lib/my_py_pkg
[1.506s] Installing micro_ros_pc_node script to /home/enesb/ros2_ws/install/my_py_pkg/lib/my_py_pkg
[1.507s] Installing number_counter script to /home/enesb/ros2_ws/install/my_py_pkg/lib/my_py_pkg
[1.507s] Installing number_publisher script to /home/enesb/ros2_ws/install/my_py_pkg/lib/my_py_pkg
[1.507s] Installing py_node script to /home/enesb/ros2_ws/install/my_py_pkg/lib/my_py_pkg
[1.507s] Installing robot_news_station script to /home/enesb/ros2_ws/install/my_py_pkg/lib/my_py_pkg
[1.507s] Installing smartphone script to /home/enesb/ros2_ws/install/my_py_pkg/lib/my_py_pkg
[1.507s] writing list of installed files to '/home/enesb/ros2_ws/build/my_py_pkg/install.log'
[1.532s] Invoked command in '/home/enesb/ros2_ws/src/my_py_pkg' returned '0': PYTHONPATH=/home/enesb/ros2_ws/build/my_py_pkg/prefix_override:/home/enesb/ros2_ws/install/my_py_pkg/lib/python3.10/site-packages:${PYTHONPATH} /usr/bin/python3 setup.py egg_info --egg-base ../../build/my_py_pkg build --build-base /home/enesb/ros2_ws/build/my_py_pkg/build install --record /home/enesb/ros2_ws/build/my_py_pkg/install.log --single-version-externally-managed
