[0.176s] Invoking command in '/home/enesb/ros2_ws/build/my_cpp_pkg': CMAKE_PREFIX_PATH=${CMAKE_PREFIX_PATH}:/home/enesb/ros2_ws/install/my_py_pkg:/opt/ros/humble /usr/bin/cmake --build /home/enesb/ros2_ws/build/my_cpp_pkg -- -j12 -l12
[0.232s] -- Found ament_cmake: 1.3.7 (/opt/ros/humble/share/ament_cmake/cmake)
[0.421s] -- Override CMake install command with custom implementation using symlinks instead of copying resources
[0.436s] -- Found rclcpp: 16.0.8 (/opt/ros/humble/share/rclcpp/cmake)
[0.480s] -- Found rosidl_generator_c: 3.1.5 (/opt/ros/humble/share/rosidl_generator_c/cmake)
[0.483s] -- Found rosidl_adapter: 3.1.5 (/opt/ros/humble/share/rosidl_adapter/cmake)
[0.491s] -- Found rosidl_generator_cpp: 3.1.5 (/opt/ros/humble/share/rosidl_generator_cpp/cmake)
[0.509s] -- Using all available rosidl_typesupport_c: rosidl_typesupport_fastrtps_c;rosidl_typesupport_introspection_c
[0.527s] -- Using all available rosidl_typesupport_cpp: rosidl_typesupport_fastrtps_cpp;rosidl_typesupport_introspection_cpp
[0.590s] -- Found rmw_implementation_cmake: 6.1.1 (/opt/ros/humble/share/rmw_implementation_cmake/cmake)
[0.592s] -- Found rmw_fastrtps_cpp: 6.2.6 (/opt/ros/humble/share/rmw_fastrtps_cpp/cmake)
[0.708s] -- Using RMW implementation 'rmw_fastrtps_cpp' as default
[0.852s] -- Found example_interfaces: 0.9.3 (/opt/ros/humble/share/example_interfaces/cmake)
[1.035s] -- Configuring done
[1.054s] -- Generating done
[1.056s] -- Build files have been written to: /home/enesb/ros2_ws/build/my_cpp_pkg
[1.076s] [35m[1mConsolidate compiler generated dependencies of target add_two_ints_client[0m
[1.077s] [35m[1mConsolidate compiler generated dependencies of target robot_news_station[0m
[1.077s] [35m[1mConsolidate compiler generated dependencies of target add_two_ints_server[0m
[1.077s] [35m[1mConsolidate compiler generated dependencies of target add_two_ints_client_no_oop[0m
[1.079s] [35m[1mConsolidate compiler generated dependencies of target smartphone[0m
[1.079s] [35m[1mConsolidate compiler generated dependencies of target cpp_node[0m
[1.091s] [ 16%] [32mBuilding CXX object CMakeFiles/add_two_ints_client.dir/src/add_two_ints_client.cpp.o[0m
[1.092s] [ 16%] [32mBuilding CXX object CMakeFiles/add_two_ints_client_no_oop.dir/src/add_two_ints_client_no_oop.cpp.o[0m
[1.093s] [ 25%] [32mBuilding CXX object CMakeFiles/robot_news_station.dir/src/robot_news_station.cpp.o[0m
[1.094s] [ 33%] [32mBuilding CXX object CMakeFiles/add_two_ints_server.dir/src/add_two_ints_server.cpp.o[0m
[1.098s] [ 41%] [32mBuilding CXX object CMakeFiles/smartphone.dir/src/smartphone.cpp.o[0m
[1.100s] [ 50%] [32mBuilding CXX object CMakeFiles/cpp_node.dir/src/my_first_node.cpp.o[0m
[5.586s] [ 58%] [32m[1mLinking CXX executable cpp_node[0m
[5.692s] [ 58%] Built target cpp_node
[6.299s] [ 66%] [32m[1mLinking CXX executable add_two_ints_server[0m
[6.316s] [ 75%] [32m[1mLinking CXX executable add_two_ints_client[0m
[6.421s] [ 75%] Built target add_two_ints_server
[6.428s] [ 75%] Built target add_two_ints_client
[6.796s] [ 83%] [32m[1mLinking CXX executable add_two_ints_client_no_oop[0m
[6.896s] [ 83%] Built target add_two_ints_client_no_oop
[7.694s] [ 91%] [32m[1mLinking CXX executable robot_news_station[0m
[7.786s] [ 91%] Built target robot_news_station
[11.117s] [100%] [32m[1mLinking CXX executable smartphone[0m
[11.230s] [100%] Built target smartphone
[11.239s] Invoked command in '/home/enesb/ros2_ws/build/my_cpp_pkg' returned '0': CMAKE_PREFIX_PATH=${CMAKE_PREFIX_PATH}:/home/enesb/ros2_ws/install/my_py_pkg:/opt/ros/humble /usr/bin/cmake --build /home/enesb/ros2_ws/build/my_cpp_pkg -- -j12 -l12
[11.273s] Invoking command in '/home/enesb/ros2_ws/build/my_cpp_pkg': CMAKE_PREFIX_PATH=${CMAKE_PREFIX_PATH}:/home/enesb/ros2_ws/install/my_py_pkg:/opt/ros/humble /usr/bin/cmake --install /home/enesb/ros2_ws/build/my_cpp_pkg
[11.279s] -- Install configuration: "Release"
[11.279s] -- Execute custom install script
[11.279s] -- Up-to-date symlink: /home/enesb/ros2_ws/install/my_cpp_pkg/lib/my_cpp_pkg/cpp_node
[11.280s] -- Up-to-date symlink: /home/enesb/ros2_ws/install/my_cpp_pkg/lib/my_cpp_pkg/robot_news_station
[11.280s] -- Up-to-date symlink: /home/enesb/ros2_ws/install/my_cpp_pkg/lib/my_cpp_pkg/smartphone
[11.280s] -- Up-to-date symlink: /home/enesb/ros2_ws/install/my_cpp_pkg/lib/my_cpp_pkg/add_two_ints_server
[11.280s] -- Up-to-date symlink: /home/enesb/ros2_ws/install/my_cpp_pkg/lib/my_cpp_pkg/add_two_ints_client_no_oop
[11.280s] -- Up-to-date symlink: /home/enesb/ros2_ws/install/my_cpp_pkg/lib/my_cpp_pkg/add_two_ints_client
[11.280s] -- Up-to-date symlink: /home/enesb/ros2_ws/install/my_cpp_pkg/share/ament_index/resource_index/package_run_dependencies/my_cpp_pkg
[11.280s] -- Up-to-date symlink: /home/enesb/ros2_ws/install/my_cpp_pkg/share/ament_index/resource_index/parent_prefix_path/my_cpp_pkg
[11.280s] -- Up-to-date symlink: /home/enesb/ros2_ws/install/my_cpp_pkg/share/my_cpp_pkg/environment/ament_prefix_path.sh
[11.281s] -- Up-to-date symlink: /home/enesb/ros2_ws/install/my_cpp_pkg/share/my_cpp_pkg/environment/ament_prefix_path.dsv
[11.281s] -- Up-to-date symlink: /home/enesb/ros2_ws/install/my_cpp_pkg/share/my_cpp_pkg/environment/path.sh
[11.281s] -- Up-to-date symlink: /home/enesb/ros2_ws/install/my_cpp_pkg/share/my_cpp_pkg/environment/path.dsv
[11.281s] -- Up-to-date symlink: /home/enesb/ros2_ws/install/my_cpp_pkg/share/my_cpp_pkg/local_setup.bash
[11.281s] -- Up-to-date symlink: /home/enesb/ros2_ws/install/my_cpp_pkg/share/my_cpp_pkg/local_setup.sh
[11.281s] -- Up-to-date symlink: /home/enesb/ros2_ws/install/my_cpp_pkg/share/my_cpp_pkg/local_setup.zsh
[11.281s] -- Up-to-date symlink: /home/enesb/ros2_ws/install/my_cpp_pkg/share/my_cpp_pkg/local_setup.dsv
[11.281s] -- Symlinking: /home/enesb/ros2_ws/install/my_cpp_pkg/share/my_cpp_pkg/package.dsv
[11.288s] -- Up-to-date symlink: /home/enesb/ros2_ws/install/my_cpp_pkg/share/ament_index/resource_index/packages/my_cpp_pkg
[11.289s] -- Up-to-date symlink: /home/enesb/ros2_ws/install/my_cpp_pkg/share/my_cpp_pkg/cmake/my_cpp_pkgConfig.cmake
[11.289s] -- Up-to-date symlink: /home/enesb/ros2_ws/install/my_cpp_pkg/share/my_cpp_pkg/cmake/my_cpp_pkgConfig-version.cmake
[11.289s] -- Up-to-date symlink: /home/enesb/ros2_ws/install/my_cpp_pkg/share/my_cpp_pkg/package.xml
[11.290s] Invoked command in '/home/enesb/ros2_ws/build/my_cpp_pkg' returned '0': CMAKE_PREFIX_PATH=${CMAKE_PREFIX_PATH}:/home/enesb/ros2_ws/install/my_py_pkg:/opt/ros/humble /usr/bin/cmake --install /home/enesb/ros2_ws/build/my_cpp_pkg
