[0.025s] Invoking command in '/home/enesb/ros2_ws/build/my_cpp_pkg': CMAKE_PREFIX_PATH=${CMAKE_PREFIX_PATH}:/home/enesb/ros2_ws/install/my_py_pkg:/opt/ros/humble /usr/bin/cmake --build /home/enesb/ros2_ws/build/my_cpp_pkg -- -j12 -l12
[0.050s] -- Found ament_cmake: 1.3.5 (/opt/ros/humble/share/ament_cmake/cmake)
[0.227s] -- Found rclcpp: 16.0.5 (/opt/ros/humble/share/rclcpp/cmake)
[0.259s] -- Found rosidl_generator_c: 3.1.5 (/opt/ros/humble/share/rosidl_generator_c/cmake)
[0.261s] -- Found rosidl_adapter: 3.1.5 (/opt/ros/humble/share/rosidl_adapter/cmake)
[0.268s] -- Found rosidl_generator_cpp: 3.1.5 (/opt/ros/humble/share/rosidl_generator_cpp/cmake)
[0.281s] -- Using all available rosidl_typesupport_c: rosidl_typesupport_fastrtps_c;rosidl_typesupport_introspection_c
[0.298s] -- Using all available rosidl_typesupport_cpp: rosidl_typesupport_fastrtps_cpp;rosidl_typesupport_introspection_cpp
[0.376s] -- Found rmw_implementation_cmake: 6.1.1 (/opt/ros/humble/share/rmw_implementation_cmake/cmake)
[0.378s] -- Found rmw_fastrtps_cpp: 6.2.3 (/opt/ros/humble/share/rmw_fastrtps_cpp/cmake)
[0.499s] -- Using RMW implementation 'rmw_fastrtps_cpp' as default
[0.687s] -- Found example_interfaces: 0.9.3 (/opt/ros/humble/share/example_interfaces/cmake)
[0.929s] -- Configuring done
[0.953s] -- Generating done
[0.955s] -- Build files have been written to: /home/enesb/ros2_ws/build/my_cpp_pkg
[0.979s] [35m[1mConsolidate compiler generated dependencies of target smartphone[0m
[0.979s] [35m[1mConsolidate compiler generated dependencies of target robot_news_station[0m
[0.979s] [35m[1mConsolidate compiler generated dependencies of target add_two_ints_server[0m
[0.979s] [35m[1mConsolidate compiler generated dependencies of target add_two_ints_client_no_oop[0m
[0.981s] [35m[1mConsolidate compiler generated dependencies of target cpp_node[0m
[0.993s] [  8%] [32mBuilding CXX object CMakeFiles/add_two_ints_client.dir/src/add_two_ints_client.cpp.o[0m
[0.998s] [ 25%] Built target cpp_node
[1.000s] [ 41%] Built target add_two_ints_client_no_oop
[1.000s] [ 58%] Built target add_two_ints_server
[1.000s] [ 75%] Built target smartphone
[1.001s] [ 91%] Built target robot_news_station
[1.015s] [100%] [32m[1mLinking CXX executable add_two_ints_client[0m
[1.079s] /usr/bin/ld: /usr/lib/gcc/x86_64-linux-gnu/11/../../../x86_64-linux-gnu/Scrt1.o: in function `_start':
[1.079s] (.text+0x1b): undefined reference to `main'
[1.081s] collect2: error: ld returned 1 exit status
[1.082s] gmake[2]: *** [CMakeFiles/add_two_ints_client.dir/build.make:175: add_two_ints_client] Error 1
[1.082s] gmake[1]: *** [CMakeFiles/Makefile2:277: CMakeFiles/add_two_ints_client.dir/all] Error 2
[1.083s] gmake: *** [Makefile:146: all] Error 2
[1.084s] Invoked command in '/home/enesb/ros2_ws/build/my_cpp_pkg' returned '2': CMAKE_PREFIX_PATH=${CMAKE_PREFIX_PATH}:/home/enesb/ros2_ws/install/my_py_pkg:/opt/ros/humble /usr/bin/cmake --build /home/enesb/ros2_ws/build/my_cpp_pkg -- -j12 -l12
